<?xml version="1.0" encoding="UTF-8"?>
<testsuites name="Игрок" time="145.196" tests="4" failures="0" errors="0">
   <testsuite name="Игрок" tests="4" failures="0" errors="0" time="145.196" skipped="0" timestamp="2022-04-13 22:55:30" hostname="LENOVO - DESKTOP-KNHN0AA" id="Test Suites/Игрок">
      <properties>
         <property name="deviceName" value=""/>
         <property name="devicePlatform" value=""/>
         <property name="logFolder" value="C:\\Users\\LENOVO\\Katalon Studio\\Avangard\\Reports\\20220413_225045\\\u0418\u0433\u0440\u043E\u043A\\20220413_225056"/>
         <property name="logFiles" value="C:\\Users\\LENOVO\\Katalon Studio\\Avangard\\Reports\\20220413_225045\\\u0418\u0433\u0440\u043E\u043A\\20220413_225056\\execution0.log"/>
         <property name="attachments" value="C:\\Users\\LENOVO\\Katalon Studio\\Avangard\\Reports\\20220413_225045\\\u0418\u0433\u0440\u043E\u043A\\20220413_225056\\1649879836698.png, C:\\Users\\LENOVO\\Katalon Studio\\Avangard\\Reports\\20220413_225045\\\u0418\u0433\u0440\u043E\u043A\\20220413_225056\\1649879871714.png"/>
         <property name="hostName" value="LENOVO - DESKTOP-KNHN0AA"/>
         <property name="os" value="Windows 10 64bit"/>
         <property name="katalonVersion" value="8.2.5.208"/>
         <property name="browser" value="Chrome 100.0.4896.75"/>
         <property name="hostAddress" value="192.168.0.11"/>
         <property name="sessionId" value="d02c8b925fdb6d7b2fea24b3915e2163"/>
         <property name="seleniumVersion" value="3.141.59"/>
         <property name="proxyInformation" value="ProxyInformation { proxyOption=NO_PROXY, proxyServerType=HTTP, username=, password=********, proxyServerAddress=, proxyServerPort=0, executionList=&quot;&quot;, isApplyToDesiredCapabilities=true }"/>
         <property name="platform" value="Windows 10"/>
      </properties>
      <testcase name="Test Cases/Игрок/Авторизация" time="14.014" classname="Test Cases/Игрок/Авторизация" status="PASSED">
         <system-out><![CDATA[2022-04-13 22:55:31 - [TEST_CASE][PASSED] - Test Cases/Игрок/Авторизация: Test Cases/Игрок/Авторизация

2022-04-13 22:55:32 - [TEST_STEP][PASSED] - openBrowser(""): Browser is opened with url: ''

2022-04-13 22:55:33 - [MESSAGE][INFO] - Starting 'Chrome' driver

2022-04-13 22:55:33 - [MESSAGE][INFO] - Action delay is set to 100 milliseconds

2022-04-13 22:55:36 - [MESSAGE][PASSED] - Browser is opened with url: ''

2022-04-13 22:55:36 - [TEST_STEP][PASSED] - maximizeWindow(): Current window maximized

2022-04-13 22:55:36 - [MESSAGE][PASSED] - Current window maximized

2022-04-13 22:55:36 - [TEST_STEP][PASSED] - navigateToUrl(url): Navigate to 'https://stars-stage.hawk.ru:8080' successfully

2022-04-13 22:55:42 - [MESSAGE][PASSED] - Navigate to 'https://stars-stage.hawk.ru:8080' successfully

2022-04-13 22:55:42 - [TEST_STEP][PASSED] - setText(findTestObject("Object Repository/manager/Page_/input__sc-lnrBVv eqPACj"), player_login): Text 'dima.vlasenko18@mail.ru' is set on object 'Object Repository/manager/Page_/input__sc-lnrBVv eqPACj'

2022-04-13 22:55:43 - [MESSAGE][PASSED] - Text 'dima.vlasenko18@mail.ru' is set on object 'Object Repository/manager/Page_/input__sc-lnrBVv eqPACj'

2022-04-13 22:55:43 - [TEST_STEP][PASSED] - setText(findTestObject("Object Repository/manager/Page_/input__sc-lnrBVv eqPACj_1"), player_password): Text 'dima.vlasenko18' is set on object 'Object Repository/manager/Page_/input__sc-lnrBVv eqPACj_1'

2022-04-13 22:55:44 - [MESSAGE][PASSED] - Text 'dima.vlasenko18' is set on object 'Object Repository/manager/Page_/input__sc-lnrBVv eqPACj_1'

2022-04-13 22:55:44 - [TEST_STEP][PASSED] - click(findTestObject("manager/Page_/go")): Object: 'Object Repository/manager/Page_/go' is clicked on

2022-04-13 22:55:45 - [MESSAGE][PASSED] - Object: 'Object Repository/manager/Page_/go' is clicked on]]></system-out>
         <system-err><![CDATA[]]></system-err>
      </testcase>
      <testcase name="Test Cases/Игрок/Оценка навыков" time="29.022" classname="Test Cases/Игрок/Оценка навыков" status="PASSED">
         <system-out><![CDATA[2022-04-13 22:55:45 - [TEST_CASE][PASSED] - Test Cases/Игрок/Оценка навыков: Test Cases/Игрок/Оценка навыков

2022-04-13 22:55:45 - [TEST_STEP][PASSED] - callTestCase(findTestCase("Игрок/Авторизация"), [:], STOP_ON_FAILURE): Call Test Case 'Test Cases/Игрок/Авторизация' successfully

2022-04-13 22:55:46 - [TEST_CASE][PASSED] - Test Cases/Игрок/Авторизация: Test Cases/Игрок/Авторизация

2022-04-13 22:55:46 - [TEST_STEP][PASSED] - openBrowser(""): Browser is opened with url: ''

2022-04-13 22:55:46 - [MESSAGE][WARNING] - A browser is already opened. Closing browser and opening a new one

2022-04-13 22:55:46 - [MESSAGE][INFO] - Starting 'Chrome' driver

2022-04-13 22:55:46 - [MESSAGE][INFO] - Action delay is set to 100 milliseconds

2022-04-13 22:55:47 - [MESSAGE][PASSED] - Browser is opened with url: ''

2022-04-13 22:55:47 - [TEST_STEP][PASSED] - maximizeWindow(): Current window maximized

2022-04-13 22:55:47 - [MESSAGE][PASSED] - Current window maximized

2022-04-13 22:55:47 - [TEST_STEP][PASSED] - navigateToUrl(url): Navigate to 'https://stars-stage.hawk.ru:8080' successfully

2022-04-13 22:55:55 - [MESSAGE][PASSED] - Navigate to 'https://stars-stage.hawk.ru:8080' successfully

2022-04-13 22:55:55 - [TEST_STEP][PASSED] - setText(findTestObject("Object Repository/manager/Page_/input__sc-lnrBVv eqPACj"), player_login): Text 'dima.vlasenko18@mail.ru' is set on object 'Object Repository/manager/Page_/input__sc-lnrBVv eqPACj'

2022-04-13 22:55:56 - [MESSAGE][PASSED] - Text 'dima.vlasenko18@mail.ru' is set on object 'Object Repository/manager/Page_/input__sc-lnrBVv eqPACj'

2022-04-13 22:55:56 - [TEST_STEP][PASSED] - setText(findTestObject("Object Repository/manager/Page_/input__sc-lnrBVv eqPACj_1"), player_password): Text 'dima.vlasenko18' is set on object 'Object Repository/manager/Page_/input__sc-lnrBVv eqPACj_1'

2022-04-13 22:55:57 - [MESSAGE][PASSED] - Text 'dima.vlasenko18' is set on object 'Object Repository/manager/Page_/input__sc-lnrBVv eqPACj_1'

2022-04-13 22:55:57 - [TEST_STEP][PASSED] - click(findTestObject("manager/Page_/go")): Object: 'Object Repository/manager/Page_/go' is clicked on

2022-04-13 22:55:57 - [MESSAGE][PASSED] - Object: 'Object Repository/manager/Page_/go' is clicked on

2022-04-13 22:55:57 - [MESSAGE][PASSED] - Call Test Case 'Test Cases/Игрок/Авторизация' successfully

2022-04-13 22:55:57 - [TEST_STEP][PASSED] - click(findTestObject("Avangard New/Object (Игрок)/Case (Оценка навыков)/skill")): Object: 'Object Repository/Avangard New/Object (Игрок)/Case (Оценка навыков)/skill' is clicked on

2022-04-13 22:56:03 - [MESSAGE][PASSED] - Object: 'Object Repository/Avangard New/Object (Игрок)/Case (Оценка навыков)/skill' is clicked on

2022-04-13 22:56:03 - [TEST_STEP][PASSED] - click(findTestObject("Object Repository/Avangard New/Object (Игрок)/Case (Оценка навыков)/span_1")): Object: 'Object Repository/Avangard New/Object (Игрок)/Case (Оценка навыков)/span_1' is clicked on

2022-04-13 22:56:05 - [MESSAGE][PASSED] - Object: 'Object Repository/Avangard New/Object (Игрок)/Case (Оценка навыков)/span_1' is clicked on

2022-04-13 22:56:05 - [TEST_STEP][PASSED] - verifyElementText(findTestObject("Avangard New/Object (Игрок)/Case (Оценка навыков)/fast fast"), "Ускорение"): Actual text and expected text of test object 'Object Repository/Avangard New/Object (Игрок)/Case (Оценка навыков)/fast fast' are matched.

2022-04-13 22:56:05 - [MESSAGE][PASSED] - Actual text and expected text of test object 'Object Repository/Avangard New/Object (Игрок)/Case (Оценка навыков)/fast fast' are matched.

2022-04-13 22:56:05 - [TEST_STEP][PASSED] - scrollToElement(findTestObject("Avangard New/Object (Игрок)/Case (Оценка навыков)/button_save"), 0): Scroll to object 'Object Repository/Avangard New/Object (Игрок)/Case (Оценка навыков)/button_save' successfully

2022-04-13 22:56:05 - [MESSAGE][WARNING] - Timeout '0' is invalid. Using default page load timeout: '30'

2022-04-13 22:56:05 - [MESSAGE][PASSED] - Scroll to object 'Object Repository/Avangard New/Object (Игрок)/Case (Оценка навыков)/button_save' successfully

2022-04-13 22:56:05 - [TEST_STEP][PASSED] - click(findTestObject("Avangard New/Object (Игрок)/Case (Оценка навыков)/button_save")): Object: 'Object Repository/Avangard New/Object (Игрок)/Case (Оценка навыков)/button_save' is clicked on

2022-04-13 22:56:06 - [MESSAGE][PASSED] - Object: 'Object Repository/Avangard New/Object (Игрок)/Case (Оценка навыков)/button_save' is clicked on

2022-04-13 22:56:06 - [TEST_STEP][PASSED] - verifyElementText(findTestObject("Avangard New/Object (Игрок)/Case (Оценка навыков)/alert skill"), "Оценки успешно сохранены."): Actual text and expected text of test object 'Object Repository/Avangard New/Object (Игрок)/Case (Оценка навыков)/alert skill' are matched.

2022-04-13 22:56:07 - [MESSAGE][PASSED] - Actual text and expected text of test object 'Object Repository/Avangard New/Object (Игрок)/Case (Оценка навыков)/alert skill' are matched.

2022-04-13 22:56:07 - [TEST_STEP][PASSED] - click(findTestObject("Object Repository/Avangard New/Object (Игрок)/Case (Оценка навыков)/report")): Object: 'Object Repository/Avangard New/Object (Игрок)/Case (Оценка навыков)/report' is clicked on

2022-04-13 22:56:08 - [MESSAGE][PASSED] - Object: 'Object Repository/Avangard New/Object (Игрок)/Case (Оценка навыков)/report' is clicked on

2022-04-13 22:56:08 - [TEST_STEP][PASSED] - click(findTestObject("Object Repository/Avangard New/Object (Игрок)/Case (Оценка навыков)/repor skill")): Object: 'Object Repository/Avangard New/Object (Игрок)/Case (Оценка навыков)/repor skill' is clicked on

2022-04-13 22:56:08 - [MESSAGE][PASSED] - Object: 'Object Repository/Avangard New/Object (Игрок)/Case (Оценка навыков)/repor skill' is clicked on

2022-04-13 22:56:08 - [TEST_STEP][PASSED] - verifyElementText(findTestObject("Avangard New/Object (Игрок)/Case (Оценка навыков)/div_1"), "1"): Actual text and expected text of test object 'Object Repository/Avangard New/Object (Игрок)/Case (Оценка навыков)/div_1' are matched.

2022-04-13 22:56:09 - [MESSAGE][PASSED] - Actual text and expected text of test object 'Object Repository/Avangard New/Object (Игрок)/Case (Оценка навыков)/div_1' are matched.

2022-04-13 22:56:09 - [TEST_STEP][PASSED] - verifyElementText(findTestObject("Avangard New/Object (Игрок)/Case (Оценка навыков)/div_katanie"), "Катание"): Actual text and expected text of test object 'Object Repository/Avangard New/Object (Игрок)/Case (Оценка навыков)/div_katanie' are matched.

2022-04-13 22:56:09 - [MESSAGE][PASSED] - Actual text and expected text of test object 'Object Repository/Avangard New/Object (Игрок)/Case (Оценка навыков)/div_katanie' are matched.

2022-04-13 22:56:09 - [TEST_STEP][PASSED] - click(findTestObject("Avangard New/Object (Игрок)/Case (Оценка навыков)/skill")): Object: 'Object Repository/Avangard New/Object (Игрок)/Case (Оценка навыков)/skill' is clicked on

2022-04-13 22:56:11 - [MESSAGE][PASSED] - Object: 'Object Repository/Avangard New/Object (Игрок)/Case (Оценка навыков)/skill' is clicked on

2022-04-13 22:56:11 - [TEST_STEP][PASSED] - click(findTestObject("Object Repository/Avangard New/Object (Игрок)/Case (Оценка навыков)/span_8")): Object: 'Object Repository/Avangard New/Object (Игрок)/Case (Оценка навыков)/span_8' is clicked on

2022-04-13 22:56:12 - [MESSAGE][PASSED] - Object: 'Object Repository/Avangard New/Object (Игрок)/Case (Оценка навыков)/span_8' is clicked on

2022-04-13 22:56:12 - [TEST_STEP][PASSED] - scrollToElement(findTestObject("Avangard New/Object (Игрок)/Case (Оценка навыков)/button_save"), 0): Scroll to object 'Object Repository/Avangard New/Object (Игрок)/Case (Оценка навыков)/button_save' successfully

2022-04-13 22:56:12 - [MESSAGE][WARNING] - Timeout '0' is invalid. Using default page load timeout: '30'

2022-04-13 22:56:12 - [MESSAGE][PASSED] - Scroll to object 'Object Repository/Avangard New/Object (Игрок)/Case (Оценка навыков)/button_save' successfully

2022-04-13 22:56:12 - [TEST_STEP][PASSED] - click(findTestObject("Avangard New/Object (Игрок)/Case (Оценка навыков)/button_save")): Object: 'Object Repository/Avangard New/Object (Игрок)/Case (Оценка навыков)/button_save' is clicked on

2022-04-13 22:56:13 - [MESSAGE][PASSED] - Object: 'Object Repository/Avangard New/Object (Игрок)/Case (Оценка навыков)/button_save' is clicked on

2022-04-13 22:56:13 - [TEST_STEP][PASSED] - verifyElementText(findTestObject("Avangard New/Object (Игрок)/Case (Оценка навыков)/alert skill"), "Оценки успешно сохранены."): Actual text and expected text of test object 'Object Repository/Avangard New/Object (Игрок)/Case (Оценка навыков)/alert skill' are matched.

2022-04-13 22:56:13 - [MESSAGE][PASSED] - Actual text and expected text of test object 'Object Repository/Avangard New/Object (Игрок)/Case (Оценка навыков)/alert skill' are matched.

2022-04-13 22:56:13 - [TEST_STEP][PASSED] - closeBrowser(): Browser is closed

2022-04-13 22:56:14 - [MESSAGE][PASSED] - Browser is closed]]></system-out>
         <system-err><![CDATA[]]></system-err>
      </testcase>
      <testcase name="Test Cases/Игрок/Отчет по навыкам" time="14.76" classname="Test Cases/Игрок/Отчет по навыкам" status="PASSED">
         <system-out><![CDATA[2022-04-13 22:56:14 - [TEST_CASE][PASSED] - Test Cases/Игрок/Отчет по навыкам: Test Cases/Игрок/Отчет по навыкам

2022-04-13 22:56:14 - [TEST_STEP][PASSED] - callTestCase(findTestCase("Игрок/Авторизация"), [:], STOP_ON_FAILURE): Call Test Case 'Test Cases/Игрок/Авторизация' successfully

2022-04-13 22:56:14 - [TEST_CASE][PASSED] - Test Cases/Игрок/Авторизация: Test Cases/Игрок/Авторизация

2022-04-13 22:56:14 - [TEST_STEP][PASSED] - openBrowser(""): Browser is opened with url: ''

2022-04-13 22:56:14 - [MESSAGE][INFO] - Starting 'Chrome' driver

2022-04-13 22:56:14 - [MESSAGE][INFO] - Action delay is set to 100 milliseconds

2022-04-13 22:56:15 - [MESSAGE][PASSED] - Browser is opened with url: ''

2022-04-13 22:56:15 - [TEST_STEP][PASSED] - maximizeWindow(): Current window maximized

2022-04-13 22:56:16 - [MESSAGE][PASSED] - Current window maximized

2022-04-13 22:56:16 - [TEST_STEP][PASSED] - navigateToUrl(url): Navigate to 'https://stars-stage.hawk.ru:8080' successfully

2022-04-13 22:56:20 - [MESSAGE][PASSED] - Navigate to 'https://stars-stage.hawk.ru:8080' successfully

2022-04-13 22:56:20 - [TEST_STEP][PASSED] - setText(findTestObject("Object Repository/manager/Page_/input__sc-lnrBVv eqPACj"), player_login): Text 'dima.vlasenko18@mail.ru' is set on object 'Object Repository/manager/Page_/input__sc-lnrBVv eqPACj'

2022-04-13 22:56:21 - [MESSAGE][PASSED] - Text 'dima.vlasenko18@mail.ru' is set on object 'Object Repository/manager/Page_/input__sc-lnrBVv eqPACj'

2022-04-13 22:56:21 - [TEST_STEP][PASSED] - setText(findTestObject("Object Repository/manager/Page_/input__sc-lnrBVv eqPACj_1"), player_password): Text 'dima.vlasenko18' is set on object 'Object Repository/manager/Page_/input__sc-lnrBVv eqPACj_1'

2022-04-13 22:56:22 - [MESSAGE][PASSED] - Text 'dima.vlasenko18' is set on object 'Object Repository/manager/Page_/input__sc-lnrBVv eqPACj_1'

2022-04-13 22:56:22 - [TEST_STEP][PASSED] - click(findTestObject("manager/Page_/go")): Object: 'Object Repository/manager/Page_/go' is clicked on

2022-04-13 22:56:23 - [MESSAGE][PASSED] - Object: 'Object Repository/manager/Page_/go' is clicked on

2022-04-13 22:56:23 - [MESSAGE][PASSED] - Call Test Case 'Test Cases/Игрок/Авторизация' successfully

2022-04-13 22:56:23 - [TEST_STEP][PASSED] - click(findTestObject("Object Repository/Avangard New/Object (Игрок)/Case (Отчеты по навыкам)/span_reports")): Object: 'Object Repository/Avangard New/Object (Игрок)/Case (Отчеты по навыкам)/span_reports' is clicked on

2022-04-13 22:56:26 - [MESSAGE][PASSED] - Object: 'Object Repository/Avangard New/Object (Игрок)/Case (Отчеты по навыкам)/span_reports' is clicked on

2022-04-13 22:56:26 - [TEST_STEP][PASSED] - click(findTestObject("Object Repository/Avangard New/Object (Игрок)/Case (Отчеты по навыкам)/div_report_skills")): Object: 'Object Repository/Avangard New/Object (Игрок)/Case (Отчеты по навыкам)/div_report_skills' is clicked on

2022-04-13 22:56:27 - [MESSAGE][PASSED] - Object: 'Object Repository/Avangard New/Object (Игрок)/Case (Отчеты по навыкам)/div_report_skills' is clicked on

2022-04-13 22:56:27 - [TEST_STEP][PASSED] - verifyElementText(findTestObject("Avangard New/Object (Игрок)/Case (Отчеты по навыкам)/div_8"), "8"): Actual text and expected text of test object 'Object Repository/Avangard New/Object (Игрок)/Case (Отчеты по навыкам)/div_8' are matched.

2022-04-13 22:56:28 - [MESSAGE][PASSED] - Actual text and expected text of test object 'Object Repository/Avangard New/Object (Игрок)/Case (Отчеты по навыкам)/div_8' are matched.

2022-04-13 22:56:28 - [TEST_STEP][PASSED] - verifyElementText(findTestObject("Object Repository/Avangard New/Object (Игрок)/Case (Отчеты по навыкам)/div_name"), player_for_test): Actual text and expected text of test object 'Object Repository/Avangard New/Object (Игрок)/Case (Отчеты по навыкам)/div_name' are matched.

2022-04-13 22:56:28 - [MESSAGE][PASSED] - Actual text and expected text of test object 'Object Repository/Avangard New/Object (Игрок)/Case (Отчеты по навыкам)/div_name' are matched.

2022-04-13 22:56:28 - [TEST_STEP][PASSED] - verifyElementText(findTestObject("Avangard New/Object (Игрок)/Case (Отчеты по навыкам)/speed"), "Скорость"): Actual text and expected text of test object 'Object Repository/Avangard New/Object (Игрок)/Case (Отчеты по навыкам)/speed' are matched.

2022-04-13 22:56:29 - [MESSAGE][PASSED] - Actual text and expected text of test object 'Object Repository/Avangard New/Object (Игрок)/Case (Отчеты по навыкам)/speed' are matched.]]></system-out>
         <system-err><![CDATA[]]></system-err>
      </testcase>
      <testcase name="Test Cases/Игрок/Отчеты психологического профиля" time="86.558" classname="Test Cases/Игрок/Отчеты психологического профиля" status="PASSED">
         <system-out><![CDATA[2022-04-13 22:56:29 - [TEST_CASE][PASSED] - Test Cases/Игрок/Отчеты психологического профиля: Test Cases/Игрок/Отчеты психологического профиля

2022-04-13 22:56:29 - [TEST_STEP][PASSED] - callTestCase(findTestCase("Игрок/Авторизация"), [:], STOP_ON_FAILURE): Call Test Case 'Test Cases/Игрок/Авторизация' successfully

2022-04-13 22:56:29 - [TEST_CASE][PASSED] - Test Cases/Игрок/Авторизация: Test Cases/Игрок/Авторизация

2022-04-13 22:56:29 - [TEST_STEP][PASSED] - openBrowser(""): Browser is opened with url: ''

2022-04-13 22:56:29 - [MESSAGE][WARNING] - A browser is already opened. Closing browser and opening a new one

2022-04-13 22:56:30 - [MESSAGE][INFO] - Starting 'Chrome' driver

2022-04-13 22:56:30 - [MESSAGE][INFO] - Action delay is set to 100 milliseconds

2022-04-13 22:56:31 - [MESSAGE][PASSED] - Browser is opened with url: ''

2022-04-13 22:56:31 - [TEST_STEP][PASSED] - maximizeWindow(): Current window maximized

2022-04-13 22:56:31 - [MESSAGE][PASSED] - Current window maximized

2022-04-13 22:56:31 - [TEST_STEP][PASSED] - navigateToUrl(url): Navigate to 'https://stars-stage.hawk.ru:8080' successfully

2022-04-13 22:56:35 - [MESSAGE][PASSED] - Navigate to 'https://stars-stage.hawk.ru:8080' successfully

2022-04-13 22:56:35 - [TEST_STEP][PASSED] - setText(findTestObject("Object Repository/manager/Page_/input__sc-lnrBVv eqPACj"), player_login): Text 'dima.vlasenko18@mail.ru' is set on object 'Object Repository/manager/Page_/input__sc-lnrBVv eqPACj'

2022-04-13 22:56:36 - [MESSAGE][PASSED] - Text 'dima.vlasenko18@mail.ru' is set on object 'Object Repository/manager/Page_/input__sc-lnrBVv eqPACj'

2022-04-13 22:56:36 - [TEST_STEP][PASSED] - setText(findTestObject("Object Repository/manager/Page_/input__sc-lnrBVv eqPACj_1"), player_password): Text 'dima.vlasenko18' is set on object 'Object Repository/manager/Page_/input__sc-lnrBVv eqPACj_1'

2022-04-13 22:56:37 - [MESSAGE][PASSED] - Text 'dima.vlasenko18' is set on object 'Object Repository/manager/Page_/input__sc-lnrBVv eqPACj_1'

2022-04-13 22:56:37 - [TEST_STEP][PASSED] - click(findTestObject("manager/Page_/go")): Object: 'Object Repository/manager/Page_/go' is clicked on

2022-04-13 22:56:38 - [MESSAGE][PASSED] - Object: 'Object Repository/manager/Page_/go' is clicked on

2022-04-13 22:56:38 - [MESSAGE][PASSED] - Call Test Case 'Test Cases/Игрок/Авторизация' successfully

2022-04-13 22:56:38 - [TEST_STEP][PASSED] - click(findTestObject("Avangard New/Object (Игрок)/Case (Отчет психологического профиля)/report")): Object: 'Object Repository/Avangard New/Object (Игрок)/Case (Отчет психологического профиля)/report' is clicked on

2022-04-13 22:56:44 - [MESSAGE][PASSED] - Object: 'Object Repository/Avangard New/Object (Игрок)/Case (Отчет психологического профиля)/report' is clicked on

2022-04-13 22:56:44 - [TEST_STEP][PASSED] - click(findTestObject("Avangard New/Object (Игрок)/Case (Отчет психологического профиля)/psixolog")): Object: 'Object Repository/Avangard New/Object (Игрок)/Case (Отчет психологического профиля)/psixolog' is clicked on

2022-04-13 22:56:45 - [MESSAGE][PASSED] - Object: 'Object Repository/Avangard New/Object (Игрок)/Case (Отчет психологического профиля)/psixolog' is clicked on

2022-04-13 22:56:45 - [TEST_STEP][PASSED] - if (verifyElementText(findTestObject("Avangard New/Object (Игрок)/Case (Отчет психологического профиля)/div_ganin"), "Ганин Данила", OPTIONAL) == true): Actual text 'Власенко Дмитрий' and expected text 'Ганин Данила' of test object 'Object Repository/Avangard New/Object (Игрок)/Case (Отчет психологического профиля)/div_ganin' are NOT matched. (Root cause: com.kms.katalon.core.exception.StepFailedException: Actual text 'Власенко Дмитрий' and expected text 'Ганин Данила' of test object 'Object Repository/Avangard New/Object (Игрок)/Case (Отчет психологического профиля)/div_ganin' are NOT matched.
	at com.kms.katalon.core.webui.keyword.internal.WebUIKeywordMain.stepFailed(WebUIKeywordMain.groovy:64)
	at com.kms.katalon.core.webui.keyword.builtin.VerifyElementTextKeyword$_verifyElementText_closure1.doCall(VerifyElementTextKeyword.groovy:57)
	at com.kms.katalon.core.webui.keyword.builtin.VerifyElementTextKeyword$_verifyElementText_closure1.call(VerifyElementTextKeyword.groovy)
	at com.kms.katalon.core.webui.keyword.internal.WebUIKeywordMain.runKeyword(WebUIKeywordMain.groovy:20)
	at com.kms.katalon.core.webui.keyword.builtin.VerifyElementTextKeyword.verifyElementText(VerifyElementTextKeyword.groovy:72)
	at com.kms.katalon.core.webui.keyword.builtin.VerifyElementTextKeyword.execute(VerifyElementTextKeyword.groovy:40)
	at com.kms.katalon.core.keyword.internal.KeywordExecutor.executeKeywordForPlatform(KeywordExecutor.groovy:74)
	at com.kms.katalon.core.webui.keyword.WebUiBuiltInKeywords.verifyElementText(WebUiBuiltInKeywords.groovy:4733)
	at com.kms.katalon.core.webui.keyword.WebUiBuiltInKeywords$verifyElementText$7.call(Unknown Source)
	at Отчеты психологического профиля.run(Отчеты психологического профиля:28)
	at com.kms.katalon.core.main.ScriptEngine.run(ScriptEngine.java:194)
	at com.kms.katalon.core.main.ScriptEngine.runScriptAsRawText(ScriptEngine.java:119)
	at com.kms.katalon.core.main.TestCaseExecutor.runScript(TestCaseExecutor.java:442)
	at com.kms.katalon.core.main.TestCaseExecutor.doExecute(TestCaseExecutor.java:433)
	at com.kms.katalon.core.main.TestCaseExecutor.processExecutionPhase(TestCaseExecutor.java:412)
	at com.kms.katalon.core.main.TestCaseExecutor.accessMainPhase(TestCaseExecutor.java:404)
	at com.kms.katalon.core.main.TestCaseExecutor.execute(TestCaseExecutor.java:281)
	at com.kms.katalon.core.main.TestSuiteExecutor.accessTestCaseMainPhase(TestSuiteExecutor.java:202)
	at com.kms.katalon.core.main.TestSuiteExecutor.accessTestSuiteMainPhase(TestSuiteExecutor.java:164)
	at com.kms.katalon.core.main.TestSuiteExecutor.execute(TestSuiteExecutor.java:105)
	at com.kms.katalon.core.main.TestCaseMain.startTestSuite(TestCaseMain.java:185)
	at com.kms.katalon.core.main.TestCaseMain$startTestSuite$0.call(Unknown Source)
	at TempTestSuite1649879456092.run(TempTestSuite1649879456092.groovy:36)
)

2022-04-13 22:57:16 - [MESSAGE][INFO] - Unable to find the element located by 'By.xpath: //div[(text() = 'Ганин Данила' or . = 'Ганин Данила')]'. Please recheck the objects properties to make sure the desired element is located. 

2022-04-13 22:57:16 - [MESSAGE][WARNING] - [SELF-HEALING] Failed to find element with id 'Object Repository/Avangard New/Object (Игрок)/Case (Отчет психологического профиля)/div_ganin'. Try using Self-healing.

2022-04-13 22:57:16 - [MESSAGE][WARNING] - [SELF-HEALING] The current locator of test object 'Object Repository/Avangard New/Object (Игрок)/Case (Отчет психологического профиля)/div_ganin' was broken. Propose an alternative one: '//div[@id='root']/div/div/div/div/div[2]/div/div[3]/div/div/div[2]/div/div/div/div'.

2022-04-13 22:57:16 - [MESSAGE][WARNING] - Actual text 'Власенко Дмитрий' and expected text 'Ганин Данила' of test object 'Object Repository/Avangard New/Object (Игрок)/Case (Отчет психологического профиля)/div_ganin' are NOT matched. (Root cause: com.kms.katalon.core.exception.StepFailedException: Actual text 'Власенко Дмитрий' and expected text 'Ганин Данила' of test object 'Object Repository/Avangard New/Object (Игрок)/Case (Отчет психологического профиля)/div_ganin' are NOT matched.
	at com.kms.katalon.core.webui.keyword.internal.WebUIKeywordMain.stepFailed(WebUIKeywordMain.groovy:64)
	at com.kms.katalon.core.webui.keyword.builtin.VerifyElementTextKeyword$_verifyElementText_closure1.doCall(VerifyElementTextKeyword.groovy:57)
	at com.kms.katalon.core.webui.keyword.builtin.VerifyElementTextKeyword$_verifyElementText_closure1.call(VerifyElementTextKeyword.groovy)
	at com.kms.katalon.core.webui.keyword.internal.WebUIKeywordMain.runKeyword(WebUIKeywordMain.groovy:20)
	at com.kms.katalon.core.webui.keyword.builtin.VerifyElementTextKeyword.verifyElementText(VerifyElementTextKeyword.groovy:72)
	at com.kms.katalon.core.webui.keyword.builtin.VerifyElementTextKeyword.execute(VerifyElementTextKeyword.groovy:40)
	at com.kms.katalon.core.keyword.internal.KeywordExecutor.executeKeywordForPlatform(KeywordExecutor.groovy:74)
	at com.kms.katalon.core.webui.keyword.WebUiBuiltInKeywords.verifyElementText(WebUiBuiltInKeywords.groovy:4733)
	at com.kms.katalon.core.webui.keyword.WebUiBuiltInKeywords$verifyElementText$7.call(Unknown Source)
	at Отчеты психологического профиля.run(Отчеты психологического профиля:28)
	at com.kms.katalon.core.main.ScriptEngine.run(ScriptEngine.java:194)
	at com.kms.katalon.core.main.ScriptEngine.runScriptAsRawText(ScriptEngine.java:119)
	at com.kms.katalon.core.main.TestCaseExecutor.runScript(TestCaseExecutor.java:442)
	at com.kms.katalon.core.main.TestCaseExecutor.doExecute(TestCaseExecutor.java:433)
	at com.kms.katalon.core.main.TestCaseExecutor.processExecutionPhase(TestCaseExecutor.java:412)
	at com.kms.katalon.core.main.TestCaseExecutor.accessMainPhase(TestCaseExecutor.java:404)
	at com.kms.katalon.core.main.TestCaseExecutor.execute(TestCaseExecutor.java:281)
	at com.kms.katalon.core.main.TestSuiteExecutor.accessTestCaseMainPhase(TestSuiteExecutor.java:202)
	at com.kms.katalon.core.main.TestSuiteExecutor.accessTestSuiteMainPhase(TestSuiteExecutor.java:164)
	at com.kms.katalon.core.main.TestSuiteExecutor.execute(TestSuiteExecutor.java:105)
	at com.kms.katalon.core.main.TestCaseMain.startTestSuite(TestCaseMain.java:185)
	at com.kms.katalon.core.main.TestCaseMain$startTestSuite$0.call(Unknown Source)
	at TempTestSuite1649879456092.run(TempTestSuite1649879456092.groovy:36)
)
[[ATTACHMENT|C:\\Users\\LENOVO\\Katalon Studio\\Avangard\\Reports\\20220413_225045\\\u0418\u0433\u0440\u043E\u043A\\20220413_225056\\1649879836698.png]]

2022-04-13 22:57:16 - [TEST_STEP][PASSED] - else: Object: 'Object Repository/Avangard New/Object (Игрок)/Case (Отчет психологического профиля)/div_26.08.2021' is clicked on

2022-04-13 22:57:16 - [TEST_STEP][PASSED] - click(findTestObject("Avangard New/Object (Игрок)/Case (Отчет психологического профиля)/div_date report")): Object: 'Object Repository/Avangard New/Object (Игрок)/Case (Отчет психологического профиля)/div_date report' is clicked on

2022-04-13 22:57:17 - [MESSAGE][PASSED] - Object: 'Object Repository/Avangard New/Object (Игрок)/Case (Отчет психологического профиля)/div_date report' is clicked on

2022-04-13 22:57:17 - [TEST_STEP][PASSED] - click(findTestObject("Avangard New/Object (Игрок)/Case (Отчет психологического профиля)/div_26.08.2021")): Object: 'Object Repository/Avangard New/Object (Игрок)/Case (Отчет психологического профиля)/div_26.08.2021' is clicked on

2022-04-13 22:57:18 - [MESSAGE][PASSED] - Object: 'Object Repository/Avangard New/Object (Игрок)/Case (Отчет психологического профиля)/div_26.08.2021' is clicked on

2022-04-13 22:57:18 - [TEST_STEP][NOT_RUN] - verifyElementText(findTestObject("Avangard New/Object (Игрок)/Case (Отчет психологического профиля)/div_ganin"), "Ганин Данила"): NOT_RUN: verifyElementText(findTestObject("Avangard New/Object (Игрок)/Case (Отчет психологического профиля)/div_ganin"), "Ганин Данила")

2022-04-13 22:57:18 - [MESSAGE][NOT_RUN] - NOT_RUN: verifyElementText(findTestObject("Avangard New/Object (Игрок)/Case (Отчет психологического профиля)/div_ganin"), "Ганин Данила")

2022-04-13 22:57:18 - [TEST_STEP][PASSED] - scrollToElement(findTestObject("Avangard New/Object (Игрок)/Case (Отчет психологического профиля)/reaction easy"), 0): Scroll to object 'Object Repository/Avangard New/Object (Игрок)/Case (Отчет психологического профиля)/reaction easy' successfully

2022-04-13 22:57:18 - [MESSAGE][WARNING] - Timeout '0' is invalid. Using default page load timeout: '30'

2022-04-13 22:57:18 - [MESSAGE][PASSED] - Scroll to object 'Object Repository/Avangard New/Object (Игрок)/Case (Отчет психологического профиля)/reaction easy' successfully

2022-04-13 22:57:18 - [TEST_STEP][PASSED] - verifyElementText(findTestObject("Avangard New/Object (Игрок)/Case (Отчет психологического профиля)/reaction easy"), "Реакция на простой стимул"): Actual text and expected text of test object 'Object Repository/Avangard New/Object (Игрок)/Case (Отчет психологического профиля)/reaction easy' are matched.

2022-04-13 22:57:19 - [MESSAGE][PASSED] - Actual text and expected text of test object 'Object Repository/Avangard New/Object (Игрок)/Case (Отчет психологического профиля)/reaction easy' are matched.

2022-04-13 22:57:19 - [TEST_STEP][PASSED] - verifyElementText(findTestObject("Avangard New/Object (Игрок)/Case (Отчет психологического профиля)/reaction hard"), "Реакция на сложный стимул"): Actual text and expected text of test object 'Object Repository/Avangard New/Object (Игрок)/Case (Отчет психологического профиля)/reaction hard' are matched.

2022-04-13 22:57:19 - [MESSAGE][PASSED] - Actual text and expected text of test object 'Object Repository/Avangard New/Object (Игрок)/Case (Отчет психологического профиля)/reaction hard' are matched.

2022-04-13 22:57:19 - [TEST_STEP][PASSED] - scrollToElement(findTestObject("Avangard New/Object (Игрок)/Case (Отчет психологического профиля)/button burg date (1)"), 0): Scroll to object 'Object Repository/Avangard New/Object (Игрок)/Case (Отчет психологического профиля)/button burg date (1)' successfully

2022-04-13 22:57:19 - [MESSAGE][WARNING] - Timeout '0' is invalid. Using default page load timeout: '30'

2022-04-13 22:57:19 - [MESSAGE][PASSED] - Scroll to object 'Object Repository/Avangard New/Object (Игрок)/Case (Отчет психологического профиля)/button burg date (1)' successfully

2022-04-13 22:57:19 - [TEST_STEP][PASSED] - click(findTestObject("Avangard New/Object (Игрок)/Case (Отчет психологического профиля)/tab")): Object: 'Object Repository/Avangard New/Object (Игрок)/Case (Отчет психологического профиля)/tab' is clicked on

2022-04-13 22:57:20 - [MESSAGE][PASSED] - Object: 'Object Repository/Avangard New/Object (Игрок)/Case (Отчет психологического профиля)/tab' is clicked on

2022-04-13 22:57:20 - [TEST_STEP][PASSED] - if (verifyElementText(findTestObject("Avangard New/Object (Игрок)/Case (Отчет психологического профиля)/div_ganin"), "Ганин Данила", OPTIONAL) == true): Actual text 'Власенко Дмитрий' and expected text 'Ганин Данила' of test object 'Object Repository/Avangard New/Object (Игрок)/Case (Отчет психологического профиля)/div_ganin' are NOT matched. (Root cause: com.kms.katalon.core.exception.StepFailedException: Actual text 'Власенко Дмитрий' and expected text 'Ганин Данила' of test object 'Object Repository/Avangard New/Object (Игрок)/Case (Отчет психологического профиля)/div_ganin' are NOT matched.
	at com.kms.katalon.core.webui.keyword.internal.WebUIKeywordMain.stepFailed(WebUIKeywordMain.groovy:64)
	at com.kms.katalon.core.webui.keyword.builtin.VerifyElementTextKeyword$_verifyElementText_closure1.doCall(VerifyElementTextKeyword.groovy:57)
	at com.kms.katalon.core.webui.keyword.builtin.VerifyElementTextKeyword$_verifyElementText_closure1.call(VerifyElementTextKeyword.groovy)
	at com.kms.katalon.core.webui.keyword.internal.WebUIKeywordMain.runKeyword(WebUIKeywordMain.groovy:20)
	at com.kms.katalon.core.webui.keyword.builtin.VerifyElementTextKeyword.verifyElementText(VerifyElementTextKeyword.groovy:72)
	at com.kms.katalon.core.webui.keyword.builtin.VerifyElementTextKeyword.execute(VerifyElementTextKeyword.groovy:40)
	at com.kms.katalon.core.keyword.internal.KeywordExecutor.executeKeywordForPlatform(KeywordExecutor.groovy:74)
	at com.kms.katalon.core.webui.keyword.WebUiBuiltInKeywords.verifyElementText(WebUiBuiltInKeywords.groovy:4733)
	at com.kms.katalon.core.webui.keyword.WebUiBuiltInKeywords$verifyElementText$7.call(Unknown Source)
	at Отчеты психологического профиля.run(Отчеты психологического профиля:55)
	at com.kms.katalon.core.main.ScriptEngine.run(ScriptEngine.java:194)
	at com.kms.katalon.core.main.ScriptEngine.runScriptAsRawText(ScriptEngine.java:119)
	at com.kms.katalon.core.main.TestCaseExecutor.runScript(TestCaseExecutor.java:442)
	at com.kms.katalon.core.main.TestCaseExecutor.doExecute(TestCaseExecutor.java:433)
	at com.kms.katalon.core.main.TestCaseExecutor.processExecutionPhase(TestCaseExecutor.java:412)
	at com.kms.katalon.core.main.TestCaseExecutor.accessMainPhase(TestCaseExecutor.java:404)
	at com.kms.katalon.core.main.TestCaseExecutor.execute(TestCaseExecutor.java:281)
	at com.kms.katalon.core.main.TestSuiteExecutor.accessTestCaseMainPhase(TestSuiteExecutor.java:202)
	at com.kms.katalon.core.main.TestSuiteExecutor.accessTestSuiteMainPhase(TestSuiteExecutor.java:164)
	at com.kms.katalon.core.main.TestSuiteExecutor.execute(TestSuiteExecutor.java:105)
	at com.kms.katalon.core.main.TestCaseMain.startTestSuite(TestCaseMain.java:185)
	at com.kms.katalon.core.main.TestCaseMain$startTestSuite$0.call(Unknown Source)
	at TempTestSuite1649879456092.run(TempTestSuite1649879456092.groovy:36)
)

2022-04-13 22:57:51 - [MESSAGE][INFO] - Unable to find the element located by 'By.xpath: //div[(text() = 'Ганин Данила' or . = 'Ганин Данила')]'. Please recheck the objects properties to make sure the desired element is located. 

2022-04-13 22:57:51 - [MESSAGE][WARNING] - [SELF-HEALING] Failed to find element with id 'Object Repository/Avangard New/Object (Игрок)/Case (Отчет психологического профиля)/div_ganin'. Try using Self-healing.

2022-04-13 22:57:51 - [MESSAGE][WARNING] - [SELF-HEALING] The current locator of test object 'Object Repository/Avangard New/Object (Игрок)/Case (Отчет психологического профиля)/div_ganin' was broken. Propose an alternative one: '//div[@id='root']/div/div/div/div/div[2]/div/div[3]/div/div/div[2]/div/div/div/div'.

2022-04-13 22:57:51 - [MESSAGE][WARNING] - Actual text 'Власенко Дмитрий' and expected text 'Ганин Данила' of test object 'Object Repository/Avangard New/Object (Игрок)/Case (Отчет психологического профиля)/div_ganin' are NOT matched. (Root cause: com.kms.katalon.core.exception.StepFailedException: Actual text 'Власенко Дмитрий' and expected text 'Ганин Данила' of test object 'Object Repository/Avangard New/Object (Игрок)/Case (Отчет психологического профиля)/div_ganin' are NOT matched.
	at com.kms.katalon.core.webui.keyword.internal.WebUIKeywordMain.stepFailed(WebUIKeywordMain.groovy:64)
	at com.kms.katalon.core.webui.keyword.builtin.VerifyElementTextKeyword$_verifyElementText_closure1.doCall(VerifyElementTextKeyword.groovy:57)
	at com.kms.katalon.core.webui.keyword.builtin.VerifyElementTextKeyword$_verifyElementText_closure1.call(VerifyElementTextKeyword.groovy)
	at com.kms.katalon.core.webui.keyword.internal.WebUIKeywordMain.runKeyword(WebUIKeywordMain.groovy:20)
	at com.kms.katalon.core.webui.keyword.builtin.VerifyElementTextKeyword.verifyElementText(VerifyElementTextKeyword.groovy:72)
	at com.kms.katalon.core.webui.keyword.builtin.VerifyElementTextKeyword.execute(VerifyElementTextKeyword.groovy:40)
	at com.kms.katalon.core.keyword.internal.KeywordExecutor.executeKeywordForPlatform(KeywordExecutor.groovy:74)
	at com.kms.katalon.core.webui.keyword.WebUiBuiltInKeywords.verifyElementText(WebUiBuiltInKeywords.groovy:4733)
	at com.kms.katalon.core.webui.keyword.WebUiBuiltInKeywords$verifyElementText$7.call(Unknown Source)
	at Отчеты психологического профиля.run(Отчеты психологического профиля:55)
	at com.kms.katalon.core.main.ScriptEngine.run(ScriptEngine.java:194)
	at com.kms.katalon.core.main.ScriptEngine.runScriptAsRawText(ScriptEngine.java:119)
	at com.kms.katalon.core.main.TestCaseExecutor.runScript(TestCaseExecutor.java:442)
	at com.kms.katalon.core.main.TestCaseExecutor.doExecute(TestCaseExecutor.java:433)
	at com.kms.katalon.core.main.TestCaseExecutor.processExecutionPhase(TestCaseExecutor.java:412)
	at com.kms.katalon.core.main.TestCaseExecutor.accessMainPhase(TestCaseExecutor.java:404)
	at com.kms.katalon.core.main.TestCaseExecutor.execute(TestCaseExecutor.java:281)
	at com.kms.katalon.core.main.TestSuiteExecutor.accessTestCaseMainPhase(TestSuiteExecutor.java:202)
	at com.kms.katalon.core.main.TestSuiteExecutor.accessTestSuiteMainPhase(TestSuiteExecutor.java:164)
	at com.kms.katalon.core.main.TestSuiteExecutor.execute(TestSuiteExecutor.java:105)
	at com.kms.katalon.core.main.TestCaseMain.startTestSuite(TestCaseMain.java:185)
	at com.kms.katalon.core.main.TestCaseMain$startTestSuite$0.call(Unknown Source)
	at TempTestSuite1649879456092.run(TempTestSuite1649879456092.groovy:36)
)
[[ATTACHMENT|C:\\Users\\LENOVO\\Katalon Studio\\Avangard\\Reports\\20220413_225045\\\u0418\u0433\u0440\u043E\u043A\\20220413_225056\\1649879871714.png]]

2022-04-13 22:57:51 - [TEST_STEP][PASSED] - else: Object: 'Object Repository/Avangard New/Object (Игрок)/Case (Отчет психологического профиля)/div_20-21' is clicked on

2022-04-13 22:57:51 - [TEST_STEP][PASSED] - click(findTestObject("Avangard New/Object (Игрок)/Case (Отчет психологического профиля)/div_sezon")): Object: 'Object Repository/Avangard New/Object (Игрок)/Case (Отчет психологического профиля)/div_sezon' is clicked on

2022-04-13 22:57:52 - [MESSAGE][PASSED] - Object: 'Object Repository/Avangard New/Object (Игрок)/Case (Отчет психологического профиля)/div_sezon' is clicked on

2022-04-13 22:57:52 - [TEST_STEP][PASSED] - click(findTestObject("Avangard New/Object (Игрок)/Case (Отчет психологического профиля)/div_20-21")): Object: 'Object Repository/Avangard New/Object (Игрок)/Case (Отчет психологического профиля)/div_20-21' is clicked on

2022-04-13 22:57:52 - [MESSAGE][PASSED] - Object: 'Object Repository/Avangard New/Object (Игрок)/Case (Отчет психологического профиля)/div_20-21' is clicked on

2022-04-13 22:57:52 - [TEST_STEP][PASSED] - scrollToElement(findTestObject("Avangard New/Object (Игрок)/Case (Отчет психологического профиля)/xarakteristika"), 0): Scroll to object 'Object Repository/Avangard New/Object (Игрок)/Case (Отчет психологического профиля)/xarakteristika' successfully

2022-04-13 22:57:53 - [MESSAGE][WARNING] - Timeout '0' is invalid. Using default page load timeout: '30'

2022-04-13 22:57:53 - [MESSAGE][PASSED] - Scroll to object 'Object Repository/Avangard New/Object (Игрок)/Case (Отчет психологического профиля)/xarakteristika' successfully

2022-04-13 22:57:53 - [TEST_STEP][PASSED] - verifyElementText(findTestObject("Avangard New/Object (Игрок)/Case (Отчет психологического профиля)/xarakteristika"), "Экстраверсия"): Actual text and expected text of test object 'Object Repository/Avangard New/Object (Игрок)/Case (Отчет психологического профиля)/xarakteristika' are matched.

2022-04-13 22:57:54 - [MESSAGE][PASSED] - Actual text and expected text of test object 'Object Repository/Avangard New/Object (Игрок)/Case (Отчет психологического профиля)/xarakteristika' are matched.

2022-04-13 22:57:54 - [TEST_STEP][PASSED] - verifyElementText(findTestObject("Avangard New/Object (Игрок)/Case (Отчет психологического профиля)/xarakteristika 2"), "Спонтанность"): Actual text and expected text of test object 'Object Repository/Avangard New/Object (Игрок)/Case (Отчет психологического профиля)/xarakteristika 2' are matched.

2022-04-13 22:57:54 - [MESSAGE][PASSED] - Actual text and expected text of test object 'Object Repository/Avangard New/Object (Игрок)/Case (Отчет психологического профиля)/xarakteristika 2' are matched.

2022-04-13 22:57:54 - [TEST_STEP][PASSED] - click(findTestObject("Avangard New/Object (Игрок)/Case (Отчет психологического профиля)/home g (1)")): Object: 'Object Repository/Avangard New/Object (Игрок)/Case (Отчет психологического профиля)/home g (1)' is clicked on

2022-04-13 22:57:55 - [MESSAGE][PASSED] - Object: 'Object Repository/Avangard New/Object (Игрок)/Case (Отчет психологического профиля)/home g (1)' is clicked on

2022-04-13 22:57:55 - [TEST_STEP][PASSED] - closeBrowser(): Browser is closed

2022-04-13 22:57:55 - [MESSAGE][PASSED] - Browser is closed]]></system-out>
         <system-err><![CDATA[]]></system-err>
      </testcase>
      <system-out><![CDATA[2022-04-13 22:55:30 - [TEST_SUITE][PASSED] - Игрок: Test Cases/Игрок/Отчеты психологического профиля]]></system-out>
      <system-err><![CDATA[]]></system-err>
   </testsuite>
</testsuites>
