<?xml version="1.0" encoding="UTF-8"?>
<testsuites name="Тренер" time="452.22" tests="7" failures="4" errors="0">
   <testsuite name="Тренер" tests="7" failures="4" errors="0" time="452.22" skipped="0" timestamp="2022-03-15 00:32:28" hostname="LENOVO - DESKTOP-KNHN0AA" id="Test Suites/Тренер">
      <properties>
         <property name="deviceName" value=""/>
         <property name="devicePlatform" value=""/>
         <property name="logFolder" value="C:\\Users\\LENOVO\\Katalon Studio\\Avangard\\Reports\\20220315_003159\\\u0422\u0440\u0435\u043D\u0435\u0440\\20220315_003208"/>
         <property name="logFiles" value="C:\\Users\\LENOVO\\Katalon Studio\\Avangard\\Reports\\20220315_003159\\\u0422\u0440\u0435\u043D\u0435\u0440\\20220315_003208\\execution0.log"/>
         <property name="attachments" value="C:\\Users\\LENOVO\\Katalon Studio\\Avangard\\Reports\\20220315_003159\\\u0422\u0440\u0435\u043D\u0435\u0440\\20220315_003208\\1647293721396.png, C:\\Users\\LENOVO\\Katalon Studio\\Avangard\\Reports\\20220315_003159\\\u0422\u0440\u0435\u043D\u0435\u0440\\20220315_003208\\1647293838082.png, C:\\Users\\LENOVO\\Katalon Studio\\Avangard\\Reports\\20220315_003159\\\u0422\u0440\u0435\u043D\u0435\u0440\\20220315_003208\\1647293838266.png, C:\\Users\\LENOVO\\Katalon Studio\\Avangard\\Reports\\20220315_003159\\\u0422\u0440\u0435\u043D\u0435\u0440\\20220315_003208\\1647293941684.png, C:\\Users\\LENOVO\\Katalon Studio\\Avangard\\Reports\\20220315_003159\\\u0422\u0440\u0435\u043D\u0435\u0440\\20220315_003208\\1647293941912.png, C:\\Users\\LENOVO\\Katalon Studio\\Avangard\\Reports\\20220315_003159\\\u0422\u0440\u0435\u043D\u0435\u0440\\20220315_003208\\1647294000346.png"/>
         <property name="hostName" value="LENOVO - DESKTOP-KNHN0AA"/>
         <property name="os" value="Windows 10 64bit"/>
         <property name="katalonVersion" value="8.2.5.208"/>
         <property name="browser" value="Chrome 99.0.4844.51"/>
         <property name="hostAddress" value="192.168.0.10"/>
         <property name="sessionId" value="be7624c695e7482e6e9923b8bc7bdf5e"/>
         <property name="seleniumVersion" value="3.141.59"/>
         <property name="proxyInformation" value="ProxyInformation { proxyOption=NO_PROXY, proxyServerType=HTTP, username=, password=********, proxyServerAddress=, proxyServerPort=0, executionList=&quot;&quot;, isApplyToDesiredCapabilities=true }"/>
         <property name="platform" value="Windows 10"/>
      </properties>
      <testcase name="Test Cases/Тренер/Авторизация" time="30.431" classname="Test Cases/Тренер/Авторизация" status="PASSED">
         <system-out><![CDATA[2022-03-15 00:32:30 - [TEST_CASE][PASSED] - Test Cases/Тренер/Авторизация: Test Cases/Тренер/Авторизация

2022-03-15 00:32:33 - [TEST_STEP][PASSED] - openBrowser(""): Browser is opened with url: ''

2022-03-15 00:32:35 - [MESSAGE][INFO] - Starting 'Chrome' driver

2022-03-15 00:32:36 - [MESSAGE][INFO] - Action delay is set to 100 milliseconds

2022-03-15 00:32:42 - [MESSAGE][PASSED] - Browser is opened with url: ''

2022-03-15 00:32:42 - [TEST_STEP][PASSED] - maximizeWindow(): Current window maximized

2022-03-15 00:32:43 - [MESSAGE][PASSED] - Current window maximized

2022-03-15 00:32:43 - [TEST_STEP][PASSED] - navigateToUrl(url): Navigate to 'https://stars-stage.hawk.ru:8080' successfully

2022-03-15 00:32:53 - [MESSAGE][PASSED] - Navigate to 'https://stars-stage.hawk.ru:8080' successfully

2022-03-15 00:32:53 - [TEST_STEP][PASSED] - setText(findTestObject("Object Repository/manager/Page_/input__sc-lnrBVv eqPACj"), coach_login): Text 'ageev.da@hc-avangard.com' is set on object 'Object Repository/manager/Page_/input__sc-lnrBVv eqPACj'

2022-03-15 00:32:57 - [MESSAGE][PASSED] - Text 'ageev.da@hc-avangard.com' is set on object 'Object Repository/manager/Page_/input__sc-lnrBVv eqPACj'

2022-03-15 00:32:57 - [TEST_STEP][PASSED] - setText(findTestObject("Object Repository/manager/Page_/input__sc-lnrBVv eqPACj_1"), coach_password): Text 'zz4waxq6' is set on object 'Object Repository/manager/Page_/input__sc-lnrBVv eqPACj_1'

2022-03-15 00:33:00 - [MESSAGE][PASSED] - Text 'zz4waxq6' is set on object 'Object Repository/manager/Page_/input__sc-lnrBVv eqPACj_1'

2022-03-15 00:33:00 - [TEST_STEP][PASSED] - click(findTestObject("manager/Page_/go")): Object: 'Object Repository/manager/Page_/go' is clicked on

2022-03-15 00:33:00 - [MESSAGE][PASSED] - Object: 'Object Repository/manager/Page_/go' is clicked on]]></system-out>
         <system-err><![CDATA[]]></system-err>
      </testcase>
      <testcase name="Test Cases/Тренер/Составы" time="141.968" classname="Test Cases/Тренер/Составы" status="FAILED">
         <failure type="FAILED" message="Test Cases/Тренер/Составы FAILED.
Reason:
com.kms.katalon.core.exception.StepFailedException: Unable to verify text 'Игрок недоступен для выбора' is present 
	at com.kms.katalon.core.webui.keyword.internal.WebUIKeywordMain.stepFailed(WebUIKeywordMain.groovy:64)
	at com.kms.katalon.core.webui.keyword.internal.WebUIKeywordMain.runKeyword(WebUIKeywordMain.groovy:26)
	at com.kms.katalon.core.webui.keyword.builtin.VerifyTextPresentKeyword.verifyTextPresent(VerifyTextPresentKeyword.groovy:83)
	at com.kms.katalon.core.webui.keyword.builtin.VerifyTextPresentKeyword.execute(VerifyTextPresentKeyword.groovy:68)
	at com.kms.katalon.core.keyword.internal.KeywordExecutor.executeKeywordForPlatform(KeywordExecutor.groovy:74)
	at com.kms.katalon.core.webui.keyword.WebUiBuiltInKeywords.verifyTextPresent(WebUiBuiltInKeywords.groovy:1723)
	at com.kms.katalon.core.webui.keyword.WebUiBuiltInKeywords$verifyTextPresent$5.call(Unknown Source)
	at Составы.run(Составы:66)
	at com.kms.katalon.core.main.ScriptEngine.run(ScriptEngine.java:194)
	at com.kms.katalon.core.main.ScriptEngine.runScriptAsRawText(ScriptEngine.java:119)
	at com.kms.katalon.core.main.TestCaseExecutor.runScript(TestCaseExecutor.java:442)
	at com.kms.katalon.core.main.TestCaseExecutor.doExecute(TestCaseExecutor.java:433)
	at com.kms.katalon.core.main.TestCaseExecutor.processExecutionPhase(TestCaseExecutor.java:412)
	at com.kms.katalon.core.main.TestCaseExecutor.accessMainPhase(TestCaseExecutor.java:404)
	at com.kms.katalon.core.main.TestCaseExecutor.execute(TestCaseExecutor.java:281)
	at com.kms.katalon.core.main.TestSuiteExecutor.accessTestCaseMainPhase(TestSuiteExecutor.java:202)
	at com.kms.katalon.core.main.TestSuiteExecutor.accessTestSuiteMainPhase(TestSuiteExecutor.java:164)
	at com.kms.katalon.core.main.TestSuiteExecutor.execute(TestSuiteExecutor.java:105)
	at com.kms.katalon.core.main.TestCaseMain.startTestSuite(TestCaseMain.java:185)
	at com.kms.katalon.core.main.TestCaseMain$startTestSuite$0.call(Unknown Source)
	at TempTestSuite1647293528100.run(TempTestSuite1647293528100.groovy:36)
Caused by: com.kms.katalon.core.exception.StepFailedException: Text 'Игрок недоступен для выбора' is not present on page 
	at com.kms.katalon.core.webui.keyword.internal.WebUIKeywordMain.stepFailed(WebUIKeywordMain.groovy:64)
	at com.kms.katalon.core.webui.keyword.builtin.VerifyTextPresentKeyword$_verifyTextPresent_closure1.doCall(VerifyTextPresentKeyword.groovy:79)
	at com.kms.katalon.core.webui.keyword.builtin.VerifyTextPresentKeyword$_verifyTextPresent_closure1.call(VerifyTextPresentKeyword.groovy)
	at com.kms.katalon.core.webui.keyword.internal.WebUIKeywordMain.runKeyword(WebUIKeywordMain.groovy:20)
	... 19 more
"/>
         <system-out><![CDATA[2022-03-15 00:33:00 - [TEST_CASE][FAILED] - Test Cases/Тренер/Составы: Test Cases/Тренер/Составы FAILED.
Reason:
com.kms.katalon.core.exception.StepFailedException: Unable to verify text 'Игрок недоступен для выбора' is present 
	at com.kms.katalon.core.webui.keyword.internal.WebUIKeywordMain.stepFailed(WebUIKeywordMain.groovy:64)
	at com.kms.katalon.core.webui.keyword.internal.WebUIKeywordMain.runKeyword(WebUIKeywordMain.groovy:26)
	at com.kms.katalon.core.webui.keyword.builtin.VerifyTextPresentKeyword.verifyTextPresent(VerifyTextPresentKeyword.groovy:83)
	at com.kms.katalon.core.webui.keyword.builtin.VerifyTextPresentKeyword.execute(VerifyTextPresentKeyword.groovy:68)
	at com.kms.katalon.core.keyword.internal.KeywordExecutor.executeKeywordForPlatform(KeywordExecutor.groovy:74)
	at com.kms.katalon.core.webui.keyword.WebUiBuiltInKeywords.verifyTextPresent(WebUiBuiltInKeywords.groovy:1723)
	at com.kms.katalon.core.webui.keyword.WebUiBuiltInKeywords$verifyTextPresent$5.call(Unknown Source)
	at Составы.run(Составы:66)
	at com.kms.katalon.core.main.ScriptEngine.run(ScriptEngine.java:194)
	at com.kms.katalon.core.main.ScriptEngine.runScriptAsRawText(ScriptEngine.java:119)
	at com.kms.katalon.core.main.TestCaseExecutor.runScript(TestCaseExecutor.java:442)
	at com.kms.katalon.core.main.TestCaseExecutor.doExecute(TestCaseExecutor.java:433)
	at com.kms.katalon.core.main.TestCaseExecutor.processExecutionPhase(TestCaseExecutor.java:412)
	at com.kms.katalon.core.main.TestCaseExecutor.accessMainPhase(TestCaseExecutor.java:404)
	at com.kms.katalon.core.main.TestCaseExecutor.execute(TestCaseExecutor.java:281)
	at com.kms.katalon.core.main.TestSuiteExecutor.accessTestCaseMainPhase(TestSuiteExecutor.java:202)
	at com.kms.katalon.core.main.TestSuiteExecutor.accessTestSuiteMainPhase(TestSuiteExecutor.java:164)
	at com.kms.katalon.core.main.TestSuiteExecutor.execute(TestSuiteExecutor.java:105)
	at com.kms.katalon.core.main.TestCaseMain.startTestSuite(TestCaseMain.java:185)
	at com.kms.katalon.core.main.TestCaseMain$startTestSuite$0.call(Unknown Source)
	at TempTestSuite1647293528100.run(TempTestSuite1647293528100.groovy:36)
Caused by: com.kms.katalon.core.exception.StepFailedException: Text 'Игрок недоступен для выбора' is not present on page 
	at com.kms.katalon.core.webui.keyword.internal.WebUIKeywordMain.stepFailed(WebUIKeywordMain.groovy:64)
	at com.kms.katalon.core.webui.keyword.builtin.VerifyTextPresentKeyword$_verifyTextPresent_closure1.doCall(VerifyTextPresentKeyword.groovy:79)
	at com.kms.katalon.core.webui.keyword.builtin.VerifyTextPresentKeyword$_verifyTextPresent_closure1.call(VerifyTextPresentKeyword.groovy)
	at com.kms.katalon.core.webui.keyword.internal.WebUIKeywordMain.runKeyword(WebUIKeywordMain.groovy:20)
	... 19 more


2022-03-15 00:33:02 - [TEST_STEP][PASSED] - callTestCase(findTestCase("Тренер/Авторизация"), [:], STOP_ON_FAILURE): Call Test Case 'Test Cases/Тренер/Авторизация' successfully

2022-03-15 00:33:02 - [TEST_CASE][PASSED] - Test Cases/Тренер/Авторизация: Test Cases/Тренер/Авторизация

2022-03-15 00:33:02 - [TEST_STEP][PASSED] - openBrowser(""): Browser is opened with url: ''

2022-03-15 00:33:02 - [MESSAGE][WARNING] - A browser is already opened. Closing browser and opening a new one

2022-03-15 00:33:07 - [MESSAGE][INFO] - Starting 'Chrome' driver

2022-03-15 00:33:07 - [MESSAGE][INFO] - Action delay is set to 100 milliseconds

2022-03-15 00:33:09 - [MESSAGE][PASSED] - Browser is opened with url: ''

2022-03-15 00:33:09 - [TEST_STEP][PASSED] - maximizeWindow(): Current window maximized

2022-03-15 00:33:10 - [MESSAGE][PASSED] - Current window maximized

2022-03-15 00:33:10 - [TEST_STEP][PASSED] - navigateToUrl(url): Navigate to 'https://stars-stage.hawk.ru:8080' successfully

2022-03-15 00:33:35 - [MESSAGE][PASSED] - Navigate to 'https://stars-stage.hawk.ru:8080' successfully

2022-03-15 00:33:35 - [TEST_STEP][PASSED] - setText(findTestObject("Object Repository/manager/Page_/input__sc-lnrBVv eqPACj"), coach_login): Text 'ageev.da@hc-avangard.com' is set on object 'Object Repository/manager/Page_/input__sc-lnrBVv eqPACj'

2022-03-15 00:33:37 - [MESSAGE][PASSED] - Text 'ageev.da@hc-avangard.com' is set on object 'Object Repository/manager/Page_/input__sc-lnrBVv eqPACj'

2022-03-15 00:33:37 - [TEST_STEP][PASSED] - setText(findTestObject("Object Repository/manager/Page_/input__sc-lnrBVv eqPACj_1"), coach_password): Text 'zz4waxq6' is set on object 'Object Repository/manager/Page_/input__sc-lnrBVv eqPACj_1'

2022-03-15 00:33:40 - [MESSAGE][PASSED] - Text 'zz4waxq6' is set on object 'Object Repository/manager/Page_/input__sc-lnrBVv eqPACj_1'

2022-03-15 00:33:40 - [TEST_STEP][PASSED] - click(findTestObject("manager/Page_/go")): Object: 'Object Repository/manager/Page_/go' is clicked on

2022-03-15 00:33:41 - [MESSAGE][PASSED] - Object: 'Object Repository/manager/Page_/go' is clicked on

2022-03-15 00:33:41 - [MESSAGE][PASSED] - Call Test Case 'Test Cases/Тренер/Авторизация' successfully

2022-03-15 00:33:41 - [TEST_STEP][PASSED] - click(findTestObject("Avangard New/Object (Тренер)/Case (Составы)/lines")): Object: 'Object Repository/Avangard New/Object (Тренер)/Case (Составы)/lines' is clicked on

2022-03-15 00:34:27 - [MESSAGE][PASSED] - Object: 'Object Repository/Avangard New/Object (Тренер)/Case (Составы)/lines' is clicked on

2022-03-15 00:34:27 - [TEST_STEP][PASSED] - click(findTestObject("Avangard New/Object (Тренер)/Case (Составы)/clear")): Object: 'Object Repository/Avangard New/Object (Тренер)/Case (Составы)/clear' is clicked on

2022-03-15 00:34:33 - [MESSAGE][PASSED] - Object: 'Object Repository/Avangard New/Object (Тренер)/Case (Составы)/clear' is clicked on

2022-03-15 00:34:33 - [TEST_STEP][PASSED] - click(findTestObject("Avangard New/Object (Тренер)/Case (Составы)/button_yes")): Object: 'Object Repository/Avangard New/Object (Тренер)/Case (Составы)/button_yes' is clicked on

2022-03-15 00:34:33 - [MESSAGE][PASSED] - Object: 'Object Repository/Avangard New/Object (Тренер)/Case (Составы)/button_yes' is clicked on

2022-03-15 00:34:33 - [TEST_STEP][PASSED] - click(findTestObject("Avangard New/Object (Тренер)/Case (Составы)/choice_player")): Object: 'Object Repository/Avangard New/Object (Тренер)/Case (Составы)/choice_player' is clicked on

2022-03-15 00:35:05 - [MESSAGE][INFO] - Unable to find the element located by 'By.xpath: //*[@data-player-name = 'Ганин Данила']'. Please recheck the objects properties to make sure the desired element is located. 

2022-03-15 00:35:05 - [MESSAGE][WARNING] - [SELF-HEALING] Failed to find element with id 'Object Repository/Avangard New/Object (Тренер)/Case (Составы)/choice_player'. Try using Self-healing.

2022-03-15 00:35:06 - [MESSAGE][INFO] - [SELF-HEALING] Screenshot: C:/Users/LENOVO/Katalon Studio/Avangard/Reports/Self-healing/Object Repository/Avangard New/Object (Тренер)/Case (Составы)/choice_player_XPATH.png

2022-03-15 00:35:06 - [MESSAGE][WARNING] - [SELF-HEALING] The current locator of test object 'Object Repository/Avangard New/Object (Тренер)/Case (Составы)/choice_player' was broken. Propose an alternative one: '//div[@id='rc-tabs-0-panel-0']/div/div/div/div'.

2022-03-15 00:35:06 - [MESSAGE][PASSED] - Object: 'Object Repository/Avangard New/Object (Тренер)/Case (Составы)/choice_player' is clicked on

2022-03-15 00:35:06 - [TEST_STEP][PASSED] - scrollToElement(findTestObject("Avangard New/Object (Тренер)/Case (Составы)/line_position"), 0): Scroll to object 'Object Repository/Avangard New/Object (Тренер)/Case (Составы)/line_position' successfully

2022-03-15 00:35:07 - [MESSAGE][WARNING] - Timeout '0' is invalid. Using default page load timeout: '30'

2022-03-15 00:35:07 - [MESSAGE][PASSED] - Scroll to object 'Object Repository/Avangard New/Object (Тренер)/Case (Составы)/line_position' successfully

2022-03-15 00:35:07 - [TEST_STEP][PASSED] - click(findTestObject("Avangard New/Object (Тренер)/Case (Составы)/line_position")): Object: 'Object Repository/Avangard New/Object (Тренер)/Case (Составы)/line_position' is clicked on

2022-03-15 00:35:08 - [MESSAGE][PASSED] - Object: 'Object Repository/Avangard New/Object (Тренер)/Case (Составы)/line_position' is clicked on

2022-03-15 00:35:08 - [TEST_STEP][PASSED] - click(findTestObject("Avangard New/Object (Тренер)/Case (Составы)/player 1")): Object: 'Object Repository/Avangard New/Object (Тренер)/Case (Составы)/player 1' is clicked on

2022-03-15 00:35:09 - [MESSAGE][PASSED] - Object: 'Object Repository/Avangard New/Object (Тренер)/Case (Составы)/player 1' is clicked on

2022-03-15 00:35:09 - [TEST_STEP][PASSED] - click(findTestObject("Avangard New/Object (Тренер)/Case (Составы)/pos2")): Object: 'Object Repository/Avangard New/Object (Тренер)/Case (Составы)/pos2' is clicked on

2022-03-15 00:35:09 - [MESSAGE][PASSED] - Object: 'Object Repository/Avangard New/Object (Тренер)/Case (Составы)/pos2' is clicked on

2022-03-15 00:35:09 - [TEST_STEP][PASSED] - scrollToElement(findTestObject("Avangard New/Object (Тренер)/Case (Составы)/player3"), 0): Scroll to object 'Object Repository/Avangard New/Object (Тренер)/Case (Составы)/player3' successfully

2022-03-15 00:35:09 - [MESSAGE][WARNING] - Timeout '0' is invalid. Using default page load timeout: '30'

2022-03-15 00:35:10 - [MESSAGE][PASSED] - Scroll to object 'Object Repository/Avangard New/Object (Тренер)/Case (Составы)/player3' successfully

2022-03-15 00:35:10 - [TEST_STEP][PASSED] - click(findTestObject("Avangard New/Object (Тренер)/Case (Составы)/player3")): Object: 'Object Repository/Avangard New/Object (Тренер)/Case (Составы)/player3' is clicked on

2022-03-15 00:35:13 - [MESSAGE][PASSED] - Object: 'Object Repository/Avangard New/Object (Тренер)/Case (Составы)/player3' is clicked on

2022-03-15 00:35:13 - [TEST_STEP][PASSED] - click(findTestObject("Avangard New/Object (Тренер)/Case (Составы)/po3")): Object: 'Object Repository/Avangard New/Object (Тренер)/Case (Составы)/po3' is clicked on

2022-03-15 00:35:14 - [MESSAGE][PASSED] - Object: 'Object Repository/Avangard New/Object (Тренер)/Case (Составы)/po3' is clicked on

2022-03-15 00:35:14 - [TEST_STEP][PASSED] - scrollToElement(findTestObject("Avangard New/Object (Тренер)/Case (Составы)/player4"), 0): Scroll to object 'Object Repository/Avangard New/Object (Тренер)/Case (Составы)/player4' successfully

2022-03-15 00:35:14 - [MESSAGE][WARNING] - Timeout '0' is invalid. Using default page load timeout: '30'

2022-03-15 00:35:15 - [MESSAGE][PASSED] - Scroll to object 'Object Repository/Avangard New/Object (Тренер)/Case (Составы)/player4' successfully

2022-03-15 00:35:15 - [TEST_STEP][PASSED] - click(findTestObject("Avangard New/Object (Тренер)/Case (Составы)/player4")): Object: 'Object Repository/Avangard New/Object (Тренер)/Case (Составы)/player4' is clicked on

2022-03-15 00:35:15 - [MESSAGE][PASSED] - Object: 'Object Repository/Avangard New/Object (Тренер)/Case (Составы)/player4' is clicked on

2022-03-15 00:35:15 - [TEST_STEP][PASSED] - click(findTestObject("Avangard New/Object (Тренер)/Case (Составы)/pos4")): Object: 'Object Repository/Avangard New/Object (Тренер)/Case (Составы)/pos4' is clicked on

2022-03-15 00:35:16 - [MESSAGE][PASSED] - Object: 'Object Repository/Avangard New/Object (Тренер)/Case (Составы)/pos4' is clicked on

2022-03-15 00:35:16 - [TEST_STEP][PASSED] - scrollToElement(findTestObject("Avangard New/Object (Тренер)/Case (Составы)/player5"), 0): Scroll to object 'Object Repository/Avangard New/Object (Тренер)/Case (Составы)/player5' successfully

2022-03-15 00:35:16 - [MESSAGE][WARNING] - Timeout '0' is invalid. Using default page load timeout: '30'

2022-03-15 00:35:16 - [MESSAGE][PASSED] - Scroll to object 'Object Repository/Avangard New/Object (Тренер)/Case (Составы)/player5' successfully

2022-03-15 00:35:16 - [TEST_STEP][PASSED] - click(findTestObject("Avangard New/Object (Тренер)/Case (Составы)/player5")): Object: 'Object Repository/Avangard New/Object (Тренер)/Case (Составы)/player5' is clicked on

2022-03-15 00:35:20 - [MESSAGE][PASSED] - Object: 'Object Repository/Avangard New/Object (Тренер)/Case (Составы)/player5' is clicked on

2022-03-15 00:35:20 - [TEST_STEP][FAILED] - verifyTextPresent("Игрок недоступен для выбора", false): Unable to verify text 'Игрок недоступен для выбора' is present  (Root cause: com.kms.katalon.core.exception.StepFailedException: Unable to verify text 'Игрок недоступен для выбора' is present 
	at com.kms.katalon.core.webui.keyword.internal.WebUIKeywordMain.stepFailed(WebUIKeywordMain.groovy:64)
	at com.kms.katalon.core.webui.keyword.internal.WebUIKeywordMain.runKeyword(WebUIKeywordMain.groovy:26)
	at com.kms.katalon.core.webui.keyword.builtin.VerifyTextPresentKeyword.verifyTextPresent(VerifyTextPresentKeyword.groovy:83)
	at com.kms.katalon.core.webui.keyword.builtin.VerifyTextPresentKeyword.execute(VerifyTextPresentKeyword.groovy:68)
	at com.kms.katalon.core.keyword.internal.KeywordExecutor.executeKeywordForPlatform(KeywordExecutor.groovy:74)
	at com.kms.katalon.core.webui.keyword.WebUiBuiltInKeywords.verifyTextPresent(WebUiBuiltInKeywords.groovy:1723)
	at com.kms.katalon.core.webui.keyword.WebUiBuiltInKeywords$verifyTextPresent$5.call(Unknown Source)
	at Составы.run(Составы:66)
	at com.kms.katalon.core.main.ScriptEngine.run(ScriptEngine.java:194)
	at com.kms.katalon.core.main.ScriptEngine.runScriptAsRawText(ScriptEngine.java:119)
	at com.kms.katalon.core.main.TestCaseExecutor.runScript(TestCaseExecutor.java:442)
	at com.kms.katalon.core.main.TestCaseExecutor.doExecute(TestCaseExecutor.java:433)
	at com.kms.katalon.core.main.TestCaseExecutor.processExecutionPhase(TestCaseExecutor.java:412)
	at com.kms.katalon.core.main.TestCaseExecutor.accessMainPhase(TestCaseExecutor.java:404)
	at com.kms.katalon.core.main.TestCaseExecutor.execute(TestCaseExecutor.java:281)
	at com.kms.katalon.core.main.TestSuiteExecutor.accessTestCaseMainPhase(TestSuiteExecutor.java:202)
	at com.kms.katalon.core.main.TestSuiteExecutor.accessTestSuiteMainPhase(TestSuiteExecutor.java:164)
	at com.kms.katalon.core.main.TestSuiteExecutor.execute(TestSuiteExecutor.java:105)
	at com.kms.katalon.core.main.TestCaseMain.startTestSuite(TestCaseMain.java:185)
	at com.kms.katalon.core.main.TestCaseMain$startTestSuite$0.call(Unknown Source)
	at TempTestSuite1647293528100.run(TempTestSuite1647293528100.groovy:36)
Caused by: com.kms.katalon.core.exception.StepFailedException: Text 'Игрок недоступен для выбора' is not present on page 
	at com.kms.katalon.core.webui.keyword.internal.WebUIKeywordMain.stepFailed(WebUIKeywordMain.groovy:64)
	at com.kms.katalon.core.webui.keyword.builtin.VerifyTextPresentKeyword$_verifyTextPresent_closure1.doCall(VerifyTextPresentKeyword.groovy:79)
	at com.kms.katalon.core.webui.keyword.builtin.VerifyTextPresentKeyword$_verifyTextPresent_closure1.call(VerifyTextPresentKeyword.groovy)
	at com.kms.katalon.core.webui.keyword.internal.WebUIKeywordMain.runKeyword(WebUIKeywordMain.groovy:20)
	... 19 more
)

2022-03-15 00:35:21 - [MESSAGE][FAILED] - Text 'Игрок недоступен для выбора' is not present on page  (Root cause: com.kms.katalon.core.exception.StepFailedException: Text 'Игрок недоступен для выбора' is not present on page 
	at com.kms.katalon.core.webui.keyword.internal.WebUIKeywordMain.stepFailed(WebUIKeywordMain.groovy:64)
	at com.kms.katalon.core.webui.keyword.builtin.VerifyTextPresentKeyword$_verifyTextPresent_closure1.doCall(VerifyTextPresentKeyword.groovy:79)
	at com.kms.katalon.core.webui.keyword.builtin.VerifyTextPresentKeyword$_verifyTextPresent_closure1.call(VerifyTextPresentKeyword.groovy)
	at com.kms.katalon.core.webui.keyword.internal.WebUIKeywordMain.runKeyword(WebUIKeywordMain.groovy:20)
	at com.kms.katalon.core.webui.keyword.builtin.VerifyTextPresentKeyword.verifyTextPresent(VerifyTextPresentKeyword.groovy:83)
	at com.kms.katalon.core.webui.keyword.builtin.VerifyTextPresentKeyword.execute(VerifyTextPresentKeyword.groovy:68)
	at com.kms.katalon.core.keyword.internal.KeywordExecutor.executeKeywordForPlatform(KeywordExecutor.groovy:74)
	at com.kms.katalon.core.webui.keyword.WebUiBuiltInKeywords.verifyTextPresent(WebUiBuiltInKeywords.groovy:1723)
	at com.kms.katalon.core.webui.keyword.WebUiBuiltInKeywords$verifyTextPresent$5.call(Unknown Source)
	at Составы.run(Составы:66)
	at com.kms.katalon.core.main.ScriptEngine.run(ScriptEngine.java:194)
	at com.kms.katalon.core.main.ScriptEngine.runScriptAsRawText(ScriptEngine.java:119)
	at com.kms.katalon.core.main.TestCaseExecutor.runScript(TestCaseExecutor.java:442)
	at com.kms.katalon.core.main.TestCaseExecutor.doExecute(TestCaseExecutor.java:433)
	at com.kms.katalon.core.main.TestCaseExecutor.processExecutionPhase(TestCaseExecutor.java:412)
	at com.kms.katalon.core.main.TestCaseExecutor.accessMainPhase(TestCaseExecutor.java:404)
	at com.kms.katalon.core.main.TestCaseExecutor.execute(TestCaseExecutor.java:281)
	at com.kms.katalon.core.main.TestSuiteExecutor.accessTestCaseMainPhase(TestSuiteExecutor.java:202)
	at com.kms.katalon.core.main.TestSuiteExecutor.accessTestSuiteMainPhase(TestSuiteExecutor.java:164)
	at com.kms.katalon.core.main.TestSuiteExecutor.execute(TestSuiteExecutor.java:105)
	at com.kms.katalon.core.main.TestCaseMain.startTestSuite(TestCaseMain.java:185)
	at com.kms.katalon.core.main.TestCaseMain$startTestSuite$0.call(Unknown Source)
	at TempTestSuite1647293528100.run(TempTestSuite1647293528100.groovy:36)
)

2022-03-15 00:35:21 - [MESSAGE][FAILED] - Unable to verify text 'Игрок недоступен для выбора' is present  (Root cause: com.kms.katalon.core.exception.StepFailedException: Unable to verify text 'Игрок недоступен для выбора' is present 
	at com.kms.katalon.core.webui.keyword.internal.WebUIKeywordMain.stepFailed(WebUIKeywordMain.groovy:64)
	at com.kms.katalon.core.webui.keyword.internal.WebUIKeywordMain.runKeyword(WebUIKeywordMain.groovy:26)
	at com.kms.katalon.core.webui.keyword.builtin.VerifyTextPresentKeyword.verifyTextPresent(VerifyTextPresentKeyword.groovy:83)
	at com.kms.katalon.core.webui.keyword.builtin.VerifyTextPresentKeyword.execute(VerifyTextPresentKeyword.groovy:68)
	at com.kms.katalon.core.keyword.internal.KeywordExecutor.executeKeywordForPlatform(KeywordExecutor.groovy:74)
	at com.kms.katalon.core.webui.keyword.WebUiBuiltInKeywords.verifyTextPresent(WebUiBuiltInKeywords.groovy:1723)
	at com.kms.katalon.core.webui.keyword.WebUiBuiltInKeywords$verifyTextPresent$5.call(Unknown Source)
	at Составы.run(Составы:66)
	at com.kms.katalon.core.main.ScriptEngine.run(ScriptEngine.java:194)
	at com.kms.katalon.core.main.ScriptEngine.runScriptAsRawText(ScriptEngine.java:119)
	at com.kms.katalon.core.main.TestCaseExecutor.runScript(TestCaseExecutor.java:442)
	at com.kms.katalon.core.main.TestCaseExecutor.doExecute(TestCaseExecutor.java:433)
	at com.kms.katalon.core.main.TestCaseExecutor.processExecutionPhase(TestCaseExecutor.java:412)
	at com.kms.katalon.core.main.TestCaseExecutor.accessMainPhase(TestCaseExecutor.java:404)
	at com.kms.katalon.core.main.TestCaseExecutor.execute(TestCaseExecutor.java:281)
	at com.kms.katalon.core.main.TestSuiteExecutor.accessTestCaseMainPhase(TestSuiteExecutor.java:202)
	at com.kms.katalon.core.main.TestSuiteExecutor.accessTestSuiteMainPhase(TestSuiteExecutor.java:164)
	at com.kms.katalon.core.main.TestSuiteExecutor.execute(TestSuiteExecutor.java:105)
	at com.kms.katalon.core.main.TestCaseMain.startTestSuite(TestCaseMain.java:185)
	at com.kms.katalon.core.main.TestCaseMain$startTestSuite$0.call(Unknown Source)
	at TempTestSuite1647293528100.run(TempTestSuite1647293528100.groovy:36)
Caused by: com.kms.katalon.core.exception.StepFailedException: Text 'Игрок недоступен для выбора' is not present on page 
	at com.kms.katalon.core.webui.keyword.internal.WebUIKeywordMain.stepFailed(WebUIKeywordMain.groovy:64)
	at com.kms.katalon.core.webui.keyword.builtin.VerifyTextPresentKeyword$_verifyTextPresent_closure1.doCall(VerifyTextPresentKeyword.groovy:79)
	at com.kms.katalon.core.webui.keyword.builtin.VerifyTextPresentKeyword$_verifyTextPresent_closure1.call(VerifyTextPresentKeyword.groovy)
	at com.kms.katalon.core.webui.keyword.internal.WebUIKeywordMain.runKeyword(WebUIKeywordMain.groovy:20)
	... 19 more
)
[[ATTACHMENT|C:\\Users\\LENOVO\\Katalon Studio\\Avangard\\Reports\\20220315_003159\\\u0422\u0440\u0435\u043D\u0435\u0440\\20220315_003208\\1647293721396.png]]]]></system-out>
         <system-err><![CDATA[2022-03-15 00:33:00 - [TEST_CASE][FAILED] - Test Cases/Тренер/Составы: Test Cases/Тренер/Составы FAILED.
Reason:
com.kms.katalon.core.exception.StepFailedException: Unable to verify text 'Игрок недоступен для выбора' is present 
	at com.kms.katalon.core.webui.keyword.internal.WebUIKeywordMain.stepFailed(WebUIKeywordMain.groovy:64)
	at com.kms.katalon.core.webui.keyword.internal.WebUIKeywordMain.runKeyword(WebUIKeywordMain.groovy:26)
	at com.kms.katalon.core.webui.keyword.builtin.VerifyTextPresentKeyword.verifyTextPresent(VerifyTextPresentKeyword.groovy:83)
	at com.kms.katalon.core.webui.keyword.builtin.VerifyTextPresentKeyword.execute(VerifyTextPresentKeyword.groovy:68)
	at com.kms.katalon.core.keyword.internal.KeywordExecutor.executeKeywordForPlatform(KeywordExecutor.groovy:74)
	at com.kms.katalon.core.webui.keyword.WebUiBuiltInKeywords.verifyTextPresent(WebUiBuiltInKeywords.groovy:1723)
	at com.kms.katalon.core.webui.keyword.WebUiBuiltInKeywords$verifyTextPresent$5.call(Unknown Source)
	at Составы.run(Составы:66)
	at com.kms.katalon.core.main.ScriptEngine.run(ScriptEngine.java:194)
	at com.kms.katalon.core.main.ScriptEngine.runScriptAsRawText(ScriptEngine.java:119)
	at com.kms.katalon.core.main.TestCaseExecutor.runScript(TestCaseExecutor.java:442)
	at com.kms.katalon.core.main.TestCaseExecutor.doExecute(TestCaseExecutor.java:433)
	at com.kms.katalon.core.main.TestCaseExecutor.processExecutionPhase(TestCaseExecutor.java:412)
	at com.kms.katalon.core.main.TestCaseExecutor.accessMainPhase(TestCaseExecutor.java:404)
	at com.kms.katalon.core.main.TestCaseExecutor.execute(TestCaseExecutor.java:281)
	at com.kms.katalon.core.main.TestSuiteExecutor.accessTestCaseMainPhase(TestSuiteExecutor.java:202)
	at com.kms.katalon.core.main.TestSuiteExecutor.accessTestSuiteMainPhase(TestSuiteExecutor.java:164)
	at com.kms.katalon.core.main.TestSuiteExecutor.execute(TestSuiteExecutor.java:105)
	at com.kms.katalon.core.main.TestCaseMain.startTestSuite(TestCaseMain.java:185)
	at com.kms.katalon.core.main.TestCaseMain$startTestSuite$0.call(Unknown Source)
	at TempTestSuite1647293528100.run(TempTestSuite1647293528100.groovy:36)
Caused by: com.kms.katalon.core.exception.StepFailedException: Text 'Игрок недоступен для выбора' is not present on page 
	at com.kms.katalon.core.webui.keyword.internal.WebUIKeywordMain.stepFailed(WebUIKeywordMain.groovy:64)
	at com.kms.katalon.core.webui.keyword.builtin.VerifyTextPresentKeyword$_verifyTextPresent_closure1.doCall(VerifyTextPresentKeyword.groovy:79)
	at com.kms.katalon.core.webui.keyword.builtin.VerifyTextPresentKeyword$_verifyTextPresent_closure1.call(VerifyTextPresentKeyword.groovy)
	at com.kms.katalon.core.webui.keyword.internal.WebUIKeywordMain.runKeyword(WebUIKeywordMain.groovy:20)
	... 19 more]]></system-err>
      </testcase>
      <testcase name="Test Cases/Тренер/Профиль Тренера" time="31.763" classname="Test Cases/Тренер/Профиль Тренера" status="PASSED">
         <system-out><![CDATA[2022-03-15 00:35:22 - [TEST_CASE][PASSED] - Test Cases/Тренер/Профиль Тренера: Test Cases/Тренер/Профиль Тренера

2022-03-15 00:35:23 - [TEST_STEP][PASSED] - callTestCase(findTestCase("Тренер/Авторизация"), [:], STOP_ON_FAILURE): Call Test Case 'Test Cases/Тренер/Авторизация' successfully

2022-03-15 00:35:23 - [TEST_CASE][PASSED] - Test Cases/Тренер/Авторизация: Test Cases/Тренер/Авторизация

2022-03-15 00:35:23 - [TEST_STEP][PASSED] - openBrowser(""): Browser is opened with url: ''

2022-03-15 00:35:23 - [MESSAGE][WARNING] - A browser is already opened. Closing browser and opening a new one

2022-03-15 00:35:24 - [MESSAGE][INFO] - Starting 'Chrome' driver

2022-03-15 00:35:24 - [MESSAGE][INFO] - Action delay is set to 100 milliseconds

2022-03-15 00:35:25 - [MESSAGE][PASSED] - Browser is opened with url: ''

2022-03-15 00:35:25 - [TEST_STEP][PASSED] - maximizeWindow(): Current window maximized

2022-03-15 00:35:25 - [MESSAGE][PASSED] - Current window maximized

2022-03-15 00:35:25 - [TEST_STEP][PASSED] - navigateToUrl(url): Navigate to 'https://stars-stage.hawk.ru:8080' successfully

2022-03-15 00:35:41 - [MESSAGE][PASSED] - Navigate to 'https://stars-stage.hawk.ru:8080' successfully

2022-03-15 00:35:41 - [TEST_STEP][PASSED] - setText(findTestObject("Object Repository/manager/Page_/input__sc-lnrBVv eqPACj"), coach_login): Text 'ageev.da@hc-avangard.com' is set on object 'Object Repository/manager/Page_/input__sc-lnrBVv eqPACj'

2022-03-15 00:35:42 - [MESSAGE][PASSED] - Text 'ageev.da@hc-avangard.com' is set on object 'Object Repository/manager/Page_/input__sc-lnrBVv eqPACj'

2022-03-15 00:35:42 - [TEST_STEP][PASSED] - setText(findTestObject("Object Repository/manager/Page_/input__sc-lnrBVv eqPACj_1"), coach_password): Text 'zz4waxq6' is set on object 'Object Repository/manager/Page_/input__sc-lnrBVv eqPACj_1'

2022-03-15 00:35:43 - [MESSAGE][PASSED] - Text 'zz4waxq6' is set on object 'Object Repository/manager/Page_/input__sc-lnrBVv eqPACj_1'

2022-03-15 00:35:43 - [TEST_STEP][PASSED] - click(findTestObject("manager/Page_/go")): Object: 'Object Repository/manager/Page_/go' is clicked on

2022-03-15 00:35:44 - [MESSAGE][PASSED] - Object: 'Object Repository/manager/Page_/go' is clicked on

2022-03-15 00:35:44 - [MESSAGE][PASSED] - Call Test Case 'Test Cases/Тренер/Авторизация' successfully

2022-03-15 00:35:44 - [TEST_STEP][PASSED] - click(findTestObject("Object Repository/ТРЕНЕР/reports/IMT/Page_/Page_/div_ (1)")): Object: 'Object Repository/ТРЕНЕР/reports/IMT/Page_/Page_/div_ (1)' is clicked on

2022-03-15 00:35:50 - [MESSAGE][PASSED] - Object: 'Object Repository/ТРЕНЕР/reports/IMT/Page_/Page_/div_ (1)' is clicked on

2022-03-15 00:35:50 - [TEST_STEP][PASSED] - click(findTestObject("Object Repository/ТРЕНЕР/reports/IMT/Page_/Page_/save")): Object: 'Object Repository/ТРЕНЕР/reports/IMT/Page_/Page_/save' is clicked on

2022-03-15 00:35:51 - [MESSAGE][PASSED] - Object: 'Object Repository/ТРЕНЕР/reports/IMT/Page_/Page_/save' is clicked on

2022-03-15 00:35:51 - [TEST_STEP][PASSED] - verifyTextPresent("Пользователь сохранен", false): Text 'Пользователь сохранен' is present on page 

2022-03-15 00:35:53 - [MESSAGE][PASSED] - Text 'Пользователь сохранен' is present on page 

2022-03-15 00:35:53 - [TEST_STEP][PASSED] - click(findTestObject("Object Repository/ТРЕНЕР/reports/IMT/Page_/Page_/root")): Object: 'Object Repository/ТРЕНЕР/reports/IMT/Page_/Page_/root' is clicked on

2022-03-15 00:35:54 - [MESSAGE][PASSED] - Object: 'Object Repository/ТРЕНЕР/reports/IMT/Page_/Page_/root' is clicked on

2022-03-15 00:35:54 - [TEST_STEP][PASSED] - closeBrowser(): Browser is closed

2022-03-15 00:35:54 - [MESSAGE][PASSED] - Browser is closed]]></system-out>
         <system-err><![CDATA[]]></system-err>
      </testcase>
      <testcase name="Test Cases/Тренер/Статистика" time="23.975" classname="Test Cases/Тренер/Статистика" status="PASSED">
         <system-out><![CDATA[2022-03-15 00:35:54 - [TEST_CASE][PASSED] - Test Cases/Тренер/Статистика: Test Cases/Тренер/Статистика

2022-03-15 00:35:55 - [TEST_STEP][PASSED] - callTestCase(findTestCase("Тренер/Авторизация"), [:], STOP_ON_FAILURE): Call Test Case 'Test Cases/Тренер/Авторизация' successfully

2022-03-15 00:35:55 - [TEST_CASE][PASSED] - Test Cases/Тренер/Авторизация: Test Cases/Тренер/Авторизация

2022-03-15 00:35:55 - [TEST_STEP][PASSED] - openBrowser(""): Browser is opened with url: ''

2022-03-15 00:35:55 - [MESSAGE][INFO] - Starting 'Chrome' driver

2022-03-15 00:35:55 - [MESSAGE][INFO] - Action delay is set to 100 milliseconds

2022-03-15 00:35:56 - [MESSAGE][PASSED] - Browser is opened with url: ''

2022-03-15 00:35:56 - [TEST_STEP][PASSED] - maximizeWindow(): Current window maximized

2022-03-15 00:35:56 - [MESSAGE][PASSED] - Current window maximized

2022-03-15 00:35:56 - [TEST_STEP][PASSED] - navigateToUrl(url): Navigate to 'https://stars-stage.hawk.ru:8080' successfully

2022-03-15 00:36:06 - [MESSAGE][PASSED] - Navigate to 'https://stars-stage.hawk.ru:8080' successfully

2022-03-15 00:36:06 - [TEST_STEP][PASSED] - setText(findTestObject("Object Repository/manager/Page_/input__sc-lnrBVv eqPACj"), coach_login): Text 'ageev.da@hc-avangard.com' is set on object 'Object Repository/manager/Page_/input__sc-lnrBVv eqPACj'

2022-03-15 00:36:07 - [MESSAGE][PASSED] - Text 'ageev.da@hc-avangard.com' is set on object 'Object Repository/manager/Page_/input__sc-lnrBVv eqPACj'

2022-03-15 00:36:07 - [TEST_STEP][PASSED] - setText(findTestObject("Object Repository/manager/Page_/input__sc-lnrBVv eqPACj_1"), coach_password): Text 'zz4waxq6' is set on object 'Object Repository/manager/Page_/input__sc-lnrBVv eqPACj_1'

2022-03-15 00:36:09 - [MESSAGE][PASSED] - Text 'zz4waxq6' is set on object 'Object Repository/manager/Page_/input__sc-lnrBVv eqPACj_1'

2022-03-15 00:36:09 - [TEST_STEP][PASSED] - click(findTestObject("manager/Page_/go")): Object: 'Object Repository/manager/Page_/go' is clicked on

2022-03-15 00:36:09 - [MESSAGE][PASSED] - Object: 'Object Repository/manager/Page_/go' is clicked on

2022-03-15 00:36:09 - [MESSAGE][PASSED] - Call Test Case 'Test Cases/Тренер/Авторизация' successfully

2022-03-15 00:36:09 - [TEST_STEP][PASSED] - click(findTestObject("Object Repository/Avangard New/Object (Тренер)/Case (Статистика)/report")): Object: 'Object Repository/Avangard New/Object (Тренер)/Case (Статистика)/report' is clicked on

2022-03-15 00:36:13 - [MESSAGE][PASSED] - Object: 'Object Repository/Avangard New/Object (Тренер)/Case (Статистика)/report' is clicked on

2022-03-15 00:36:13 - [TEST_STEP][PASSED] - click(findTestObject("Object Repository/Avangard New/Object (Тренер)/Case (Статистика)/statsreport")): Object: 'Object Repository/Avangard New/Object (Тренер)/Case (Статистика)/statsreport' is clicked on

2022-03-15 00:36:14 - [MESSAGE][PASSED] - Object: 'Object Repository/Avangard New/Object (Тренер)/Case (Статистика)/statsreport' is clicked on

2022-03-15 00:36:14 - [TEST_STEP][PASSED] - click(findTestObject("Object Repository/Avangard New/Object (Тренер)/Case (Статистика)/team")): Object: 'Object Repository/Avangard New/Object (Тренер)/Case (Статистика)/team' is clicked on

2022-03-15 00:36:15 - [MESSAGE][PASSED] - Object: 'Object Repository/Avangard New/Object (Тренер)/Case (Статистика)/team' is clicked on

2022-03-15 00:36:15 - [TEST_STEP][PASSED] - click(findTestObject("Object Repository/Avangard New/Object (Тренер)/Case (Статистика)/oms")): Object: 'Object Repository/Avangard New/Object (Тренер)/Case (Статистика)/oms' is clicked on

2022-03-15 00:36:15 - [MESSAGE][PASSED] - Object: 'Object Repository/Avangard New/Object (Тренер)/Case (Статистика)/oms' is clicked on

2022-03-15 00:36:15 - [TEST_STEP][PASSED] - verifyElementText(findTestObject("Avangard New/Object (Тренер)/Case (Статистика)/rank"), "Ранг"): Actual text and expected text of test object 'Object Repository/Avangard New/Object (Тренер)/Case (Статистика)/rank' are matched.

2022-03-15 00:36:17 - [MESSAGE][PASSED] - Actual text and expected text of test object 'Object Repository/Avangard New/Object (Тренер)/Case (Статистика)/rank' are matched.

2022-03-15 00:36:17 - [TEST_STEP][PASSED] - verifyElementText(findTestObject("Avangard New/Object (Тренер)/Case (Статистика)/match"), "Матчи"): Actual text and expected text of test object 'Object Repository/Avangard New/Object (Тренер)/Case (Статистика)/match' are matched.

2022-03-15 00:36:17 - [MESSAGE][PASSED] - Actual text and expected text of test object 'Object Repository/Avangard New/Object (Тренер)/Case (Статистика)/match' are matched.

2022-03-15 00:36:17 - [TEST_STEP][PASSED] - verifyElementText(findTestObject("Avangard New/Object (Тренер)/Case (Статистика)/game time"), "Игр. время"): Actual text and expected text of test object 'Object Repository/Avangard New/Object (Тренер)/Case (Статистика)/game time' are matched.

2022-03-15 00:36:17 - [MESSAGE][PASSED] - Actual text and expected text of test object 'Object Repository/Avangard New/Object (Тренер)/Case (Статистика)/game time' are matched.

2022-03-15 00:36:17 - [TEST_STEP][PASSED] - closeBrowser(): Browser is closed

2022-03-15 00:36:18 - [MESSAGE][PASSED] - Browser is closed]]></system-out>
         <system-err><![CDATA[]]></system-err>
      </testcase>
      <testcase name="Test Cases/Тренер/Оценка навыков" time="59.885" classname="Test Cases/Тренер/Оценка навыков" status="FAILED">
         <failure type="FAILED" message="Test Cases/Тренер/Оценка навыков FAILED.
Reason:
com.kms.katalon.core.exception.StepFailedException: Verify element text of test object 'Object Repository/Avangard New/Object (Тренер)/Case (Оценка навыков)/alert home add' FAILED.
	at com.kms.katalon.core.webui.keyword.internal.WebUIKeywordMain.stepFailed(WebUIKeywordMain.groovy:64)
	at com.kms.katalon.core.webui.keyword.internal.WebUIKeywordMain.runKeyword(WebUIKeywordMain.groovy:26)
	at com.kms.katalon.core.webui.keyword.builtin.VerifyElementTextKeyword.verifyElementText(VerifyElementTextKeyword.groovy:72)
	at com.kms.katalon.core.webui.keyword.builtin.VerifyElementTextKeyword.execute(VerifyElementTextKeyword.groovy:40)
	at com.kms.katalon.core.keyword.internal.KeywordExecutor.executeKeywordForPlatform(KeywordExecutor.groovy:74)
	at com.kms.katalon.core.webui.keyword.WebUiBuiltInKeywords.verifyElementText(WebUiBuiltInKeywords.groovy:4749)
	at com.kms.katalon.core.webui.keyword.WebUiBuiltInKeywords$verifyElementText$7.call(Unknown Source)
	at Оценка навыков.run(Оценка навыков:34)
	at com.kms.katalon.core.main.ScriptEngine.run(ScriptEngine.java:194)
	at com.kms.katalon.core.main.ScriptEngine.runScriptAsRawText(ScriptEngine.java:119)
	at com.kms.katalon.core.main.TestCaseExecutor.runScript(TestCaseExecutor.java:442)
	at com.kms.katalon.core.main.TestCaseExecutor.doExecute(TestCaseExecutor.java:433)
	at com.kms.katalon.core.main.TestCaseExecutor.processExecutionPhase(TestCaseExecutor.java:412)
	at com.kms.katalon.core.main.TestCaseExecutor.accessMainPhase(TestCaseExecutor.java:404)
	at com.kms.katalon.core.main.TestCaseExecutor.execute(TestCaseExecutor.java:281)
	at com.kms.katalon.core.main.TestSuiteExecutor.accessTestCaseMainPhase(TestSuiteExecutor.java:202)
	at com.kms.katalon.core.main.TestSuiteExecutor.accessTestSuiteMainPhase(TestSuiteExecutor.java:164)
	at com.kms.katalon.core.main.TestSuiteExecutor.execute(TestSuiteExecutor.java:105)
	at com.kms.katalon.core.main.TestCaseMain.startTestSuite(TestCaseMain.java:185)
	at com.kms.katalon.core.main.TestCaseMain$startTestSuite$0.call(Unknown Source)
	at TempTestSuite1647293528100.run(TempTestSuite1647293528100.groovy:36)
Caused by: com.kms.katalon.core.exception.StepFailedException: com.kms.katalon.core.webui.exception.WebElementNotFoundException: Web element with id: 'Object Repository/Avangard New/Object (Тренер)/Case (Оценка навыков)/alert home add' located by '(.//*[normalize-space(text()) and normalize-space(.)='Ошибка при заполнении'])[1]/following::p[1]' not found
	at com.kms.katalon.core.webui.keyword.internal.WebUIKeywordMain.stepFailed(WebUIKeywordMain.groovy:64)
	at com.kms.katalon.core.webui.keyword.builtin.VerifyElementTextKeyword$_verifyElementText_closure1.doCall(VerifyElementTextKeyword.groovy:64)
	at com.kms.katalon.core.webui.keyword.builtin.VerifyElementTextKeyword$_verifyElementText_closure1.call(VerifyElementTextKeyword.groovy)
	at com.kms.katalon.core.webui.keyword.internal.WebUIKeywordMain.runKeyword(WebUIKeywordMain.groovy:20)
	... 19 more
"/>
         <system-out><![CDATA[2022-03-15 00:36:18 - [TEST_CASE][FAILED] - Test Cases/Тренер/Оценка навыков: Test Cases/Тренер/Оценка навыков FAILED.
Reason:
com.kms.katalon.core.exception.StepFailedException: Verify element text of test object 'Object Repository/Avangard New/Object (Тренер)/Case (Оценка навыков)/alert home add' FAILED.
	at com.kms.katalon.core.webui.keyword.internal.WebUIKeywordMain.stepFailed(WebUIKeywordMain.groovy:64)
	at com.kms.katalon.core.webui.keyword.internal.WebUIKeywordMain.runKeyword(WebUIKeywordMain.groovy:26)
	at com.kms.katalon.core.webui.keyword.builtin.VerifyElementTextKeyword.verifyElementText(VerifyElementTextKeyword.groovy:72)
	at com.kms.katalon.core.webui.keyword.builtin.VerifyElementTextKeyword.execute(VerifyElementTextKeyword.groovy:40)
	at com.kms.katalon.core.keyword.internal.KeywordExecutor.executeKeywordForPlatform(KeywordExecutor.groovy:74)
	at com.kms.katalon.core.webui.keyword.WebUiBuiltInKeywords.verifyElementText(WebUiBuiltInKeywords.groovy:4749)
	at com.kms.katalon.core.webui.keyword.WebUiBuiltInKeywords$verifyElementText$7.call(Unknown Source)
	at Оценка навыков.run(Оценка навыков:34)
	at com.kms.katalon.core.main.ScriptEngine.run(ScriptEngine.java:194)
	at com.kms.katalon.core.main.ScriptEngine.runScriptAsRawText(ScriptEngine.java:119)
	at com.kms.katalon.core.main.TestCaseExecutor.runScript(TestCaseExecutor.java:442)
	at com.kms.katalon.core.main.TestCaseExecutor.doExecute(TestCaseExecutor.java:433)
	at com.kms.katalon.core.main.TestCaseExecutor.processExecutionPhase(TestCaseExecutor.java:412)
	at com.kms.katalon.core.main.TestCaseExecutor.accessMainPhase(TestCaseExecutor.java:404)
	at com.kms.katalon.core.main.TestCaseExecutor.execute(TestCaseExecutor.java:281)
	at com.kms.katalon.core.main.TestSuiteExecutor.accessTestCaseMainPhase(TestSuiteExecutor.java:202)
	at com.kms.katalon.core.main.TestSuiteExecutor.accessTestSuiteMainPhase(TestSuiteExecutor.java:164)
	at com.kms.katalon.core.main.TestSuiteExecutor.execute(TestSuiteExecutor.java:105)
	at com.kms.katalon.core.main.TestCaseMain.startTestSuite(TestCaseMain.java:185)
	at com.kms.katalon.core.main.TestCaseMain$startTestSuite$0.call(Unknown Source)
	at TempTestSuite1647293528100.run(TempTestSuite1647293528100.groovy:36)
Caused by: com.kms.katalon.core.exception.StepFailedException: com.kms.katalon.core.webui.exception.WebElementNotFoundException: Web element with id: 'Object Repository/Avangard New/Object (Тренер)/Case (Оценка навыков)/alert home add' located by '(.//*[normalize-space(text()) and normalize-space(.)='Ошибка при заполнении'])[1]/following::p[1]' not found
	at com.kms.katalon.core.webui.keyword.internal.WebUIKeywordMain.stepFailed(WebUIKeywordMain.groovy:64)
	at com.kms.katalon.core.webui.keyword.builtin.VerifyElementTextKeyword$_verifyElementText_closure1.doCall(VerifyElementTextKeyword.groovy:64)
	at com.kms.katalon.core.webui.keyword.builtin.VerifyElementTextKeyword$_verifyElementText_closure1.call(VerifyElementTextKeyword.groovy)
	at com.kms.katalon.core.webui.keyword.internal.WebUIKeywordMain.runKeyword(WebUIKeywordMain.groovy:20)
	... 19 more


2022-03-15 00:36:19 - [TEST_STEP][PASSED] - callTestCase(findTestCase("Тренер/Авторизация"), [:], STOP_ON_FAILURE): Call Test Case 'Test Cases/Тренер/Авторизация' successfully

2022-03-15 00:36:19 - [TEST_CASE][PASSED] - Test Cases/Тренер/Авторизация: Test Cases/Тренер/Авторизация

2022-03-15 00:36:19 - [TEST_STEP][PASSED] - openBrowser(""): Browser is opened with url: ''

2022-03-15 00:36:19 - [MESSAGE][INFO] - Starting 'Chrome' driver

2022-03-15 00:36:19 - [MESSAGE][INFO] - Action delay is set to 100 milliseconds

2022-03-15 00:36:20 - [MESSAGE][PASSED] - Browser is opened with url: ''

2022-03-15 00:36:20 - [TEST_STEP][PASSED] - maximizeWindow(): Current window maximized

2022-03-15 00:36:21 - [MESSAGE][PASSED] - Current window maximized

2022-03-15 00:36:21 - [TEST_STEP][PASSED] - navigateToUrl(url): Navigate to 'https://stars-stage.hawk.ru:8080' successfully

2022-03-15 00:36:32 - [MESSAGE][PASSED] - Navigate to 'https://stars-stage.hawk.ru:8080' successfully

2022-03-15 00:36:32 - [TEST_STEP][PASSED] - setText(findTestObject("Object Repository/manager/Page_/input__sc-lnrBVv eqPACj"), coach_login): Text 'ageev.da@hc-avangard.com' is set on object 'Object Repository/manager/Page_/input__sc-lnrBVv eqPACj'

2022-03-15 00:36:33 - [MESSAGE][PASSED] - Text 'ageev.da@hc-avangard.com' is set on object 'Object Repository/manager/Page_/input__sc-lnrBVv eqPACj'

2022-03-15 00:36:33 - [TEST_STEP][PASSED] - setText(findTestObject("Object Repository/manager/Page_/input__sc-lnrBVv eqPACj_1"), coach_password): Text 'zz4waxq6' is set on object 'Object Repository/manager/Page_/input__sc-lnrBVv eqPACj_1'

2022-03-15 00:36:34 - [MESSAGE][PASSED] - Text 'zz4waxq6' is set on object 'Object Repository/manager/Page_/input__sc-lnrBVv eqPACj_1'

2022-03-15 00:36:34 - [TEST_STEP][PASSED] - click(findTestObject("manager/Page_/go")): Object: 'Object Repository/manager/Page_/go' is clicked on

2022-03-15 00:36:35 - [MESSAGE][PASSED] - Object: 'Object Repository/manager/Page_/go' is clicked on

2022-03-15 00:36:35 - [MESSAGE][PASSED] - Call Test Case 'Test Cases/Тренер/Авторизация' successfully

2022-03-15 00:36:35 - [TEST_STEP][PASSED] - click(findTestObject("Object Repository/Avangard New/Object (Тренер)/Case (Оценка навыков)/span_home")): Object: 'Object Repository/Avangard New/Object (Тренер)/Case (Оценка навыков)/span_home' is clicked on

2022-03-15 00:36:40 - [MESSAGE][PASSED] - Object: 'Object Repository/Avangard New/Object (Тренер)/Case (Оценка навыков)/span_home' is clicked on

2022-03-15 00:36:40 - [TEST_STEP][PASSED] - click(findTestObject("Object Repository/Avangard New/Object (Тренер)/Case (Оценка навыков)/edit home")): Object: 'Object Repository/Avangard New/Object (Тренер)/Case (Оценка навыков)/edit home' is clicked on

2022-03-15 00:36:41 - [MESSAGE][PASSED] - Object: 'Object Repository/Avangard New/Object (Тренер)/Case (Оценка навыков)/edit home' is clicked on

2022-03-15 00:36:41 - [TEST_STEP][PASSED] - scrollToElement(findTestObject("Avangard New/Object (Тренер)/Case (Оценка навыков)/button_save_home"), 0): Scroll to object 'Object Repository/Avangard New/Object (Тренер)/Case (Оценка навыков)/button_save_home' successfully

2022-03-15 00:36:41 - [MESSAGE][WARNING] - Timeout '0' is invalid. Using default page load timeout: '30'

2022-03-15 00:36:42 - [MESSAGE][PASSED] - Scroll to object 'Object Repository/Avangard New/Object (Тренер)/Case (Оценка навыков)/button_save_home' successfully

2022-03-15 00:36:42 - [TEST_STEP][PASSED] - click(findTestObject("Avangard New/Object (Тренер)/Case (Оценка навыков)/button_save_home")): Object: 'Object Repository/Avangard New/Object (Тренер)/Case (Оценка навыков)/button_save_home' is clicked on

2022-03-15 00:36:43 - [MESSAGE][PASSED] - Object: 'Object Repository/Avangard New/Object (Тренер)/Case (Оценка навыков)/button_save_home' is clicked on

2022-03-15 00:36:43 - [TEST_STEP][FAILED] - verifyElementText(findTestObject("Avangard New/Object (Тренер)/Case (Оценка навыков)/alert home add"), "Добавьте от 1 до 7 навыков для развития."): Verify element text of test object 'Object Repository/Avangard New/Object (Тренер)/Case (Оценка навыков)/alert home add' FAILED. (Root cause: com.kms.katalon.core.exception.StepFailedException: Verify element text of test object 'Object Repository/Avangard New/Object (Тренер)/Case (Оценка навыков)/alert home add' FAILED.
	at com.kms.katalon.core.webui.keyword.internal.WebUIKeywordMain.stepFailed(WebUIKeywordMain.groovy:64)
	at com.kms.katalon.core.webui.keyword.internal.WebUIKeywordMain.runKeyword(WebUIKeywordMain.groovy:26)
	at com.kms.katalon.core.webui.keyword.builtin.VerifyElementTextKeyword.verifyElementText(VerifyElementTextKeyword.groovy:72)
	at com.kms.katalon.core.webui.keyword.builtin.VerifyElementTextKeyword.execute(VerifyElementTextKeyword.groovy:40)
	at com.kms.katalon.core.keyword.internal.KeywordExecutor.executeKeywordForPlatform(KeywordExecutor.groovy:74)
	at com.kms.katalon.core.webui.keyword.WebUiBuiltInKeywords.verifyElementText(WebUiBuiltInKeywords.groovy:4749)
	at com.kms.katalon.core.webui.keyword.WebUiBuiltInKeywords$verifyElementText$7.call(Unknown Source)
	at Оценка навыков.run(Оценка навыков:34)
	at com.kms.katalon.core.main.ScriptEngine.run(ScriptEngine.java:194)
	at com.kms.katalon.core.main.ScriptEngine.runScriptAsRawText(ScriptEngine.java:119)
	at com.kms.katalon.core.main.TestCaseExecutor.runScript(TestCaseExecutor.java:442)
	at com.kms.katalon.core.main.TestCaseExecutor.doExecute(TestCaseExecutor.java:433)
	at com.kms.katalon.core.main.TestCaseExecutor.processExecutionPhase(TestCaseExecutor.java:412)
	at com.kms.katalon.core.main.TestCaseExecutor.accessMainPhase(TestCaseExecutor.java:404)
	at com.kms.katalon.core.main.TestCaseExecutor.execute(TestCaseExecutor.java:281)
	at com.kms.katalon.core.main.TestSuiteExecutor.accessTestCaseMainPhase(TestSuiteExecutor.java:202)
	at com.kms.katalon.core.main.TestSuiteExecutor.accessTestSuiteMainPhase(TestSuiteExecutor.java:164)
	at com.kms.katalon.core.main.TestSuiteExecutor.execute(TestSuiteExecutor.java:105)
	at com.kms.katalon.core.main.TestCaseMain.startTestSuite(TestCaseMain.java:185)
	at com.kms.katalon.core.main.TestCaseMain$startTestSuite$0.call(Unknown Source)
	at TempTestSuite1647293528100.run(TempTestSuite1647293528100.groovy:36)
Caused by: com.kms.katalon.core.exception.StepFailedException: com.kms.katalon.core.webui.exception.WebElementNotFoundException: Web element with id: 'Object Repository/Avangard New/Object (Тренер)/Case (Оценка навыков)/alert home add' located by '(.//*[normalize-space(text()) and normalize-space(.)='Ошибка при заполнении'])[1]/following::p[1]' not found
	at com.kms.katalon.core.webui.keyword.internal.WebUIKeywordMain.stepFailed(WebUIKeywordMain.groovy:64)
	at com.kms.katalon.core.webui.keyword.builtin.VerifyElementTextKeyword$_verifyElementText_closure1.doCall(VerifyElementTextKeyword.groovy:64)
	at com.kms.katalon.core.webui.keyword.builtin.VerifyElementTextKeyword$_verifyElementText_closure1.call(VerifyElementTextKeyword.groovy)
	at com.kms.katalon.core.webui.keyword.internal.WebUIKeywordMain.runKeyword(WebUIKeywordMain.groovy:20)
	... 19 more
)

2022-03-15 00:37:14 - [MESSAGE][INFO] - Unable to find the element located by 'By.xpath: (.//*[normalize-space(text()) and normalize-space(.)='Ошибка при заполнении'])[1]/following::p[1]'. Please recheck the objects properties to make sure the desired element is located. 

2022-03-15 00:37:14 - [MESSAGE][WARNING] - [SELF-HEALING] Failed to find element with id 'Object Repository/Avangard New/Object (Тренер)/Case (Оценка навыков)/alert home add'. Try using Self-healing.

2022-03-15 00:37:14 - [MESSAGE][INFO] - [SELF-HEALING] Failed Locator: '(.//*[normalize-space(text()) and normalize-space(.)='Ошибка при заполнении'])[1]/following::p[1]'.

2022-03-15 00:37:15 - [MESSAGE][INFO] - [SELF-HEALING] Failed Locator: '(.//*[normalize-space(text()) and normalize-space(.)='Нет'])[1]/following::p[1]'.

2022-03-15 00:37:15 - [MESSAGE][INFO] - [SELF-HEALING] Failed Locator: '//*/text()[normalize-space(.)='Добавьте от 1 до 7 навыков для развития.']/parent::*'.

2022-03-15 00:37:15 - [MESSAGE][INFO] - [SELF-HEALING] Failed Locator: '//div[4]/div/div/div/div/div/div/p'.

2022-03-15 00:37:15 - [MESSAGE][INFO] - [SELF-HEALING] Failed Locator: '//p[(text() = 'Добавьте от 1 до 7 навыков для развития.' or . = 'Добавьте от 1 до 7 навыков для развития.')]'.

2022-03-15 00:37:17 - [MESSAGE][INFO] - Unable to find the element located by 'By.xpath: //*[(text() = 'Добавьте от 1 до 7 навыков для развития.' or . = 'Добавьте от 1 до 7 навыков для развития.')]'. Please recheck the objects properties to make sure the desired element is located. 

2022-03-15 00:37:18 - [MESSAGE][INFO] - Unable to find the element located by 'By.cssSelector: p.ReactComponentNotification__NotificationText-sc-1wfzr6b-3.JWcOG'. Please recheck the objects properties to make sure the desired element is located. 

2022-03-15 00:37:18 - [MESSAGE][FAILED] - com.kms.katalon.core.webui.exception.WebElementNotFoundException: Web element with id: 'Object Repository/Avangard New/Object (Тренер)/Case (Оценка навыков)/alert home add' located by '(.//*[normalize-space(text()) and normalize-space(.)='Ошибка при заполнении'])[1]/following::p[1]' not found (Root cause: com.kms.katalon.core.exception.StepFailedException: com.kms.katalon.core.webui.exception.WebElementNotFoundException: Web element with id: 'Object Repository/Avangard New/Object (Тренер)/Case (Оценка навыков)/alert home add' located by '(.//*[normalize-space(text()) and normalize-space(.)='Ошибка при заполнении'])[1]/following::p[1]' not found
	at com.kms.katalon.core.webui.keyword.internal.WebUIKeywordMain.stepFailed(WebUIKeywordMain.groovy:64)
	at com.kms.katalon.core.webui.keyword.builtin.VerifyElementTextKeyword$_verifyElementText_closure1.doCall(VerifyElementTextKeyword.groovy:64)
	at com.kms.katalon.core.webui.keyword.builtin.VerifyElementTextKeyword$_verifyElementText_closure1.call(VerifyElementTextKeyword.groovy)
	at com.kms.katalon.core.webui.keyword.internal.WebUIKeywordMain.runKeyword(WebUIKeywordMain.groovy:20)
	at com.kms.katalon.core.webui.keyword.builtin.VerifyElementTextKeyword.verifyElementText(VerifyElementTextKeyword.groovy:72)
	at com.kms.katalon.core.webui.keyword.builtin.VerifyElementTextKeyword.execute(VerifyElementTextKeyword.groovy:40)
	at com.kms.katalon.core.keyword.internal.KeywordExecutor.executeKeywordForPlatform(KeywordExecutor.groovy:74)
	at com.kms.katalon.core.webui.keyword.WebUiBuiltInKeywords.verifyElementText(WebUiBuiltInKeywords.groovy:4749)
	at com.kms.katalon.core.webui.keyword.WebUiBuiltInKeywords$verifyElementText$7.call(Unknown Source)
	at Оценка навыков.run(Оценка навыков:34)
	at com.kms.katalon.core.main.ScriptEngine.run(ScriptEngine.java:194)
	at com.kms.katalon.core.main.ScriptEngine.runScriptAsRawText(ScriptEngine.java:119)
	at com.kms.katalon.core.main.TestCaseExecutor.runScript(TestCaseExecutor.java:442)
	at com.kms.katalon.core.main.TestCaseExecutor.doExecute(TestCaseExecutor.java:433)
	at com.kms.katalon.core.main.TestCaseExecutor.processExecutionPhase(TestCaseExecutor.java:412)
	at com.kms.katalon.core.main.TestCaseExecutor.accessMainPhase(TestCaseExecutor.java:404)
	at com.kms.katalon.core.main.TestCaseExecutor.execute(TestCaseExecutor.java:281)
	at com.kms.katalon.core.main.TestSuiteExecutor.accessTestCaseMainPhase(TestSuiteExecutor.java:202)
	at com.kms.katalon.core.main.TestSuiteExecutor.accessTestSuiteMainPhase(TestSuiteExecutor.java:164)
	at com.kms.katalon.core.main.TestSuiteExecutor.execute(TestSuiteExecutor.java:105)
	at com.kms.katalon.core.main.TestCaseMain.startTestSuite(TestCaseMain.java:185)
	at com.kms.katalon.core.main.TestCaseMain$startTestSuite$0.call(Unknown Source)
	at TempTestSuite1647293528100.run(TempTestSuite1647293528100.groovy:36)
)
[[ATTACHMENT|C:\\Users\\LENOVO\\Katalon Studio\\Avangard\\Reports\\20220315_003159\\\u0422\u0440\u0435\u043D\u0435\u0440\\20220315_003208\\1647293838082.png]]

2022-03-15 00:37:18 - [MESSAGE][FAILED] - Verify element text of test object 'Object Repository/Avangard New/Object (Тренер)/Case (Оценка навыков)/alert home add' FAILED. (Root cause: com.kms.katalon.core.exception.StepFailedException: Verify element text of test object 'Object Repository/Avangard New/Object (Тренер)/Case (Оценка навыков)/alert home add' FAILED.
	at com.kms.katalon.core.webui.keyword.internal.WebUIKeywordMain.stepFailed(WebUIKeywordMain.groovy:64)
	at com.kms.katalon.core.webui.keyword.internal.WebUIKeywordMain.runKeyword(WebUIKeywordMain.groovy:26)
	at com.kms.katalon.core.webui.keyword.builtin.VerifyElementTextKeyword.verifyElementText(VerifyElementTextKeyword.groovy:72)
	at com.kms.katalon.core.webui.keyword.builtin.VerifyElementTextKeyword.execute(VerifyElementTextKeyword.groovy:40)
	at com.kms.katalon.core.keyword.internal.KeywordExecutor.executeKeywordForPlatform(KeywordExecutor.groovy:74)
	at com.kms.katalon.core.webui.keyword.WebUiBuiltInKeywords.verifyElementText(WebUiBuiltInKeywords.groovy:4749)
	at com.kms.katalon.core.webui.keyword.WebUiBuiltInKeywords$verifyElementText$7.call(Unknown Source)
	at Оценка навыков.run(Оценка навыков:34)
	at com.kms.katalon.core.main.ScriptEngine.run(ScriptEngine.java:194)
	at com.kms.katalon.core.main.ScriptEngine.runScriptAsRawText(ScriptEngine.java:119)
	at com.kms.katalon.core.main.TestCaseExecutor.runScript(TestCaseExecutor.java:442)
	at com.kms.katalon.core.main.TestCaseExecutor.doExecute(TestCaseExecutor.java:433)
	at com.kms.katalon.core.main.TestCaseExecutor.processExecutionPhase(TestCaseExecutor.java:412)
	at com.kms.katalon.core.main.TestCaseExecutor.accessMainPhase(TestCaseExecutor.java:404)
	at com.kms.katalon.core.main.TestCaseExecutor.execute(TestCaseExecutor.java:281)
	at com.kms.katalon.core.main.TestSuiteExecutor.accessTestCaseMainPhase(TestSuiteExecutor.java:202)
	at com.kms.katalon.core.main.TestSuiteExecutor.accessTestSuiteMainPhase(TestSuiteExecutor.java:164)
	at com.kms.katalon.core.main.TestSuiteExecutor.execute(TestSuiteExecutor.java:105)
	at com.kms.katalon.core.main.TestCaseMain.startTestSuite(TestCaseMain.java:185)
	at com.kms.katalon.core.main.TestCaseMain$startTestSuite$0.call(Unknown Source)
	at TempTestSuite1647293528100.run(TempTestSuite1647293528100.groovy:36)
Caused by: com.kms.katalon.core.exception.StepFailedException: com.kms.katalon.core.webui.exception.WebElementNotFoundException: Web element with id: 'Object Repository/Avangard New/Object (Тренер)/Case (Оценка навыков)/alert home add' located by '(.//*[normalize-space(text()) and normalize-space(.)='Ошибка при заполнении'])[1]/following::p[1]' not found
	at com.kms.katalon.core.webui.keyword.internal.WebUIKeywordMain.stepFailed(WebUIKeywordMain.groovy:64)
	at com.kms.katalon.core.webui.keyword.builtin.VerifyElementTextKeyword$_verifyElementText_closure1.doCall(VerifyElementTextKeyword.groovy:64)
	at com.kms.katalon.core.webui.keyword.builtin.VerifyElementTextKeyword$_verifyElementText_closure1.call(VerifyElementTextKeyword.groovy)
	at com.kms.katalon.core.webui.keyword.internal.WebUIKeywordMain.runKeyword(WebUIKeywordMain.groovy:20)
	... 19 more
)
[[ATTACHMENT|C:\\Users\\LENOVO\\Katalon Studio\\Avangard\\Reports\\20220315_003159\\\u0422\u0440\u0435\u043D\u0435\u0440\\20220315_003208\\1647293838266.png]]]]></system-out>
         <system-err><![CDATA[2022-03-15 00:36:18 - [TEST_CASE][FAILED] - Test Cases/Тренер/Оценка навыков: Test Cases/Тренер/Оценка навыков FAILED.
Reason:
com.kms.katalon.core.exception.StepFailedException: Verify element text of test object 'Object Repository/Avangard New/Object (Тренер)/Case (Оценка навыков)/alert home add' FAILED.
	at com.kms.katalon.core.webui.keyword.internal.WebUIKeywordMain.stepFailed(WebUIKeywordMain.groovy:64)
	at com.kms.katalon.core.webui.keyword.internal.WebUIKeywordMain.runKeyword(WebUIKeywordMain.groovy:26)
	at com.kms.katalon.core.webui.keyword.builtin.VerifyElementTextKeyword.verifyElementText(VerifyElementTextKeyword.groovy:72)
	at com.kms.katalon.core.webui.keyword.builtin.VerifyElementTextKeyword.execute(VerifyElementTextKeyword.groovy:40)
	at com.kms.katalon.core.keyword.internal.KeywordExecutor.executeKeywordForPlatform(KeywordExecutor.groovy:74)
	at com.kms.katalon.core.webui.keyword.WebUiBuiltInKeywords.verifyElementText(WebUiBuiltInKeywords.groovy:4749)
	at com.kms.katalon.core.webui.keyword.WebUiBuiltInKeywords$verifyElementText$7.call(Unknown Source)
	at Оценка навыков.run(Оценка навыков:34)
	at com.kms.katalon.core.main.ScriptEngine.run(ScriptEngine.java:194)
	at com.kms.katalon.core.main.ScriptEngine.runScriptAsRawText(ScriptEngine.java:119)
	at com.kms.katalon.core.main.TestCaseExecutor.runScript(TestCaseExecutor.java:442)
	at com.kms.katalon.core.main.TestCaseExecutor.doExecute(TestCaseExecutor.java:433)
	at com.kms.katalon.core.main.TestCaseExecutor.processExecutionPhase(TestCaseExecutor.java:412)
	at com.kms.katalon.core.main.TestCaseExecutor.accessMainPhase(TestCaseExecutor.java:404)
	at com.kms.katalon.core.main.TestCaseExecutor.execute(TestCaseExecutor.java:281)
	at com.kms.katalon.core.main.TestSuiteExecutor.accessTestCaseMainPhase(TestSuiteExecutor.java:202)
	at com.kms.katalon.core.main.TestSuiteExecutor.accessTestSuiteMainPhase(TestSuiteExecutor.java:164)
	at com.kms.katalon.core.main.TestSuiteExecutor.execute(TestSuiteExecutor.java:105)
	at com.kms.katalon.core.main.TestCaseMain.startTestSuite(TestCaseMain.java:185)
	at com.kms.katalon.core.main.TestCaseMain$startTestSuite$0.call(Unknown Source)
	at TempTestSuite1647293528100.run(TempTestSuite1647293528100.groovy:36)
Caused by: com.kms.katalon.core.exception.StepFailedException: com.kms.katalon.core.webui.exception.WebElementNotFoundException: Web element with id: 'Object Repository/Avangard New/Object (Тренер)/Case (Оценка навыков)/alert home add' located by '(.//*[normalize-space(text()) and normalize-space(.)='Ошибка при заполнении'])[1]/following::p[1]' not found
	at com.kms.katalon.core.webui.keyword.internal.WebUIKeywordMain.stepFailed(WebUIKeywordMain.groovy:64)
	at com.kms.katalon.core.webui.keyword.builtin.VerifyElementTextKeyword$_verifyElementText_closure1.doCall(VerifyElementTextKeyword.groovy:64)
	at com.kms.katalon.core.webui.keyword.builtin.VerifyElementTextKeyword$_verifyElementText_closure1.call(VerifyElementTextKeyword.groovy)
	at com.kms.katalon.core.webui.keyword.internal.WebUIKeywordMain.runKeyword(WebUIKeywordMain.groovy:20)
	... 19 more]]></system-err>
      </testcase>
      <testcase name="Test Cases/Тренер/Оценка по играм" time="103.501" classname="Test Cases/Тренер/Оценка по играм" status="FAILED">
         <failure type="FAILED" message="Test Cases/Тренер/Оценка по играм FAILED.
Reason:
com.kms.katalon.core.exception.StepFailedException: Unable to verify object 'Object Repository/Avangard New/Object (Тренер)/Case (Оценка по играм)/edit 4' to be clickable
	at com.kms.katalon.core.webui.keyword.internal.WebUIKeywordMain.stepFailed(WebUIKeywordMain.groovy:64)
	at com.kms.katalon.core.webui.keyword.internal.WebUIKeywordMain.runKeyword(WebUIKeywordMain.groovy:26)
	at com.kms.katalon.core.webui.keyword.builtin.VerifyElementClickableKeyword.verifyElementClickable(VerifyElementClickableKeyword.groovy:96)
	at com.kms.katalon.core.webui.keyword.builtin.VerifyElementClickableKeyword.execute(VerifyElementClickableKeyword.groovy:67)
	at com.kms.katalon.core.keyword.internal.KeywordExecutor.executeKeywordForPlatform(KeywordExecutor.groovy:74)
	at com.kms.katalon.core.webui.keyword.WebUiBuiltInKeywords.verifyElementClickable(WebUiBuiltInKeywords.groovy:566)
	at com.kms.katalon.core.webui.keyword.WebUiBuiltInKeywords$verifyElementClickable$8.call(Unknown Source)
	at Оценка по играм.run(Оценка по играм:29)
	at com.kms.katalon.core.main.ScriptEngine.run(ScriptEngine.java:194)
	at com.kms.katalon.core.main.ScriptEngine.runScriptAsRawText(ScriptEngine.java:119)
	at com.kms.katalon.core.main.TestCaseExecutor.runScript(TestCaseExecutor.java:442)
	at com.kms.katalon.core.main.TestCaseExecutor.doExecute(TestCaseExecutor.java:433)
	at com.kms.katalon.core.main.TestCaseExecutor.processExecutionPhase(TestCaseExecutor.java:412)
	at com.kms.katalon.core.main.TestCaseExecutor.accessMainPhase(TestCaseExecutor.java:404)
	at com.kms.katalon.core.main.TestCaseExecutor.execute(TestCaseExecutor.java:281)
	at com.kms.katalon.core.main.TestSuiteExecutor.accessTestCaseMainPhase(TestSuiteExecutor.java:202)
	at com.kms.katalon.core.main.TestSuiteExecutor.accessTestSuiteMainPhase(TestSuiteExecutor.java:164)
	at com.kms.katalon.core.main.TestSuiteExecutor.execute(TestSuiteExecutor.java:105)
	at com.kms.katalon.core.main.TestCaseMain.startTestSuite(TestCaseMain.java:185)
	at com.kms.katalon.core.main.TestCaseMain$startTestSuite$0.call(Unknown Source)
	at TempTestSuite1647293528100.run(TempTestSuite1647293528100.groovy:36)
Caused by: com.kms.katalon.core.exception.StepFailedException: Web element with id: 'Object Repository/Avangard New/Object (Тренер)/Case (Оценка по играм)/edit 4' located by '//div[@id='root']/div/div/div[2]/form/div[2]/div/div/div/table/tbody/tr[3]/td[2]/div/div[5]/label/span' not found
	at com.kms.katalon.core.webui.keyword.internal.WebUIKeywordMain.stepFailed(WebUIKeywordMain.groovy:64)
	at com.kms.katalon.core.webui.keyword.builtin.VerifyElementClickableKeyword$_verifyElementClickable_closure1.doCall(VerifyElementClickableKeyword.groovy:88)
	at com.kms.katalon.core.webui.keyword.builtin.VerifyElementClickableKeyword$_verifyElementClickable_closure1.call(VerifyElementClickableKeyword.groovy)
	at com.kms.katalon.core.webui.keyword.internal.WebUIKeywordMain.runKeyword(WebUIKeywordMain.groovy:20)
	... 19 more
"/>
         <system-out><![CDATA[2022-03-15 00:37:18 - [TEST_CASE][FAILED] - Test Cases/Тренер/Оценка по играм: Test Cases/Тренер/Оценка по играм FAILED.
Reason:
com.kms.katalon.core.exception.StepFailedException: Unable to verify object 'Object Repository/Avangard New/Object (Тренер)/Case (Оценка по играм)/edit 4' to be clickable
	at com.kms.katalon.core.webui.keyword.internal.WebUIKeywordMain.stepFailed(WebUIKeywordMain.groovy:64)
	at com.kms.katalon.core.webui.keyword.internal.WebUIKeywordMain.runKeyword(WebUIKeywordMain.groovy:26)
	at com.kms.katalon.core.webui.keyword.builtin.VerifyElementClickableKeyword.verifyElementClickable(VerifyElementClickableKeyword.groovy:96)
	at com.kms.katalon.core.webui.keyword.builtin.VerifyElementClickableKeyword.execute(VerifyElementClickableKeyword.groovy:67)
	at com.kms.katalon.core.keyword.internal.KeywordExecutor.executeKeywordForPlatform(KeywordExecutor.groovy:74)
	at com.kms.katalon.core.webui.keyword.WebUiBuiltInKeywords.verifyElementClickable(WebUiBuiltInKeywords.groovy:566)
	at com.kms.katalon.core.webui.keyword.WebUiBuiltInKeywords$verifyElementClickable$8.call(Unknown Source)
	at Оценка по играм.run(Оценка по играм:29)
	at com.kms.katalon.core.main.ScriptEngine.run(ScriptEngine.java:194)
	at com.kms.katalon.core.main.ScriptEngine.runScriptAsRawText(ScriptEngine.java:119)
	at com.kms.katalon.core.main.TestCaseExecutor.runScript(TestCaseExecutor.java:442)
	at com.kms.katalon.core.main.TestCaseExecutor.doExecute(TestCaseExecutor.java:433)
	at com.kms.katalon.core.main.TestCaseExecutor.processExecutionPhase(TestCaseExecutor.java:412)
	at com.kms.katalon.core.main.TestCaseExecutor.accessMainPhase(TestCaseExecutor.java:404)
	at com.kms.katalon.core.main.TestCaseExecutor.execute(TestCaseExecutor.java:281)
	at com.kms.katalon.core.main.TestSuiteExecutor.accessTestCaseMainPhase(TestSuiteExecutor.java:202)
	at com.kms.katalon.core.main.TestSuiteExecutor.accessTestSuiteMainPhase(TestSuiteExecutor.java:164)
	at com.kms.katalon.core.main.TestSuiteExecutor.execute(TestSuiteExecutor.java:105)
	at com.kms.katalon.core.main.TestCaseMain.startTestSuite(TestCaseMain.java:185)
	at com.kms.katalon.core.main.TestCaseMain$startTestSuite$0.call(Unknown Source)
	at TempTestSuite1647293528100.run(TempTestSuite1647293528100.groovy:36)
Caused by: com.kms.katalon.core.exception.StepFailedException: Web element with id: 'Object Repository/Avangard New/Object (Тренер)/Case (Оценка по играм)/edit 4' located by '//div[@id='root']/div/div/div[2]/form/div[2]/div/div/div/table/tbody/tr[3]/td[2]/div/div[5]/label/span' not found
	at com.kms.katalon.core.webui.keyword.internal.WebUIKeywordMain.stepFailed(WebUIKeywordMain.groovy:64)
	at com.kms.katalon.core.webui.keyword.builtin.VerifyElementClickableKeyword$_verifyElementClickable_closure1.doCall(VerifyElementClickableKeyword.groovy:88)
	at com.kms.katalon.core.webui.keyword.builtin.VerifyElementClickableKeyword$_verifyElementClickable_closure1.call(VerifyElementClickableKeyword.groovy)
	at com.kms.katalon.core.webui.keyword.internal.WebUIKeywordMain.runKeyword(WebUIKeywordMain.groovy:20)
	... 19 more


2022-03-15 00:37:19 - [TEST_STEP][PASSED] - callTestCase(findTestCase("Тренер/Авторизация"), [:], STOP_ON_FAILURE): Call Test Case 'Test Cases/Тренер/Авторизация' successfully

2022-03-15 00:37:19 - [TEST_CASE][PASSED] - Test Cases/Тренер/Авторизация: Test Cases/Тренер/Авторизация

2022-03-15 00:37:19 - [TEST_STEP][PASSED] - openBrowser(""): Browser is opened with url: ''

2022-03-15 00:37:19 - [MESSAGE][WARNING] - A browser is already opened. Closing browser and opening a new one

2022-03-15 00:37:19 - [MESSAGE][INFO] - Starting 'Chrome' driver

2022-03-15 00:37:19 - [MESSAGE][INFO] - Action delay is set to 100 milliseconds

2022-03-15 00:37:21 - [MESSAGE][PASSED] - Browser is opened with url: ''

2022-03-15 00:37:21 - [TEST_STEP][PASSED] - maximizeWindow(): Current window maximized

2022-03-15 00:37:21 - [MESSAGE][PASSED] - Current window maximized

2022-03-15 00:37:21 - [TEST_STEP][PASSED] - navigateToUrl(url): Navigate to 'https://stars-stage.hawk.ru:8080' successfully

2022-03-15 00:37:36 - [MESSAGE][PASSED] - Navigate to 'https://stars-stage.hawk.ru:8080' successfully

2022-03-15 00:37:36 - [TEST_STEP][PASSED] - setText(findTestObject("Object Repository/manager/Page_/input__sc-lnrBVv eqPACj"), coach_login): Text 'ageev.da@hc-avangard.com' is set on object 'Object Repository/manager/Page_/input__sc-lnrBVv eqPACj'

2022-03-15 00:37:37 - [MESSAGE][PASSED] - Text 'ageev.da@hc-avangard.com' is set on object 'Object Repository/manager/Page_/input__sc-lnrBVv eqPACj'

2022-03-15 00:37:37 - [TEST_STEP][PASSED] - setText(findTestObject("Object Repository/manager/Page_/input__sc-lnrBVv eqPACj_1"), coach_password): Text 'zz4waxq6' is set on object 'Object Repository/manager/Page_/input__sc-lnrBVv eqPACj_1'

2022-03-15 00:37:38 - [MESSAGE][PASSED] - Text 'zz4waxq6' is set on object 'Object Repository/manager/Page_/input__sc-lnrBVv eqPACj_1'

2022-03-15 00:37:38 - [TEST_STEP][PASSED] - click(findTestObject("manager/Page_/go")): Object: 'Object Repository/manager/Page_/go' is clicked on

2022-03-15 00:37:39 - [MESSAGE][PASSED] - Object: 'Object Repository/manager/Page_/go' is clicked on

2022-03-15 00:37:39 - [MESSAGE][PASSED] - Call Test Case 'Test Cases/Тренер/Авторизация' successfully

2022-03-15 00:37:39 - [TEST_STEP][PASSED] - click(findTestObject("Avangard New/Object (Тренер)/Case (Оценка по играм)/grade for game")): Object: 'Object Repository/Avangard New/Object (Тренер)/Case (Оценка по играм)/grade for game' is clicked on

2022-03-15 00:37:54 - [MESSAGE][PASSED] - Object: 'Object Repository/Avangard New/Object (Тренер)/Case (Оценка по играм)/grade for game' is clicked on

2022-03-15 00:37:54 - [TEST_STEP][PASSED] - click(findTestObject("Avangard New/Object (Тренер)/Case (Оценка по играм)/edit")): Object: 'Object Repository/Avangard New/Object (Тренер)/Case (Оценка по играм)/edit' is clicked on

2022-03-15 00:38:25 - [MESSAGE][INFO] - Unable to find the element located by 'By.xpath: //a[contains(text(),'Редактировать')]'. Please recheck the objects properties to make sure the desired element is located. 

2022-03-15 00:38:25 - [MESSAGE][WARNING] - [SELF-HEALING] Failed to find element with id 'Object Repository/Avangard New/Object (Тренер)/Case (Оценка по играм)/edit'. Try using Self-healing.

2022-03-15 00:38:26 - [MESSAGE][INFO] - [SELF-HEALING] Working Locator: '//table[@id='SchoolGameEstimationTable']/tbody/tr[7]/td[5]/a'.

2022-03-15 00:38:26 - [MESSAGE][INFO] - [SELF-HEALING] Screenshot: C:/Users/LENOVO/Katalon Studio/Avangard/Reports/Self-healing/Object Repository/Avangard New/Object (Тренер)/Case (Оценка по играм)/edit_idRelative.png

2022-03-15 00:38:26 - [MESSAGE][WARNING] - [SELF-HEALING] The current locator of test object 'Object Repository/Avangard New/Object (Тренер)/Case (Оценка по играм)/edit' was broken. Propose an alternative one: '//table[@id='SchoolGameEstimationTable']/tbody/tr[7]/td[5]/a'.

2022-03-15 00:38:26 - [MESSAGE][PASSED] - Object: 'Object Repository/Avangard New/Object (Тренер)/Case (Оценка по играм)/edit' is clicked on

2022-03-15 00:38:26 - [TEST_STEP][FAILED] - verifyElementClickable(findTestObject("Avangard New/Object (Тренер)/Case (Оценка по играм)/edit 4")): Unable to verify object 'Object Repository/Avangard New/Object (Тренер)/Case (Оценка по играм)/edit 4' to be clickable (Root cause: com.kms.katalon.core.exception.StepFailedException: Unable to verify object 'Object Repository/Avangard New/Object (Тренер)/Case (Оценка по играм)/edit 4' to be clickable
	at com.kms.katalon.core.webui.keyword.internal.WebUIKeywordMain.stepFailed(WebUIKeywordMain.groovy:64)
	at com.kms.katalon.core.webui.keyword.internal.WebUIKeywordMain.runKeyword(WebUIKeywordMain.groovy:26)
	at com.kms.katalon.core.webui.keyword.builtin.VerifyElementClickableKeyword.verifyElementClickable(VerifyElementClickableKeyword.groovy:96)
	at com.kms.katalon.core.webui.keyword.builtin.VerifyElementClickableKeyword.execute(VerifyElementClickableKeyword.groovy:67)
	at com.kms.katalon.core.keyword.internal.KeywordExecutor.executeKeywordForPlatform(KeywordExecutor.groovy:74)
	at com.kms.katalon.core.webui.keyword.WebUiBuiltInKeywords.verifyElementClickable(WebUiBuiltInKeywords.groovy:566)
	at com.kms.katalon.core.webui.keyword.WebUiBuiltInKeywords$verifyElementClickable$8.call(Unknown Source)
	at Оценка по играм.run(Оценка по играм:29)
	at com.kms.katalon.core.main.ScriptEngine.run(ScriptEngine.java:194)
	at com.kms.katalon.core.main.ScriptEngine.runScriptAsRawText(ScriptEngine.java:119)
	at com.kms.katalon.core.main.TestCaseExecutor.runScript(TestCaseExecutor.java:442)
	at com.kms.katalon.core.main.TestCaseExecutor.doExecute(TestCaseExecutor.java:433)
	at com.kms.katalon.core.main.TestCaseExecutor.processExecutionPhase(TestCaseExecutor.java:412)
	at com.kms.katalon.core.main.TestCaseExecutor.accessMainPhase(TestCaseExecutor.java:404)
	at com.kms.katalon.core.main.TestCaseExecutor.execute(TestCaseExecutor.java:281)
	at com.kms.katalon.core.main.TestSuiteExecutor.accessTestCaseMainPhase(TestSuiteExecutor.java:202)
	at com.kms.katalon.core.main.TestSuiteExecutor.accessTestSuiteMainPhase(TestSuiteExecutor.java:164)
	at com.kms.katalon.core.main.TestSuiteExecutor.execute(TestSuiteExecutor.java:105)
	at com.kms.katalon.core.main.TestCaseMain.startTestSuite(TestCaseMain.java:185)
	at com.kms.katalon.core.main.TestCaseMain$startTestSuite$0.call(Unknown Source)
	at TempTestSuite1647293528100.run(TempTestSuite1647293528100.groovy:36)
Caused by: com.kms.katalon.core.exception.StepFailedException: Web element with id: 'Object Repository/Avangard New/Object (Тренер)/Case (Оценка по играм)/edit 4' located by '//div[@id='root']/div/div/div[2]/form/div[2]/div/div/div/table/tbody/tr[3]/td[2]/div/div[5]/label/span' not found
	at com.kms.katalon.core.webui.keyword.internal.WebUIKeywordMain.stepFailed(WebUIKeywordMain.groovy:64)
	at com.kms.katalon.core.webui.keyword.builtin.VerifyElementClickableKeyword$_verifyElementClickable_closure1.doCall(VerifyElementClickableKeyword.groovy:88)
	at com.kms.katalon.core.webui.keyword.builtin.VerifyElementClickableKeyword$_verifyElementClickable_closure1.call(VerifyElementClickableKeyword.groovy)
	at com.kms.katalon.core.webui.keyword.internal.WebUIKeywordMain.runKeyword(WebUIKeywordMain.groovy:20)
	... 19 more
)

2022-03-15 00:38:57 - [MESSAGE][INFO] - Unable to find the element located by 'By.xpath: //div[@id='root']/div/div/div[2]/form/div[2]/div/div/div/table/tbody/tr[3]/td[2]/div/div[5]/label/span'. Please recheck the objects properties to make sure the desired element is located. 

2022-03-15 00:38:57 - [MESSAGE][WARNING] - [SELF-HEALING] Failed to find element with id 'Object Repository/Avangard New/Object (Тренер)/Case (Оценка по играм)/edit 4'. Try using Self-healing.

2022-03-15 00:38:57 - [MESSAGE][INFO] - [SELF-HEALING] Failed Locator: '//div[@id='root']/div/div/div[2]/form/div[2]/div/div/div/table/tbody/tr[3]/td[2]/div/div[5]/label/span'.

2022-03-15 00:38:58 - [MESSAGE][INFO] - [SELF-HEALING] Failed Locator: '(.//*[normalize-space(text()) and normalize-space(.)='Без оценки'])[1]/following::span[12]'.

2022-03-15 00:38:58 - [MESSAGE][INFO] - [SELF-HEALING] Failed Locator: '(.//*[normalize-space(text()) and normalize-space(.)='Никита Подлягин'])[1]/preceding::span[38]'.

2022-03-15 00:38:58 - [MESSAGE][INFO] - [SELF-HEALING] Failed Locator: '(.//*[normalize-space(text()) and normalize-space(.)='Без оценки'])[2]/preceding::span[38]'.

2022-03-15 00:38:59 - [MESSAGE][INFO] - [SELF-HEALING] Failed Locator: '//*/text()[normalize-space(.)='5']/parent::*'.

2022-03-15 00:38:59 - [MESSAGE][INFO] - [SELF-HEALING] Failed Locator: '//div[5]/label/span'.

2022-03-15 00:38:59 - [MESSAGE][INFO] - [SELF-HEALING] Failed Locator: '//span[(text() = '5' or . = '5')]'.

2022-03-15 00:39:00 - [MESSAGE][INFO] - Unable to find the element located by 'By.xpath: //*[(text() = '5' or . = '5')]'. Please recheck the objects properties to make sure the desired element is located. 

2022-03-15 00:39:01 - [MESSAGE][INFO] - Unable to find the element located by 'By.cssSelector: '. Please recheck the objects properties to make sure the desired element is located. 

2022-03-15 00:39:01 - [MESSAGE][FAILED] - Web element with id: 'Object Repository/Avangard New/Object (Тренер)/Case (Оценка по играм)/edit 4' located by '//div[@id='root']/div/div/div[2]/form/div[2]/div/div/div/table/tbody/tr[3]/td[2]/div/div[5]/label/span' not found (Root cause: com.kms.katalon.core.exception.StepFailedException: Web element with id: 'Object Repository/Avangard New/Object (Тренер)/Case (Оценка по играм)/edit 4' located by '//div[@id='root']/div/div/div[2]/form/div[2]/div/div/div/table/tbody/tr[3]/td[2]/div/div[5]/label/span' not found
	at com.kms.katalon.core.webui.keyword.internal.WebUIKeywordMain.stepFailed(WebUIKeywordMain.groovy:64)
	at com.kms.katalon.core.webui.keyword.builtin.VerifyElementClickableKeyword$_verifyElementClickable_closure1.doCall(VerifyElementClickableKeyword.groovy:88)
	at com.kms.katalon.core.webui.keyword.builtin.VerifyElementClickableKeyword$_verifyElementClickable_closure1.call(VerifyElementClickableKeyword.groovy)
	at com.kms.katalon.core.webui.keyword.internal.WebUIKeywordMain.runKeyword(WebUIKeywordMain.groovy:20)
	at com.kms.katalon.core.webui.keyword.builtin.VerifyElementClickableKeyword.verifyElementClickable(VerifyElementClickableKeyword.groovy:96)
	at com.kms.katalon.core.webui.keyword.builtin.VerifyElementClickableKeyword.execute(VerifyElementClickableKeyword.groovy:67)
	at com.kms.katalon.core.keyword.internal.KeywordExecutor.executeKeywordForPlatform(KeywordExecutor.groovy:74)
	at com.kms.katalon.core.webui.keyword.WebUiBuiltInKeywords.verifyElementClickable(WebUiBuiltInKeywords.groovy:566)
	at com.kms.katalon.core.webui.keyword.WebUiBuiltInKeywords$verifyElementClickable$8.call(Unknown Source)
	at Оценка по играм.run(Оценка по играм:29)
	at com.kms.katalon.core.main.ScriptEngine.run(ScriptEngine.java:194)
	at com.kms.katalon.core.main.ScriptEngine.runScriptAsRawText(ScriptEngine.java:119)
	at com.kms.katalon.core.main.TestCaseExecutor.runScript(TestCaseExecutor.java:442)
	at com.kms.katalon.core.main.TestCaseExecutor.doExecute(TestCaseExecutor.java:433)
	at com.kms.katalon.core.main.TestCaseExecutor.processExecutionPhase(TestCaseExecutor.java:412)
	at com.kms.katalon.core.main.TestCaseExecutor.accessMainPhase(TestCaseExecutor.java:404)
	at com.kms.katalon.core.main.TestCaseExecutor.execute(TestCaseExecutor.java:281)
	at com.kms.katalon.core.main.TestSuiteExecutor.accessTestCaseMainPhase(TestSuiteExecutor.java:202)
	at com.kms.katalon.core.main.TestSuiteExecutor.accessTestSuiteMainPhase(TestSuiteExecutor.java:164)
	at com.kms.katalon.core.main.TestSuiteExecutor.execute(TestSuiteExecutor.java:105)
	at com.kms.katalon.core.main.TestCaseMain.startTestSuite(TestCaseMain.java:185)
	at com.kms.katalon.core.main.TestCaseMain$startTestSuite$0.call(Unknown Source)
	at TempTestSuite1647293528100.run(TempTestSuite1647293528100.groovy:36)
)
[[ATTACHMENT|C:\\Users\\LENOVO\\Katalon Studio\\Avangard\\Reports\\20220315_003159\\\u0422\u0440\u0435\u043D\u0435\u0440\\20220315_003208\\1647293941684.png]]

2022-03-15 00:39:02 - [MESSAGE][FAILED] - Unable to verify object 'Object Repository/Avangard New/Object (Тренер)/Case (Оценка по играм)/edit 4' to be clickable (Root cause: com.kms.katalon.core.exception.StepFailedException: Unable to verify object 'Object Repository/Avangard New/Object (Тренер)/Case (Оценка по играм)/edit 4' to be clickable
	at com.kms.katalon.core.webui.keyword.internal.WebUIKeywordMain.stepFailed(WebUIKeywordMain.groovy:64)
	at com.kms.katalon.core.webui.keyword.internal.WebUIKeywordMain.runKeyword(WebUIKeywordMain.groovy:26)
	at com.kms.katalon.core.webui.keyword.builtin.VerifyElementClickableKeyword.verifyElementClickable(VerifyElementClickableKeyword.groovy:96)
	at com.kms.katalon.core.webui.keyword.builtin.VerifyElementClickableKeyword.execute(VerifyElementClickableKeyword.groovy:67)
	at com.kms.katalon.core.keyword.internal.KeywordExecutor.executeKeywordForPlatform(KeywordExecutor.groovy:74)
	at com.kms.katalon.core.webui.keyword.WebUiBuiltInKeywords.verifyElementClickable(WebUiBuiltInKeywords.groovy:566)
	at com.kms.katalon.core.webui.keyword.WebUiBuiltInKeywords$verifyElementClickable$8.call(Unknown Source)
	at Оценка по играм.run(Оценка по играм:29)
	at com.kms.katalon.core.main.ScriptEngine.run(ScriptEngine.java:194)
	at com.kms.katalon.core.main.ScriptEngine.runScriptAsRawText(ScriptEngine.java:119)
	at com.kms.katalon.core.main.TestCaseExecutor.runScript(TestCaseExecutor.java:442)
	at com.kms.katalon.core.main.TestCaseExecutor.doExecute(TestCaseExecutor.java:433)
	at com.kms.katalon.core.main.TestCaseExecutor.processExecutionPhase(TestCaseExecutor.java:412)
	at com.kms.katalon.core.main.TestCaseExecutor.accessMainPhase(TestCaseExecutor.java:404)
	at com.kms.katalon.core.main.TestCaseExecutor.execute(TestCaseExecutor.java:281)
	at com.kms.katalon.core.main.TestSuiteExecutor.accessTestCaseMainPhase(TestSuiteExecutor.java:202)
	at com.kms.katalon.core.main.TestSuiteExecutor.accessTestSuiteMainPhase(TestSuiteExecutor.java:164)
	at com.kms.katalon.core.main.TestSuiteExecutor.execute(TestSuiteExecutor.java:105)
	at com.kms.katalon.core.main.TestCaseMain.startTestSuite(TestCaseMain.java:185)
	at com.kms.katalon.core.main.TestCaseMain$startTestSuite$0.call(Unknown Source)
	at TempTestSuite1647293528100.run(TempTestSuite1647293528100.groovy:36)
Caused by: com.kms.katalon.core.exception.StepFailedException: Web element with id: 'Object Repository/Avangard New/Object (Тренер)/Case (Оценка по играм)/edit 4' located by '//div[@id='root']/div/div/div[2]/form/div[2]/div/div/div/table/tbody/tr[3]/td[2]/div/div[5]/label/span' not found
	at com.kms.katalon.core.webui.keyword.internal.WebUIKeywordMain.stepFailed(WebUIKeywordMain.groovy:64)
	at com.kms.katalon.core.webui.keyword.builtin.VerifyElementClickableKeyword$_verifyElementClickable_closure1.doCall(VerifyElementClickableKeyword.groovy:88)
	at com.kms.katalon.core.webui.keyword.builtin.VerifyElementClickableKeyword$_verifyElementClickable_closure1.call(VerifyElementClickableKeyword.groovy)
	at com.kms.katalon.core.webui.keyword.internal.WebUIKeywordMain.runKeyword(WebUIKeywordMain.groovy:20)
	... 19 more
)
[[ATTACHMENT|C:\\Users\\LENOVO\\Katalon Studio\\Avangard\\Reports\\20220315_003159\\\u0422\u0440\u0435\u043D\u0435\u0440\\20220315_003208\\1647293941912.png]]]]></system-out>
         <system-err><![CDATA[2022-03-15 00:37:18 - [TEST_CASE][FAILED] - Test Cases/Тренер/Оценка по играм: Test Cases/Тренер/Оценка по играм FAILED.
Reason:
com.kms.katalon.core.exception.StepFailedException: Unable to verify object 'Object Repository/Avangard New/Object (Тренер)/Case (Оценка по играм)/edit 4' to be clickable
	at com.kms.katalon.core.webui.keyword.internal.WebUIKeywordMain.stepFailed(WebUIKeywordMain.groovy:64)
	at com.kms.katalon.core.webui.keyword.internal.WebUIKeywordMain.runKeyword(WebUIKeywordMain.groovy:26)
	at com.kms.katalon.core.webui.keyword.builtin.VerifyElementClickableKeyword.verifyElementClickable(VerifyElementClickableKeyword.groovy:96)
	at com.kms.katalon.core.webui.keyword.builtin.VerifyElementClickableKeyword.execute(VerifyElementClickableKeyword.groovy:67)
	at com.kms.katalon.core.keyword.internal.KeywordExecutor.executeKeywordForPlatform(KeywordExecutor.groovy:74)
	at com.kms.katalon.core.webui.keyword.WebUiBuiltInKeywords.verifyElementClickable(WebUiBuiltInKeywords.groovy:566)
	at com.kms.katalon.core.webui.keyword.WebUiBuiltInKeywords$verifyElementClickable$8.call(Unknown Source)
	at Оценка по играм.run(Оценка по играм:29)
	at com.kms.katalon.core.main.ScriptEngine.run(ScriptEngine.java:194)
	at com.kms.katalon.core.main.ScriptEngine.runScriptAsRawText(ScriptEngine.java:119)
	at com.kms.katalon.core.main.TestCaseExecutor.runScript(TestCaseExecutor.java:442)
	at com.kms.katalon.core.main.TestCaseExecutor.doExecute(TestCaseExecutor.java:433)
	at com.kms.katalon.core.main.TestCaseExecutor.processExecutionPhase(TestCaseExecutor.java:412)
	at com.kms.katalon.core.main.TestCaseExecutor.accessMainPhase(TestCaseExecutor.java:404)
	at com.kms.katalon.core.main.TestCaseExecutor.execute(TestCaseExecutor.java:281)
	at com.kms.katalon.core.main.TestSuiteExecutor.accessTestCaseMainPhase(TestSuiteExecutor.java:202)
	at com.kms.katalon.core.main.TestSuiteExecutor.accessTestSuiteMainPhase(TestSuiteExecutor.java:164)
	at com.kms.katalon.core.main.TestSuiteExecutor.execute(TestSuiteExecutor.java:105)
	at com.kms.katalon.core.main.TestCaseMain.startTestSuite(TestCaseMain.java:185)
	at com.kms.katalon.core.main.TestCaseMain$startTestSuite$0.call(Unknown Source)
	at TempTestSuite1647293528100.run(TempTestSuite1647293528100.groovy:36)
Caused by: com.kms.katalon.core.exception.StepFailedException: Web element with id: 'Object Repository/Avangard New/Object (Тренер)/Case (Оценка по играм)/edit 4' located by '//div[@id='root']/div/div/div[2]/form/div[2]/div/div/div/table/tbody/tr[3]/td[2]/div/div[5]/label/span' not found
	at com.kms.katalon.core.webui.keyword.internal.WebUIKeywordMain.stepFailed(WebUIKeywordMain.groovy:64)
	at com.kms.katalon.core.webui.keyword.builtin.VerifyElementClickableKeyword$_verifyElementClickable_closure1.doCall(VerifyElementClickableKeyword.groovy:88)
	at com.kms.katalon.core.webui.keyword.builtin.VerifyElementClickableKeyword$_verifyElementClickable_closure1.call(VerifyElementClickableKeyword.groovy)
	at com.kms.katalon.core.webui.keyword.internal.WebUIKeywordMain.runKeyword(WebUIKeywordMain.groovy:20)
	... 19 more]]></system-err>
      </testcase>
      <testcase name="Test Cases/Тренер/Рекомендации по ОФП" time="58.393" classname="Test Cases/Тренер/Рекомендации по ОФП" status="FAILED">
         <failure type="FAILED" message="Test Cases/Тренер/Рекомендации по ОФП FAILED.
Reason:
com.kms.katalon.core.exception.StepFailedException: Unable to scroll to object 'Object Repository/AA/gazizov'
	at com.kms.katalon.core.webui.keyword.internal.WebUIKeywordMain.stepFailed(WebUIKeywordMain.groovy:64)
	at com.kms.katalon.core.webui.keyword.internal.WebUIKeywordMain.runKeyword(WebUIKeywordMain.groovy:26)
	at com.kms.katalon.core.webui.keyword.builtin.ScrollToElementKeyword.scrollToElement(ScrollToElementKeyword.groovy:88)
	at com.kms.katalon.core.webui.keyword.builtin.ScrollToElementKeyword.execute(ScrollToElementKeyword.groovy:68)
	at com.kms.katalon.core.keyword.internal.KeywordExecutor.executeKeywordForPlatform(KeywordExecutor.groovy:74)
	at com.kms.katalon.core.webui.keyword.WebUiBuiltInKeywords.scrollToElement(WebUiBuiltInKeywords.groovy:4061)
	at com.kms.katalon.core.webui.keyword.WebUiBuiltInKeywords$scrollToElement$4.call(Unknown Source)
	at Рекомендации по ОФП.run(Рекомендации по ОФП:32)
	at com.kms.katalon.core.main.ScriptEngine.run(ScriptEngine.java:194)
	at com.kms.katalon.core.main.ScriptEngine.runScriptAsRawText(ScriptEngine.java:119)
	at com.kms.katalon.core.main.TestCaseExecutor.runScript(TestCaseExecutor.java:442)
	at com.kms.katalon.core.main.TestCaseExecutor.doExecute(TestCaseExecutor.java:433)
	at com.kms.katalon.core.main.TestCaseExecutor.processExecutionPhase(TestCaseExecutor.java:412)
	at com.kms.katalon.core.main.TestCaseExecutor.accessMainPhase(TestCaseExecutor.java:404)
	at com.kms.katalon.core.main.TestCaseExecutor.execute(TestCaseExecutor.java:281)
	at com.kms.katalon.core.main.TestSuiteExecutor.accessTestCaseMainPhase(TestSuiteExecutor.java:202)
	at com.kms.katalon.core.main.TestSuiteExecutor.accessTestSuiteMainPhase(TestSuiteExecutor.java:164)
	at com.kms.katalon.core.main.TestSuiteExecutor.execute(TestSuiteExecutor.java:105)
	at com.kms.katalon.core.main.TestCaseMain.startTestSuite(TestCaseMain.java:185)
	at com.kms.katalon.core.main.TestCaseMain$startTestSuite$0.call(Unknown Source)
	at TempTestSuite1647293528100.run(TempTestSuite1647293528100.groovy:36)
Caused by: com.kms.katalon.core.webui.exception.WebElementNotFoundException: Web element with id: 'Object Repository/AA/gazizov' located by '//*[@id=&quot;teamPTReport&quot;]/tbody/tr[1]/th[24]/span' not found
	at com.kms.katalon.core.webui.common.WebUiCommonHelper.findWebElement(WebUiCommonHelper.java:1370)
	at com.kms.katalon.core.webui.keyword.internal.WebUIAbstractKeyword.findWebElement(WebUIAbstractKeyword.groovy:27)
	at com.kms.katalon.core.webui.keyword.internal.WebUIAbstractKeyword.findWebElement(WebUIAbstractKeyword.groovy:26)
	at com.kms.katalon.core.webui.keyword.builtin.ScrollToElementKeyword$_scrollToElement_closure1.doCall(ScrollToElementKeyword.groovy:79)
	at com.kms.katalon.core.webui.keyword.builtin.ScrollToElementKeyword$_scrollToElement_closure1.call(ScrollToElementKeyword.groovy)
	at com.kms.katalon.core.webui.keyword.internal.WebUIKeywordMain.runKeyword(WebUIKeywordMain.groovy:20)
	... 19 more
"/>
         <system-out><![CDATA[2022-03-15 00:39:02 - [TEST_CASE][FAILED] - Test Cases/Тренер/Рекомендации по ОФП: Test Cases/Тренер/Рекомендации по ОФП FAILED.
Reason:
com.kms.katalon.core.exception.StepFailedException: Unable to scroll to object 'Object Repository/AA/gazizov'
	at com.kms.katalon.core.webui.keyword.internal.WebUIKeywordMain.stepFailed(WebUIKeywordMain.groovy:64)
	at com.kms.katalon.core.webui.keyword.internal.WebUIKeywordMain.runKeyword(WebUIKeywordMain.groovy:26)
	at com.kms.katalon.core.webui.keyword.builtin.ScrollToElementKeyword.scrollToElement(ScrollToElementKeyword.groovy:88)
	at com.kms.katalon.core.webui.keyword.builtin.ScrollToElementKeyword.execute(ScrollToElementKeyword.groovy:68)
	at com.kms.katalon.core.keyword.internal.KeywordExecutor.executeKeywordForPlatform(KeywordExecutor.groovy:74)
	at com.kms.katalon.core.webui.keyword.WebUiBuiltInKeywords.scrollToElement(WebUiBuiltInKeywords.groovy:4061)
	at com.kms.katalon.core.webui.keyword.WebUiBuiltInKeywords$scrollToElement$4.call(Unknown Source)
	at Рекомендации по ОФП.run(Рекомендации по ОФП:32)
	at com.kms.katalon.core.main.ScriptEngine.run(ScriptEngine.java:194)
	at com.kms.katalon.core.main.ScriptEngine.runScriptAsRawText(ScriptEngine.java:119)
	at com.kms.katalon.core.main.TestCaseExecutor.runScript(TestCaseExecutor.java:442)
	at com.kms.katalon.core.main.TestCaseExecutor.doExecute(TestCaseExecutor.java:433)
	at com.kms.katalon.core.main.TestCaseExecutor.processExecutionPhase(TestCaseExecutor.java:412)
	at com.kms.katalon.core.main.TestCaseExecutor.accessMainPhase(TestCaseExecutor.java:404)
	at com.kms.katalon.core.main.TestCaseExecutor.execute(TestCaseExecutor.java:281)
	at com.kms.katalon.core.main.TestSuiteExecutor.accessTestCaseMainPhase(TestSuiteExecutor.java:202)
	at com.kms.katalon.core.main.TestSuiteExecutor.accessTestSuiteMainPhase(TestSuiteExecutor.java:164)
	at com.kms.katalon.core.main.TestSuiteExecutor.execute(TestSuiteExecutor.java:105)
	at com.kms.katalon.core.main.TestCaseMain.startTestSuite(TestCaseMain.java:185)
	at com.kms.katalon.core.main.TestCaseMain$startTestSuite$0.call(Unknown Source)
	at TempTestSuite1647293528100.run(TempTestSuite1647293528100.groovy:36)
Caused by: com.kms.katalon.core.webui.exception.WebElementNotFoundException: Web element with id: 'Object Repository/AA/gazizov' located by '//*[@id="teamPTReport"]/tbody/tr[1]/th[24]/span' not found
	at com.kms.katalon.core.webui.common.WebUiCommonHelper.findWebElement(WebUiCommonHelper.java:1370)
	at com.kms.katalon.core.webui.keyword.internal.WebUIAbstractKeyword.findWebElement(WebUIAbstractKeyword.groovy:27)
	at com.kms.katalon.core.webui.keyword.internal.WebUIAbstractKeyword.findWebElement(WebUIAbstractKeyword.groovy:26)
	at com.kms.katalon.core.webui.keyword.builtin.ScrollToElementKeyword$_scrollToElement_closure1.doCall(ScrollToElementKeyword.groovy:79)
	at com.kms.katalon.core.webui.keyword.builtin.ScrollToElementKeyword$_scrollToElement_closure1.call(ScrollToElementKeyword.groovy)
	at com.kms.katalon.core.webui.keyword.internal.WebUIKeywordMain.runKeyword(WebUIKeywordMain.groovy:20)
	... 19 more


2022-03-15 00:39:02 - [TEST_STEP][PASSED] - callTestCase(findTestCase("Тренер/Авторизация"), [:], STOP_ON_FAILURE): Call Test Case 'Test Cases/Тренер/Авторизация' successfully

2022-03-15 00:39:02 - [TEST_CASE][PASSED] - Test Cases/Тренер/Авторизация: Test Cases/Тренер/Авторизация

2022-03-15 00:39:02 - [TEST_STEP][PASSED] - openBrowser(""): Browser is opened with url: ''

2022-03-15 00:39:02 - [MESSAGE][WARNING] - A browser is already opened. Closing browser and opening a new one

2022-03-15 00:39:03 - [MESSAGE][INFO] - Starting 'Chrome' driver

2022-03-15 00:39:03 - [MESSAGE][INFO] - Action delay is set to 100 milliseconds

2022-03-15 00:39:04 - [MESSAGE][PASSED] - Browser is opened with url: ''

2022-03-15 00:39:04 - [TEST_STEP][PASSED] - maximizeWindow(): Current window maximized

2022-03-15 00:39:04 - [MESSAGE][PASSED] - Current window maximized

2022-03-15 00:39:04 - [TEST_STEP][PASSED] - navigateToUrl(url): Navigate to 'https://stars-stage.hawk.ru:8080' successfully

2022-03-15 00:39:11 - [MESSAGE][PASSED] - Navigate to 'https://stars-stage.hawk.ru:8080' successfully

2022-03-15 00:39:11 - [TEST_STEP][PASSED] - setText(findTestObject("Object Repository/manager/Page_/input__sc-lnrBVv eqPACj"), coach_login): Text 'ageev.da@hc-avangard.com' is set on object 'Object Repository/manager/Page_/input__sc-lnrBVv eqPACj'

2022-03-15 00:39:12 - [MESSAGE][PASSED] - Text 'ageev.da@hc-avangard.com' is set on object 'Object Repository/manager/Page_/input__sc-lnrBVv eqPACj'

2022-03-15 00:39:12 - [TEST_STEP][PASSED] - setText(findTestObject("Object Repository/manager/Page_/input__sc-lnrBVv eqPACj_1"), coach_password): Text 'zz4waxq6' is set on object 'Object Repository/manager/Page_/input__sc-lnrBVv eqPACj_1'

2022-03-15 00:39:13 - [MESSAGE][PASSED] - Text 'zz4waxq6' is set on object 'Object Repository/manager/Page_/input__sc-lnrBVv eqPACj_1'

2022-03-15 00:39:13 - [TEST_STEP][PASSED] - click(findTestObject("manager/Page_/go")): Object: 'Object Repository/manager/Page_/go' is clicked on

2022-03-15 00:39:14 - [MESSAGE][PASSED] - Object: 'Object Repository/manager/Page_/go' is clicked on

2022-03-15 00:39:14 - [MESSAGE][PASSED] - Call Test Case 'Test Cases/Тренер/Авторизация' successfully

2022-03-15 00:39:14 - [TEST_STEP][PASSED] - click(findTestObject("Object Repository/Avangard New/Object (Тренер)/physical_testing_report")): Object: 'Object Repository/Avangard New/Object (Тренер)/physical_testing_report' is clicked on

2022-03-15 00:39:25 - [MESSAGE][PASSED] - Object: 'Object Repository/Avangard New/Object (Тренер)/physical_testing_report' is clicked on

2022-03-15 00:39:25 - [TEST_STEP][PASSED] - click(findTestObject("Object Repository/Avangard New/Object (Тренер)/div_31.07.2020")): Object: 'Object Repository/Avangard New/Object (Тренер)/div_31.07.2020' is clicked on

2022-03-15 00:39:26 - [MESSAGE][PASSED] - Object: 'Object Repository/Avangard New/Object (Тренер)/div_31.07.2020' is clicked on

2022-03-15 00:39:26 - [TEST_STEP][PASSED] - click(findTestObject("Object Repository/Avangard New/Object (Тренер)/div_31.10.2020")): Object: 'Object Repository/Avangard New/Object (Тренер)/div_31.10.2020' is clicked on

2022-03-15 00:39:26 - [MESSAGE][PASSED] - Object: 'Object Repository/Avangard New/Object (Тренер)/div_31.10.2020' is clicked on

2022-03-15 00:39:26 - [TEST_STEP][FAILED] - scrollToElement(findTestObject("Object Repository/AA/gazizov"), 0): Unable to scroll to object 'Object Repository/AA/gazizov' (Root cause: com.kms.katalon.core.exception.StepFailedException: Unable to scroll to object 'Object Repository/AA/gazizov'
	at com.kms.katalon.core.webui.keyword.internal.WebUIKeywordMain.stepFailed(WebUIKeywordMain.groovy:64)
	at com.kms.katalon.core.webui.keyword.internal.WebUIKeywordMain.runKeyword(WebUIKeywordMain.groovy:26)
	at com.kms.katalon.core.webui.keyword.builtin.ScrollToElementKeyword.scrollToElement(ScrollToElementKeyword.groovy:88)
	at com.kms.katalon.core.webui.keyword.builtin.ScrollToElementKeyword.execute(ScrollToElementKeyword.groovy:68)
	at com.kms.katalon.core.keyword.internal.KeywordExecutor.executeKeywordForPlatform(KeywordExecutor.groovy:74)
	at com.kms.katalon.core.webui.keyword.WebUiBuiltInKeywords.scrollToElement(WebUiBuiltInKeywords.groovy:4061)
	at com.kms.katalon.core.webui.keyword.WebUiBuiltInKeywords$scrollToElement$4.call(Unknown Source)
	at Рекомендации по ОФП.run(Рекомендации по ОФП:32)
	at com.kms.katalon.core.main.ScriptEngine.run(ScriptEngine.java:194)
	at com.kms.katalon.core.main.ScriptEngine.runScriptAsRawText(ScriptEngine.java:119)
	at com.kms.katalon.core.main.TestCaseExecutor.runScript(TestCaseExecutor.java:442)
	at com.kms.katalon.core.main.TestCaseExecutor.doExecute(TestCaseExecutor.java:433)
	at com.kms.katalon.core.main.TestCaseExecutor.processExecutionPhase(TestCaseExecutor.java:412)
	at com.kms.katalon.core.main.TestCaseExecutor.accessMainPhase(TestCaseExecutor.java:404)
	at com.kms.katalon.core.main.TestCaseExecutor.execute(TestCaseExecutor.java:281)
	at com.kms.katalon.core.main.TestSuiteExecutor.accessTestCaseMainPhase(TestSuiteExecutor.java:202)
	at com.kms.katalon.core.main.TestSuiteExecutor.accessTestSuiteMainPhase(TestSuiteExecutor.java:164)
	at com.kms.katalon.core.main.TestSuiteExecutor.execute(TestSuiteExecutor.java:105)
	at com.kms.katalon.core.main.TestCaseMain.startTestSuite(TestCaseMain.java:185)
	at com.kms.katalon.core.main.TestCaseMain$startTestSuite$0.call(Unknown Source)
	at TempTestSuite1647293528100.run(TempTestSuite1647293528100.groovy:36)
Caused by: com.kms.katalon.core.webui.exception.WebElementNotFoundException: Web element with id: 'Object Repository/AA/gazizov' located by '//*[@id="teamPTReport"]/tbody/tr[1]/th[24]/span' not found
	at com.kms.katalon.core.webui.common.WebUiCommonHelper.findWebElement(WebUiCommonHelper.java:1370)
	at com.kms.katalon.core.webui.keyword.internal.WebUIAbstractKeyword.findWebElement(WebUIAbstractKeyword.groovy:27)
	at com.kms.katalon.core.webui.keyword.internal.WebUIAbstractKeyword.findWebElement(WebUIAbstractKeyword.groovy:26)
	at com.kms.katalon.core.webui.keyword.builtin.ScrollToElementKeyword$_scrollToElement_closure1.doCall(ScrollToElementKeyword.groovy:79)
	at com.kms.katalon.core.webui.keyword.builtin.ScrollToElementKeyword$_scrollToElement_closure1.call(ScrollToElementKeyword.groovy)
	at com.kms.katalon.core.webui.keyword.internal.WebUIKeywordMain.runKeyword(WebUIKeywordMain.groovy:20)
	at com.kms.katalon.core.webui.keyword.builtin.ScrollToElementKeyword.scrollToElement(ScrollToElementKeyword.groovy:88)
	at com.kms.katalon.core.webui.keyword.builtin.ScrollToElementKeyword.execute(ScrollToElementKeyword.groovy:68)
	at com.kms.katalon.core.keyword.internal.KeywordExecutor.executeKeywordForPlatform(KeywordExecutor.groovy:74)
	at com.kms.katalon.core.webui.keyword.WebUiBuiltInKeywords.scrollToElement(WebUiBuiltInKeywords.groovy:4061)
	at com.kms.katalon.core.webui.keyword.WebUiBuiltInKeywords$scrollToElement$4.call(Unknown Source)
	at Script1645446825030.run(Script1645446825030.groovy:32)
	... 13 more
)

2022-03-15 00:39:27 - [MESSAGE][WARNING] - Timeout '0' is invalid. Using default page load timeout: '30'

2022-03-15 00:39:58 - [MESSAGE][INFO] - Unable to find the element located by 'By.xpath: //*[@id="teamPTReport"]/tbody/tr[1]/th[24]/span'. Please recheck the objects properties to make sure the desired element is located. 

2022-03-15 00:39:58 - [MESSAGE][WARNING] - [SELF-HEALING] Failed to find element with id 'Object Repository/AA/gazizov'. Try using Self-healing.

2022-03-15 00:39:59 - [MESSAGE][INFO] - [SELF-HEALING] No working XPath is found.

2022-03-15 00:40:00 - [MESSAGE][INFO] - Unable to find the element located by 'By.xpath: '. Please recheck the objects properties to make sure the desired element is located. 

2022-03-15 00:40:00 - [MESSAGE][WARNING] - [SELF-HEALING] Cannot find elements when the selector is null

2022-03-15 00:40:00 - [MESSAGE][FAILED] - Unable to scroll to object 'Object Repository/AA/gazizov' (Root cause: com.kms.katalon.core.exception.StepFailedException: Unable to scroll to object 'Object Repository/AA/gazizov'
	at com.kms.katalon.core.webui.keyword.internal.WebUIKeywordMain.stepFailed(WebUIKeywordMain.groovy:64)
	at com.kms.katalon.core.webui.keyword.internal.WebUIKeywordMain.runKeyword(WebUIKeywordMain.groovy:26)
	at com.kms.katalon.core.webui.keyword.builtin.ScrollToElementKeyword.scrollToElement(ScrollToElementKeyword.groovy:88)
	at com.kms.katalon.core.webui.keyword.builtin.ScrollToElementKeyword.execute(ScrollToElementKeyword.groovy:68)
	at com.kms.katalon.core.keyword.internal.KeywordExecutor.executeKeywordForPlatform(KeywordExecutor.groovy:74)
	at com.kms.katalon.core.webui.keyword.WebUiBuiltInKeywords.scrollToElement(WebUiBuiltInKeywords.groovy:4061)
	at com.kms.katalon.core.webui.keyword.WebUiBuiltInKeywords$scrollToElement$4.call(Unknown Source)
	at Рекомендации по ОФП.run(Рекомендации по ОФП:32)
	at com.kms.katalon.core.main.ScriptEngine.run(ScriptEngine.java:194)
	at com.kms.katalon.core.main.ScriptEngine.runScriptAsRawText(ScriptEngine.java:119)
	at com.kms.katalon.core.main.TestCaseExecutor.runScript(TestCaseExecutor.java:442)
	at com.kms.katalon.core.main.TestCaseExecutor.doExecute(TestCaseExecutor.java:433)
	at com.kms.katalon.core.main.TestCaseExecutor.processExecutionPhase(TestCaseExecutor.java:412)
	at com.kms.katalon.core.main.TestCaseExecutor.accessMainPhase(TestCaseExecutor.java:404)
	at com.kms.katalon.core.main.TestCaseExecutor.execute(TestCaseExecutor.java:281)
	at com.kms.katalon.core.main.TestSuiteExecutor.accessTestCaseMainPhase(TestSuiteExecutor.java:202)
	at com.kms.katalon.core.main.TestSuiteExecutor.accessTestSuiteMainPhase(TestSuiteExecutor.java:164)
	at com.kms.katalon.core.main.TestSuiteExecutor.execute(TestSuiteExecutor.java:105)
	at com.kms.katalon.core.main.TestCaseMain.startTestSuite(TestCaseMain.java:185)
	at com.kms.katalon.core.main.TestCaseMain$startTestSuite$0.call(Unknown Source)
	at TempTestSuite1647293528100.run(TempTestSuite1647293528100.groovy:36)
Caused by: com.kms.katalon.core.webui.exception.WebElementNotFoundException: Web element with id: 'Object Repository/AA/gazizov' located by '//*[@id="teamPTReport"]/tbody/tr[1]/th[24]/span' not found
	at com.kms.katalon.core.webui.common.WebUiCommonHelper.findWebElement(WebUiCommonHelper.java:1370)
	at com.kms.katalon.core.webui.keyword.internal.WebUIAbstractKeyword.findWebElement(WebUIAbstractKeyword.groovy:27)
	at com.kms.katalon.core.webui.keyword.internal.WebUIAbstractKeyword.findWebElement(WebUIAbstractKeyword.groovy:26)
	at com.kms.katalon.core.webui.keyword.builtin.ScrollToElementKeyword$_scrollToElement_closure1.doCall(ScrollToElementKeyword.groovy:79)
	at com.kms.katalon.core.webui.keyword.builtin.ScrollToElementKeyword$_scrollToElement_closure1.call(ScrollToElementKeyword.groovy)
	at com.kms.katalon.core.webui.keyword.internal.WebUIKeywordMain.runKeyword(WebUIKeywordMain.groovy:20)
	at com.kms.katalon.core.webui.keyword.builtin.ScrollToElementKeyword.scrollToElement(ScrollToElementKeyword.groovy:88)
	at com.kms.katalon.core.webui.keyword.builtin.ScrollToElementKeyword.execute(ScrollToElementKeyword.groovy:68)
	at com.kms.katalon.core.keyword.internal.KeywordExecutor.executeKeywordForPlatform(KeywordExecutor.groovy:74)
	at com.kms.katalon.core.webui.keyword.WebUiBuiltInKeywords.scrollToElement(WebUiBuiltInKeywords.groovy:4061)
	at com.kms.katalon.core.webui.keyword.WebUiBuiltInKeywords$scrollToElement$4.call(Unknown Source)
	at Script1645446825030.run(Script1645446825030.groovy:32)
	... 13 more
)
[[ATTACHMENT|C:\\Users\\LENOVO\\Katalon Studio\\Avangard\\Reports\\20220315_003159\\\u0422\u0440\u0435\u043D\u0435\u0440\\20220315_003208\\1647294000346.png]]]]></system-out>
         <system-err><![CDATA[2022-03-15 00:39:02 - [TEST_CASE][FAILED] - Test Cases/Тренер/Рекомендации по ОФП: Test Cases/Тренер/Рекомендации по ОФП FAILED.
Reason:
com.kms.katalon.core.exception.StepFailedException: Unable to scroll to object 'Object Repository/AA/gazizov'
	at com.kms.katalon.core.webui.keyword.internal.WebUIKeywordMain.stepFailed(WebUIKeywordMain.groovy:64)
	at com.kms.katalon.core.webui.keyword.internal.WebUIKeywordMain.runKeyword(WebUIKeywordMain.groovy:26)
	at com.kms.katalon.core.webui.keyword.builtin.ScrollToElementKeyword.scrollToElement(ScrollToElementKeyword.groovy:88)
	at com.kms.katalon.core.webui.keyword.builtin.ScrollToElementKeyword.execute(ScrollToElementKeyword.groovy:68)
	at com.kms.katalon.core.keyword.internal.KeywordExecutor.executeKeywordForPlatform(KeywordExecutor.groovy:74)
	at com.kms.katalon.core.webui.keyword.WebUiBuiltInKeywords.scrollToElement(WebUiBuiltInKeywords.groovy:4061)
	at com.kms.katalon.core.webui.keyword.WebUiBuiltInKeywords$scrollToElement$4.call(Unknown Source)
	at Рекомендации по ОФП.run(Рекомендации по ОФП:32)
	at com.kms.katalon.core.main.ScriptEngine.run(ScriptEngine.java:194)
	at com.kms.katalon.core.main.ScriptEngine.runScriptAsRawText(ScriptEngine.java:119)
	at com.kms.katalon.core.main.TestCaseExecutor.runScript(TestCaseExecutor.java:442)
	at com.kms.katalon.core.main.TestCaseExecutor.doExecute(TestCaseExecutor.java:433)
	at com.kms.katalon.core.main.TestCaseExecutor.processExecutionPhase(TestCaseExecutor.java:412)
	at com.kms.katalon.core.main.TestCaseExecutor.accessMainPhase(TestCaseExecutor.java:404)
	at com.kms.katalon.core.main.TestCaseExecutor.execute(TestCaseExecutor.java:281)
	at com.kms.katalon.core.main.TestSuiteExecutor.accessTestCaseMainPhase(TestSuiteExecutor.java:202)
	at com.kms.katalon.core.main.TestSuiteExecutor.accessTestSuiteMainPhase(TestSuiteExecutor.java:164)
	at com.kms.katalon.core.main.TestSuiteExecutor.execute(TestSuiteExecutor.java:105)
	at com.kms.katalon.core.main.TestCaseMain.startTestSuite(TestCaseMain.java:185)
	at com.kms.katalon.core.main.TestCaseMain$startTestSuite$0.call(Unknown Source)
	at TempTestSuite1647293528100.run(TempTestSuite1647293528100.groovy:36)
Caused by: com.kms.katalon.core.webui.exception.WebElementNotFoundException: Web element with id: 'Object Repository/AA/gazizov' located by '//*[@id="teamPTReport"]/tbody/tr[1]/th[24]/span' not found
	at com.kms.katalon.core.webui.common.WebUiCommonHelper.findWebElement(WebUiCommonHelper.java:1370)
	at com.kms.katalon.core.webui.keyword.internal.WebUIAbstractKeyword.findWebElement(WebUIAbstractKeyword.groovy:27)
	at com.kms.katalon.core.webui.keyword.internal.WebUIAbstractKeyword.findWebElement(WebUIAbstractKeyword.groovy:26)
	at com.kms.katalon.core.webui.keyword.builtin.ScrollToElementKeyword$_scrollToElement_closure1.doCall(ScrollToElementKeyword.groovy:79)
	at com.kms.katalon.core.webui.keyword.builtin.ScrollToElementKeyword$_scrollToElement_closure1.call(ScrollToElementKeyword.groovy)
	at com.kms.katalon.core.webui.keyword.internal.WebUIKeywordMain.runKeyword(WebUIKeywordMain.groovy:20)
	... 19 more]]></system-err>
      </testcase>
      <system-out><![CDATA[2022-03-15 00:32:28 - [TEST_SUITE][FAILED] - Тренер: Test Cases/Тренер/Составы FAILED.
Reason:
com.kms.katalon.core.exception.StepFailedException: Unable to verify text 'Игрок недоступен для выбора' is present 
	at com.kms.katalon.core.webui.keyword.internal.WebUIKeywordMain.stepFailed(WebUIKeywordMain.groovy:64)
	at com.kms.katalon.core.webui.keyword.internal.WebUIKeywordMain.runKeyword(WebUIKeywordMain.groovy:26)
	at com.kms.katalon.core.webui.keyword.builtin.VerifyTextPresentKeyword.verifyTextPresent(VerifyTextPresentKeyword.groovy:83)
	at com.kms.katalon.core.webui.keyword.builtin.VerifyTextPresentKeyword.execute(VerifyTextPresentKeyword.groovy:68)
	at com.kms.katalon.core.keyword.internal.KeywordExecutor.executeKeywordForPlatform(KeywordExecutor.groovy:74)
	at com.kms.katalon.core.webui.keyword.WebUiBuiltInKeywords.verifyTextPresent(WebUiBuiltInKeywords.groovy:1723)
	at com.kms.katalon.core.webui.keyword.WebUiBuiltInKeywords$verifyTextPresent$5.call(Unknown Source)
	at Составы.run(Составы:66)
	at com.kms.katalon.core.main.ScriptEngine.run(ScriptEngine.java:194)
	at com.kms.katalon.core.main.ScriptEngine.runScriptAsRawText(ScriptEngine.java:119)
	at com.kms.katalon.core.main.TestCaseExecutor.runScript(TestCaseExecutor.java:442)
	at com.kms.katalon.core.main.TestCaseExecutor.doExecute(TestCaseExecutor.java:433)
	at com.kms.katalon.core.main.TestCaseExecutor.processExecutionPhase(TestCaseExecutor.java:412)
	at com.kms.katalon.core.main.TestCaseExecutor.accessMainPhase(TestCaseExecutor.java:404)
	at com.kms.katalon.core.main.TestCaseExecutor.execute(TestCaseExecutor.java:281)
	at com.kms.katalon.core.main.TestSuiteExecutor.accessTestCaseMainPhase(TestSuiteExecutor.java:202)
	at com.kms.katalon.core.main.TestSuiteExecutor.accessTestSuiteMainPhase(TestSuiteExecutor.java:164)
	at com.kms.katalon.core.main.TestSuiteExecutor.execute(TestSuiteExecutor.java:105)
	at com.kms.katalon.core.main.TestCaseMain.startTestSuite(TestCaseMain.java:185)
	at com.kms.katalon.core.main.TestCaseMain$startTestSuite$0.call(Unknown Source)
	at TempTestSuite1647293528100.run(TempTestSuite1647293528100.groovy:36)
Caused by: com.kms.katalon.core.exception.StepFailedException: Text 'Игрок недоступен для выбора' is not present on page 
	at com.kms.katalon.core.webui.keyword.internal.WebUIKeywordMain.stepFailed(WebUIKeywordMain.groovy:64)
	at com.kms.katalon.core.webui.keyword.builtin.VerifyTextPresentKeyword$_verifyTextPresent_closure1.doCall(VerifyTextPresentKeyword.groovy:79)
	at com.kms.katalon.core.webui.keyword.builtin.VerifyTextPresentKeyword$_verifyTextPresent_closure1.call(VerifyTextPresentKeyword.groovy)
	at com.kms.katalon.core.webui.keyword.internal.WebUIKeywordMain.runKeyword(WebUIKeywordMain.groovy:20)
	... 19 more]]></system-out>
      <system-err><![CDATA[2022-03-15 00:32:28 - [TEST_SUITE][FAILED] - Тренер: Test Cases/Тренер/Составы FAILED.
Reason:
com.kms.katalon.core.exception.StepFailedException: Unable to verify text 'Игрок недоступен для выбора' is present 
	at com.kms.katalon.core.webui.keyword.internal.WebUIKeywordMain.stepFailed(WebUIKeywordMain.groovy:64)
	at com.kms.katalon.core.webui.keyword.internal.WebUIKeywordMain.runKeyword(WebUIKeywordMain.groovy:26)
	at com.kms.katalon.core.webui.keyword.builtin.VerifyTextPresentKeyword.verifyTextPresent(VerifyTextPresentKeyword.groovy:83)
	at com.kms.katalon.core.webui.keyword.builtin.VerifyTextPresentKeyword.execute(VerifyTextPresentKeyword.groovy:68)
	at com.kms.katalon.core.keyword.internal.KeywordExecutor.executeKeywordForPlatform(KeywordExecutor.groovy:74)
	at com.kms.katalon.core.webui.keyword.WebUiBuiltInKeywords.verifyTextPresent(WebUiBuiltInKeywords.groovy:1723)
	at com.kms.katalon.core.webui.keyword.WebUiBuiltInKeywords$verifyTextPresent$5.call(Unknown Source)
	at Составы.run(Составы:66)
	at com.kms.katalon.core.main.ScriptEngine.run(ScriptEngine.java:194)
	at com.kms.katalon.core.main.ScriptEngine.runScriptAsRawText(ScriptEngine.java:119)
	at com.kms.katalon.core.main.TestCaseExecutor.runScript(TestCaseExecutor.java:442)
	at com.kms.katalon.core.main.TestCaseExecutor.doExecute(TestCaseExecutor.java:433)
	at com.kms.katalon.core.main.TestCaseExecutor.processExecutionPhase(TestCaseExecutor.java:412)
	at com.kms.katalon.core.main.TestCaseExecutor.accessMainPhase(TestCaseExecutor.java:404)
	at com.kms.katalon.core.main.TestCaseExecutor.execute(TestCaseExecutor.java:281)
	at com.kms.katalon.core.main.TestSuiteExecutor.accessTestCaseMainPhase(TestSuiteExecutor.java:202)
	at com.kms.katalon.core.main.TestSuiteExecutor.accessTestSuiteMainPhase(TestSuiteExecutor.java:164)
	at com.kms.katalon.core.main.TestSuiteExecutor.execute(TestSuiteExecutor.java:105)
	at com.kms.katalon.core.main.TestCaseMain.startTestSuite(TestCaseMain.java:185)
	at com.kms.katalon.core.main.TestCaseMain$startTestSuite$0.call(Unknown Source)
	at TempTestSuite1647293528100.run(TempTestSuite1647293528100.groovy:36)
Caused by: com.kms.katalon.core.exception.StepFailedException: Text 'Игрок недоступен для выбора' is not present on page 
	at com.kms.katalon.core.webui.keyword.internal.WebUIKeywordMain.stepFailed(WebUIKeywordMain.groovy:64)
	at com.kms.katalon.core.webui.keyword.builtin.VerifyTextPresentKeyword$_verifyTextPresent_closure1.doCall(VerifyTextPresentKeyword.groovy:79)
	at com.kms.katalon.core.webui.keyword.builtin.VerifyTextPresentKeyword$_verifyTextPresent_closure1.call(VerifyTextPresentKeyword.groovy)
	at com.kms.katalon.core.webui.keyword.internal.WebUIKeywordMain.runKeyword(WebUIKeywordMain.groovy:20)
	... 19 more]]></system-err>
   </testsuite>
</testsuites>
