<?xml version="1.0" encoding="UTF-8"?>
<testsuites name="Доктор" time="296.39" tests="5" failures="1" errors="0">
   <testsuite name="Доктор" tests="5" failures="1" errors="0" time="296.39" skipped="0" timestamp="2022-04-13 22:51:20" hostname="LENOVO - DESKTOP-KNHN0AA" id="Test Suites/Доктор">
      <properties>
         <property name="deviceName" value=""/>
         <property name="devicePlatform" value=""/>
         <property name="logFolder" value="C:\\Users\\LENOVO\\Katalon Studio\\Avangard\\Reports\\20220413_225045\\\u0414\u043E\u043A\u0442\u043E\u0440\\20220413_225048"/>
         <property name="logFiles" value="C:\\Users\\LENOVO\\Katalon Studio\\Avangard\\Reports\\20220413_225045\\\u0414\u043E\u043A\u0442\u043E\u0440\\20220413_225048\\execution0.log"/>
         <property name="attachments" value="C:\\Users\\LENOVO\\Katalon Studio\\Avangard\\Reports\\20220413_225045\\\u0414\u043E\u043A\u0442\u043E\u0440\\20220413_225048\\1649879605009.png"/>
         <property name="hostName" value="LENOVO - DESKTOP-KNHN0AA"/>
         <property name="os" value="Windows 10 64bit"/>
         <property name="katalonVersion" value="8.2.5.208"/>
         <property name="browser" value="Chrome 100.0.4896.75"/>
         <property name="hostAddress" value="192.168.0.11"/>
         <property name="sessionId" value="1783def3f14b4b0de983d955b3911450"/>
         <property name="seleniumVersion" value="3.141.59"/>
         <property name="proxyInformation" value="ProxyInformation { proxyOption=NO_PROXY, proxyServerType=HTTP, username=, password=********, proxyServerAddress=, proxyServerPort=0, executionList=&quot;&quot;, isApplyToDesiredCapabilities=true }"/>
         <property name="platform" value="Windows 10"/>
      </properties>
      <testcase name="Test Cases/Доктор/Авторизация врач" time="11.244" classname="Test Cases/Доктор/Авторизация врач" status="PASSED">
         <system-out><![CDATA[2022-04-13 22:51:20 - [TEST_CASE][PASSED] - Test Cases/Доктор/Авторизация врач: Test Cases/Доктор/Авторизация врач

2022-04-13 22:51:20 - [TEST_STEP][PASSED] - openBrowser(""): Browser is opened with url: ''

2022-04-13 22:51:21 - [MESSAGE][INFO] - Starting 'Chrome' driver

2022-04-13 22:51:21 - [MESSAGE][INFO] - Action delay is set to 100 milliseconds

2022-04-13 22:51:23 - [MESSAGE][PASSED] - Browser is opened with url: ''

2022-04-13 22:51:23 - [TEST_STEP][PASSED] - maximizeWindow(): Current window maximized

2022-04-13 22:51:23 - [MESSAGE][PASSED] - Current window maximized

2022-04-13 22:51:23 - [TEST_STEP][PASSED] - navigateToUrl(url): Navigate to 'https://stars-stage.hawk.ru:8080' successfully

2022-04-13 22:51:28 - [MESSAGE][PASSED] - Navigate to 'https://stars-stage.hawk.ru:8080' successfully

2022-04-13 22:51:28 - [TEST_STEP][PASSED] - setText(findTestObject("Object Repository/vra/Page_/input__sc-lnrBVv eqPACj"), doktor_login): Text 'TestDoctor@mail.ru' is set on object 'Object Repository/vra/Page_/input__sc-lnrBVv eqPACj'

2022-04-13 22:51:29 - [MESSAGE][PASSED] - Text 'TestDoctor@mail.ru' is set on object 'Object Repository/vra/Page_/input__sc-lnrBVv eqPACj'

2022-04-13 22:51:29 - [TEST_STEP][PASSED] - setText(findTestObject("Object Repository/vra/Page_/input__sc-lnrBVv eqPACj_1"), doktor_password, STOP_ON_FAILURE): Text 'testdoctor@mail.ru' is set on object 'Object Repository/vra/Page_/input__sc-lnrBVv eqPACj_1'

2022-04-13 22:51:30 - [MESSAGE][PASSED] - Text 'testdoctor@mail.ru' is set on object 'Object Repository/vra/Page_/input__sc-lnrBVv eqPACj_1'

2022-04-13 22:51:30 - [TEST_STEP][PASSED] - click(findTestObject("Object Repository/vrach/Page_/Page_/go")): Object: 'Object Repository/vrach/Page_/Page_/go' is clicked on

2022-04-13 22:51:31 - [MESSAGE][PASSED] - Object: 'Object Repository/vrach/Page_/Page_/go' is clicked on]]></system-out>
         <system-err><![CDATA[]]></system-err>
      </testcase>
      <testcase name="Test Cases/Доктор/Просмотр профиля" time="17.711" classname="Test Cases/Доктор/Просмотр профиля" status="PASSED">
         <system-out><![CDATA[2022-04-13 22:51:31 - [TEST_CASE][PASSED] - Test Cases/Доктор/Просмотр профиля: Test Cases/Доктор/Просмотр профиля

2022-04-13 22:51:32 - [TEST_STEP][PASSED] - callTestCase(findTestCase("Доктор/Авторизация врач"), [:], STOP_ON_FAILURE): Call Test Case 'Test Cases/Доктор/Авторизация врач' successfully

2022-04-13 22:51:32 - [TEST_CASE][PASSED] - Test Cases/Доктор/Авторизация врач: Test Cases/Доктор/Авторизация врач

2022-04-13 22:51:32 - [TEST_STEP][PASSED] - openBrowser(""): Browser is opened with url: ''

2022-04-13 22:51:32 - [MESSAGE][WARNING] - A browser is already opened. Closing browser and opening a new one

2022-04-13 22:51:32 - [MESSAGE][INFO] - Starting 'Chrome' driver

2022-04-13 22:51:32 - [MESSAGE][INFO] - Action delay is set to 100 milliseconds

2022-04-13 22:51:34 - [MESSAGE][PASSED] - Browser is opened with url: ''

2022-04-13 22:51:34 - [TEST_STEP][PASSED] - maximizeWindow(): Current window maximized

2022-04-13 22:51:34 - [MESSAGE][PASSED] - Current window maximized

2022-04-13 22:51:34 - [TEST_STEP][PASSED] - navigateToUrl(url): Navigate to 'https://stars-stage.hawk.ru:8080' successfully

2022-04-13 22:51:40 - [MESSAGE][PASSED] - Navigate to 'https://stars-stage.hawk.ru:8080' successfully

2022-04-13 22:51:40 - [TEST_STEP][PASSED] - setText(findTestObject("Object Repository/vra/Page_/input__sc-lnrBVv eqPACj"), doktor_login): Text 'TestDoctor@mail.ru' is set on object 'Object Repository/vra/Page_/input__sc-lnrBVv eqPACj'

2022-04-13 22:51:42 - [MESSAGE][PASSED] - Text 'TestDoctor@mail.ru' is set on object 'Object Repository/vra/Page_/input__sc-lnrBVv eqPACj'

2022-04-13 22:51:42 - [TEST_STEP][PASSED] - setText(findTestObject("Object Repository/vra/Page_/input__sc-lnrBVv eqPACj_1"), doktor_password, STOP_ON_FAILURE): Text 'testdoctor@mail.ru' is set on object 'Object Repository/vra/Page_/input__sc-lnrBVv eqPACj_1'

2022-04-13 22:51:43 - [MESSAGE][PASSED] - Text 'testdoctor@mail.ru' is set on object 'Object Repository/vra/Page_/input__sc-lnrBVv eqPACj_1'

2022-04-13 22:51:43 - [TEST_STEP][PASSED] - click(findTestObject("Object Repository/vrach/Page_/Page_/go")): Object: 'Object Repository/vrach/Page_/Page_/go' is clicked on

2022-04-13 22:51:43 - [MESSAGE][PASSED] - Object: 'Object Repository/vrach/Page_/Page_/go' is clicked on

2022-04-13 22:51:43 - [MESSAGE][PASSED] - Call Test Case 'Test Cases/Доктор/Авторизация врач' successfully

2022-04-13 22:51:43 - [TEST_STEP][PASSED] - click(findTestObject("Object Repository/vrach/profile/Page_/span_TestDoctormail.ru")): Object: 'Object Repository/vrach/profile/Page_/span_TestDoctormail.ru' is clicked on

2022-04-13 22:51:46 - [MESSAGE][PASSED] - Object: 'Object Repository/vrach/profile/Page_/span_TestDoctormail.ru' is clicked on

2022-04-13 22:51:46 - [TEST_STEP][PASSED] - click(findTestObject("Object Repository/vrach/profile/Page_/save")): Object: 'Object Repository/vrach/profile/Page_/save' is clicked on

2022-04-13 22:51:47 - [MESSAGE][PASSED] - Object: 'Object Repository/vrach/profile/Page_/save' is clicked on

2022-04-13 22:51:47 - [TEST_STEP][PASSED] - verifyTextPresent("Пользователь сохранен", true): Text 'Пользователь сохранен' is present on page  using regular expression

2022-04-13 22:51:48 - [MESSAGE][PASSED] - Text 'Пользователь сохранен' is present on page  using regular expression

2022-04-13 22:51:48 - [TEST_STEP][PASSED] - click(findTestObject("Object Repository/vrach/profile/Page_/exit")): Object: 'Object Repository/vrach/profile/Page_/exit' is clicked on

2022-04-13 22:51:48 - [MESSAGE][PASSED] - Object: 'Object Repository/vrach/profile/Page_/exit' is clicked on

2022-04-13 22:51:48 - [TEST_STEP][PASSED] - closeBrowser(): Browser is closed

2022-04-13 22:51:49 - [MESSAGE][PASSED] - Browser is closed]]></system-out>
         <system-err><![CDATA[]]></system-err>
      </testcase>
      <testcase name="Test Cases/Доктор/Психотест (психолог)" time="28.71" classname="Test Cases/Доктор/Психотест (психолог)" status="PASSED">
         <system-out><![CDATA[2022-04-13 22:51:49 - [TEST_CASE][PASSED] - Test Cases/Доктор/Психотест (психолог): Test Cases/Доктор/Психотест (психолог)

2022-04-13 22:51:49 - [TEST_STEP][PASSED] - openBrowser(""): Browser is opened with url: ''

2022-04-13 22:51:49 - [MESSAGE][INFO] - Starting 'Chrome' driver

2022-04-13 22:51:49 - [MESSAGE][INFO] - Action delay is set to 100 milliseconds

2022-04-13 22:51:50 - [MESSAGE][PASSED] - Browser is opened with url: ''

2022-04-13 22:51:50 - [TEST_STEP][PASSED] - maximizeWindow(): Current window maximized

2022-04-13 22:51:50 - [MESSAGE][PASSED] - Current window maximized

2022-04-13 22:51:50 - [TEST_STEP][PASSED] - navigateToUrl("https://stars-stage.hawk.ru:8080/"): Navigate to 'https://stars-stage.hawk.ru:8080/' successfully

2022-04-13 22:51:59 - [MESSAGE][PASSED] - Navigate to 'https://stars-stage.hawk.ru:8080/' successfully

2022-04-13 22:51:59 - [TEST_STEP][PASSED] - setText(findTestObject("Avangard New/Object (Психолог)/login (Логин Психолог)"), "psychotest@test.ru"): Text 'psychotest@test.ru' is set on object 'Object Repository/Avangard New/Object (Психолог)/login (Логин Психолог)'

2022-04-13 22:52:00 - [MESSAGE][PASSED] - Text 'psychotest@test.ru' is set on object 'Object Repository/Avangard New/Object (Психолог)/login (Логин Психолог)'

2022-04-13 22:52:00 - [TEST_STEP][PASSED] - setText(findTestObject("Avangard New/Object (Психолог)/password (Пароль Психолог)"), "psychotest@test.ru", STOP_ON_FAILURE): Text 'psychotest@test.ru' is set on object 'Object Repository/Avangard New/Object (Психолог)/password (Пароль Психолог)'

2022-04-13 22:52:01 - [MESSAGE][PASSED] - Text 'psychotest@test.ru' is set on object 'Object Repository/Avangard New/Object (Психолог)/password (Пароль Психолог)'

2022-04-13 22:52:01 - [TEST_STEP][PASSED] - click(findTestObject("Object Repository/vrach/psychotest/Page_/go")): Object: 'Object Repository/vrach/psychotest/Page_/go' is clicked on

2022-04-13 22:52:02 - [MESSAGE][PASSED] - Object: 'Object Repository/vrach/psychotest/Page_/go' is clicked on

2022-04-13 22:52:02 - [TEST_STEP][PASSED] - click(findTestObject("Object Repository/vrach/psychotest/Page_/psychotest")): Object: 'Object Repository/vrach/psychotest/Page_/psychotest' is clicked on

2022-04-13 22:52:08 - [MESSAGE][PASSED] - Object: 'Object Repository/vrach/psychotest/Page_/psychotest' is clicked on

2022-04-13 22:52:08 - [TEST_STEP][PASSED] - verifyTextPresent("Психологический профиль", false): Text 'Психологический профиль' is present on page 

2022-04-13 22:52:09 - [MESSAGE][PASSED] - Text 'Психологический профиль' is present on page 

2022-04-13 22:52:09 - [TEST_STEP][NOT_RUN] - click(findTestObject("Object Repository/vrach/psychotest/Page_/school")): NOT_RUN: click(findTestObject("Object Repository/vrach/psychotest/Page_/school"))

2022-04-13 22:52:09 - [MESSAGE][NOT_RUN] - NOT_RUN: click(findTestObject("Object Repository/vrach/psychotest/Page_/school"))

2022-04-13 22:52:09 - [TEST_STEP][NOT_RUN] - click(findTestObject("Object Repository/vrach/psychotest/Page_/avanguard")): NOT_RUN: click(findTestObject("Object Repository/vrach/psychotest/Page_/avanguard"))

2022-04-13 22:52:09 - [MESSAGE][NOT_RUN] - NOT_RUN: click(findTestObject("Object Repository/vrach/psychotest/Page_/avanguard"))

2022-04-13 22:52:09 - [TEST_STEP][PASSED] - click(findTestObject("Object Repository/vrach/psychotest/Page_/team")): Object: 'Object Repository/vrach/psychotest/Page_/team' is clicked on

2022-04-13 22:52:10 - [MESSAGE][PASSED] - Object: 'Object Repository/vrach/psychotest/Page_/team' is clicked on

2022-04-13 22:52:10 - [TEST_STEP][PASSED] - click(findTestObject("Object Repository/vrach/psychotest/Page_/varteam")): Object: 'Object Repository/vrach/psychotest/Page_/varteam' is clicked on

2022-04-13 22:52:10 - [MESSAGE][PASSED] - Object: 'Object Repository/vrach/psychotest/Page_/varteam' is clicked on

2022-04-13 22:52:10 - [TEST_STEP][PASSED] - click(findTestObject("Object Repository/vrach/psychotest/Page_/player")): Object: 'Object Repository/vrach/psychotest/Page_/player' is clicked on

2022-04-13 22:52:11 - [MESSAGE][PASSED] - Object: 'Object Repository/vrach/psychotest/Page_/player' is clicked on

2022-04-13 22:52:11 - [TEST_STEP][PASSED] - click(findTestObject("Object Repository/vrach/psychotest/Page_/varplayer")): Object: 'Object Repository/vrach/psychotest/Page_/varplayer' is clicked on

2022-04-13 22:52:12 - [MESSAGE][PASSED] - Object: 'Object Repository/vrach/psychotest/Page_/varplayer' is clicked on

2022-04-13 22:52:12 - [TEST_STEP][PASSED] - click(findTestObject("Object Repository/vrach/psychotest/Page_/date")): Object: 'Object Repository/vrach/psychotest/Page_/date' is clicked on

2022-04-13 22:52:13 - [MESSAGE][PASSED] - Object: 'Object Repository/vrach/psychotest/Page_/date' is clicked on

2022-04-13 22:52:13 - [TEST_STEP][PASSED] - click(findTestObject("Object Repository/vrach/psychotest/Page_/enter_date")): Object: 'Object Repository/vrach/psychotest/Page_/enter_date' is clicked on

2022-04-13 22:52:14 - [MESSAGE][PASSED] - Object: 'Object Repository/vrach/psychotest/Page_/enter_date' is clicked on

2022-04-13 22:52:14 - [TEST_STEP][PASSED] - verifyTextPresent("Реакция на простой стимул", false): Text 'Реакция на простой стимул' is present on page 

2022-04-13 22:52:14 - [MESSAGE][PASSED] - Text 'Реакция на простой стимул' is present on page 

2022-04-13 22:52:14 - [TEST_STEP][PASSED] - scrollToElement(findTestObject("Object Repository/vrach/psychotest/Page_/thinking"), 0): Scroll to object 'Object Repository/vrach/psychotest/Page_/thinking' successfully

2022-04-13 22:52:15 - [MESSAGE][WARNING] - Timeout '0' is invalid. Using default page load timeout: '30'

2022-04-13 22:52:15 - [MESSAGE][PASSED] - Scroll to object 'Object Repository/vrach/psychotest/Page_/thinking' successfully

2022-04-13 22:52:15 - [TEST_STEP][PASSED] - setText(findTestObject("Object Repository/vrach/psychotest/Page_/thinking"), "9"): Text '9' is set on object 'Object Repository/vrach/psychotest/Page_/thinking'

2022-04-13 22:52:16 - [MESSAGE][PASSED] - Text '9' is set on object 'Object Repository/vrach/psychotest/Page_/thinking'

2022-04-13 22:52:16 - [TEST_STEP][PASSED] - click(findTestObject("Object Repository/vrach/psychotest/Page_/button_save")): Object: 'Object Repository/vrach/psychotest/Page_/button_save' is clicked on

2022-04-13 22:52:17 - [MESSAGE][PASSED] - Object: 'Object Repository/vrach/psychotest/Page_/button_save' is clicked on

2022-04-13 22:52:17 - [TEST_STEP][PASSED] - closeBrowser(): Browser is closed

2022-04-13 22:52:18 - [MESSAGE][PASSED] - Browser is closed]]></system-out>
         <system-err><![CDATA[]]></system-err>
      </testcase>
      <testcase name="Test Cases/Доктор/дописать проверку на игрока Проверка вкладки Питание" time="68.041" classname="Test Cases/Доктор/дописать проверку на игрока Проверка вкладки Питание" status="FAILED">
         <failure type="FAILED" message="Test Cases/Доктор/дописать проверку на игрока Проверка вкладки Питание FAILED.
Reason:
com.kms.katalon.core.exception.StepFailedException: Unable to set text 'автотест питания' of object 'Object Repository/Avangard New/Object (Доктор)/Case (Питание)/input_task'
	at com.kms.katalon.core.webui.keyword.internal.WebUIKeywordMain.stepFailed(WebUIKeywordMain.groovy:64)
	at com.kms.katalon.core.webui.keyword.internal.WebUIKeywordMain.runKeyword(WebUIKeywordMain.groovy:26)
	at com.kms.katalon.core.webui.keyword.builtin.SetTextKeyword.setText(SetTextKeyword.groovy:66)
	at com.kms.katalon.core.webui.keyword.builtin.SetTextKeyword.execute(SetTextKeyword.groovy:37)
	at com.kms.katalon.core.keyword.internal.KeywordExecutor.executeKeywordForPlatform(KeywordExecutor.groovy:74)
	at com.kms.katalon.core.webui.keyword.WebUiBuiltInKeywords.setText(WebUiBuiltInKeywords.groovy:980)
	at com.kms.katalon.core.webui.keyword.WebUiBuiltInKeywords$setText$2.call(Unknown Source)
	at дописать проверку на игрока Проверка вкладки Питание.run(дописать проверку на игрока Проверка вкладки Питание:59)
	at com.kms.katalon.core.main.ScriptEngine.run(ScriptEngine.java:194)
	at com.kms.katalon.core.main.ScriptEngine.runScriptAsRawText(ScriptEngine.java:119)
	at com.kms.katalon.core.main.TestCaseExecutor.runScript(TestCaseExecutor.java:442)
	at com.kms.katalon.core.main.TestCaseExecutor.doExecute(TestCaseExecutor.java:433)
	at com.kms.katalon.core.main.TestCaseExecutor.processExecutionPhase(TestCaseExecutor.java:412)
	at com.kms.katalon.core.main.TestCaseExecutor.accessMainPhase(TestCaseExecutor.java:404)
	at com.kms.katalon.core.main.TestCaseExecutor.execute(TestCaseExecutor.java:281)
	at com.kms.katalon.core.main.TestSuiteExecutor.accessTestCaseMainPhase(TestSuiteExecutor.java:202)
	at com.kms.katalon.core.main.TestSuiteExecutor.accessTestSuiteMainPhase(TestSuiteExecutor.java:164)
	at com.kms.katalon.core.main.TestSuiteExecutor.execute(TestSuiteExecutor.java:105)
	at com.kms.katalon.core.main.TestCaseMain.startTestSuite(TestCaseMain.java:185)
	at com.kms.katalon.core.main.TestCaseMain$startTestSuite$0.call(Unknown Source)
	at TempTestSuite1649879448277.run(TempTestSuite1649879448277.groovy:36)
Caused by: com.kms.katalon.core.webui.exception.WebElementNotFoundException: Web element with id: 'Object Repository/Avangard New/Object (Доктор)/Case (Питание)/input_task' located by '//div[@id='root']/div/div/div[2]/div/div[3]/div/div[2]/div/div/div[2]/div/div/div[2]/div[3]/div/div/div/div/div/input' not found
	at com.kms.katalon.core.webui.common.WebUiCommonHelper.findWebElement(WebUiCommonHelper.java:1370)
	at com.kms.katalon.core.webui.keyword.internal.WebUIAbstractKeyword.findWebElement(WebUIAbstractKeyword.groovy:27)
	at com.kms.katalon.core.webui.keyword.internal.WebUIAbstractKeyword.findWebElement(WebUIAbstractKeyword.groovy:26)
	at com.kms.katalon.core.webui.keyword.builtin.SetTextKeyword$_setText_closure1.doCall(SetTextKeyword.groovy:51)
	at com.kms.katalon.core.webui.keyword.builtin.SetTextKeyword$_setText_closure1.call(SetTextKeyword.groovy)
	at com.kms.katalon.core.webui.keyword.internal.WebUIKeywordMain.runKeyword(WebUIKeywordMain.groovy:20)
	... 19 more
"/>
         <system-out><![CDATA[2022-04-13 22:52:18 - [TEST_CASE][FAILED] - Test Cases/Доктор/дописать проверку на игрока Проверка вкладки Питание: Test Cases/Доктор/дописать проверку на игрока Проверка вкладки Питание FAILED.
Reason:
com.kms.katalon.core.exception.StepFailedException: Unable to set text 'автотест питания' of object 'Object Repository/Avangard New/Object (Доктор)/Case (Питание)/input_task'
	at com.kms.katalon.core.webui.keyword.internal.WebUIKeywordMain.stepFailed(WebUIKeywordMain.groovy:64)
	at com.kms.katalon.core.webui.keyword.internal.WebUIKeywordMain.runKeyword(WebUIKeywordMain.groovy:26)
	at com.kms.katalon.core.webui.keyword.builtin.SetTextKeyword.setText(SetTextKeyword.groovy:66)
	at com.kms.katalon.core.webui.keyword.builtin.SetTextKeyword.execute(SetTextKeyword.groovy:37)
	at com.kms.katalon.core.keyword.internal.KeywordExecutor.executeKeywordForPlatform(KeywordExecutor.groovy:74)
	at com.kms.katalon.core.webui.keyword.WebUiBuiltInKeywords.setText(WebUiBuiltInKeywords.groovy:980)
	at com.kms.katalon.core.webui.keyword.WebUiBuiltInKeywords$setText$2.call(Unknown Source)
	at дописать проверку на игрока Проверка вкладки Питание.run(дописать проверку на игрока Проверка вкладки Питание:59)
	at com.kms.katalon.core.main.ScriptEngine.run(ScriptEngine.java:194)
	at com.kms.katalon.core.main.ScriptEngine.runScriptAsRawText(ScriptEngine.java:119)
	at com.kms.katalon.core.main.TestCaseExecutor.runScript(TestCaseExecutor.java:442)
	at com.kms.katalon.core.main.TestCaseExecutor.doExecute(TestCaseExecutor.java:433)
	at com.kms.katalon.core.main.TestCaseExecutor.processExecutionPhase(TestCaseExecutor.java:412)
	at com.kms.katalon.core.main.TestCaseExecutor.accessMainPhase(TestCaseExecutor.java:404)
	at com.kms.katalon.core.main.TestCaseExecutor.execute(TestCaseExecutor.java:281)
	at com.kms.katalon.core.main.TestSuiteExecutor.accessTestCaseMainPhase(TestSuiteExecutor.java:202)
	at com.kms.katalon.core.main.TestSuiteExecutor.accessTestSuiteMainPhase(TestSuiteExecutor.java:164)
	at com.kms.katalon.core.main.TestSuiteExecutor.execute(TestSuiteExecutor.java:105)
	at com.kms.katalon.core.main.TestCaseMain.startTestSuite(TestCaseMain.java:185)
	at com.kms.katalon.core.main.TestCaseMain$startTestSuite$0.call(Unknown Source)
	at TempTestSuite1649879448277.run(TempTestSuite1649879448277.groovy:36)
Caused by: com.kms.katalon.core.webui.exception.WebElementNotFoundException: Web element with id: 'Object Repository/Avangard New/Object (Доктор)/Case (Питание)/input_task' located by '//div[@id='root']/div/div/div[2]/div/div[3]/div/div[2]/div/div/div[2]/div/div/div[2]/div[3]/div/div/div/div/div/input' not found
	at com.kms.katalon.core.webui.common.WebUiCommonHelper.findWebElement(WebUiCommonHelper.java:1370)
	at com.kms.katalon.core.webui.keyword.internal.WebUIAbstractKeyword.findWebElement(WebUIAbstractKeyword.groovy:27)
	at com.kms.katalon.core.webui.keyword.internal.WebUIAbstractKeyword.findWebElement(WebUIAbstractKeyword.groovy:26)
	at com.kms.katalon.core.webui.keyword.builtin.SetTextKeyword$_setText_closure1.doCall(SetTextKeyword.groovy:51)
	at com.kms.katalon.core.webui.keyword.builtin.SetTextKeyword$_setText_closure1.call(SetTextKeyword.groovy)
	at com.kms.katalon.core.webui.keyword.internal.WebUIKeywordMain.runKeyword(WebUIKeywordMain.groovy:20)
	... 19 more


2022-04-13 22:52:18 - [TEST_STEP][PASSED] - callTestCase(findTestCase("Доктор/Авторизация врач"), [:], STOP_ON_FAILURE): Call Test Case 'Test Cases/Доктор/Авторизация врач' successfully

2022-04-13 22:52:18 - [TEST_CASE][PASSED] - Test Cases/Доктор/Авторизация врач: Test Cases/Доктор/Авторизация врач

2022-04-13 22:52:18 - [TEST_STEP][PASSED] - openBrowser(""): Browser is opened with url: ''

2022-04-13 22:52:18 - [MESSAGE][INFO] - Starting 'Chrome' driver

2022-04-13 22:52:18 - [MESSAGE][INFO] - Action delay is set to 100 milliseconds

2022-04-13 22:52:19 - [MESSAGE][PASSED] - Browser is opened with url: ''

2022-04-13 22:52:19 - [TEST_STEP][PASSED] - maximizeWindow(): Current window maximized

2022-04-13 22:52:19 - [MESSAGE][PASSED] - Current window maximized

2022-04-13 22:52:19 - [TEST_STEP][PASSED] - navigateToUrl(url): Navigate to 'https://stars-stage.hawk.ru:8080' successfully

2022-04-13 22:52:33 - [MESSAGE][PASSED] - Navigate to 'https://stars-stage.hawk.ru:8080' successfully

2022-04-13 22:52:33 - [TEST_STEP][PASSED] - setText(findTestObject("Object Repository/vra/Page_/input__sc-lnrBVv eqPACj"), doktor_login): Text 'TestDoctor@mail.ru' is set on object 'Object Repository/vra/Page_/input__sc-lnrBVv eqPACj'

2022-04-13 22:52:34 - [MESSAGE][PASSED] - Text 'TestDoctor@mail.ru' is set on object 'Object Repository/vra/Page_/input__sc-lnrBVv eqPACj'

2022-04-13 22:52:34 - [TEST_STEP][PASSED] - setText(findTestObject("Object Repository/vra/Page_/input__sc-lnrBVv eqPACj_1"), doktor_password, STOP_ON_FAILURE): Text 'testdoctor@mail.ru' is set on object 'Object Repository/vra/Page_/input__sc-lnrBVv eqPACj_1'

2022-04-13 22:52:35 - [MESSAGE][PASSED] - Text 'testdoctor@mail.ru' is set on object 'Object Repository/vra/Page_/input__sc-lnrBVv eqPACj_1'

2022-04-13 22:52:35 - [TEST_STEP][PASSED] - click(findTestObject("Object Repository/vrach/Page_/Page_/go")): Object: 'Object Repository/vrach/Page_/Page_/go' is clicked on

2022-04-13 22:52:36 - [MESSAGE][PASSED] - Object: 'Object Repository/vrach/Page_/Page_/go' is clicked on

2022-04-13 22:52:36 - [MESSAGE][PASSED] - Call Test Case 'Test Cases/Доктор/Авторизация врач' successfully

2022-04-13 22:52:36 - [TEST_STEP][PASSED] - click(findTestObject("Object Repository/Avangard New/Object (Доктор)/Case (Питание)/span_pitanie")): Object: 'Object Repository/Avangard New/Object (Доктор)/Case (Питание)/span_pitanie' is clicked on

2022-04-13 22:52:40 - [MESSAGE][PASSED] - Object: 'Object Repository/Avangard New/Object (Доктор)/Case (Питание)/span_pitanie' is clicked on

2022-04-13 22:52:40 - [TEST_STEP][PASSED] - click(findTestObject("Object Repository/Avangard New/Object (Доктор)/Case (Питание)/place_choose school")): Object: 'Object Repository/Avangard New/Object (Доктор)/Case (Питание)/place_choose school' is clicked on

2022-04-13 22:52:41 - [MESSAGE][PASSED] - Object: 'Object Repository/Avangard New/Object (Доктор)/Case (Питание)/place_choose school' is clicked on

2022-04-13 22:52:41 - [TEST_STEP][PASSED] - click(findTestObject("Object Repository/Avangard New/Object (Доктор)/Case (Питание)/div_Avangard")): Object: 'Object Repository/Avangard New/Object (Доктор)/Case (Питание)/div_Avangard' is clicked on

2022-04-13 22:52:42 - [MESSAGE][PASSED] - Object: 'Object Repository/Avangard New/Object (Доктор)/Case (Питание)/div_Avangard' is clicked on

2022-04-13 22:52:42 - [TEST_STEP][PASSED] - click(findTestObject("Object Repository/Avangard New/Object (Доктор)/Case (Питание)/place choose team")): Object: 'Object Repository/Avangard New/Object (Доктор)/Case (Питание)/place choose team' is clicked on

2022-04-13 22:52:42 - [MESSAGE][PASSED] - Object: 'Object Repository/Avangard New/Object (Доктор)/Case (Питание)/place choose team' is clicked on

2022-04-13 22:52:42 - [TEST_STEP][NOT_RUN] - click(findTestObject("Object Repository/Avangard New/Object (Доктор)/Case (Питание)/div_omsk")): NOT_RUN: click(findTestObject("Object Repository/Avangard New/Object (Доктор)/Case (Питание)/div_omsk"))

2022-04-13 22:52:42 - [MESSAGE][NOT_RUN] - NOT_RUN: click(findTestObject("Object Repository/Avangard New/Object (Доктор)/Case (Питание)/div_omsk"))

2022-04-13 22:52:42 - [TEST_STEP][PASSED] - setText(findTestObject("Object Repository/Avangard New/Object (Доктор)/Case (Питание)/input__team imt"), school): Text 'Авангард-2005' is set on object 'Object Repository/Avangard New/Object (Доктор)/Case (Питание)/input__team imt'

2022-04-13 22:52:43 - [MESSAGE][PASSED] - Text 'Авангард-2005' is set on object 'Object Repository/Avangard New/Object (Доктор)/Case (Питание)/input__team imt'

2022-04-13 22:52:43 - [TEST_STEP][PASSED] - sendKeys(findTestObject("Object Repository/Avangard New/Object (Доктор)/Case (Питание)/input__team imt"), Keys.chord(ENTER)): Keys 'ENTER + ' sent to object: 'Object Repository/Avangard New/Object (Доктор)/Case (Питание)/input__team imt'

2022-04-13 22:52:44 - [MESSAGE][PASSED] - Keys 'ENTER + ' sent to object: 'Object Repository/Avangard New/Object (Доктор)/Case (Питание)/input__team imt'

2022-04-13 22:52:44 - [TEST_STEP][PASSED] - click(findTestObject("Object Repository/Avangard New/Object (Доктор)/Case (Питание)/button_edit")): Object: 'Object Repository/Avangard New/Object (Доктор)/Case (Питание)/button_edit' is clicked on

2022-04-13 22:52:46 - [MESSAGE][PASSED] - Object: 'Object Repository/Avangard New/Object (Доктор)/Case (Питание)/button_edit' is clicked on

2022-04-13 22:52:46 - [TEST_STEP][PASSED] - click(findTestObject("Object Repository/Avangard New/Object (Доктор)/Case (Питание)/span_add")): Object: 'Object Repository/Avangard New/Object (Доктор)/Case (Питание)/span_add' is clicked on

2022-04-13 22:52:46 - [MESSAGE][PASSED] - Object: 'Object Repository/Avangard New/Object (Доктор)/Case (Питание)/span_add' is clicked on

2022-04-13 22:52:46 - [TEST_STEP][PASSED] - click(findTestObject("Object Repository/Avangard New/Object (Доктор)/Case (Питание)/div_place recomendation1")): Object: 'Object Repository/Avangard New/Object (Доктор)/Case (Питание)/div_place recomendation1' is clicked on

2022-04-13 22:52:48 - [MESSAGE][PASSED] - Object: 'Object Repository/Avangard New/Object (Доктор)/Case (Питание)/div_place recomendation1' is clicked on

2022-04-13 22:52:48 - [TEST_STEP][PASSED] - click(findTestObject("Object Repository/Avangard New/Object (Доктор)/Case (Питание)/div__uglevodi1")): Object: 'Object Repository/Avangard New/Object (Доктор)/Case (Питание)/div__uglevodi1' is clicked on

2022-04-13 22:52:49 - [MESSAGE][PASSED] - Object: 'Object Repository/Avangard New/Object (Доктор)/Case (Питание)/div__uglevodi1' is clicked on

2022-04-13 22:52:49 - [TEST_STEP][PASSED] - setText(findTestObject("Object Repository/Avangard New/Object (Доктор)/Case (Питание)/body_opisaniee"), "автотест питания1"): Text 'автотест питания1' is set on object 'Object Repository/Avangard New/Object (Доктор)/Case (Питание)/body_opisaniee'

2022-04-13 22:52:50 - [MESSAGE][PASSED] - Text 'автотест питания1' is set on object 'Object Repository/Avangard New/Object (Доктор)/Case (Питание)/body_opisaniee'

2022-04-13 22:52:50 - [TEST_STEP][PASSED] - click(findTestObject("Object Repository/Avangard New/Object (Доктор)/Case (Питание)/button_task")): Object: 'Object Repository/Avangard New/Object (Доктор)/Case (Питание)/button_task' is clicked on

2022-04-13 22:52:50 - [MESSAGE][PASSED] - Object: 'Object Repository/Avangard New/Object (Доктор)/Case (Питание)/button_task' is clicked on

2022-04-13 22:52:50 - [TEST_STEP][FAILED] - setText(findTestObject("Object Repository/Avangard New/Object (Доктор)/Case (Питание)/input_task"), "автотест питания"): Unable to set text 'автотест питания' of object 'Object Repository/Avangard New/Object (Доктор)/Case (Питание)/input_task' (Root cause: com.kms.katalon.core.exception.StepFailedException: Unable to set text 'автотест питания' of object 'Object Repository/Avangard New/Object (Доктор)/Case (Питание)/input_task'
	at com.kms.katalon.core.webui.keyword.internal.WebUIKeywordMain.stepFailed(WebUIKeywordMain.groovy:64)
	at com.kms.katalon.core.webui.keyword.internal.WebUIKeywordMain.runKeyword(WebUIKeywordMain.groovy:26)
	at com.kms.katalon.core.webui.keyword.builtin.SetTextKeyword.setText(SetTextKeyword.groovy:66)
	at com.kms.katalon.core.webui.keyword.builtin.SetTextKeyword.execute(SetTextKeyword.groovy:37)
	at com.kms.katalon.core.keyword.internal.KeywordExecutor.executeKeywordForPlatform(KeywordExecutor.groovy:74)
	at com.kms.katalon.core.webui.keyword.WebUiBuiltInKeywords.setText(WebUiBuiltInKeywords.groovy:980)
	at com.kms.katalon.core.webui.keyword.WebUiBuiltInKeywords$setText$2.call(Unknown Source)
	at дописать проверку на игрока Проверка вкладки Питание.run(дописать проверку на игрока Проверка вкладки Питание:59)
	at com.kms.katalon.core.main.ScriptEngine.run(ScriptEngine.java:194)
	at com.kms.katalon.core.main.ScriptEngine.runScriptAsRawText(ScriptEngine.java:119)
	at com.kms.katalon.core.main.TestCaseExecutor.runScript(TestCaseExecutor.java:442)
	at com.kms.katalon.core.main.TestCaseExecutor.doExecute(TestCaseExecutor.java:433)
	at com.kms.katalon.core.main.TestCaseExecutor.processExecutionPhase(TestCaseExecutor.java:412)
	at com.kms.katalon.core.main.TestCaseExecutor.accessMainPhase(TestCaseExecutor.java:404)
	at com.kms.katalon.core.main.TestCaseExecutor.execute(TestCaseExecutor.java:281)
	at com.kms.katalon.core.main.TestSuiteExecutor.accessTestCaseMainPhase(TestSuiteExecutor.java:202)
	at com.kms.katalon.core.main.TestSuiteExecutor.accessTestSuiteMainPhase(TestSuiteExecutor.java:164)
	at com.kms.katalon.core.main.TestSuiteExecutor.execute(TestSuiteExecutor.java:105)
	at com.kms.katalon.core.main.TestCaseMain.startTestSuite(TestCaseMain.java:185)
	at com.kms.katalon.core.main.TestCaseMain$startTestSuite$0.call(Unknown Source)
	at TempTestSuite1649879448277.run(TempTestSuite1649879448277.groovy:36)
Caused by: com.kms.katalon.core.webui.exception.WebElementNotFoundException: Web element with id: 'Object Repository/Avangard New/Object (Доктор)/Case (Питание)/input_task' located by '//div[@id='root']/div/div/div[2]/div/div[3]/div/div[2]/div/div/div[2]/div/div/div[2]/div[3]/div/div/div/div/div/input' not found
	at com.kms.katalon.core.webui.common.WebUiCommonHelper.findWebElement(WebUiCommonHelper.java:1370)
	at com.kms.katalon.core.webui.keyword.internal.WebUIAbstractKeyword.findWebElement(WebUIAbstractKeyword.groovy:27)
	at com.kms.katalon.core.webui.keyword.internal.WebUIAbstractKeyword.findWebElement(WebUIAbstractKeyword.groovy:26)
	at com.kms.katalon.core.webui.keyword.builtin.SetTextKeyword$_setText_closure1.doCall(SetTextKeyword.groovy:51)
	at com.kms.katalon.core.webui.keyword.builtin.SetTextKeyword$_setText_closure1.call(SetTextKeyword.groovy)
	at com.kms.katalon.core.webui.keyword.internal.WebUIKeywordMain.runKeyword(WebUIKeywordMain.groovy:20)
	at com.kms.katalon.core.webui.keyword.builtin.SetTextKeyword.setText(SetTextKeyword.groovy:66)
	at com.kms.katalon.core.webui.keyword.builtin.SetTextKeyword.execute(SetTextKeyword.groovy:37)
	at com.kms.katalon.core.keyword.internal.KeywordExecutor.executeKeywordForPlatform(KeywordExecutor.groovy:74)
	at com.kms.katalon.core.webui.keyword.WebUiBuiltInKeywords.setText(WebUiBuiltInKeywords.groovy:980)
	at com.kms.katalon.core.webui.keyword.WebUiBuiltInKeywords$setText$2.call(Unknown Source)
	at Script1645638970189.run(Script1645638970189.groovy:59)
	... 13 more
)

2022-04-13 22:53:21 - [MESSAGE][INFO] - Unable to find the element located by 'By.xpath: //div[@id='root']/div/div/div[2]/div/div[3]/div/div[2]/div/div/div[2]/div/div/div[2]/div[3]/div/div/div/div/div/input'. Please recheck the objects properties to make sure the desired element is located. 

2022-04-13 22:53:21 - [MESSAGE][WARNING] - [SELF-HEALING] Failed to find element with id 'Object Repository/Avangard New/Object (Доктор)/Case (Питание)/input_task'. Try using Self-healing.

2022-04-13 22:53:22 - [MESSAGE][INFO] - [SELF-HEALING] Failed Locator: '(//input[@value=''])[4]'.

2022-04-13 22:53:22 - [MESSAGE][INFO] - [SELF-HEALING] Failed Locator: '//div[@id='root']/div/div/div[2]/div/div[3]/div/div[2]/div/div/div[2]/div/div/div[2]/div[3]/div/div/div/div/div/input'.

2022-04-13 22:53:22 - [MESSAGE][INFO] - [SELF-HEALING] Failed Locator: '//div[3]/div/div/div/div/div/input'.

2022-04-13 22:53:22 - [MESSAGE][INFO] - [SELF-HEALING] Failed Locator: '//input[@placeholder = 'Введите название задачи']'.

2022-04-13 22:53:23 - [MESSAGE][INFO] - Unable to find the element located by 'By.xpath: //*[@placeholder = 'Введите название задачи']'. Please recheck the objects properties to make sure the desired element is located. 

2022-04-13 22:53:25 - [MESSAGE][INFO] - Unable to find the element located by 'By.cssSelector: input.Input-sc-rbewbw-0.cOHhWz'. Please recheck the objects properties to make sure the desired element is located. 

2022-04-13 22:53:25 - [MESSAGE][FAILED] - Unable to set text 'автотест питания' of object 'Object Repository/Avangard New/Object (Доктор)/Case (Питание)/input_task' (Root cause: com.kms.katalon.core.exception.StepFailedException: Unable to set text 'автотест питания' of object 'Object Repository/Avangard New/Object (Доктор)/Case (Питание)/input_task'
	at com.kms.katalon.core.webui.keyword.internal.WebUIKeywordMain.stepFailed(WebUIKeywordMain.groovy:64)
	at com.kms.katalon.core.webui.keyword.internal.WebUIKeywordMain.runKeyword(WebUIKeywordMain.groovy:26)
	at com.kms.katalon.core.webui.keyword.builtin.SetTextKeyword.setText(SetTextKeyword.groovy:66)
	at com.kms.katalon.core.webui.keyword.builtin.SetTextKeyword.execute(SetTextKeyword.groovy:37)
	at com.kms.katalon.core.keyword.internal.KeywordExecutor.executeKeywordForPlatform(KeywordExecutor.groovy:74)
	at com.kms.katalon.core.webui.keyword.WebUiBuiltInKeywords.setText(WebUiBuiltInKeywords.groovy:980)
	at com.kms.katalon.core.webui.keyword.WebUiBuiltInKeywords$setText$2.call(Unknown Source)
	at дописать проверку на игрока Проверка вкладки Питание.run(дописать проверку на игрока Проверка вкладки Питание:59)
	at com.kms.katalon.core.main.ScriptEngine.run(ScriptEngine.java:194)
	at com.kms.katalon.core.main.ScriptEngine.runScriptAsRawText(ScriptEngine.java:119)
	at com.kms.katalon.core.main.TestCaseExecutor.runScript(TestCaseExecutor.java:442)
	at com.kms.katalon.core.main.TestCaseExecutor.doExecute(TestCaseExecutor.java:433)
	at com.kms.katalon.core.main.TestCaseExecutor.processExecutionPhase(TestCaseExecutor.java:412)
	at com.kms.katalon.core.main.TestCaseExecutor.accessMainPhase(TestCaseExecutor.java:404)
	at com.kms.katalon.core.main.TestCaseExecutor.execute(TestCaseExecutor.java:281)
	at com.kms.katalon.core.main.TestSuiteExecutor.accessTestCaseMainPhase(TestSuiteExecutor.java:202)
	at com.kms.katalon.core.main.TestSuiteExecutor.accessTestSuiteMainPhase(TestSuiteExecutor.java:164)
	at com.kms.katalon.core.main.TestSuiteExecutor.execute(TestSuiteExecutor.java:105)
	at com.kms.katalon.core.main.TestCaseMain.startTestSuite(TestCaseMain.java:185)
	at com.kms.katalon.core.main.TestCaseMain$startTestSuite$0.call(Unknown Source)
	at TempTestSuite1649879448277.run(TempTestSuite1649879448277.groovy:36)
Caused by: com.kms.katalon.core.webui.exception.WebElementNotFoundException: Web element with id: 'Object Repository/Avangard New/Object (Доктор)/Case (Питание)/input_task' located by '//div[@id='root']/div/div/div[2]/div/div[3]/div/div[2]/div/div/div[2]/div/div/div[2]/div[3]/div/div/div/div/div/input' not found
	at com.kms.katalon.core.webui.common.WebUiCommonHelper.findWebElement(WebUiCommonHelper.java:1370)
	at com.kms.katalon.core.webui.keyword.internal.WebUIAbstractKeyword.findWebElement(WebUIAbstractKeyword.groovy:27)
	at com.kms.katalon.core.webui.keyword.internal.WebUIAbstractKeyword.findWebElement(WebUIAbstractKeyword.groovy:26)
	at com.kms.katalon.core.webui.keyword.builtin.SetTextKeyword$_setText_closure1.doCall(SetTextKeyword.groovy:51)
	at com.kms.katalon.core.webui.keyword.builtin.SetTextKeyword$_setText_closure1.call(SetTextKeyword.groovy)
	at com.kms.katalon.core.webui.keyword.internal.WebUIKeywordMain.runKeyword(WebUIKeywordMain.groovy:20)
	at com.kms.katalon.core.webui.keyword.builtin.SetTextKeyword.setText(SetTextKeyword.groovy:66)
	at com.kms.katalon.core.webui.keyword.builtin.SetTextKeyword.execute(SetTextKeyword.groovy:37)
	at com.kms.katalon.core.keyword.internal.KeywordExecutor.executeKeywordForPlatform(KeywordExecutor.groovy:74)
	at com.kms.katalon.core.webui.keyword.WebUiBuiltInKeywords.setText(WebUiBuiltInKeywords.groovy:980)
	at com.kms.katalon.core.webui.keyword.WebUiBuiltInKeywords$setText$2.call(Unknown Source)
	at Script1645638970189.run(Script1645638970189.groovy:59)
	... 13 more
)
[[ATTACHMENT|C:\\Users\\LENOVO\\Katalon Studio\\Avangard\\Reports\\20220413_225045\\\u0414\u043E\u043A\u0442\u043E\u0440\\20220413_225048\\1649879605009.png]]]]></system-out>
         <system-err><![CDATA[2022-04-13 22:52:18 - [TEST_CASE][FAILED] - Test Cases/Доктор/дописать проверку на игрока Проверка вкладки Питание: Test Cases/Доктор/дописать проверку на игрока Проверка вкладки Питание FAILED.
Reason:
com.kms.katalon.core.exception.StepFailedException: Unable to set text 'автотест питания' of object 'Object Repository/Avangard New/Object (Доктор)/Case (Питание)/input_task'
	at com.kms.katalon.core.webui.keyword.internal.WebUIKeywordMain.stepFailed(WebUIKeywordMain.groovy:64)
	at com.kms.katalon.core.webui.keyword.internal.WebUIKeywordMain.runKeyword(WebUIKeywordMain.groovy:26)
	at com.kms.katalon.core.webui.keyword.builtin.SetTextKeyword.setText(SetTextKeyword.groovy:66)
	at com.kms.katalon.core.webui.keyword.builtin.SetTextKeyword.execute(SetTextKeyword.groovy:37)
	at com.kms.katalon.core.keyword.internal.KeywordExecutor.executeKeywordForPlatform(KeywordExecutor.groovy:74)
	at com.kms.katalon.core.webui.keyword.WebUiBuiltInKeywords.setText(WebUiBuiltInKeywords.groovy:980)
	at com.kms.katalon.core.webui.keyword.WebUiBuiltInKeywords$setText$2.call(Unknown Source)
	at дописать проверку на игрока Проверка вкладки Питание.run(дописать проверку на игрока Проверка вкладки Питание:59)
	at com.kms.katalon.core.main.ScriptEngine.run(ScriptEngine.java:194)
	at com.kms.katalon.core.main.ScriptEngine.runScriptAsRawText(ScriptEngine.java:119)
	at com.kms.katalon.core.main.TestCaseExecutor.runScript(TestCaseExecutor.java:442)
	at com.kms.katalon.core.main.TestCaseExecutor.doExecute(TestCaseExecutor.java:433)
	at com.kms.katalon.core.main.TestCaseExecutor.processExecutionPhase(TestCaseExecutor.java:412)
	at com.kms.katalon.core.main.TestCaseExecutor.accessMainPhase(TestCaseExecutor.java:404)
	at com.kms.katalon.core.main.TestCaseExecutor.execute(TestCaseExecutor.java:281)
	at com.kms.katalon.core.main.TestSuiteExecutor.accessTestCaseMainPhase(TestSuiteExecutor.java:202)
	at com.kms.katalon.core.main.TestSuiteExecutor.accessTestSuiteMainPhase(TestSuiteExecutor.java:164)
	at com.kms.katalon.core.main.TestSuiteExecutor.execute(TestSuiteExecutor.java:105)
	at com.kms.katalon.core.main.TestCaseMain.startTestSuite(TestCaseMain.java:185)
	at com.kms.katalon.core.main.TestCaseMain$startTestSuite$0.call(Unknown Source)
	at TempTestSuite1649879448277.run(TempTestSuite1649879448277.groovy:36)
Caused by: com.kms.katalon.core.webui.exception.WebElementNotFoundException: Web element with id: 'Object Repository/Avangard New/Object (Доктор)/Case (Питание)/input_task' located by '//div[@id='root']/div/div/div[2]/div/div[3]/div/div[2]/div/div/div[2]/div/div/div[2]/div[3]/div/div/div/div/div/input' not found
	at com.kms.katalon.core.webui.common.WebUiCommonHelper.findWebElement(WebUiCommonHelper.java:1370)
	at com.kms.katalon.core.webui.keyword.internal.WebUIAbstractKeyword.findWebElement(WebUIAbstractKeyword.groovy:27)
	at com.kms.katalon.core.webui.keyword.internal.WebUIAbstractKeyword.findWebElement(WebUIAbstractKeyword.groovy:26)
	at com.kms.katalon.core.webui.keyword.builtin.SetTextKeyword$_setText_closure1.doCall(SetTextKeyword.groovy:51)
	at com.kms.katalon.core.webui.keyword.builtin.SetTextKeyword$_setText_closure1.call(SetTextKeyword.groovy)
	at com.kms.katalon.core.webui.keyword.internal.WebUIKeywordMain.runKeyword(WebUIKeywordMain.groovy:20)
	... 19 more]]></system-err>
      </testcase>
      <testcase name="Test Cases/Доктор/Создание карточки болезни" time="170.315" classname="Test Cases/Доктор/Создание карточки болезни" status="PASSED">
         <system-out><![CDATA[2022-04-13 22:53:26 - [TEST_CASE][PASSED] - Test Cases/Доктор/Создание карточки болезни: Test Cases/Доктор/Создание карточки болезни

2022-04-13 22:53:26 - [TEST_STEP][PASSED] - callTestCase(findTestCase("Доктор/Авторизация врач"), [:], STOP_ON_FAILURE): Call Test Case 'Test Cases/Доктор/Авторизация врач' successfully

2022-04-13 22:53:26 - [TEST_CASE][PASSED] - Test Cases/Доктор/Авторизация врач: Test Cases/Доктор/Авторизация врач

2022-04-13 22:53:26 - [TEST_STEP][PASSED] - openBrowser(""): Browser is opened with url: ''

2022-04-13 22:53:26 - [MESSAGE][WARNING] - A browser is already opened. Closing browser and opening a new one

2022-04-13 22:53:27 - [MESSAGE][INFO] - Starting 'Chrome' driver

2022-04-13 22:53:27 - [MESSAGE][INFO] - Action delay is set to 100 milliseconds

2022-04-13 22:53:28 - [MESSAGE][PASSED] - Browser is opened with url: ''

2022-04-13 22:53:28 - [TEST_STEP][PASSED] - maximizeWindow(): Current window maximized

2022-04-13 22:53:28 - [MESSAGE][PASSED] - Current window maximized

2022-04-13 22:53:28 - [TEST_STEP][PASSED] - navigateToUrl(url): Navigate to 'https://stars-stage.hawk.ru:8080' successfully

2022-04-13 22:53:35 - [MESSAGE][PASSED] - Navigate to 'https://stars-stage.hawk.ru:8080' successfully

2022-04-13 22:53:35 - [TEST_STEP][PASSED] - setText(findTestObject("Object Repository/vra/Page_/input__sc-lnrBVv eqPACj"), doktor_login): Text 'TestDoctor@mail.ru' is set on object 'Object Repository/vra/Page_/input__sc-lnrBVv eqPACj'

2022-04-13 22:53:36 - [MESSAGE][PASSED] - Text 'TestDoctor@mail.ru' is set on object 'Object Repository/vra/Page_/input__sc-lnrBVv eqPACj'

2022-04-13 22:53:36 - [TEST_STEP][PASSED] - setText(findTestObject("Object Repository/vra/Page_/input__sc-lnrBVv eqPACj_1"), doktor_password, STOP_ON_FAILURE): Text 'testdoctor@mail.ru' is set on object 'Object Repository/vra/Page_/input__sc-lnrBVv eqPACj_1'

2022-04-13 22:53:37 - [MESSAGE][PASSED] - Text 'testdoctor@mail.ru' is set on object 'Object Repository/vra/Page_/input__sc-lnrBVv eqPACj_1'

2022-04-13 22:53:37 - [TEST_STEP][PASSED] - click(findTestObject("Object Repository/vrach/Page_/Page_/go")): Object: 'Object Repository/vrach/Page_/Page_/go' is clicked on

2022-04-13 22:53:38 - [MESSAGE][PASSED] - Object: 'Object Repository/vrach/Page_/Page_/go' is clicked on

2022-04-13 22:53:38 - [MESSAGE][PASSED] - Call Test Case 'Test Cases/Доктор/Авторизация врач' successfully

2022-04-13 22:53:38 - [TEST_STEP][PASSED] - click(findTestObject("Avangard New/Object (Доктор)/Case (Создание карточки и удаление)/button_add")): Object: 'Object Repository/Avangard New/Object (Доктор)/Case (Создание карточки и удаление)/button_add' is clicked on

2022-04-13 22:53:42 - [MESSAGE][PASSED] - Object: 'Object Repository/Avangard New/Object (Доктор)/Case (Создание карточки и удаление)/button_add' is clicked on

2022-04-13 22:53:42 - [TEST_STEP][PASSED] - click(findTestObject("Avangard New/Object (Доктор)/Case (Создание карточки и удаление)/school")): Object: 'Object Repository/Avangard New/Object (Доктор)/Case (Создание карточки и удаление)/school' is clicked on

2022-04-13 22:53:42 - [MESSAGE][PASSED] - Object: 'Object Repository/Avangard New/Object (Доктор)/Case (Создание карточки и удаление)/school' is clicked on

2022-04-13 22:53:42 - [TEST_STEP][PASSED] - click(findTestObject("Avangard New/Object (Доктор)/Case (Создание карточки и удаление)/avanguard")): Object: 'Object Repository/Avangard New/Object (Доктор)/Case (Создание карточки и удаление)/avanguard' is clicked on

2022-04-13 22:53:43 - [MESSAGE][PASSED] - Object: 'Object Repository/Avangard New/Object (Доктор)/Case (Создание карточки и удаление)/avanguard' is clicked on

2022-04-13 22:53:43 - [TEST_STEP][PASSED] - click(findTestObject("Avangard New/Object (Доктор)/Case (Создание карточки и удаление)/team")): Object: 'Object Repository/Avangard New/Object (Доктор)/Case (Создание карточки и удаление)/team' is clicked on

2022-04-13 22:53:43 - [MESSAGE][PASSED] - Object: 'Object Repository/Avangard New/Object (Доктор)/Case (Создание карточки и удаление)/team' is clicked on

2022-04-13 22:53:43 - [TEST_STEP][PASSED] - click(findTestObject("Avangard New/Object (Доктор)/Case (Создание карточки и удаление)/var_team")): Object: 'Object Repository/Avangard New/Object (Доктор)/Case (Создание карточки и удаление)/var_team' is clicked on

2022-04-13 22:53:44 - [MESSAGE][PASSED] - Object: 'Object Repository/Avangard New/Object (Доктор)/Case (Создание карточки и удаление)/var_team' is clicked on

2022-04-13 22:53:44 - [TEST_STEP][PASSED] - click(findTestObject("Avangard New/Object (Доктор)/Case (Создание карточки и удаление)/player")): Object: 'Object Repository/Avangard New/Object (Доктор)/Case (Создание карточки и удаление)/player' is clicked on

2022-04-13 22:53:45 - [MESSAGE][PASSED] - Object: 'Object Repository/Avangard New/Object (Доктор)/Case (Создание карточки и удаление)/player' is clicked on

2022-04-13 22:53:45 - [TEST_STEP][PASSED] - click(findTestObject("Avangard New/Object (Доктор)/Case (Создание карточки и удаление)/var_player")): Object: 'Object Repository/Avangard New/Object (Доктор)/Case (Создание карточки и удаление)/var_player' is clicked on

2022-04-13 22:53:45 - [MESSAGE][PASSED] - Object: 'Object Repository/Avangard New/Object (Доктор)/Case (Создание карточки и удаление)/var_player' is clicked on

2022-04-13 22:53:45 - [TEST_STEP][PASSED] - click(findTestObject("Avangard New/Object (Доктор)/Case (Создание карточки и удаление)/tip")): Object: 'Object Repository/Avangard New/Object (Доктор)/Case (Создание карточки и удаление)/tip' is clicked on

2022-04-13 22:53:46 - [MESSAGE][PASSED] - Object: 'Object Repository/Avangard New/Object (Доктор)/Case (Создание карточки и удаление)/tip' is clicked on

2022-04-13 22:53:46 - [TEST_STEP][PASSED] - click(findTestObject("Avangard New/Object (Доктор)/Case (Создание карточки и удаление)/travma")): Object: 'Object Repository/Avangard New/Object (Доктор)/Case (Создание карточки и удаление)/travma' is clicked on

2022-04-13 22:53:47 - [MESSAGE][PASSED] - Object: 'Object Repository/Avangard New/Object (Доктор)/Case (Создание карточки и удаление)/travma' is clicked on

2022-04-13 22:53:47 - [TEST_STEP][PASSED] - click(findTestObject("Avangard New/Object (Доктор)/Case (Создание карточки и удаление)/stady 1")): Object: 'Object Repository/Avangard New/Object (Доктор)/Case (Создание карточки и удаление)/stady 1' is clicked on

2022-04-13 22:53:47 - [MESSAGE][PASSED] - Object: 'Object Repository/Avangard New/Object (Доктор)/Case (Создание карточки и удаление)/stady 1' is clicked on

2022-04-13 22:53:47 - [TEST_STEP][PASSED] - click(findTestObject("Avangard New/Object (Доктор)/Case (Создание карточки и удаление)/choise_stady")): Object: 'Object Repository/Avangard New/Object (Доктор)/Case (Создание карточки и удаление)/choise_stady' is clicked on

2022-04-13 22:53:48 - [MESSAGE][PASSED] - Object: 'Object Repository/Avangard New/Object (Доктор)/Case (Создание карточки и удаление)/choise_stady' is clicked on

2022-04-13 22:53:48 - [TEST_STEP][PASSED] - click(findTestObject("Avangard New/Object (Доктор)/Case (Создание карточки и удаление)/tip travm")): Object: 'Object Repository/Avangard New/Object (Доктор)/Case (Создание карточки и удаление)/tip travm' is clicked on

2022-04-13 22:53:48 - [MESSAGE][PASSED] - Object: 'Object Repository/Avangard New/Object (Доктор)/Case (Создание карточки и удаление)/tip travm' is clicked on

2022-04-13 22:53:48 - [TEST_STEP][PASSED] - click(findTestObject("Avangard New/Object (Доктор)/Case (Создание карточки и удаление)/choise_travm")): Object: 'Object Repository/Avangard New/Object (Доктор)/Case (Создание карточки и удаление)/choise_travm' is clicked on

2022-04-13 22:53:49 - [MESSAGE][PASSED] - Object: 'Object Repository/Avangard New/Object (Доктор)/Case (Создание карточки и удаление)/choise_travm' is clicked on

2022-04-13 22:53:49 - [TEST_STEP][PASSED] - setText(findTestObject("Avangard New/Object (Доктор)/Case (Создание карточки и удаление)/dop opisanie"), "автотестирование "): Text 'автотестирование ' is set on object 'Object Repository/Avangard New/Object (Доктор)/Case (Создание карточки и удаление)/dop opisanie'

2022-04-13 22:53:51 - [MESSAGE][PASSED] - Text 'автотестирование ' is set on object 'Object Repository/Avangard New/Object (Доктор)/Case (Создание карточки и удаление)/dop opisanie'

2022-04-13 22:53:51 - [TEST_STEP][PASSED] - click(findTestObject("Avangard New/Object (Доктор)/Case (Создание карточки и удаление)/button_save")): Object: 'Object Repository/Avangard New/Object (Доктор)/Case (Создание карточки и удаление)/button_save' is clicked on

2022-04-13 22:53:51 - [MESSAGE][PASSED] - Object: 'Object Repository/Avangard New/Object (Доктор)/Case (Создание карточки и удаление)/button_save' is clicked on

2022-04-13 22:53:51 - [TEST_STEP][PASSED] - verifyTextPresent("Карточка успешно сохранена", false): Text 'Карточка успешно сохранена' is present on page 

2022-04-13 22:53:52 - [MESSAGE][PASSED] - Text 'Карточка успешно сохранена' is present on page 

2022-04-13 22:53:52 - [TEST_STEP][PASSED] - callTestCase(findTestCase("Доктор/Проверка в профиле статуса Травмирован (переиспользуется в Создание карточки болезни)"), [:], STOP_ON_FAILURE): Call Test Case 'Test Cases/Доктор/Проверка в профиле статуса Травмирован (переиспользуется в Создание карточки болезни)' successfully

2022-04-13 22:53:52 - [TEST_CASE][PASSED] - Test Cases/Доктор/Проверка в профиле статуса Травмирован (переиспользуется в Создание карточки болезни): Test Cases/Доктор/Проверка в профиле статуса Травмирован (переиспользуется в Создание карточки болезни)

2022-04-13 22:53:53 - [TEST_STEP][PASSED] - callTestCase(findTestCase("Доктор/Авторизация врач"), [:], STOP_ON_FAILURE): Call Test Case 'Test Cases/Доктор/Авторизация врач' successfully

2022-04-13 22:53:53 - [TEST_CASE][PASSED] - Test Cases/Доктор/Авторизация врач: Test Cases/Доктор/Авторизация врач

2022-04-13 22:53:53 - [TEST_STEP][PASSED] - openBrowser(""): Browser is opened with url: ''

2022-04-13 22:53:53 - [MESSAGE][WARNING] - A browser is already opened. Closing browser and opening a new one

2022-04-13 22:53:53 - [MESSAGE][INFO] - Starting 'Chrome' driver

2022-04-13 22:53:53 - [MESSAGE][INFO] - Action delay is set to 100 milliseconds

2022-04-13 22:53:54 - [MESSAGE][PASSED] - Browser is opened with url: ''

2022-04-13 22:53:54 - [TEST_STEP][PASSED] - maximizeWindow(): Current window maximized

2022-04-13 22:53:54 - [MESSAGE][PASSED] - Current window maximized

2022-04-13 22:53:54 - [TEST_STEP][PASSED] - navigateToUrl(url): Navigate to 'https://stars-stage.hawk.ru:8080' successfully

2022-04-13 22:53:59 - [MESSAGE][PASSED] - Navigate to 'https://stars-stage.hawk.ru:8080' successfully

2022-04-13 22:53:59 - [TEST_STEP][PASSED] - setText(findTestObject("Object Repository/vra/Page_/input__sc-lnrBVv eqPACj"), doktor_login): Text 'TestDoctor@mail.ru' is set on object 'Object Repository/vra/Page_/input__sc-lnrBVv eqPACj'

2022-04-13 22:54:00 - [MESSAGE][PASSED] - Text 'TestDoctor@mail.ru' is set on object 'Object Repository/vra/Page_/input__sc-lnrBVv eqPACj'

2022-04-13 22:54:00 - [TEST_STEP][PASSED] - setText(findTestObject("Object Repository/vra/Page_/input__sc-lnrBVv eqPACj_1"), doktor_password, STOP_ON_FAILURE): Text 'testdoctor@mail.ru' is set on object 'Object Repository/vra/Page_/input__sc-lnrBVv eqPACj_1'

2022-04-13 22:54:01 - [MESSAGE][PASSED] - Text 'testdoctor@mail.ru' is set on object 'Object Repository/vra/Page_/input__sc-lnrBVv eqPACj_1'

2022-04-13 22:54:01 - [TEST_STEP][PASSED] - click(findTestObject("Object Repository/vrach/Page_/Page_/go")): Object: 'Object Repository/vrach/Page_/Page_/go' is clicked on

2022-04-13 22:54:02 - [MESSAGE][PASSED] - Object: 'Object Repository/vrach/Page_/Page_/go' is clicked on

2022-04-13 22:54:02 - [MESSAGE][PASSED] - Call Test Case 'Test Cases/Доктор/Авторизация врач' successfully

2022-04-13 22:54:02 - [TEST_STEP][PASSED] - click(findTestObject("Avangard New/Object (Доктор)/Case (Создание карточки и удаление)/player_menu")): Object: 'Object Repository/Avangard New/Object (Доктор)/Case (Создание карточки и удаление)/player_menu' is clicked on

2022-04-13 22:54:05 - [MESSAGE][PASSED] - Object: 'Object Repository/Avangard New/Object (Доктор)/Case (Создание карточки и удаление)/player_menu' is clicked on

2022-04-13 22:54:05 - [TEST_STEP][PASSED] - setText(findTestObject("Avangard New/Object (Доктор)/Case (Создание карточки и удаление)/input__Search"), player_for_test_1): Text 'Власенко' is set on object 'Object Repository/Avangard New/Object (Доктор)/Case (Создание карточки и удаление)/input__Search'

2022-04-13 22:54:07 - [MESSAGE][PASSED] - Text 'Власенко' is set on object 'Object Repository/Avangard New/Object (Доктор)/Case (Создание карточки и удаление)/input__Search'

2022-04-13 22:54:07 - [TEST_STEP][PASSED] - click(findTestObject("Avangard New/Object (Доктор)/Case (Создание карточки и удаление)/var_player")): Object: 'Object Repository/Avangard New/Object (Доктор)/Case (Создание карточки и удаление)/var_player' is clicked on

2022-04-13 22:54:09 - [MESSAGE][PASSED] - Object: 'Object Repository/Avangard New/Object (Доктор)/Case (Создание карточки и удаление)/var_player' is clicked on

2022-04-13 22:54:09 - [TEST_STEP][PASSED] - verifyElementText(findTestObject("Avangard New/Object (Доктор)/Case (Создание карточки и удаление)/chek_stat"), "Травмирован"): Actual text and expected text of test object 'Object Repository/Avangard New/Object (Доктор)/Case (Создание карточки и удаление)/chek_stat' are matched.

2022-04-13 22:54:10 - [MESSAGE][PASSED] - Actual text and expected text of test object 'Object Repository/Avangard New/Object (Доктор)/Case (Создание карточки и удаление)/chek_stat' are matched.

2022-04-13 22:54:10 - [MESSAGE][PASSED] - Call Test Case 'Test Cases/Доктор/Проверка в профиле статуса Травмирован (переиспользуется в Создание карточки болезни)' successfully

2022-04-13 22:54:10 - [TEST_STEP][PASSED] - callTestCase(findTestCase("Доктор/Вкладки удаление (переиспользуется в Создание карточки болезни)"), [:], STOP_ON_FAILURE): Call Test Case 'Test Cases/Доктор/Вкладки удаление (переиспользуется в Создание карточки болезни)' successfully

2022-04-13 22:54:10 - [TEST_CASE][PASSED] - Test Cases/Доктор/Вкладки удаление (переиспользуется в Создание карточки болезни): Test Cases/Доктор/Вкладки удаление (переиспользуется в Создание карточки болезни)

2022-04-13 22:54:11 - [TEST_STEP][PASSED] - callTestCase(findTestCase("Доктор/Авторизация врач"), [:], STOP_ON_FAILURE): Call Test Case 'Test Cases/Доктор/Авторизация врач' successfully

2022-04-13 22:54:11 - [TEST_CASE][PASSED] - Test Cases/Доктор/Авторизация врач: Test Cases/Доктор/Авторизация врач

2022-04-13 22:54:11 - [TEST_STEP][PASSED] - openBrowser(""): Browser is opened with url: ''

2022-04-13 22:54:11 - [MESSAGE][WARNING] - A browser is already opened. Closing browser and opening a new one

2022-04-13 22:54:12 - [MESSAGE][INFO] - Starting 'Chrome' driver

2022-04-13 22:54:12 - [MESSAGE][INFO] - Action delay is set to 100 milliseconds

2022-04-13 22:54:13 - [MESSAGE][PASSED] - Browser is opened with url: ''

2022-04-13 22:54:13 - [TEST_STEP][PASSED] - maximizeWindow(): Current window maximized

2022-04-13 22:54:13 - [MESSAGE][PASSED] - Current window maximized

2022-04-13 22:54:13 - [TEST_STEP][PASSED] - navigateToUrl(url): Navigate to 'https://stars-stage.hawk.ru:8080' successfully

2022-04-13 22:54:18 - [MESSAGE][PASSED] - Navigate to 'https://stars-stage.hawk.ru:8080' successfully

2022-04-13 22:54:18 - [TEST_STEP][PASSED] - setText(findTestObject("Object Repository/vra/Page_/input__sc-lnrBVv eqPACj"), doktor_login): Text 'TestDoctor@mail.ru' is set on object 'Object Repository/vra/Page_/input__sc-lnrBVv eqPACj'

2022-04-13 22:54:19 - [MESSAGE][PASSED] - Text 'TestDoctor@mail.ru' is set on object 'Object Repository/vra/Page_/input__sc-lnrBVv eqPACj'

2022-04-13 22:54:19 - [TEST_STEP][PASSED] - setText(findTestObject("Object Repository/vra/Page_/input__sc-lnrBVv eqPACj_1"), doktor_password, STOP_ON_FAILURE): Text 'testdoctor@mail.ru' is set on object 'Object Repository/vra/Page_/input__sc-lnrBVv eqPACj_1'

2022-04-13 22:54:20 - [MESSAGE][PASSED] - Text 'testdoctor@mail.ru' is set on object 'Object Repository/vra/Page_/input__sc-lnrBVv eqPACj_1'

2022-04-13 22:54:20 - [TEST_STEP][PASSED] - click(findTestObject("Object Repository/vrach/Page_/Page_/go")): Object: 'Object Repository/vrach/Page_/Page_/go' is clicked on

2022-04-13 22:54:20 - [MESSAGE][PASSED] - Object: 'Object Repository/vrach/Page_/Page_/go' is clicked on

2022-04-13 22:54:20 - [MESSAGE][PASSED] - Call Test Case 'Test Cases/Доктор/Авторизация врач' successfully

2022-04-13 22:54:20 - [TEST_STEP][PASSED] - setText(findTestObject("Object Repository/Avangard New/Object (Доктор)/Case (Создание карточки и удаление)/input__school eat"), ""Авангард" Академия"): Text '"Авангард" Академия' is set on object 'Object Repository/Avangard New/Object (Доктор)/Case (Создание карточки и удаление)/input__school eat'

2022-04-13 22:54:25 - [MESSAGE][PASSED] - Text '"Авангард" Академия' is set on object 'Object Repository/Avangard New/Object (Доктор)/Case (Создание карточки и удаление)/input__school eat'

2022-04-13 22:54:25 - [TEST_STEP][PASSED] - click(findTestObject("Object Repository/Avangard New/Object (Доктор)/Case (Создание карточки и удаление)/1 posithion school eat")): Object: 'Object Repository/Avangard New/Object (Доктор)/Case (Создание карточки и удаление)/1 posithion school eat' is clicked on

2022-04-13 22:54:25 - [MESSAGE][PASSED] - Object: 'Object Repository/Avangard New/Object (Доктор)/Case (Создание карточки и удаление)/1 posithion school eat' is clicked on

2022-04-13 22:54:25 - [TEST_STEP][NOT_RUN] - sendKeys(findTestObject("Object Repository/Avangard New/Object (Доктор)/Case (Создание карточки и удаление)/input__school eat keys"), Keys.chord(ENTER)): NOT_RUN: sendKeys(findTestObject("Object Repository/Avangard New/Object (Доктор)/Case (Создание карточки и удаление)/input__school eat keys"), Keys.chord(ENTER))

2022-04-13 22:54:25 - [MESSAGE][NOT_RUN] - NOT_RUN: sendKeys(findTestObject("Object Repository/Avangard New/Object (Доктор)/Case (Создание карточки и удаление)/input__school eat keys"), Keys.chord(ENTER))

2022-04-13 22:54:25 - [TEST_STEP][PASSED] - setText(findTestObject("Object Repository/Avangard New/Object (Доктор)/Case (Создание карточки и удаление)/input__team eat"), school): Text 'Авангард-2005' is set on object 'Object Repository/Avangard New/Object (Доктор)/Case (Создание карточки и удаление)/input__team eat'

2022-04-13 22:54:27 - [MESSAGE][PASSED] - Text 'Авангард-2005' is set on object 'Object Repository/Avangard New/Object (Доктор)/Case (Создание карточки и удаление)/input__team eat'

2022-04-13 22:54:27 - [TEST_STEP][PASSED] - click(findTestObject("Object Repository/Avangard New/Object (Доктор)/Case (Создание карточки и удаление)/1 posithion team eat")): Object: 'Object Repository/Avangard New/Object (Доктор)/Case (Создание карточки и удаление)/1 posithion team eat' is clicked on

2022-04-13 22:54:58 - [MESSAGE][INFO] - Unable to find the element located by 'By.xpath: //div[@id='react-select-7-option-1']'. Please recheck the objects properties to make sure the desired element is located. 

2022-04-13 22:54:58 - [MESSAGE][WARNING] - [SELF-HEALING] Failed to find element with id 'Object Repository/Avangard New/Object (Доктор)/Case (Создание карточки и удаление)/1 posithion team eat'. Try using Self-healing.

2022-04-13 22:54:59 - [MESSAGE][WARNING] - [SELF-HEALING] The current locator of test object 'Object Repository/Avangard New/Object (Доктор)/Case (Создание карточки и удаление)/1 posithion team eat' was broken. Propose an alternative one: '//div[@id='root']/div/div/div[2]/div/form/div/div[2]/div/div/div[2]/div/div'.

2022-04-13 22:54:59 - [MESSAGE][PASSED] - Object: 'Object Repository/Avangard New/Object (Доктор)/Case (Создание карточки и удаление)/1 posithion team eat' is clicked on

2022-04-13 22:54:59 - [TEST_STEP][NOT_RUN] - sendKeys(findTestObject("Object Repository/Avangard New/Object (Доктор)/Case (Создание карточки и удаление)/input__school eat keys"), Keys.chord(ENTER)): NOT_RUN: sendKeys(findTestObject("Object Repository/Avangard New/Object (Доктор)/Case (Создание карточки и удаление)/input__school eat keys"), Keys.chord(ENTER))

2022-04-13 22:54:59 - [MESSAGE][NOT_RUN] - NOT_RUN: sendKeys(findTestObject("Object Repository/Avangard New/Object (Доктор)/Case (Создание карточки и удаление)/input__school eat keys"), Keys.chord(ENTER))

2022-04-13 22:54:59 - [TEST_STEP][PASSED] - scrollToElement(findTestObject("Object Repository/Avangard New/Object (Доктор)/Case (Создание карточки и удаление)/card avtotestirovanie"), 0): Scroll to object 'Object Repository/Avangard New/Object (Доктор)/Case (Создание карточки и удаление)/card avtotestirovanie' successfully

2022-04-13 22:54:59 - [MESSAGE][WARNING] - Timeout '0' is invalid. Using default page load timeout: '30'

2022-04-13 22:55:00 - [MESSAGE][PASSED] - Scroll to object 'Object Repository/Avangard New/Object (Доктор)/Case (Создание карточки и удаление)/card avtotestirovanie' successfully

2022-04-13 22:55:00 - [TEST_STEP][PASSED] - click(findTestObject("Object Repository/Avangard New/Object (Доктор)/Case (Создание карточки и удаление)/card avtotestirovanie")): Object: 'Object Repository/Avangard New/Object (Доктор)/Case (Создание карточки и удаление)/card avtotestirovanie' is clicked on

2022-04-13 22:55:00 - [MESSAGE][PASSED] - Object: 'Object Repository/Avangard New/Object (Доктор)/Case (Создание карточки и удаление)/card avtotestirovanie' is clicked on

2022-04-13 22:55:00 - [TEST_STEP][PASSED] - setText(findTestObject("Object Repository/Avangard New/Object (Доктор)/Case (Создание карточки и удаление)/input__stady"), "Допуск на игру"): Text 'Допуск на игру' is set on object 'Object Repository/Avangard New/Object (Доктор)/Case (Создание карточки и удаление)/input__stady'

2022-04-13 22:55:02 - [MESSAGE][PASSED] - Text 'Допуск на игру' is set on object 'Object Repository/Avangard New/Object (Доктор)/Case (Создание карточки и удаление)/input__stady'

2022-04-13 22:55:02 - [TEST_STEP][PASSED] - sendKeys(findTestObject("Object Repository/Avangard New/Object (Доктор)/Case (Создание карточки и удаление)/input__stady"), Keys.chord(ENTER)): Keys 'ENTER + ' sent to object: 'Object Repository/Avangard New/Object (Доктор)/Case (Создание карточки и удаление)/input__stady'

2022-04-13 22:55:03 - [MESSAGE][PASSED] - Keys 'ENTER + ' sent to object: 'Object Repository/Avangard New/Object (Доктор)/Case (Создание карточки и удаление)/input__stady'

2022-04-13 22:55:03 - [TEST_STEP][PASSED] - scrollToElement(findTestObject("Object Repository/Avangard New/Object (Доктор)/Case (Создание карточки и удаление)/button_save"), 0): Scroll to object 'Object Repository/Avangard New/Object (Доктор)/Case (Создание карточки и удаление)/button_save' successfully

2022-04-13 22:55:03 - [MESSAGE][WARNING] - Timeout '0' is invalid. Using default page load timeout: '30'

2022-04-13 22:55:03 - [MESSAGE][PASSED] - Scroll to object 'Object Repository/Avangard New/Object (Доктор)/Case (Создание карточки и удаление)/button_save' successfully

2022-04-13 22:55:03 - [TEST_STEP][PASSED] - click(findTestObject("Object Repository/Avangard New/Object (Доктор)/Case (Создание карточки и удаление)/button_save")): Object: 'Object Repository/Avangard New/Object (Доктор)/Case (Создание карточки и удаление)/button_save' is clicked on

2022-04-13 22:55:04 - [MESSAGE][PASSED] - Object: 'Object Repository/Avangard New/Object (Доктор)/Case (Создание карточки и удаление)/button_save' is clicked on

2022-04-13 22:55:04 - [TEST_STEP][PASSED] - verifyElementText(findTestObject("Object Repository/Avangard New/Object (Доктор)/Case (Создание карточки и удаление)/verif eat alert"), "Карточка успешно сохранена"): Actual text and expected text of test object 'Object Repository/Avangard New/Object (Доктор)/Case (Создание карточки и удаление)/verif eat alert' are matched.

2022-04-13 22:55:05 - [MESSAGE][PASSED] - Actual text and expected text of test object 'Object Repository/Avangard New/Object (Доктор)/Case (Создание карточки и удаление)/verif eat alert' are matched.

2022-04-13 22:55:05 - [TEST_STEP][PASSED] - callTestCase(findTestCase("Доктор/Проверка в профиле статуса Доступен (переиспользуется во Вкладке удаление)"), [:], STOP_ON_FAILURE): Call Test Case 'Test Cases/Доктор/Проверка в профиле статуса Доступен (переиспользуется во Вкладке удаление)' successfully

2022-04-13 22:55:05 - [TEST_CASE][PASSED] - Test Cases/Доктор/Проверка в профиле статуса Доступен (переиспользуется во Вкладке удаление): Test Cases/Доктор/Проверка в профиле статуса Доступен (переиспользуется во Вкладке удаление)

2022-04-13 22:55:05 - [TEST_STEP][PASSED] - callTestCase(findTestCase("Доктор/Авторизация врач"), [:], STOP_ON_FAILURE): Call Test Case 'Test Cases/Доктор/Авторизация врач' successfully

2022-04-13 22:55:05 - [TEST_CASE][PASSED] - Test Cases/Доктор/Авторизация врач: Test Cases/Доктор/Авторизация врач

2022-04-13 22:55:05 - [TEST_STEP][PASSED] - openBrowser(""): Browser is opened with url: ''

2022-04-13 22:55:05 - [MESSAGE][WARNING] - A browser is already opened. Closing browser and opening a new one

2022-04-13 22:55:06 - [MESSAGE][INFO] - Starting 'Chrome' driver

2022-04-13 22:55:06 - [MESSAGE][INFO] - Action delay is set to 100 milliseconds

2022-04-13 22:55:07 - [MESSAGE][PASSED] - Browser is opened with url: ''

2022-04-13 22:55:07 - [TEST_STEP][PASSED] - maximizeWindow(): Current window maximized

2022-04-13 22:55:07 - [MESSAGE][PASSED] - Current window maximized

2022-04-13 22:55:07 - [TEST_STEP][PASSED] - navigateToUrl(url): Navigate to 'https://stars-stage.hawk.ru:8080' successfully

2022-04-13 22:55:12 - [MESSAGE][PASSED] - Navigate to 'https://stars-stage.hawk.ru:8080' successfully

2022-04-13 22:55:12 - [TEST_STEP][PASSED] - setText(findTestObject("Object Repository/vra/Page_/input__sc-lnrBVv eqPACj"), doktor_login): Text 'TestDoctor@mail.ru' is set on object 'Object Repository/vra/Page_/input__sc-lnrBVv eqPACj'

2022-04-13 22:55:13 - [MESSAGE][PASSED] - Text 'TestDoctor@mail.ru' is set on object 'Object Repository/vra/Page_/input__sc-lnrBVv eqPACj'

2022-04-13 22:55:13 - [TEST_STEP][PASSED] - setText(findTestObject("Object Repository/vra/Page_/input__sc-lnrBVv eqPACj_1"), doktor_password, STOP_ON_FAILURE): Text 'testdoctor@mail.ru' is set on object 'Object Repository/vra/Page_/input__sc-lnrBVv eqPACj_1'

2022-04-13 22:55:14 - [MESSAGE][PASSED] - Text 'testdoctor@mail.ru' is set on object 'Object Repository/vra/Page_/input__sc-lnrBVv eqPACj_1'

2022-04-13 22:55:14 - [TEST_STEP][PASSED] - click(findTestObject("Object Repository/vrach/Page_/Page_/go")): Object: 'Object Repository/vrach/Page_/Page_/go' is clicked on

2022-04-13 22:55:14 - [MESSAGE][PASSED] - Object: 'Object Repository/vrach/Page_/Page_/go' is clicked on

2022-04-13 22:55:15 - [MESSAGE][INFO] - 

2022-04-13 22:55:15 - [MESSAGE][INFO] - ===================== Self-healing Report ====================

2022-04-13 22:55:15 - [MESSAGE][INFO] - One of the failed test object locators has been recovered by Self-healing. Please refer to the Self-healing Insights tab for more details.

2022-04-13 22:55:15 - [MESSAGE][INFO] - To learn more about Self-healing, please read https://docs.katalon.com/katalon-studio/docs/self-healing.html

2022-04-13 22:55:15 - [MESSAGE][INFO] - ==============================================================

2022-04-13 22:55:15 - [MESSAGE][PASSED] - Call Test Case 'Test Cases/Доктор/Авторизация врач' successfully

2022-04-13 22:55:15 - [TEST_STEP][PASSED] - click(findTestObject("Avangard New/Object (Доктор)/Case (Создание карточки и удаление)/player_menu")): Object: 'Object Repository/Avangard New/Object (Доктор)/Case (Создание карточки и удаление)/player_menu' is clicked on

2022-04-13 22:55:18 - [MESSAGE][PASSED] - Object: 'Object Repository/Avangard New/Object (Доктор)/Case (Создание карточки и удаление)/player_menu' is clicked on

2022-04-13 22:55:18 - [TEST_STEP][PASSED] - setText(findTestObject("Avangard New/Object (Доктор)/Case (Создание карточки и удаление)/input__Search"), player_for_test_1): Text 'Власенко' is set on object 'Object Repository/Avangard New/Object (Доктор)/Case (Создание карточки и удаление)/input__Search'

2022-04-13 22:55:19 - [MESSAGE][PASSED] - Text 'Власенко' is set on object 'Object Repository/Avangard New/Object (Доктор)/Case (Создание карточки и удаление)/input__Search'

2022-04-13 22:55:19 - [TEST_STEP][PASSED] - click(findTestObject("Avangard New/Object (Доктор)/Case (Создание карточки и удаление)/var_player")): Object: 'Object Repository/Avangard New/Object (Доктор)/Case (Создание карточки и удаление)/var_player' is clicked on

2022-04-13 22:55:21 - [MESSAGE][PASSED] - Object: 'Object Repository/Avangard New/Object (Доктор)/Case (Создание карточки и удаление)/var_player' is clicked on

2022-04-13 22:55:21 - [TEST_STEP][PASSED] - verifyElementText(findTestObject("Avangard New/Object (Доктор)/Case (Создание карточки и удаление)/chek_stat"), "Доступен"): Actual text and expected text of test object 'Object Repository/Avangard New/Object (Доктор)/Case (Создание карточки и удаление)/chek_stat' are matched.

2022-04-13 22:55:22 - [MESSAGE][PASSED] - Actual text and expected text of test object 'Object Repository/Avangard New/Object (Доктор)/Case (Создание карточки и удаление)/chek_stat' are matched.

2022-04-13 22:55:22 - [MESSAGE][INFO] - 

2022-04-13 22:55:22 - [MESSAGE][INFO] - ===================== Self-healing Report ====================

2022-04-13 22:55:22 - [MESSAGE][INFO] - One of the failed test object locators has been recovered by Self-healing. Please refer to the Self-healing Insights tab for more details.

2022-04-13 22:55:22 - [MESSAGE][INFO] - To learn more about Self-healing, please read https://docs.katalon.com/katalon-studio/docs/self-healing.html

2022-04-13 22:55:22 - [MESSAGE][INFO] - ==============================================================

2022-04-13 22:55:22 - [MESSAGE][PASSED] - Call Test Case 'Test Cases/Доктор/Проверка в профиле статуса Доступен (переиспользуется во Вкладке удаление)' successfully

2022-04-13 22:55:22 - [TEST_STEP][PASSED] - callTestCase(findTestCase("Доктор/Авторизация врач"), [:], STOP_ON_FAILURE): Call Test Case 'Test Cases/Доктор/Авторизация врач' successfully

2022-04-13 22:55:22 - [TEST_CASE][PASSED] - Test Cases/Доктор/Авторизация врач: Test Cases/Доктор/Авторизация врач

2022-04-13 22:55:22 - [TEST_STEP][PASSED] - openBrowser(""): Browser is opened with url: ''

2022-04-13 22:55:22 - [MESSAGE][WARNING] - A browser is already opened. Closing browser and opening a new one

2022-04-13 22:55:22 - [MESSAGE][INFO] - Starting 'Chrome' driver

2022-04-13 22:55:22 - [MESSAGE][INFO] - Action delay is set to 100 milliseconds

2022-04-13 22:55:23 - [MESSAGE][PASSED] - Browser is opened with url: ''

2022-04-13 22:55:23 - [TEST_STEP][PASSED] - maximizeWindow(): Current window maximized

2022-04-13 22:55:24 - [MESSAGE][PASSED] - Current window maximized

2022-04-13 22:55:24 - [TEST_STEP][PASSED] - navigateToUrl(url): Navigate to 'https://stars-stage.hawk.ru:8080' successfully

2022-04-13 22:55:27 - [MESSAGE][PASSED] - Navigate to 'https://stars-stage.hawk.ru:8080' successfully

2022-04-13 22:55:27 - [TEST_STEP][PASSED] - setText(findTestObject("Object Repository/vra/Page_/input__sc-lnrBVv eqPACj"), doktor_login): Text 'TestDoctor@mail.ru' is set on object 'Object Repository/vra/Page_/input__sc-lnrBVv eqPACj'

2022-04-13 22:55:28 - [MESSAGE][PASSED] - Text 'TestDoctor@mail.ru' is set on object 'Object Repository/vra/Page_/input__sc-lnrBVv eqPACj'

2022-04-13 22:55:28 - [TEST_STEP][PASSED] - setText(findTestObject("Object Repository/vra/Page_/input__sc-lnrBVv eqPACj_1"), doktor_password, STOP_ON_FAILURE): Text 'testdoctor@mail.ru' is set on object 'Object Repository/vra/Page_/input__sc-lnrBVv eqPACj_1'

2022-04-13 22:55:29 - [MESSAGE][PASSED] - Text 'testdoctor@mail.ru' is set on object 'Object Repository/vra/Page_/input__sc-lnrBVv eqPACj_1'

2022-04-13 22:55:29 - [TEST_STEP][PASSED] - click(findTestObject("Object Repository/vrach/Page_/Page_/go")): Object: 'Object Repository/vrach/Page_/Page_/go' is clicked on

2022-04-13 22:55:30 - [MESSAGE][PASSED] - Object: 'Object Repository/vrach/Page_/Page_/go' is clicked on

2022-04-13 22:55:30 - [MESSAGE][INFO] - 

2022-04-13 22:55:30 - [MESSAGE][INFO] - ===================== Self-healing Report ====================

2022-04-13 22:55:30 - [MESSAGE][INFO] - One of the failed test object locators has been recovered by Self-healing. Please refer to the Self-healing Insights tab for more details.

2022-04-13 22:55:30 - [MESSAGE][INFO] - To learn more about Self-healing, please read https://docs.katalon.com/katalon-studio/docs/self-healing.html

2022-04-13 22:55:30 - [MESSAGE][INFO] - ==============================================================

2022-04-13 22:55:30 - [MESSAGE][PASSED] - Call Test Case 'Test Cases/Доктор/Авторизация врач' successfully

2022-04-13 22:55:30 - [TEST_STEP][PASSED] - setText(findTestObject("Object Repository/Avangard New/Object (Доктор)/Case (Создание карточки и удаление)/input__school eat"), ""Авангард" Академия"): Text '"Авангард" Академия' is set on object 'Object Repository/Avangard New/Object (Доктор)/Case (Создание карточки и удаление)/input__school eat'

2022-04-13 22:55:35 - [MESSAGE][PASSED] - Text '"Авангард" Академия' is set on object 'Object Repository/Avangard New/Object (Доктор)/Case (Создание карточки и удаление)/input__school eat'

2022-04-13 22:55:35 - [TEST_STEP][PASSED] - click(findTestObject("Object Repository/Avangard New/Object (Доктор)/Case (Создание карточки и удаление)/1 posithion school eat")): Object: 'Object Repository/Avangard New/Object (Доктор)/Case (Создание карточки и удаление)/1 posithion school eat' is clicked on

2022-04-13 22:55:35 - [MESSAGE][PASSED] - Object: 'Object Repository/Avangard New/Object (Доктор)/Case (Создание карточки и удаление)/1 posithion school eat' is clicked on

2022-04-13 22:55:35 - [TEST_STEP][NOT_RUN] - sendKeys(findTestObject("Object Repository/Avangard New/Object (Доктор)/Case (Создание карточки и удаление)/input__school eat keys"), Keys.chord(ENTER)): NOT_RUN: sendKeys(findTestObject("Object Repository/Avangard New/Object (Доктор)/Case (Создание карточки и удаление)/input__school eat keys"), Keys.chord(ENTER))

2022-04-13 22:55:35 - [MESSAGE][NOT_RUN] - NOT_RUN: sendKeys(findTestObject("Object Repository/Avangard New/Object (Доктор)/Case (Создание карточки и удаление)/input__school eat keys"), Keys.chord(ENTER))

2022-04-13 22:55:35 - [TEST_STEP][PASSED] - setText(findTestObject("Object Repository/Avangard New/Object (Доктор)/Case (Создание карточки и удаление)/input__team eat"), school): Text 'Авангард-2005' is set on object 'Object Repository/Avangard New/Object (Доктор)/Case (Создание карточки и удаление)/input__team eat'

2022-04-13 22:55:37 - [MESSAGE][PASSED] - Text 'Авангард-2005' is set on object 'Object Repository/Avangard New/Object (Доктор)/Case (Создание карточки и удаление)/input__team eat'

2022-04-13 22:55:37 - [TEST_STEP][PASSED] - click(findTestObject("Object Repository/Avangard New/Object (Доктор)/Case (Создание карточки и удаление)/1 posithion team eat")): Object: 'Object Repository/Avangard New/Object (Доктор)/Case (Создание карточки и удаление)/1 posithion team eat' is clicked on

2022-04-13 22:56:08 - [MESSAGE][INFO] - Unable to find the element located by 'By.xpath: //div[@id='react-select-7-option-1']'. Please recheck the objects properties to make sure the desired element is located. 

2022-04-13 22:56:08 - [MESSAGE][WARNING] - [SELF-HEALING] Failed to find element with id 'Object Repository/Avangard New/Object (Доктор)/Case (Создание карточки и удаление)/1 posithion team eat'. Try using Self-healing.

2022-04-13 22:56:08 - [MESSAGE][WARNING] - [SELF-HEALING] The current locator of test object 'Object Repository/Avangard New/Object (Доктор)/Case (Создание карточки и удаление)/1 posithion team eat' was broken. Propose an alternative one: '//div[@id='root']/div/div/div[2]/div/form/div/div[2]/div/div/div[2]/div/div'.

2022-04-13 22:56:09 - [MESSAGE][PASSED] - Object: 'Object Repository/Avangard New/Object (Доктор)/Case (Создание карточки и удаление)/1 posithion team eat' is clicked on

2022-04-13 22:56:09 - [TEST_STEP][NOT_RUN] - sendKeys(findTestObject("Object Repository/Avangard New/Object (Доктор)/Case (Создание карточки и удаление)/input__team eat keys"), Keys.chord(ENTER)): NOT_RUN: sendKeys(findTestObject("Object Repository/Avangard New/Object (Доктор)/Case (Создание карточки и удаление)/input__team eat keys"), Keys.chord(ENTER))

2022-04-13 22:56:09 - [MESSAGE][NOT_RUN] - NOT_RUN: sendKeys(findTestObject("Object Repository/Avangard New/Object (Доктор)/Case (Создание карточки и удаление)/input__team eat keys"), Keys.chord(ENTER))

2022-04-13 22:56:09 - [TEST_STEP][PASSED] - scrollToElement(findTestObject("Object Repository/Avangard New/Object (Доктор)/Case (Создание карточки и удаление)/card avtotestirovanie"), 0): Scroll to object 'Object Repository/Avangard New/Object (Доктор)/Case (Создание карточки и удаление)/card avtotestirovanie' successfully

2022-04-13 22:56:09 - [MESSAGE][WARNING] - Timeout '0' is invalid. Using default page load timeout: '30'

2022-04-13 22:56:10 - [MESSAGE][PASSED] - Scroll to object 'Object Repository/Avangard New/Object (Доктор)/Case (Создание карточки и удаление)/card avtotestirovanie' successfully

2022-04-13 22:56:10 - [TEST_STEP][PASSED] - click(findTestObject("Object Repository/Avangard New/Object (Доктор)/Case (Создание карточки и удаление)/card avtotestirovanie")): Object: 'Object Repository/Avangard New/Object (Доктор)/Case (Создание карточки и удаление)/card avtotestirovanie' is clicked on

2022-04-13 22:56:10 - [MESSAGE][PASSED] - Object: 'Object Repository/Avangard New/Object (Доктор)/Case (Создание карточки и удаление)/card avtotestirovanie' is clicked on

2022-04-13 22:56:10 - [TEST_STEP][PASSED] - verifyElementText(findTestObject("Object Repository/Avangard New/Object (Доктор)/Case (Создание карточки и удаление)/stady"), "Допуск на игру"): Actual text and expected text of test object 'Object Repository/Avangard New/Object (Доктор)/Case (Создание карточки и удаление)/stady' are matched.

2022-04-13 22:56:11 - [MESSAGE][PASSED] - Actual text and expected text of test object 'Object Repository/Avangard New/Object (Доктор)/Case (Создание карточки и удаление)/stady' are matched.

2022-04-13 22:56:11 - [TEST_STEP][PASSED] - click(findTestObject("Object Repository/Avangard New/Object (Доктор)/Case (Создание карточки и удаление)/button_delete")): Object: 'Object Repository/Avangard New/Object (Доктор)/Case (Создание карточки и удаление)/button_delete' is clicked on

2022-04-13 22:56:12 - [MESSAGE][PASSED] - Object: 'Object Repository/Avangard New/Object (Доктор)/Case (Создание карточки и удаление)/button_delete' is clicked on

2022-04-13 22:56:12 - [TEST_STEP][PASSED] - click(findTestObject("Object Repository/Avangard New/Object (Доктор)/Case (Создание карточки и удаление)/confirm")): Object: 'Object Repository/Avangard New/Object (Доктор)/Case (Создание карточки и удаление)/confirm' is clicked on

2022-04-13 22:56:12 - [MESSAGE][PASSED] - Object: 'Object Repository/Avangard New/Object (Доктор)/Case (Создание карточки и удаление)/confirm' is clicked on

2022-04-13 22:56:12 - [TEST_STEP][PASSED] - verifyTextPresent("Карточка успешно удалена", false): Text 'Карточка успешно удалена' is present on page 

2022-04-13 22:56:15 - [MESSAGE][PASSED] - Text 'Карточка успешно удалена' is present on page 

2022-04-13 22:56:15 - [TEST_STEP][PASSED] - closeBrowser(): Browser is closed

2022-04-13 22:56:16 - [MESSAGE][PASSED] - Browser is closed

2022-04-13 22:56:16 - [TEST_STEP][NOT_RUN] - click(findTestObject("Object Repository/Avangard New/Object (Доктор)/Case (Создание карточки и удаление)/span_home eat")): NOT_RUN: click(findTestObject("Object Repository/Avangard New/Object (Доктор)/Case (Создание карточки и удаление)/span_home eat"))

2022-04-13 22:56:16 - [MESSAGE][NOT_RUN] - NOT_RUN: click(findTestObject("Object Repository/Avangard New/Object (Доктор)/Case (Создание карточки и удаление)/span_home eat"))

2022-04-13 22:56:16 - [TEST_STEP][NOT_RUN] - click(findTestObject("Object Repository/Avangard New/Object (Доктор)/Case (Создание карточки и удаление)/div_school click")): NOT_RUN: click(findTestObject("Object Repository/Avangard New/Object (Доктор)/Case (Создание карточки и удаление)/div_school click"))

2022-04-13 22:56:16 - [MESSAGE][NOT_RUN] - NOT_RUN: click(findTestObject("Object Repository/Avangard New/Object (Доктор)/Case (Создание карточки и удаление)/div_school click"))

2022-04-13 22:56:16 - [TEST_STEP][NOT_RUN] - click(findTestObject("Object Repository/Avangard New/Object (Доктор)/Case (Создание карточки и удаление)/div__team click")): NOT_RUN: click(findTestObject("Object Repository/Avangard New/Object (Доктор)/Case (Создание карточки и удаление)/div__team click"))

2022-04-13 22:56:16 - [MESSAGE][NOT_RUN] - NOT_RUN: click(findTestObject("Object Repository/Avangard New/Object (Доктор)/Case (Создание карточки и удаление)/div__team click"))

2022-04-13 22:56:16 - [TEST_STEP][NOT_RUN] - click(findTestObject("Object Repository/Avangard New/Object (Доктор)/Case (Создание карточки и удаление)/1 posithion school eat")): NOT_RUN: click(findTestObject("Object Repository/Avangard New/Object (Доктор)/Case (Создание карточки и удаление)/1 posithion school eat"))

2022-04-13 22:56:16 - [MESSAGE][NOT_RUN] - NOT_RUN: click(findTestObject("Object Repository/Avangard New/Object (Доктор)/Case (Создание карточки и удаление)/1 posithion school eat"))

2022-04-13 22:56:16 - [TEST_STEP][NOT_RUN] - click(findTestObject("Object Repository/Avangard New/Object (Доктор)/Case (Создание карточки и удаление)/1 posithion team eat")): NOT_RUN: click(findTestObject("Object Repository/Avangard New/Object (Доктор)/Case (Создание карточки и удаление)/1 posithion team eat"))

2022-04-13 22:56:16 - [MESSAGE][NOT_RUN] - NOT_RUN: click(findTestObject("Object Repository/Avangard New/Object (Доктор)/Case (Создание карточки и удаление)/1 posithion team eat"))

2022-04-13 22:56:16 - [MESSAGE][INFO] - 

2022-04-13 22:56:16 - [MESSAGE][INFO] - ===================== Self-healing Report ====================

2022-04-13 22:56:16 - [MESSAGE][INFO] - One of the failed test object locators has been recovered by Self-healing. Please refer to the Self-healing Insights tab for more details.

2022-04-13 22:56:16 - [MESSAGE][INFO] - To learn more about Self-healing, please read https://docs.katalon.com/katalon-studio/docs/self-healing.html

2022-04-13 22:56:16 - [MESSAGE][INFO] - ==============================================================

2022-04-13 22:56:16 - [MESSAGE][PASSED] - Call Test Case 'Test Cases/Доктор/Вкладки удаление (переиспользуется в Создание карточки болезни)' successfully

2022-04-13 22:56:16 - [TEST_STEP][PASSED] - closeBrowser(): Browser is closed

2022-04-13 22:56:16 - [MESSAGE][PASSED] - Browser is closed]]></system-out>
         <system-err><![CDATA[]]></system-err>
      </testcase>
      <system-out><![CDATA[2022-04-13 22:51:20 - [TEST_SUITE][FAILED] - Доктор: Test Cases/Доктор/дописать проверку на игрока Проверка вкладки Питание FAILED.
Reason:
com.kms.katalon.core.exception.StepFailedException: Unable to set text 'автотест питания' of object 'Object Repository/Avangard New/Object (Доктор)/Case (Питание)/input_task'
	at com.kms.katalon.core.webui.keyword.internal.WebUIKeywordMain.stepFailed(WebUIKeywordMain.groovy:64)
	at com.kms.katalon.core.webui.keyword.internal.WebUIKeywordMain.runKeyword(WebUIKeywordMain.groovy:26)
	at com.kms.katalon.core.webui.keyword.builtin.SetTextKeyword.setText(SetTextKeyword.groovy:66)
	at com.kms.katalon.core.webui.keyword.builtin.SetTextKeyword.execute(SetTextKeyword.groovy:37)
	at com.kms.katalon.core.keyword.internal.KeywordExecutor.executeKeywordForPlatform(KeywordExecutor.groovy:74)
	at com.kms.katalon.core.webui.keyword.WebUiBuiltInKeywords.setText(WebUiBuiltInKeywords.groovy:980)
	at com.kms.katalon.core.webui.keyword.WebUiBuiltInKeywords$setText$2.call(Unknown Source)
	at дописать проверку на игрока Проверка вкладки Питание.run(дописать проверку на игрока Проверка вкладки Питание:59)
	at com.kms.katalon.core.main.ScriptEngine.run(ScriptEngine.java:194)
	at com.kms.katalon.core.main.ScriptEngine.runScriptAsRawText(ScriptEngine.java:119)
	at com.kms.katalon.core.main.TestCaseExecutor.runScript(TestCaseExecutor.java:442)
	at com.kms.katalon.core.main.TestCaseExecutor.doExecute(TestCaseExecutor.java:433)
	at com.kms.katalon.core.main.TestCaseExecutor.processExecutionPhase(TestCaseExecutor.java:412)
	at com.kms.katalon.core.main.TestCaseExecutor.accessMainPhase(TestCaseExecutor.java:404)
	at com.kms.katalon.core.main.TestCaseExecutor.execute(TestCaseExecutor.java:281)
	at com.kms.katalon.core.main.TestSuiteExecutor.accessTestCaseMainPhase(TestSuiteExecutor.java:202)
	at com.kms.katalon.core.main.TestSuiteExecutor.accessTestSuiteMainPhase(TestSuiteExecutor.java:164)
	at com.kms.katalon.core.main.TestSuiteExecutor.execute(TestSuiteExecutor.java:105)
	at com.kms.katalon.core.main.TestCaseMain.startTestSuite(TestCaseMain.java:185)
	at com.kms.katalon.core.main.TestCaseMain$startTestSuite$0.call(Unknown Source)
	at TempTestSuite1649879448277.run(TempTestSuite1649879448277.groovy:36)
Caused by: com.kms.katalon.core.webui.exception.WebElementNotFoundException: Web element with id: 'Object Repository/Avangard New/Object (Доктор)/Case (Питание)/input_task' located by '//div[@id='root']/div/div/div[2]/div/div[3]/div/div[2]/div/div/div[2]/div/div/div[2]/div[3]/div/div/div/div/div/input' not found
	at com.kms.katalon.core.webui.common.WebUiCommonHelper.findWebElement(WebUiCommonHelper.java:1370)
	at com.kms.katalon.core.webui.keyword.internal.WebUIAbstractKeyword.findWebElement(WebUIAbstractKeyword.groovy:27)
	at com.kms.katalon.core.webui.keyword.internal.WebUIAbstractKeyword.findWebElement(WebUIAbstractKeyword.groovy:26)
	at com.kms.katalon.core.webui.keyword.builtin.SetTextKeyword$_setText_closure1.doCall(SetTextKeyword.groovy:51)
	at com.kms.katalon.core.webui.keyword.builtin.SetTextKeyword$_setText_closure1.call(SetTextKeyword.groovy)
	at com.kms.katalon.core.webui.keyword.internal.WebUIKeywordMain.runKeyword(WebUIKeywordMain.groovy:20)
	... 19 more]]></system-out>
      <system-err><![CDATA[2022-04-13 22:51:20 - [TEST_SUITE][FAILED] - Доктор: Test Cases/Доктор/дописать проверку на игрока Проверка вкладки Питание FAILED.
Reason:
com.kms.katalon.core.exception.StepFailedException: Unable to set text 'автотест питания' of object 'Object Repository/Avangard New/Object (Доктор)/Case (Питание)/input_task'
	at com.kms.katalon.core.webui.keyword.internal.WebUIKeywordMain.stepFailed(WebUIKeywordMain.groovy:64)
	at com.kms.katalon.core.webui.keyword.internal.WebUIKeywordMain.runKeyword(WebUIKeywordMain.groovy:26)
	at com.kms.katalon.core.webui.keyword.builtin.SetTextKeyword.setText(SetTextKeyword.groovy:66)
	at com.kms.katalon.core.webui.keyword.builtin.SetTextKeyword.execute(SetTextKeyword.groovy:37)
	at com.kms.katalon.core.keyword.internal.KeywordExecutor.executeKeywordForPlatform(KeywordExecutor.groovy:74)
	at com.kms.katalon.core.webui.keyword.WebUiBuiltInKeywords.setText(WebUiBuiltInKeywords.groovy:980)
	at com.kms.katalon.core.webui.keyword.WebUiBuiltInKeywords$setText$2.call(Unknown Source)
	at дописать проверку на игрока Проверка вкладки Питание.run(дописать проверку на игрока Проверка вкладки Питание:59)
	at com.kms.katalon.core.main.ScriptEngine.run(ScriptEngine.java:194)
	at com.kms.katalon.core.main.ScriptEngine.runScriptAsRawText(ScriptEngine.java:119)
	at com.kms.katalon.core.main.TestCaseExecutor.runScript(TestCaseExecutor.java:442)
	at com.kms.katalon.core.main.TestCaseExecutor.doExecute(TestCaseExecutor.java:433)
	at com.kms.katalon.core.main.TestCaseExecutor.processExecutionPhase(TestCaseExecutor.java:412)
	at com.kms.katalon.core.main.TestCaseExecutor.accessMainPhase(TestCaseExecutor.java:404)
	at com.kms.katalon.core.main.TestCaseExecutor.execute(TestCaseExecutor.java:281)
	at com.kms.katalon.core.main.TestSuiteExecutor.accessTestCaseMainPhase(TestSuiteExecutor.java:202)
	at com.kms.katalon.core.main.TestSuiteExecutor.accessTestSuiteMainPhase(TestSuiteExecutor.java:164)
	at com.kms.katalon.core.main.TestSuiteExecutor.execute(TestSuiteExecutor.java:105)
	at com.kms.katalon.core.main.TestCaseMain.startTestSuite(TestCaseMain.java:185)
	at com.kms.katalon.core.main.TestCaseMain$startTestSuite$0.call(Unknown Source)
	at TempTestSuite1649879448277.run(TempTestSuite1649879448277.groovy:36)
Caused by: com.kms.katalon.core.webui.exception.WebElementNotFoundException: Web element with id: 'Object Repository/Avangard New/Object (Доктор)/Case (Питание)/input_task' located by '//div[@id='root']/div/div/div[2]/div/div[3]/div/div[2]/div/div/div[2]/div/div/div[2]/div[3]/div/div/div/div/div/input' not found
	at com.kms.katalon.core.webui.common.WebUiCommonHelper.findWebElement(WebUiCommonHelper.java:1370)
	at com.kms.katalon.core.webui.keyword.internal.WebUIAbstractKeyword.findWebElement(WebUIAbstractKeyword.groovy:27)
	at com.kms.katalon.core.webui.keyword.internal.WebUIAbstractKeyword.findWebElement(WebUIAbstractKeyword.groovy:26)
	at com.kms.katalon.core.webui.keyword.builtin.SetTextKeyword$_setText_closure1.doCall(SetTextKeyword.groovy:51)
	at com.kms.katalon.core.webui.keyword.builtin.SetTextKeyword$_setText_closure1.call(SetTextKeyword.groovy)
	at com.kms.katalon.core.webui.keyword.internal.WebUIKeywordMain.runKeyword(WebUIKeywordMain.groovy:20)
	... 19 more]]></system-err>
   </testsuite>
</testsuites>
