<?xml version="1.0" encoding="UTF-8"?>
<testsuites name="Игрок" time="186.022" tests="2" failures="1" errors="0">
   <testsuite name="Игрок" tests="2" failures="1" errors="0" time="186.022" skipped="0" timestamp="2022-03-15 00:32:29" hostname="LENOVO - DESKTOP-KNHN0AA" id="Test Suites/Игрок">
      <properties>
         <property name="deviceName" value=""/>
         <property name="devicePlatform" value=""/>
         <property name="logFolder" value="C:\\Users\\LENOVO\\Katalon Studio\\Avangard\\Reports\\20220315_003159\\\u0418\u0433\u0440\u043E\u043A\\20220315_003212"/>
         <property name="logFiles" value="C:\\Users\\LENOVO\\Katalon Studio\\Avangard\\Reports\\20220315_003159\\\u0418\u0433\u0440\u043E\u043A\\20220315_003212\\execution0.log"/>
         <property name="attachments" value="C:\\Users\\LENOVO\\Katalon Studio\\Avangard\\Reports\\20220315_003159\\\u0418\u0433\u0440\u043E\u043A\\20220315_003212\\1647293733887.png, C:\\Users\\LENOVO\\Katalon Studio\\Avangard\\Reports\\20220315_003159\\\u0418\u0433\u0440\u043E\u043A\\20220315_003212\\1647293734095.png"/>
         <property name="hostName" value="LENOVO - DESKTOP-KNHN0AA"/>
         <property name="os" value="Windows 10 64bit"/>
         <property name="katalonVersion" value="8.2.5.208"/>
         <property name="browser" value="Chrome 99.0.4844.51"/>
         <property name="hostAddress" value="192.168.0.10"/>
         <property name="sessionId" value="ab37adee0724080cebfe5221a196f578"/>
         <property name="seleniumVersion" value="3.141.59"/>
         <property name="proxyInformation" value="ProxyInformation { proxyOption=NO_PROXY, proxyServerType=HTTP, username=, password=********, proxyServerAddress=, proxyServerPort=0, executionList=&quot;&quot;, isApplyToDesiredCapabilities=true }"/>
         <property name="platform" value="Windows 10"/>
      </properties>
      <testcase name="Test Cases/Игрок/Авторизация" time="43.045" classname="Test Cases/Игрок/Авторизация" status="PASSED">
         <system-out><![CDATA[2022-03-15 00:32:31 - [TEST_CASE][PASSED] - Test Cases/Игрок/Авторизация: Test Cases/Игрок/Авторизация

2022-03-15 00:32:35 - [TEST_STEP][PASSED] - openBrowser(""): Browser is opened with url: ''

2022-03-15 00:32:36 - [MESSAGE][INFO] - Starting 'Chrome' driver

2022-03-15 00:32:37 - [MESSAGE][INFO] - Action delay is set to 100 milliseconds

2022-03-15 00:32:48 - [MESSAGE][PASSED] - Browser is opened with url: ''

2022-03-15 00:32:48 - [TEST_STEP][PASSED] - maximizeWindow(): Current window maximized

2022-03-15 00:32:48 - [MESSAGE][PASSED] - Current window maximized

2022-03-15 00:32:48 - [TEST_STEP][PASSED] - navigateToUrl(url): Navigate to 'https://stars-stage.hawk.ru:8080' successfully

2022-03-15 00:33:11 - [MESSAGE][PASSED] - Navigate to 'https://stars-stage.hawk.ru:8080' successfully

2022-03-15 00:33:11 - [TEST_STEP][PASSED] - setText(findTestObject("Object Repository/manager/Page_/input__sc-lnrBVv eqPACj"), player_login): Text 'danilaganin7218@icloud.com' is set on object 'Object Repository/manager/Page_/input__sc-lnrBVv eqPACj'

2022-03-15 00:33:12 - [MESSAGE][PASSED] - Text 'danilaganin7218@icloud.com' is set on object 'Object Repository/manager/Page_/input__sc-lnrBVv eqPACj'

2022-03-15 00:33:12 - [TEST_STEP][PASSED] - setText(findTestObject("Object Repository/manager/Page_/input__sc-lnrBVv eqPACj_1"), player_password): Text 'danilaganin7218' is set on object 'Object Repository/manager/Page_/input__sc-lnrBVv eqPACj_1'

2022-03-15 00:33:14 - [MESSAGE][PASSED] - Text 'danilaganin7218' is set on object 'Object Repository/manager/Page_/input__sc-lnrBVv eqPACj_1'

2022-03-15 00:33:14 - [TEST_STEP][PASSED] - click(findTestObject("manager/Page_/go")): Object: 'Object Repository/manager/Page_/go' is clicked on

2022-03-15 00:33:14 - [MESSAGE][PASSED] - Object: 'Object Repository/manager/Page_/go' is clicked on]]></system-out>
         <system-err><![CDATA[]]></system-err>
      </testcase>
      <testcase name="Test Cases/Игрок/Отчеты" time="141.016" classname="Test Cases/Игрок/Отчеты" status="FAILED">
         <failure type="FAILED" message="Test Cases/Игрок/Отчеты FAILED.
Reason:
com.kms.katalon.core.exception.StepFailedException: Verify element text of test object 'Object Repository/Avangard New/Object (Игрок)/Case (отчеты)/reaction easy' FAILED.
	at com.kms.katalon.core.webui.keyword.internal.WebUIKeywordMain.stepFailed(WebUIKeywordMain.groovy:64)
	at com.kms.katalon.core.webui.keyword.internal.WebUIKeywordMain.runKeyword(WebUIKeywordMain.groovy:26)
	at com.kms.katalon.core.webui.keyword.builtin.VerifyElementTextKeyword.verifyElementText(VerifyElementTextKeyword.groovy:72)
	at com.kms.katalon.core.webui.keyword.builtin.VerifyElementTextKeyword.execute(VerifyElementTextKeyword.groovy:40)
	at com.kms.katalon.core.keyword.internal.KeywordExecutor.executeKeywordForPlatform(KeywordExecutor.groovy:74)
	at com.kms.katalon.core.webui.keyword.WebUiBuiltInKeywords.verifyElementText(WebUiBuiltInKeywords.groovy:4749)
	at com.kms.katalon.core.webui.keyword.WebUiBuiltInKeywords$verifyElementText$6.call(Unknown Source)
	at Отчеты.run(Отчеты:46)
	at com.kms.katalon.core.main.ScriptEngine.run(ScriptEngine.java:194)
	at com.kms.katalon.core.main.ScriptEngine.runScriptAsRawText(ScriptEngine.java:119)
	at com.kms.katalon.core.main.TestCaseExecutor.runScript(TestCaseExecutor.java:442)
	at com.kms.katalon.core.main.TestCaseExecutor.doExecute(TestCaseExecutor.java:433)
	at com.kms.katalon.core.main.TestCaseExecutor.processExecutionPhase(TestCaseExecutor.java:412)
	at com.kms.katalon.core.main.TestCaseExecutor.accessMainPhase(TestCaseExecutor.java:404)
	at com.kms.katalon.core.main.TestCaseExecutor.execute(TestCaseExecutor.java:281)
	at com.kms.katalon.core.main.TestSuiteExecutor.accessTestCaseMainPhase(TestSuiteExecutor.java:202)
	at com.kms.katalon.core.main.TestSuiteExecutor.accessTestSuiteMainPhase(TestSuiteExecutor.java:164)
	at com.kms.katalon.core.main.TestSuiteExecutor.execute(TestSuiteExecutor.java:105)
	at com.kms.katalon.core.main.TestCaseMain.startTestSuite(TestCaseMain.java:185)
	at com.kms.katalon.core.main.TestCaseMain$startTestSuite$0.call(Unknown Source)
	at TempTestSuite1647293532920.run(TempTestSuite1647293532920.groovy:36)
Caused by: com.kms.katalon.core.exception.StepFailedException: Actual text '  1 result available. Select is focused ,type to refine list, press Down to open the menu, press left to focus selected values' and expected text 'Реакция на простой стимул' of test object 'Object Repository/Avangard New/Object (Игрок)/Case (отчеты)/reaction easy' are NOT matched.
	at com.kms.katalon.core.webui.keyword.internal.WebUIKeywordMain.stepFailed(WebUIKeywordMain.groovy:64)
	at com.kms.katalon.core.webui.keyword.builtin.VerifyElementTextKeyword$_verifyElementText_closure1.doCall(VerifyElementTextKeyword.groovy:57)
	at com.kms.katalon.core.webui.keyword.builtin.VerifyElementTextKeyword$_verifyElementText_closure1.call(VerifyElementTextKeyword.groovy)
	at com.kms.katalon.core.webui.keyword.internal.WebUIKeywordMain.runKeyword(WebUIKeywordMain.groovy:20)
	... 19 more
"/>
         <system-out><![CDATA[2022-03-15 00:33:14 - [TEST_CASE][FAILED] - Test Cases/Игрок/Отчеты: Test Cases/Игрок/Отчеты FAILED.
Reason:
com.kms.katalon.core.exception.StepFailedException: Verify element text of test object 'Object Repository/Avangard New/Object (Игрок)/Case (отчеты)/reaction easy' FAILED.
	at com.kms.katalon.core.webui.keyword.internal.WebUIKeywordMain.stepFailed(WebUIKeywordMain.groovy:64)
	at com.kms.katalon.core.webui.keyword.internal.WebUIKeywordMain.runKeyword(WebUIKeywordMain.groovy:26)
	at com.kms.katalon.core.webui.keyword.builtin.VerifyElementTextKeyword.verifyElementText(VerifyElementTextKeyword.groovy:72)
	at com.kms.katalon.core.webui.keyword.builtin.VerifyElementTextKeyword.execute(VerifyElementTextKeyword.groovy:40)
	at com.kms.katalon.core.keyword.internal.KeywordExecutor.executeKeywordForPlatform(KeywordExecutor.groovy:74)
	at com.kms.katalon.core.webui.keyword.WebUiBuiltInKeywords.verifyElementText(WebUiBuiltInKeywords.groovy:4749)
	at com.kms.katalon.core.webui.keyword.WebUiBuiltInKeywords$verifyElementText$6.call(Unknown Source)
	at Отчеты.run(Отчеты:46)
	at com.kms.katalon.core.main.ScriptEngine.run(ScriptEngine.java:194)
	at com.kms.katalon.core.main.ScriptEngine.runScriptAsRawText(ScriptEngine.java:119)
	at com.kms.katalon.core.main.TestCaseExecutor.runScript(TestCaseExecutor.java:442)
	at com.kms.katalon.core.main.TestCaseExecutor.doExecute(TestCaseExecutor.java:433)
	at com.kms.katalon.core.main.TestCaseExecutor.processExecutionPhase(TestCaseExecutor.java:412)
	at com.kms.katalon.core.main.TestCaseExecutor.accessMainPhase(TestCaseExecutor.java:404)
	at com.kms.katalon.core.main.TestCaseExecutor.execute(TestCaseExecutor.java:281)
	at com.kms.katalon.core.main.TestSuiteExecutor.accessTestCaseMainPhase(TestSuiteExecutor.java:202)
	at com.kms.katalon.core.main.TestSuiteExecutor.accessTestSuiteMainPhase(TestSuiteExecutor.java:164)
	at com.kms.katalon.core.main.TestSuiteExecutor.execute(TestSuiteExecutor.java:105)
	at com.kms.katalon.core.main.TestCaseMain.startTestSuite(TestCaseMain.java:185)
	at com.kms.katalon.core.main.TestCaseMain$startTestSuite$0.call(Unknown Source)
	at TempTestSuite1647293532920.run(TempTestSuite1647293532920.groovy:36)
Caused by: com.kms.katalon.core.exception.StepFailedException: Actual text '  1 result available. Select is focused ,type to refine list, press Down to open the menu, press left to focus selected values' and expected text 'Реакция на простой стимул' of test object 'Object Repository/Avangard New/Object (Игрок)/Case (отчеты)/reaction easy' are NOT matched.
	at com.kms.katalon.core.webui.keyword.internal.WebUIKeywordMain.stepFailed(WebUIKeywordMain.groovy:64)
	at com.kms.katalon.core.webui.keyword.builtin.VerifyElementTextKeyword$_verifyElementText_closure1.doCall(VerifyElementTextKeyword.groovy:57)
	at com.kms.katalon.core.webui.keyword.builtin.VerifyElementTextKeyword$_verifyElementText_closure1.call(VerifyElementTextKeyword.groovy)
	at com.kms.katalon.core.webui.keyword.internal.WebUIKeywordMain.runKeyword(WebUIKeywordMain.groovy:20)
	... 19 more


2022-03-15 00:33:15 - [TEST_STEP][PASSED] - callTestCase(findTestCase("Игрок/Авторизация"), [:], STOP_ON_FAILURE): Call Test Case 'Test Cases/Игрок/Авторизация' successfully

2022-03-15 00:33:15 - [TEST_CASE][PASSED] - Test Cases/Игрок/Авторизация: Test Cases/Игрок/Авторизация

2022-03-15 00:33:15 - [TEST_STEP][PASSED] - openBrowser(""): Browser is opened with url: ''

2022-03-15 00:33:15 - [MESSAGE][WARNING] - A browser is already opened. Closing browser and opening a new one

2022-03-15 00:33:16 - [MESSAGE][INFO] - Starting 'Chrome' driver

2022-03-15 00:33:16 - [MESSAGE][INFO] - Action delay is set to 100 milliseconds

2022-03-15 00:33:18 - [MESSAGE][PASSED] - Browser is opened with url: ''

2022-03-15 00:33:18 - [TEST_STEP][PASSED] - maximizeWindow(): Current window maximized

2022-03-15 00:33:18 - [MESSAGE][PASSED] - Current window maximized

2022-03-15 00:33:18 - [TEST_STEP][PASSED] - navigateToUrl(url): Navigate to 'https://stars-stage.hawk.ru:8080' successfully

2022-03-15 00:33:46 - [MESSAGE][PASSED] - Navigate to 'https://stars-stage.hawk.ru:8080' successfully

2022-03-15 00:33:46 - [TEST_STEP][PASSED] - setText(findTestObject("Object Repository/manager/Page_/input__sc-lnrBVv eqPACj"), player_login): Text 'danilaganin7218@icloud.com' is set on object 'Object Repository/manager/Page_/input__sc-lnrBVv eqPACj'

2022-03-15 00:33:48 - [MESSAGE][PASSED] - Text 'danilaganin7218@icloud.com' is set on object 'Object Repository/manager/Page_/input__sc-lnrBVv eqPACj'

2022-03-15 00:33:48 - [TEST_STEP][PASSED] - setText(findTestObject("Object Repository/manager/Page_/input__sc-lnrBVv eqPACj_1"), player_password): Text 'danilaganin7218' is set on object 'Object Repository/manager/Page_/input__sc-lnrBVv eqPACj_1'

2022-03-15 00:33:50 - [MESSAGE][PASSED] - Text 'danilaganin7218' is set on object 'Object Repository/manager/Page_/input__sc-lnrBVv eqPACj_1'

2022-03-15 00:33:50 - [TEST_STEP][PASSED] - click(findTestObject("manager/Page_/go")): Object: 'Object Repository/manager/Page_/go' is clicked on

2022-03-15 00:33:51 - [MESSAGE][PASSED] - Object: 'Object Repository/manager/Page_/go' is clicked on

2022-03-15 00:33:51 - [MESSAGE][PASSED] - Call Test Case 'Test Cases/Игрок/Авторизация' successfully

2022-03-15 00:33:51 - [TEST_STEP][PASSED] - click(findTestObject("Object Repository/Avangard New/Object (Игрок)/Case (отчеты)/report")): Object: 'Object Repository/Avangard New/Object (Игрок)/Case (отчеты)/report' is clicked on

2022-03-15 00:34:19 - [MESSAGE][PASSED] - Object: 'Object Repository/Avangard New/Object (Игрок)/Case (отчеты)/report' is clicked on

2022-03-15 00:34:19 - [TEST_STEP][PASSED] - click(findTestObject("Object Repository/Avangard New/Object (Игрок)/Case (отчеты)/psixolog")): Object: 'Object Repository/Avangard New/Object (Игрок)/Case (отчеты)/psixolog' is clicked on

2022-03-15 00:34:20 - [MESSAGE][PASSED] - Object: 'Object Repository/Avangard New/Object (Игрок)/Case (отчеты)/psixolog' is clicked on

2022-03-15 00:34:20 - [TEST_STEP][PASSED] - if (verifyElementText(findTestObject("Object Repository/Avangard New/Object (Игрок)/Case (отчеты)/div_ganin"), "Ганин Данила", OPTIONAL) == true): null

2022-03-15 00:34:25 - [MESSAGE][PASSED] - Actual text and expected text of test object 'Object Repository/Avangard New/Object (Игрок)/Case (отчеты)/div_ganin' are matched.

2022-03-15 00:34:25 - [TEST_STEP][PASSED] - click(findTestObject("Object Repository/Avangard New/Object (Игрок)/Case (отчеты)/div_burger date")): Object: 'Object Repository/Avangard New/Object (Игрок)/Case (отчеты)/div_burger date' is clicked on

2022-03-15 00:34:26 - [MESSAGE][PASSED] - Object: 'Object Repository/Avangard New/Object (Игрок)/Case (отчеты)/div_burger date' is clicked on

2022-03-15 00:34:26 - [TEST_STEP][PASSED] - click(findTestObject("Object Repository/Avangard New/Object (Игрок)/Case (отчеты)/div_30.06.2021")): Object: 'Object Repository/Avangard New/Object (Игрок)/Case (отчеты)/div_30.06.2021' is clicked on

2022-03-15 00:34:27 - [MESSAGE][PASSED] - Object: 'Object Repository/Avangard New/Object (Игрок)/Case (отчеты)/div_30.06.2021' is clicked on

2022-03-15 00:34:27 - [TEST_STEP][NOT_RUN] - verifyElementText(findTestObject("Object Repository/Avangard New/Object (Игрок)/Case (отчеты)/div_ganin"), "Ганин Данила"): NOT_RUN: verifyElementText(findTestObject("Object Repository/Avangard New/Object (Игрок)/Case (отчеты)/div_ganin"), "Ганин Данила")

2022-03-15 00:34:27 - [MESSAGE][NOT_RUN] - NOT_RUN: verifyElementText(findTestObject("Object Repository/Avangard New/Object (Игрок)/Case (отчеты)/div_ganin"), "Ганин Данила")

2022-03-15 00:34:27 - [TEST_STEP][PASSED] - scrollToElement(findTestObject("Object Repository/Avangard New/Object (Игрок)/Case (отчеты)/reaction easy"), 0): Scroll to object 'Object Repository/Avangard New/Object (Игрок)/Case (отчеты)/reaction easy' successfully

2022-03-15 00:34:27 - [MESSAGE][WARNING] - Timeout '0' is invalid. Using default page load timeout: '30'

2022-03-15 00:34:59 - [MESSAGE][INFO] - Unable to find the element located by 'By.xpath: //p[(text() = 'Реакция на простой стимул' or . = 'Реакция на простой стимул')]'. Please recheck the objects properties to make sure the desired element is located. 

2022-03-15 00:34:59 - [MESSAGE][WARNING] - [SELF-HEALING] Failed to find element with id 'Object Repository/Avangard New/Object (Игрок)/Case (отчеты)/reaction easy'. Try using Self-healing.

2022-03-15 00:34:59 - [MESSAGE][INFO] - [SELF-HEALING] Failed Locator: '//div[@id='rc-tabs-1-panel-0']/div[2]/div[3]/div/div/div/div/div[2]/p[2]'.

2022-03-15 00:34:59 - [MESSAGE][INFO] - [SELF-HEALING] Failed Locator: '(.//*[normalize-space(text()) and normalize-space(.)='Индивидуально-типологический'])[1]/following::p[8]'.

2022-03-15 00:35:00 - [MESSAGE][INFO] - [SELF-HEALING] Failed Locator: '(.//*[normalize-space(text()) and normalize-space(.)='Психологический'])[1]/following::p[8]'.

2022-03-15 00:35:00 - [MESSAGE][INFO] - [SELF-HEALING] Failed Locator: '(.//*[normalize-space(text()) and normalize-space(.)='Редактирование профиля'])[1]/preceding::p[22]'.

2022-03-15 00:35:00 - [MESSAGE][INFO] - [SELF-HEALING] Failed Locator: '//*/text()[normalize-space(.)='Реакция на простой стимул']/parent::*'.

2022-03-15 00:35:01 - [MESSAGE][INFO] - [SELF-HEALING] Working Locator: '//p[2]'.

2022-03-15 00:35:02 - [MESSAGE][INFO] - [SELF-HEALING] Screenshot: C:/Users/LENOVO/Katalon Studio/Avangard/Reports/Self-healing/Object Repository/Avangard New/Object (Игрок)/Case (отчеты)/reaction easy_position.png

2022-03-15 00:35:02 - [MESSAGE][WARNING] - [SELF-HEALING] The current locator of test object 'Object Repository/Avangard New/Object (Игрок)/Case (отчеты)/reaction easy' was broken. Propose an alternative one: '//p[2]'.

2022-03-15 00:35:02 - [MESSAGE][PASSED] - Scroll to object 'Object Repository/Avangard New/Object (Игрок)/Case (отчеты)/reaction easy' successfully

2022-03-15 00:35:02 - [TEST_STEP][FAILED] - verifyElementText(findTestObject("Object Repository/Avangard New/Object (Игрок)/Case (отчеты)/reaction easy"), "Реакция на простой стимул"): Verify element text of test object 'Object Repository/Avangard New/Object (Игрок)/Case (отчеты)/reaction easy' FAILED. (Root cause: com.kms.katalon.core.exception.StepFailedException: Verify element text of test object 'Object Repository/Avangard New/Object (Игрок)/Case (отчеты)/reaction easy' FAILED.
	at com.kms.katalon.core.webui.keyword.internal.WebUIKeywordMain.stepFailed(WebUIKeywordMain.groovy:64)
	at com.kms.katalon.core.webui.keyword.internal.WebUIKeywordMain.runKeyword(WebUIKeywordMain.groovy:26)
	at com.kms.katalon.core.webui.keyword.builtin.VerifyElementTextKeyword.verifyElementText(VerifyElementTextKeyword.groovy:72)
	at com.kms.katalon.core.webui.keyword.builtin.VerifyElementTextKeyword.execute(VerifyElementTextKeyword.groovy:40)
	at com.kms.katalon.core.keyword.internal.KeywordExecutor.executeKeywordForPlatform(KeywordExecutor.groovy:74)
	at com.kms.katalon.core.webui.keyword.WebUiBuiltInKeywords.verifyElementText(WebUiBuiltInKeywords.groovy:4749)
	at com.kms.katalon.core.webui.keyword.WebUiBuiltInKeywords$verifyElementText$6.call(Unknown Source)
	at Отчеты.run(Отчеты:46)
	at com.kms.katalon.core.main.ScriptEngine.run(ScriptEngine.java:194)
	at com.kms.katalon.core.main.ScriptEngine.runScriptAsRawText(ScriptEngine.java:119)
	at com.kms.katalon.core.main.TestCaseExecutor.runScript(TestCaseExecutor.java:442)
	at com.kms.katalon.core.main.TestCaseExecutor.doExecute(TestCaseExecutor.java:433)
	at com.kms.katalon.core.main.TestCaseExecutor.processExecutionPhase(TestCaseExecutor.java:412)
	at com.kms.katalon.core.main.TestCaseExecutor.accessMainPhase(TestCaseExecutor.java:404)
	at com.kms.katalon.core.main.TestCaseExecutor.execute(TestCaseExecutor.java:281)
	at com.kms.katalon.core.main.TestSuiteExecutor.accessTestCaseMainPhase(TestSuiteExecutor.java:202)
	at com.kms.katalon.core.main.TestSuiteExecutor.accessTestSuiteMainPhase(TestSuiteExecutor.java:164)
	at com.kms.katalon.core.main.TestSuiteExecutor.execute(TestSuiteExecutor.java:105)
	at com.kms.katalon.core.main.TestCaseMain.startTestSuite(TestCaseMain.java:185)
	at com.kms.katalon.core.main.TestCaseMain$startTestSuite$0.call(Unknown Source)
	at TempTestSuite1647293532920.run(TempTestSuite1647293532920.groovy:36)
Caused by: com.kms.katalon.core.exception.StepFailedException: Actual text '  1 result available. Select is focused ,type to refine list, press Down to open the menu, press left to focus selected values' and expected text 'Реакция на простой стимул' of test object 'Object Repository/Avangard New/Object (Игрок)/Case (отчеты)/reaction easy' are NOT matched.
	at com.kms.katalon.core.webui.keyword.internal.WebUIKeywordMain.stepFailed(WebUIKeywordMain.groovy:64)
	at com.kms.katalon.core.webui.keyword.builtin.VerifyElementTextKeyword$_verifyElementText_closure1.doCall(VerifyElementTextKeyword.groovy:57)
	at com.kms.katalon.core.webui.keyword.builtin.VerifyElementTextKeyword$_verifyElementText_closure1.call(VerifyElementTextKeyword.groovy)
	at com.kms.katalon.core.webui.keyword.internal.WebUIKeywordMain.runKeyword(WebUIKeywordMain.groovy:20)
	... 19 more
)

2022-03-15 00:35:33 - [MESSAGE][INFO] - Unable to find the element located by 'By.xpath: //p[(text() = 'Реакция на простой стимул' or . = 'Реакция на простой стимул')]'. Please recheck the objects properties to make sure the desired element is located. 

2022-03-15 00:35:33 - [MESSAGE][WARNING] - [SELF-HEALING] Failed to find element with id 'Object Repository/Avangard New/Object (Игрок)/Case (отчеты)/reaction easy'. Try using Self-healing.

2022-03-15 00:35:33 - [MESSAGE][WARNING] - [SELF-HEALING] The current locator of test object 'Object Repository/Avangard New/Object (Игрок)/Case (отчеты)/reaction easy' was broken. Propose an alternative one: '//p[2]'.

2022-03-15 00:35:34 - [MESSAGE][FAILED] - Actual text '  1 result available. Select is focused ,type to refine list, press Down to open the menu, press left to focus selected values' and expected text 'Реакция на простой стимул' of test object 'Object Repository/Avangard New/Object (Игрок)/Case (отчеты)/reaction easy' are NOT matched. (Root cause: com.kms.katalon.core.exception.StepFailedException: Actual text '  1 result available. Select is focused ,type to refine list, press Down to open the menu, press left to focus selected values' and expected text 'Реакция на простой стимул' of test object 'Object Repository/Avangard New/Object (Игрок)/Case (отчеты)/reaction easy' are NOT matched.
	at com.kms.katalon.core.webui.keyword.internal.WebUIKeywordMain.stepFailed(WebUIKeywordMain.groovy:64)
	at com.kms.katalon.core.webui.keyword.builtin.VerifyElementTextKeyword$_verifyElementText_closure1.doCall(VerifyElementTextKeyword.groovy:57)
	at com.kms.katalon.core.webui.keyword.builtin.VerifyElementTextKeyword$_verifyElementText_closure1.call(VerifyElementTextKeyword.groovy)
	at com.kms.katalon.core.webui.keyword.internal.WebUIKeywordMain.runKeyword(WebUIKeywordMain.groovy:20)
	at com.kms.katalon.core.webui.keyword.builtin.VerifyElementTextKeyword.verifyElementText(VerifyElementTextKeyword.groovy:72)
	at com.kms.katalon.core.webui.keyword.builtin.VerifyElementTextKeyword.execute(VerifyElementTextKeyword.groovy:40)
	at com.kms.katalon.core.keyword.internal.KeywordExecutor.executeKeywordForPlatform(KeywordExecutor.groovy:74)
	at com.kms.katalon.core.webui.keyword.WebUiBuiltInKeywords.verifyElementText(WebUiBuiltInKeywords.groovy:4749)
	at com.kms.katalon.core.webui.keyword.WebUiBuiltInKeywords$verifyElementText$6.call(Unknown Source)
	at Отчеты.run(Отчеты:46)
	at com.kms.katalon.core.main.ScriptEngine.run(ScriptEngine.java:194)
	at com.kms.katalon.core.main.ScriptEngine.runScriptAsRawText(ScriptEngine.java:119)
	at com.kms.katalon.core.main.TestCaseExecutor.runScript(TestCaseExecutor.java:442)
	at com.kms.katalon.core.main.TestCaseExecutor.doExecute(TestCaseExecutor.java:433)
	at com.kms.katalon.core.main.TestCaseExecutor.processExecutionPhase(TestCaseExecutor.java:412)
	at com.kms.katalon.core.main.TestCaseExecutor.accessMainPhase(TestCaseExecutor.java:404)
	at com.kms.katalon.core.main.TestCaseExecutor.execute(TestCaseExecutor.java:281)
	at com.kms.katalon.core.main.TestSuiteExecutor.accessTestCaseMainPhase(TestSuiteExecutor.java:202)
	at com.kms.katalon.core.main.TestSuiteExecutor.accessTestSuiteMainPhase(TestSuiteExecutor.java:164)
	at com.kms.katalon.core.main.TestSuiteExecutor.execute(TestSuiteExecutor.java:105)
	at com.kms.katalon.core.main.TestCaseMain.startTestSuite(TestCaseMain.java:185)
	at com.kms.katalon.core.main.TestCaseMain$startTestSuite$0.call(Unknown Source)
	at TempTestSuite1647293532920.run(TempTestSuite1647293532920.groovy:36)
)
[[ATTACHMENT|C:\\Users\\LENOVO\\Katalon Studio\\Avangard\\Reports\\20220315_003159\\\u0418\u0433\u0440\u043E\u043A\\20220315_003212\\1647293733887.png]]

2022-03-15 00:35:34 - [MESSAGE][FAILED] - Verify element text of test object 'Object Repository/Avangard New/Object (Игрок)/Case (отчеты)/reaction easy' FAILED. (Root cause: com.kms.katalon.core.exception.StepFailedException: Verify element text of test object 'Object Repository/Avangard New/Object (Игрок)/Case (отчеты)/reaction easy' FAILED.
	at com.kms.katalon.core.webui.keyword.internal.WebUIKeywordMain.stepFailed(WebUIKeywordMain.groovy:64)
	at com.kms.katalon.core.webui.keyword.internal.WebUIKeywordMain.runKeyword(WebUIKeywordMain.groovy:26)
	at com.kms.katalon.core.webui.keyword.builtin.VerifyElementTextKeyword.verifyElementText(VerifyElementTextKeyword.groovy:72)
	at com.kms.katalon.core.webui.keyword.builtin.VerifyElementTextKeyword.execute(VerifyElementTextKeyword.groovy:40)
	at com.kms.katalon.core.keyword.internal.KeywordExecutor.executeKeywordForPlatform(KeywordExecutor.groovy:74)
	at com.kms.katalon.core.webui.keyword.WebUiBuiltInKeywords.verifyElementText(WebUiBuiltInKeywords.groovy:4749)
	at com.kms.katalon.core.webui.keyword.WebUiBuiltInKeywords$verifyElementText$6.call(Unknown Source)
	at Отчеты.run(Отчеты:46)
	at com.kms.katalon.core.main.ScriptEngine.run(ScriptEngine.java:194)
	at com.kms.katalon.core.main.ScriptEngine.runScriptAsRawText(ScriptEngine.java:119)
	at com.kms.katalon.core.main.TestCaseExecutor.runScript(TestCaseExecutor.java:442)
	at com.kms.katalon.core.main.TestCaseExecutor.doExecute(TestCaseExecutor.java:433)
	at com.kms.katalon.core.main.TestCaseExecutor.processExecutionPhase(TestCaseExecutor.java:412)
	at com.kms.katalon.core.main.TestCaseExecutor.accessMainPhase(TestCaseExecutor.java:404)
	at com.kms.katalon.core.main.TestCaseExecutor.execute(TestCaseExecutor.java:281)
	at com.kms.katalon.core.main.TestSuiteExecutor.accessTestCaseMainPhase(TestSuiteExecutor.java:202)
	at com.kms.katalon.core.main.TestSuiteExecutor.accessTestSuiteMainPhase(TestSuiteExecutor.java:164)
	at com.kms.katalon.core.main.TestSuiteExecutor.execute(TestSuiteExecutor.java:105)
	at com.kms.katalon.core.main.TestCaseMain.startTestSuite(TestCaseMain.java:185)
	at com.kms.katalon.core.main.TestCaseMain$startTestSuite$0.call(Unknown Source)
	at TempTestSuite1647293532920.run(TempTestSuite1647293532920.groovy:36)
Caused by: com.kms.katalon.core.exception.StepFailedException: Actual text '  1 result available. Select is focused ,type to refine list, press Down to open the menu, press left to focus selected values' and expected text 'Реакция на простой стимул' of test object 'Object Repository/Avangard New/Object (Игрок)/Case (отчеты)/reaction easy' are NOT matched.
	at com.kms.katalon.core.webui.keyword.internal.WebUIKeywordMain.stepFailed(WebUIKeywordMain.groovy:64)
	at com.kms.katalon.core.webui.keyword.builtin.VerifyElementTextKeyword$_verifyElementText_closure1.doCall(VerifyElementTextKeyword.groovy:57)
	at com.kms.katalon.core.webui.keyword.builtin.VerifyElementTextKeyword$_verifyElementText_closure1.call(VerifyElementTextKeyword.groovy)
	at com.kms.katalon.core.webui.keyword.internal.WebUIKeywordMain.runKeyword(WebUIKeywordMain.groovy:20)
	... 19 more
)
[[ATTACHMENT|C:\\Users\\LENOVO\\Katalon Studio\\Avangard\\Reports\\20220315_003159\\\u0418\u0433\u0440\u043E\u043A\\20220315_003212\\1647293734095.png]]]]></system-out>
         <system-err><![CDATA[2022-03-15 00:33:14 - [TEST_CASE][FAILED] - Test Cases/Игрок/Отчеты: Test Cases/Игрок/Отчеты FAILED.
Reason:
com.kms.katalon.core.exception.StepFailedException: Verify element text of test object 'Object Repository/Avangard New/Object (Игрок)/Case (отчеты)/reaction easy' FAILED.
	at com.kms.katalon.core.webui.keyword.internal.WebUIKeywordMain.stepFailed(WebUIKeywordMain.groovy:64)
	at com.kms.katalon.core.webui.keyword.internal.WebUIKeywordMain.runKeyword(WebUIKeywordMain.groovy:26)
	at com.kms.katalon.core.webui.keyword.builtin.VerifyElementTextKeyword.verifyElementText(VerifyElementTextKeyword.groovy:72)
	at com.kms.katalon.core.webui.keyword.builtin.VerifyElementTextKeyword.execute(VerifyElementTextKeyword.groovy:40)
	at com.kms.katalon.core.keyword.internal.KeywordExecutor.executeKeywordForPlatform(KeywordExecutor.groovy:74)
	at com.kms.katalon.core.webui.keyword.WebUiBuiltInKeywords.verifyElementText(WebUiBuiltInKeywords.groovy:4749)
	at com.kms.katalon.core.webui.keyword.WebUiBuiltInKeywords$verifyElementText$6.call(Unknown Source)
	at Отчеты.run(Отчеты:46)
	at com.kms.katalon.core.main.ScriptEngine.run(ScriptEngine.java:194)
	at com.kms.katalon.core.main.ScriptEngine.runScriptAsRawText(ScriptEngine.java:119)
	at com.kms.katalon.core.main.TestCaseExecutor.runScript(TestCaseExecutor.java:442)
	at com.kms.katalon.core.main.TestCaseExecutor.doExecute(TestCaseExecutor.java:433)
	at com.kms.katalon.core.main.TestCaseExecutor.processExecutionPhase(TestCaseExecutor.java:412)
	at com.kms.katalon.core.main.TestCaseExecutor.accessMainPhase(TestCaseExecutor.java:404)
	at com.kms.katalon.core.main.TestCaseExecutor.execute(TestCaseExecutor.java:281)
	at com.kms.katalon.core.main.TestSuiteExecutor.accessTestCaseMainPhase(TestSuiteExecutor.java:202)
	at com.kms.katalon.core.main.TestSuiteExecutor.accessTestSuiteMainPhase(TestSuiteExecutor.java:164)
	at com.kms.katalon.core.main.TestSuiteExecutor.execute(TestSuiteExecutor.java:105)
	at com.kms.katalon.core.main.TestCaseMain.startTestSuite(TestCaseMain.java:185)
	at com.kms.katalon.core.main.TestCaseMain$startTestSuite$0.call(Unknown Source)
	at TempTestSuite1647293532920.run(TempTestSuite1647293532920.groovy:36)
Caused by: com.kms.katalon.core.exception.StepFailedException: Actual text '  1 result available. Select is focused ,type to refine list, press Down to open the menu, press left to focus selected values' and expected text 'Реакция на простой стимул' of test object 'Object Repository/Avangard New/Object (Игрок)/Case (отчеты)/reaction easy' are NOT matched.
	at com.kms.katalon.core.webui.keyword.internal.WebUIKeywordMain.stepFailed(WebUIKeywordMain.groovy:64)
	at com.kms.katalon.core.webui.keyword.builtin.VerifyElementTextKeyword$_verifyElementText_closure1.doCall(VerifyElementTextKeyword.groovy:57)
	at com.kms.katalon.core.webui.keyword.builtin.VerifyElementTextKeyword$_verifyElementText_closure1.call(VerifyElementTextKeyword.groovy)
	at com.kms.katalon.core.webui.keyword.internal.WebUIKeywordMain.runKeyword(WebUIKeywordMain.groovy:20)
	... 19 more]]></system-err>
      </testcase>
      <system-out><![CDATA[2022-03-15 00:32:29 - [TEST_SUITE][FAILED] - Игрок: Test Cases/Игрок/Отчеты FAILED.
Reason:
com.kms.katalon.core.exception.StepFailedException: Verify element text of test object 'Object Repository/Avangard New/Object (Игрок)/Case (отчеты)/reaction easy' FAILED.
	at com.kms.katalon.core.webui.keyword.internal.WebUIKeywordMain.stepFailed(WebUIKeywordMain.groovy:64)
	at com.kms.katalon.core.webui.keyword.internal.WebUIKeywordMain.runKeyword(WebUIKeywordMain.groovy:26)
	at com.kms.katalon.core.webui.keyword.builtin.VerifyElementTextKeyword.verifyElementText(VerifyElementTextKeyword.groovy:72)
	at com.kms.katalon.core.webui.keyword.builtin.VerifyElementTextKeyword.execute(VerifyElementTextKeyword.groovy:40)
	at com.kms.katalon.core.keyword.internal.KeywordExecutor.executeKeywordForPlatform(KeywordExecutor.groovy:74)
	at com.kms.katalon.core.webui.keyword.WebUiBuiltInKeywords.verifyElementText(WebUiBuiltInKeywords.groovy:4749)
	at com.kms.katalon.core.webui.keyword.WebUiBuiltInKeywords$verifyElementText$6.call(Unknown Source)
	at Отчеты.run(Отчеты:46)
	at com.kms.katalon.core.main.ScriptEngine.run(ScriptEngine.java:194)
	at com.kms.katalon.core.main.ScriptEngine.runScriptAsRawText(ScriptEngine.java:119)
	at com.kms.katalon.core.main.TestCaseExecutor.runScript(TestCaseExecutor.java:442)
	at com.kms.katalon.core.main.TestCaseExecutor.doExecute(TestCaseExecutor.java:433)
	at com.kms.katalon.core.main.TestCaseExecutor.processExecutionPhase(TestCaseExecutor.java:412)
	at com.kms.katalon.core.main.TestCaseExecutor.accessMainPhase(TestCaseExecutor.java:404)
	at com.kms.katalon.core.main.TestCaseExecutor.execute(TestCaseExecutor.java:281)
	at com.kms.katalon.core.main.TestSuiteExecutor.accessTestCaseMainPhase(TestSuiteExecutor.java:202)
	at com.kms.katalon.core.main.TestSuiteExecutor.accessTestSuiteMainPhase(TestSuiteExecutor.java:164)
	at com.kms.katalon.core.main.TestSuiteExecutor.execute(TestSuiteExecutor.java:105)
	at com.kms.katalon.core.main.TestCaseMain.startTestSuite(TestCaseMain.java:185)
	at com.kms.katalon.core.main.TestCaseMain$startTestSuite$0.call(Unknown Source)
	at TempTestSuite1647293532920.run(TempTestSuite1647293532920.groovy:36)
Caused by: com.kms.katalon.core.exception.StepFailedException: Actual text '  1 result available. Select is focused ,type to refine list, press Down to open the menu, press left to focus selected values' and expected text 'Реакция на простой стимул' of test object 'Object Repository/Avangard New/Object (Игрок)/Case (отчеты)/reaction easy' are NOT matched.
	at com.kms.katalon.core.webui.keyword.internal.WebUIKeywordMain.stepFailed(WebUIKeywordMain.groovy:64)
	at com.kms.katalon.core.webui.keyword.builtin.VerifyElementTextKeyword$_verifyElementText_closure1.doCall(VerifyElementTextKeyword.groovy:57)
	at com.kms.katalon.core.webui.keyword.builtin.VerifyElementTextKeyword$_verifyElementText_closure1.call(VerifyElementTextKeyword.groovy)
	at com.kms.katalon.core.webui.keyword.internal.WebUIKeywordMain.runKeyword(WebUIKeywordMain.groovy:20)
	... 19 more]]></system-out>
      <system-err><![CDATA[2022-03-15 00:32:29 - [TEST_SUITE][FAILED] - Игрок: Test Cases/Игрок/Отчеты FAILED.
Reason:
com.kms.katalon.core.exception.StepFailedException: Verify element text of test object 'Object Repository/Avangard New/Object (Игрок)/Case (отчеты)/reaction easy' FAILED.
	at com.kms.katalon.core.webui.keyword.internal.WebUIKeywordMain.stepFailed(WebUIKeywordMain.groovy:64)
	at com.kms.katalon.core.webui.keyword.internal.WebUIKeywordMain.runKeyword(WebUIKeywordMain.groovy:26)
	at com.kms.katalon.core.webui.keyword.builtin.VerifyElementTextKeyword.verifyElementText(VerifyElementTextKeyword.groovy:72)
	at com.kms.katalon.core.webui.keyword.builtin.VerifyElementTextKeyword.execute(VerifyElementTextKeyword.groovy:40)
	at com.kms.katalon.core.keyword.internal.KeywordExecutor.executeKeywordForPlatform(KeywordExecutor.groovy:74)
	at com.kms.katalon.core.webui.keyword.WebUiBuiltInKeywords.verifyElementText(WebUiBuiltInKeywords.groovy:4749)
	at com.kms.katalon.core.webui.keyword.WebUiBuiltInKeywords$verifyElementText$6.call(Unknown Source)
	at Отчеты.run(Отчеты:46)
	at com.kms.katalon.core.main.ScriptEngine.run(ScriptEngine.java:194)
	at com.kms.katalon.core.main.ScriptEngine.runScriptAsRawText(ScriptEngine.java:119)
	at com.kms.katalon.core.main.TestCaseExecutor.runScript(TestCaseExecutor.java:442)
	at com.kms.katalon.core.main.TestCaseExecutor.doExecute(TestCaseExecutor.java:433)
	at com.kms.katalon.core.main.TestCaseExecutor.processExecutionPhase(TestCaseExecutor.java:412)
	at com.kms.katalon.core.main.TestCaseExecutor.accessMainPhase(TestCaseExecutor.java:404)
	at com.kms.katalon.core.main.TestCaseExecutor.execute(TestCaseExecutor.java:281)
	at com.kms.katalon.core.main.TestSuiteExecutor.accessTestCaseMainPhase(TestSuiteExecutor.java:202)
	at com.kms.katalon.core.main.TestSuiteExecutor.accessTestSuiteMainPhase(TestSuiteExecutor.java:164)
	at com.kms.katalon.core.main.TestSuiteExecutor.execute(TestSuiteExecutor.java:105)
	at com.kms.katalon.core.main.TestCaseMain.startTestSuite(TestCaseMain.java:185)
	at com.kms.katalon.core.main.TestCaseMain$startTestSuite$0.call(Unknown Source)
	at TempTestSuite1647293532920.run(TempTestSuite1647293532920.groovy:36)
Caused by: com.kms.katalon.core.exception.StepFailedException: Actual text '  1 result available. Select is focused ,type to refine list, press Down to open the menu, press left to focus selected values' and expected text 'Реакция на простой стимул' of test object 'Object Repository/Avangard New/Object (Игрок)/Case (отчеты)/reaction easy' are NOT matched.
	at com.kms.katalon.core.webui.keyword.internal.WebUIKeywordMain.stepFailed(WebUIKeywordMain.groovy:64)
	at com.kms.katalon.core.webui.keyword.builtin.VerifyElementTextKeyword$_verifyElementText_closure1.doCall(VerifyElementTextKeyword.groovy:57)
	at com.kms.katalon.core.webui.keyword.builtin.VerifyElementTextKeyword$_verifyElementText_closure1.call(VerifyElementTextKeyword.groovy)
	at com.kms.katalon.core.webui.keyword.internal.WebUIKeywordMain.runKeyword(WebUIKeywordMain.groovy:20)
	... 19 more]]></system-err>
   </testsuite>
</testsuites>
