<?xml version="1.0" encoding="UTF-8"?>
<testsuites name="Игрок" time="1186.971" tests="4" failures="0" errors="0">
   <testsuite name="Игрок" tests="4" failures="0" errors="0" time="1186.971" skipped="0" timestamp="2022-04-04 12:40:11" hostname="LENOVO - DESKTOP-KNHN0AA" id="Test Suites/Игрок">
      <properties>
         <property name="deviceName" value=""/>
         <property name="devicePlatform" value=""/>
         <property name="logFolder" value="C:\\Users\\LENOVO\\Katalon Studio\\Avangard\\Reports\\20220404_123939\\\u0418\u0433\u0440\u043E\u043A\\20220404_123956"/>
         <property name="logFiles" value="C:\\Users\\LENOVO\\Katalon Studio\\Avangard\\Reports\\20220404_123939\\\u0418\u0433\u0440\u043E\u043A\\20220404_123956\\execution0.log"/>
         <property name="attachments" value="C:\\Users\\LENOVO\\Katalon Studio\\Avangard\\Reports\\20220404_123939\\\u0418\u0433\u0440\u043E\u043A\\20220404_123956\\1649065735923.png, C:\\Users\\LENOVO\\Katalon Studio\\Avangard\\Reports\\20220404_123939\\\u0418\u0433\u0440\u043E\u043A\\20220404_123956\\1649065786742.png"/>
         <property name="hostName" value="LENOVO - DESKTOP-KNHN0AA"/>
         <property name="remoteDriverUrl" value="testcloud.katalon.com/hub"/>
         <property name="desiredCapabilities" value="{
  &quot;acceptInsecureCerts&quot;: false,
  &quot;browserName&quot;: &quot;chrome&quot;,
  &quot;browserVersion&quot;: &quot;97.0.4692.71&quot;,
  &quot;chrome&quot;: {
    &quot;chromedriverVersion&quot;: &quot;97.0.4692.71 (adefa7837d02a07a604c1e6eff0b3a09422ab88d-refs/branch-heads/4692@{#1247})&quot;,
    &quot;userDataDir&quot;: &quot;/tmp/.com.google.Chrome.0SQ3Md&quot;
  },
  &quot;goog:chromeOptions&quot;: {
    &quot;debuggerAddress&quot;: &quot;localhost:44265&quot;
  },
  &quot;javascriptEnabled&quot;: true,
  &quot;networkConnectionEnabled&quot;: false,
  &quot;pageLoadStrategy&quot;: &quot;normal&quot;,
  &quot;platform&quot;: &quot;LINUX&quot;,
  &quot;platformName&quot;: &quot;LINUX&quot;,
  &quot;proxy&quot;: {
    &quot;proxyType&quot;: &quot;DIRECT&quot;,
    &quot;autodetect&quot;: false
  },
  &quot;se:cdp&quot;: &quot;ws://172.48.29.91:4444/session/412c4c6e904a5bec642f9ff4b17bb42a/se/cdp&quot;,
  &quot;se:cdpVersion&quot;: &quot;97.0.4692.71&quot;,
  &quot;se:vnc&quot;: &quot;ws://172.48.29.91:4444/session/412c4c6e904a5bec642f9ff4b17bb42a/se/vnc&quot;,
  &quot;se:vncEnabled&quot;: true,
  &quot;se:vncLocalAddress&quot;: &quot;ws://172.48.29.91:7900&quot;,
  &quot;setWindowRect&quot;: true,
  &quot;strictFileInteractability&quot;: false,
  &quot;timeouts&quot;: {
    &quot;implicit&quot;: 0,
    &quot;pageLoad&quot;: 300000,
    &quot;script&quot;: 30000
  },
  &quot;unhandledPromptBehavior&quot;: &quot;dismiss and notify&quot;,
  &quot;webauthn:extension:credBlob&quot;: true,
  &quot;webauthn:extension:largeBlob&quot;: true,
  &quot;webauthn:virtualAuthenticators&quot;: true
}"/>
         <property name="os" value="Windows 10 64bit"/>
         <property name="remoteOS" value="Linux"/>
         <property name="katalonVersion" value="8.2.5.208"/>
         <property name="browser" value="Chrome 97.0.4692.71"/>
         <property name="hostAddress" value="192.168.2.113"/>
         <property name="sessionId" value="412c4c6e904a5bec642f9ff4b17bb42a"/>
         <property name="seleniumVersion" value="3.141.59"/>
         <property name="proxyInformation" value="ProxyInformation { proxyOption=NO_PROXY, proxyServerType=HTTP, username=, password=********, proxyServerAddress=, proxyServerPort=0, executionList=&quot;&quot;, isApplyToDesiredCapabilities=true }"/>
         <property name="platform" value="Windows 10"/>
      </properties>
      <testcase name="Test Cases/Игрок/Авторизация" time="228.979" classname="Test Cases/Игрок/Авторизация" status="PASSED">
         <system-out><![CDATA[2022-04-04 12:40:15 - [TEST_CASE][PASSED] - Test Cases/Игрок/Авторизация: Test Cases/Игрок/Авторизация

2022-04-04 12:40:18 - [TEST_STEP][PASSED] - openBrowser(""): Browser is opened with url: ''

2022-04-04 12:40:19 - [MESSAGE][INFO] - User set preference: ['os', 'linux']

2022-04-04 12:40:19 - [MESSAGE][INFO] - User set preference: ['browserName', 'chrome']

2022-04-04 12:40:19 - [MESSAGE][INFO] - User set preference: ['browserVersion', '97']

2022-04-04 12:40:19 - [MESSAGE][INFO] - User set preference: ['katalon:option', '{organizationId=632442, tunnelId=, usingTunnel=false}']

2022-04-04 12:40:19 - [MESSAGE][INFO] - Connecting to remote web server 'testcloud.katalon.com/hub' with type 'Selenium'

2022-04-04 12:40:21 - [MESSAGE][INFO] - Action delay is set to 100 milliseconds

2022-04-04 12:43:45 - [MESSAGE][PASSED] - Browser is opened with url: ''

2022-04-04 12:43:45 - [TEST_STEP][PASSED] - maximizeWindow(): Current window maximized

2022-04-04 12:43:45 - [MESSAGE][PASSED] - Current window maximized

2022-04-04 12:43:45 - [TEST_STEP][PASSED] - navigateToUrl(url): Navigate to 'https://stars-stage.hawk.ru:8080' successfully

2022-04-04 12:43:52 - [MESSAGE][PASSED] - Navigate to 'https://stars-stage.hawk.ru:8080' successfully

2022-04-04 12:43:52 - [TEST_STEP][PASSED] - setText(findTestObject("Object Repository/manager/Page_/input__sc-lnrBVv eqPACj"), player_login): Text 'dima.vlasenko18@mail.ru' is set on object 'Object Repository/manager/Page_/input__sc-lnrBVv eqPACj'

2022-04-04 12:43:56 - [MESSAGE][PASSED] - Text 'dima.vlasenko18@mail.ru' is set on object 'Object Repository/manager/Page_/input__sc-lnrBVv eqPACj'

2022-04-04 12:43:56 - [TEST_STEP][PASSED] - setText(findTestObject("Object Repository/manager/Page_/input__sc-lnrBVv eqPACj_1"), player_password): Text 'dima.vlasenko18' is set on object 'Object Repository/manager/Page_/input__sc-lnrBVv eqPACj_1'

2022-04-04 12:44:01 - [MESSAGE][PASSED] - Text 'dima.vlasenko18' is set on object 'Object Repository/manager/Page_/input__sc-lnrBVv eqPACj_1'

2022-04-04 12:44:01 - [TEST_STEP][PASSED] - click(findTestObject("manager/Page_/go")): Object: 'Object Repository/manager/Page_/go' is clicked on

2022-04-04 12:44:04 - [MESSAGE][PASSED] - Object: 'Object Repository/manager/Page_/go' is clicked on]]></system-out>
         <system-err><![CDATA[]]></system-err>
      </testcase>
      <testcase name="Test Cases/Игрок/Отчеты психофиз профиля" time="357.597" classname="Test Cases/Игрок/Отчеты психофиз профиля" status="PASSED">
         <system-out><![CDATA[2022-04-04 12:44:04 - [TEST_CASE][PASSED] - Test Cases/Игрок/Отчеты психофиз профиля: Test Cases/Игрок/Отчеты психофиз профиля

2022-04-04 12:44:04 - [TEST_STEP][PASSED] - callTestCase(findTestCase("Игрок/Авторизация"), [:], STOP_ON_FAILURE): Call Test Case 'Test Cases/Игрок/Авторизация' successfully

2022-04-04 12:44:04 - [TEST_CASE][PASSED] - Test Cases/Игрок/Авторизация: Test Cases/Игрок/Авторизация

2022-04-04 12:44:04 - [TEST_STEP][PASSED] - openBrowser(""): Browser is opened with url: ''

2022-04-04 12:44:04 - [MESSAGE][WARNING] - A browser is already opened. Closing browser and opening a new one

2022-04-04 12:44:05 - [MESSAGE][INFO] - User set preference: ['os', 'linux']

2022-04-04 12:44:05 - [MESSAGE][INFO] - User set preference: ['browserName', 'chrome']

2022-04-04 12:44:05 - [MESSAGE][INFO] - User set preference: ['browserVersion', '97']

2022-04-04 12:44:05 - [MESSAGE][INFO] - User set preference: ['katalon:option', '{organizationId=632442, tunnelId=, usingTunnel=false}']

2022-04-04 12:44:05 - [MESSAGE][INFO] - Connecting to remote web server 'testcloud.katalon.com/hub' with type 'Selenium'

2022-04-04 12:44:05 - [MESSAGE][INFO] - Action delay is set to 100 milliseconds

2022-04-04 12:47:46 - [MESSAGE][PASSED] - Browser is opened with url: ''

2022-04-04 12:47:46 - [TEST_STEP][PASSED] - maximizeWindow(): Current window maximized

2022-04-04 12:47:46 - [MESSAGE][PASSED] - Current window maximized

2022-04-04 12:47:46 - [TEST_STEP][PASSED] - navigateToUrl(url): Navigate to 'https://stars-stage.hawk.ru:8080' successfully

2022-04-04 12:47:54 - [MESSAGE][PASSED] - Navigate to 'https://stars-stage.hawk.ru:8080' successfully

2022-04-04 12:47:54 - [TEST_STEP][PASSED] - setText(findTestObject("Object Repository/manager/Page_/input__sc-lnrBVv eqPACj"), player_login): Text 'dima.vlasenko18@mail.ru' is set on object 'Object Repository/manager/Page_/input__sc-lnrBVv eqPACj'

2022-04-04 12:47:58 - [MESSAGE][PASSED] - Text 'dima.vlasenko18@mail.ru' is set on object 'Object Repository/manager/Page_/input__sc-lnrBVv eqPACj'

2022-04-04 12:47:58 - [TEST_STEP][PASSED] - setText(findTestObject("Object Repository/manager/Page_/input__sc-lnrBVv eqPACj_1"), player_password): Text 'dima.vlasenko18' is set on object 'Object Repository/manager/Page_/input__sc-lnrBVv eqPACj_1'

2022-04-04 12:48:02 - [MESSAGE][PASSED] - Text 'dima.vlasenko18' is set on object 'Object Repository/manager/Page_/input__sc-lnrBVv eqPACj_1'

2022-04-04 12:48:02 - [TEST_STEP][PASSED] - click(findTestObject("manager/Page_/go")): Object: 'Object Repository/manager/Page_/go' is clicked on

2022-04-04 12:48:04 - [MESSAGE][PASSED] - Object: 'Object Repository/manager/Page_/go' is clicked on

2022-04-04 12:48:04 - [MESSAGE][PASSED] - Call Test Case 'Test Cases/Игрок/Авторизация' successfully

2022-04-04 12:48:04 - [TEST_STEP][PASSED] - click(findTestObject("Avangard New/Object (Игрок)/Case (Отчеты)/report")): Object: 'Object Repository/Avangard New/Object (Игрок)/Case (Отчеты)/report' is clicked on

2022-04-04 12:48:20 - [MESSAGE][PASSED] - Object: 'Object Repository/Avangard New/Object (Игрок)/Case (Отчеты)/report' is clicked on

2022-04-04 12:48:20 - [TEST_STEP][PASSED] - click(findTestObject("Avangard New/Object (Игрок)/Case (Отчеты)/psixolog")): Object: 'Object Repository/Avangard New/Object (Игрок)/Case (Отчеты)/psixolog' is clicked on

2022-04-04 12:48:22 - [MESSAGE][PASSED] - Object: 'Object Repository/Avangard New/Object (Игрок)/Case (Отчеты)/psixolog' is clicked on

2022-04-04 12:48:22 - [TEST_STEP][PASSED] - if (verifyElementText(findTestObject("Avangard New/Object (Игрок)/Case (Отчеты)/div_ganin"), "Ганин Данила", OPTIONAL) == true): Actual text 'Власенко Дмитрий' and expected text 'Ганин Данила' of test object 'Object Repository/Avangard New/Object (Игрок)/Case (Отчеты)/div_ganin' are NOT matched. (Root cause: com.kms.katalon.core.exception.StepFailedException: Actual text 'Власенко Дмитрий' and expected text 'Ганин Данила' of test object 'Object Repository/Avangard New/Object (Игрок)/Case (Отчеты)/div_ganin' are NOT matched.
	at com.kms.katalon.core.webui.keyword.internal.WebUIKeywordMain.stepFailed(WebUIKeywordMain.groovy:64)
	at com.kms.katalon.core.webui.keyword.builtin.VerifyElementTextKeyword$_verifyElementText_closure1.doCall(VerifyElementTextKeyword.groovy:57)
	at com.kms.katalon.core.webui.keyword.builtin.VerifyElementTextKeyword$_verifyElementText_closure1.call(VerifyElementTextKeyword.groovy)
	at com.kms.katalon.core.webui.keyword.internal.WebUIKeywordMain.runKeyword(WebUIKeywordMain.groovy:20)
	at com.kms.katalon.core.webui.keyword.builtin.VerifyElementTextKeyword.verifyElementText(VerifyElementTextKeyword.groovy:72)
	at com.kms.katalon.core.webui.keyword.builtin.VerifyElementTextKeyword.execute(VerifyElementTextKeyword.groovy:40)
	at com.kms.katalon.core.keyword.internal.KeywordExecutor.executeKeywordForPlatform(KeywordExecutor.groovy:74)
	at com.kms.katalon.core.webui.keyword.WebUiBuiltInKeywords.verifyElementText(WebUiBuiltInKeywords.groovy:4733)
	at com.kms.katalon.core.webui.keyword.WebUiBuiltInKeywords$verifyElementText$4.call(Unknown Source)
	at Отчеты психофиз профиля.run(Отчеты психофиз профиля:28)
	at com.kms.katalon.core.main.ScriptEngine.run(ScriptEngine.java:194)
	at com.kms.katalon.core.main.ScriptEngine.runScriptAsRawText(ScriptEngine.java:119)
	at com.kms.katalon.core.main.TestCaseExecutor.runScript(TestCaseExecutor.java:442)
	at com.kms.katalon.core.main.TestCaseExecutor.doExecute(TestCaseExecutor.java:433)
	at com.kms.katalon.core.main.TestCaseExecutor.processExecutionPhase(TestCaseExecutor.java:412)
	at com.kms.katalon.core.main.TestCaseExecutor.accessMainPhase(TestCaseExecutor.java:404)
	at com.kms.katalon.core.main.TestCaseExecutor.execute(TestCaseExecutor.java:281)
	at com.kms.katalon.core.main.TestSuiteExecutor.accessTestCaseMainPhase(TestSuiteExecutor.java:202)
	at com.kms.katalon.core.main.TestSuiteExecutor.accessTestSuiteMainPhase(TestSuiteExecutor.java:164)
	at com.kms.katalon.core.main.TestSuiteExecutor.execute(TestSuiteExecutor.java:105)
	at com.kms.katalon.core.main.TestCaseMain.startTestSuite(TestCaseMain.java:185)
	at com.kms.katalon.core.main.TestCaseMain$startTestSuite$0.call(Unknown Source)
	at TempTestSuite1649065196967.run(TempTestSuite1649065196967.groovy:36)
)

2022-04-04 12:48:54 - [MESSAGE][INFO] - Unable to find the element located by 'By.xpath: //div[(text() = 'Ганин Данила' or . = 'Ганин Данила')]'. Please recheck the objects properties to make sure the desired element is located. 

2022-04-04 12:48:54 - [MESSAGE][WARNING] - [SELF-HEALING] Failed to find element with id 'Object Repository/Avangard New/Object (Игрок)/Case (Отчеты)/div_ganin'. Try using Self-healing.

2022-04-04 12:48:55 - [MESSAGE][WARNING] - [SELF-HEALING] The current locator of test object 'Object Repository/Avangard New/Object (Игрок)/Case (Отчеты)/div_ganin' was broken. Propose an alternative one: '//div[@id='root']/div/div/div/div/div[2]/div/div[3]/div/div/div[2]/div/div/div/div'.

2022-04-04 12:48:57 - [MESSAGE][WARNING] - Actual text 'Власенко Дмитрий' and expected text 'Ганин Данила' of test object 'Object Repository/Avangard New/Object (Игрок)/Case (Отчеты)/div_ganin' are NOT matched. (Root cause: com.kms.katalon.core.exception.StepFailedException: Actual text 'Власенко Дмитрий' and expected text 'Ганин Данила' of test object 'Object Repository/Avangard New/Object (Игрок)/Case (Отчеты)/div_ganin' are NOT matched.
	at com.kms.katalon.core.webui.keyword.internal.WebUIKeywordMain.stepFailed(WebUIKeywordMain.groovy:64)
	at com.kms.katalon.core.webui.keyword.builtin.VerifyElementTextKeyword$_verifyElementText_closure1.doCall(VerifyElementTextKeyword.groovy:57)
	at com.kms.katalon.core.webui.keyword.builtin.VerifyElementTextKeyword$_verifyElementText_closure1.call(VerifyElementTextKeyword.groovy)
	at com.kms.katalon.core.webui.keyword.internal.WebUIKeywordMain.runKeyword(WebUIKeywordMain.groovy:20)
	at com.kms.katalon.core.webui.keyword.builtin.VerifyElementTextKeyword.verifyElementText(VerifyElementTextKeyword.groovy:72)
	at com.kms.katalon.core.webui.keyword.builtin.VerifyElementTextKeyword.execute(VerifyElementTextKeyword.groovy:40)
	at com.kms.katalon.core.keyword.internal.KeywordExecutor.executeKeywordForPlatform(KeywordExecutor.groovy:74)
	at com.kms.katalon.core.webui.keyword.WebUiBuiltInKeywords.verifyElementText(WebUiBuiltInKeywords.groovy:4733)
	at com.kms.katalon.core.webui.keyword.WebUiBuiltInKeywords$verifyElementText$4.call(Unknown Source)
	at Отчеты психофиз профиля.run(Отчеты психофиз профиля:28)
	at com.kms.katalon.core.main.ScriptEngine.run(ScriptEngine.java:194)
	at com.kms.katalon.core.main.ScriptEngine.runScriptAsRawText(ScriptEngine.java:119)
	at com.kms.katalon.core.main.TestCaseExecutor.runScript(TestCaseExecutor.java:442)
	at com.kms.katalon.core.main.TestCaseExecutor.doExecute(TestCaseExecutor.java:433)
	at com.kms.katalon.core.main.TestCaseExecutor.processExecutionPhase(TestCaseExecutor.java:412)
	at com.kms.katalon.core.main.TestCaseExecutor.accessMainPhase(TestCaseExecutor.java:404)
	at com.kms.katalon.core.main.TestCaseExecutor.execute(TestCaseExecutor.java:281)
	at com.kms.katalon.core.main.TestSuiteExecutor.accessTestCaseMainPhase(TestSuiteExecutor.java:202)
	at com.kms.katalon.core.main.TestSuiteExecutor.accessTestSuiteMainPhase(TestSuiteExecutor.java:164)
	at com.kms.katalon.core.main.TestSuiteExecutor.execute(TestSuiteExecutor.java:105)
	at com.kms.katalon.core.main.TestCaseMain.startTestSuite(TestCaseMain.java:185)
	at com.kms.katalon.core.main.TestCaseMain$startTestSuite$0.call(Unknown Source)
	at TempTestSuite1649065196967.run(TempTestSuite1649065196967.groovy:36)
)
[[ATTACHMENT|C:\\Users\\LENOVO\\Katalon Studio\\Avangard\\Reports\\20220404_123939\\\u0418\u0433\u0440\u043E\u043A\\20220404_123956\\1649065735923.png]]

2022-04-04 12:48:57 - [TEST_STEP][PASSED] - else: Object: 'Object Repository/Avangard New/Object (Игрок)/Case (Отчеты)/div_26.08.2021' is clicked on

2022-04-04 12:48:57 - [TEST_STEP][PASSED] - click(findTestObject("Avangard New/Object (Игрок)/Case (Отчеты)/div_date report")): Object: 'Object Repository/Avangard New/Object (Игрок)/Case (Отчеты)/div_date report' is clicked on

2022-04-04 12:48:59 - [MESSAGE][PASSED] - Object: 'Object Repository/Avangard New/Object (Игрок)/Case (Отчеты)/div_date report' is clicked on

2022-04-04 12:48:59 - [TEST_STEP][PASSED] - click(findTestObject("Avangard New/Object (Игрок)/Case (Отчеты)/div_26.08.2021")): Object: 'Object Repository/Avangard New/Object (Игрок)/Case (Отчеты)/div_26.08.2021' is clicked on

2022-04-04 12:49:01 - [MESSAGE][PASSED] - Object: 'Object Repository/Avangard New/Object (Игрок)/Case (Отчеты)/div_26.08.2021' is clicked on

2022-04-04 12:49:01 - [TEST_STEP][NOT_RUN] - verifyElementText(findTestObject("Avangard New/Object (Игрок)/Case (Отчеты)/div_ganin"), "Ганин Данила"): NOT_RUN: verifyElementText(findTestObject("Avangard New/Object (Игрок)/Case (Отчеты)/div_ganin"), "Ганин Данила")

2022-04-04 12:49:01 - [MESSAGE][NOT_RUN] - NOT_RUN: verifyElementText(findTestObject("Avangard New/Object (Игрок)/Case (Отчеты)/div_ganin"), "Ганин Данила")

2022-04-04 12:49:01 - [TEST_STEP][PASSED] - scrollToElement(findTestObject("Avangard New/Object (Игрок)/Case (Отчеты)/reaction easy"), 0): Scroll to object 'Object Repository/Avangard New/Object (Игрок)/Case (Отчеты)/reaction easy' successfully

2022-04-04 12:49:01 - [MESSAGE][WARNING] - Timeout '0' is invalid. Using default page load timeout: '30'

2022-04-04 12:49:06 - [MESSAGE][PASSED] - Scroll to object 'Object Repository/Avangard New/Object (Игрок)/Case (Отчеты)/reaction easy' successfully

2022-04-04 12:49:06 - [TEST_STEP][PASSED] - verifyElementText(findTestObject("Avangard New/Object (Игрок)/Case (Отчеты)/reaction easy"), "Реакция на простой стимул"): Actual text and expected text of test object 'Object Repository/Avangard New/Object (Игрок)/Case (Отчеты)/reaction easy' are matched.

2022-04-04 12:49:08 - [MESSAGE][PASSED] - Actual text and expected text of test object 'Object Repository/Avangard New/Object (Игрок)/Case (Отчеты)/reaction easy' are matched.

2022-04-04 12:49:08 - [TEST_STEP][PASSED] - verifyElementText(findTestObject("Avangard New/Object (Игрок)/Case (Отчеты)/reaction hard"), "Реакция на сложный стимул"): Actual text and expected text of test object 'Object Repository/Avangard New/Object (Игрок)/Case (Отчеты)/reaction hard' are matched.

2022-04-04 12:49:09 - [MESSAGE][PASSED] - Actual text and expected text of test object 'Object Repository/Avangard New/Object (Игрок)/Case (Отчеты)/reaction hard' are matched.

2022-04-04 12:49:09 - [TEST_STEP][PASSED] - scrollToElement(findTestObject("Avangard New/Object (Игрок)/Case (Отчеты)/button burg date (1)"), 0): Scroll to object 'Object Repository/Avangard New/Object (Игрок)/Case (Отчеты)/button burg date (1)' successfully

2022-04-04 12:49:10 - [MESSAGE][WARNING] - Timeout '0' is invalid. Using default page load timeout: '30'

2022-04-04 12:49:11 - [MESSAGE][PASSED] - Scroll to object 'Object Repository/Avangard New/Object (Игрок)/Case (Отчеты)/button burg date (1)' successfully

2022-04-04 12:49:11 - [TEST_STEP][PASSED] - click(findTestObject("Avangard New/Object (Игрок)/Case (Отчеты)/tab")): Object: 'Object Repository/Avangard New/Object (Игрок)/Case (Отчеты)/tab' is clicked on

2022-04-04 12:49:13 - [MESSAGE][PASSED] - Object: 'Object Repository/Avangard New/Object (Игрок)/Case (Отчеты)/tab' is clicked on

2022-04-04 12:49:13 - [TEST_STEP][PASSED] - if (verifyElementText(findTestObject("Avangard New/Object (Игрок)/Case (Отчеты)/div_ganin"), "Ганин Данила", OPTIONAL) == true): Actual text 'Власенко Дмитрий' and expected text 'Ганин Данила' of test object 'Object Repository/Avangard New/Object (Игрок)/Case (Отчеты)/div_ganin' are NOT matched. (Root cause: com.kms.katalon.core.exception.StepFailedException: Actual text 'Власенко Дмитрий' and expected text 'Ганин Данила' of test object 'Object Repository/Avangard New/Object (Игрок)/Case (Отчеты)/div_ganin' are NOT matched.
	at com.kms.katalon.core.webui.keyword.internal.WebUIKeywordMain.stepFailed(WebUIKeywordMain.groovy:64)
	at com.kms.katalon.core.webui.keyword.builtin.VerifyElementTextKeyword$_verifyElementText_closure1.doCall(VerifyElementTextKeyword.groovy:57)
	at com.kms.katalon.core.webui.keyword.builtin.VerifyElementTextKeyword$_verifyElementText_closure1.call(VerifyElementTextKeyword.groovy)
	at com.kms.katalon.core.webui.keyword.internal.WebUIKeywordMain.runKeyword(WebUIKeywordMain.groovy:20)
	at com.kms.katalon.core.webui.keyword.builtin.VerifyElementTextKeyword.verifyElementText(VerifyElementTextKeyword.groovy:72)
	at com.kms.katalon.core.webui.keyword.builtin.VerifyElementTextKeyword.execute(VerifyElementTextKeyword.groovy:40)
	at com.kms.katalon.core.keyword.internal.KeywordExecutor.executeKeywordForPlatform(KeywordExecutor.groovy:74)
	at com.kms.katalon.core.webui.keyword.WebUiBuiltInKeywords.verifyElementText(WebUiBuiltInKeywords.groovy:4733)
	at com.kms.katalon.core.webui.keyword.WebUiBuiltInKeywords$verifyElementText$4.call(Unknown Source)
	at Отчеты психофиз профиля.run(Отчеты психофиз профиля:55)
	at com.kms.katalon.core.main.ScriptEngine.run(ScriptEngine.java:194)
	at com.kms.katalon.core.main.ScriptEngine.runScriptAsRawText(ScriptEngine.java:119)
	at com.kms.katalon.core.main.TestCaseExecutor.runScript(TestCaseExecutor.java:442)
	at com.kms.katalon.core.main.TestCaseExecutor.doExecute(TestCaseExecutor.java:433)
	at com.kms.katalon.core.main.TestCaseExecutor.processExecutionPhase(TestCaseExecutor.java:412)
	at com.kms.katalon.core.main.TestCaseExecutor.accessMainPhase(TestCaseExecutor.java:404)
	at com.kms.katalon.core.main.TestCaseExecutor.execute(TestCaseExecutor.java:281)
	at com.kms.katalon.core.main.TestSuiteExecutor.accessTestCaseMainPhase(TestSuiteExecutor.java:202)
	at com.kms.katalon.core.main.TestSuiteExecutor.accessTestSuiteMainPhase(TestSuiteExecutor.java:164)
	at com.kms.katalon.core.main.TestSuiteExecutor.execute(TestSuiteExecutor.java:105)
	at com.kms.katalon.core.main.TestCaseMain.startTestSuite(TestCaseMain.java:185)
	at com.kms.katalon.core.main.TestCaseMain$startTestSuite$0.call(Unknown Source)
	at TempTestSuite1649065196967.run(TempTestSuite1649065196967.groovy:36)
)

2022-04-04 12:49:45 - [MESSAGE][INFO] - Unable to find the element located by 'By.xpath: //div[(text() = 'Ганин Данила' or . = 'Ганин Данила')]'. Please recheck the objects properties to make sure the desired element is located. 

2022-04-04 12:49:45 - [MESSAGE][WARNING] - [SELF-HEALING] Failed to find element with id 'Object Repository/Avangard New/Object (Игрок)/Case (Отчеты)/div_ganin'. Try using Self-healing.

2022-04-04 12:49:46 - [MESSAGE][WARNING] - [SELF-HEALING] The current locator of test object 'Object Repository/Avangard New/Object (Игрок)/Case (Отчеты)/div_ganin' was broken. Propose an alternative one: '//div[@id='root']/div/div/div/div/div[2]/div/div[3]/div/div/div[2]/div/div/div/div'.

2022-04-04 12:49:48 - [MESSAGE][WARNING] - Actual text 'Власенко Дмитрий' and expected text 'Ганин Данила' of test object 'Object Repository/Avangard New/Object (Игрок)/Case (Отчеты)/div_ganin' are NOT matched. (Root cause: com.kms.katalon.core.exception.StepFailedException: Actual text 'Власенко Дмитрий' and expected text 'Ганин Данила' of test object 'Object Repository/Avangard New/Object (Игрок)/Case (Отчеты)/div_ganin' are NOT matched.
	at com.kms.katalon.core.webui.keyword.internal.WebUIKeywordMain.stepFailed(WebUIKeywordMain.groovy:64)
	at com.kms.katalon.core.webui.keyword.builtin.VerifyElementTextKeyword$_verifyElementText_closure1.doCall(VerifyElementTextKeyword.groovy:57)
	at com.kms.katalon.core.webui.keyword.builtin.VerifyElementTextKeyword$_verifyElementText_closure1.call(VerifyElementTextKeyword.groovy)
	at com.kms.katalon.core.webui.keyword.internal.WebUIKeywordMain.runKeyword(WebUIKeywordMain.groovy:20)
	at com.kms.katalon.core.webui.keyword.builtin.VerifyElementTextKeyword.verifyElementText(VerifyElementTextKeyword.groovy:72)
	at com.kms.katalon.core.webui.keyword.builtin.VerifyElementTextKeyword.execute(VerifyElementTextKeyword.groovy:40)
	at com.kms.katalon.core.keyword.internal.KeywordExecutor.executeKeywordForPlatform(KeywordExecutor.groovy:74)
	at com.kms.katalon.core.webui.keyword.WebUiBuiltInKeywords.verifyElementText(WebUiBuiltInKeywords.groovy:4733)
	at com.kms.katalon.core.webui.keyword.WebUiBuiltInKeywords$verifyElementText$4.call(Unknown Source)
	at Отчеты психофиз профиля.run(Отчеты психофиз профиля:55)
	at com.kms.katalon.core.main.ScriptEngine.run(ScriptEngine.java:194)
	at com.kms.katalon.core.main.ScriptEngine.runScriptAsRawText(ScriptEngine.java:119)
	at com.kms.katalon.core.main.TestCaseExecutor.runScript(TestCaseExecutor.java:442)
	at com.kms.katalon.core.main.TestCaseExecutor.doExecute(TestCaseExecutor.java:433)
	at com.kms.katalon.core.main.TestCaseExecutor.processExecutionPhase(TestCaseExecutor.java:412)
	at com.kms.katalon.core.main.TestCaseExecutor.accessMainPhase(TestCaseExecutor.java:404)
	at com.kms.katalon.core.main.TestCaseExecutor.execute(TestCaseExecutor.java:281)
	at com.kms.katalon.core.main.TestSuiteExecutor.accessTestCaseMainPhase(TestSuiteExecutor.java:202)
	at com.kms.katalon.core.main.TestSuiteExecutor.accessTestSuiteMainPhase(TestSuiteExecutor.java:164)
	at com.kms.katalon.core.main.TestSuiteExecutor.execute(TestSuiteExecutor.java:105)
	at com.kms.katalon.core.main.TestCaseMain.startTestSuite(TestCaseMain.java:185)
	at com.kms.katalon.core.main.TestCaseMain$startTestSuite$0.call(Unknown Source)
	at TempTestSuite1649065196967.run(TempTestSuite1649065196967.groovy:36)
)
[[ATTACHMENT|C:\\Users\\LENOVO\\Katalon Studio\\Avangard\\Reports\\20220404_123939\\\u0418\u0433\u0440\u043E\u043A\\20220404_123956\\1649065786742.png]]

2022-04-04 12:49:48 - [TEST_STEP][PASSED] - else: Object: 'Object Repository/Avangard New/Object (Игрок)/Case (Отчеты)/div_20-21' is clicked on

2022-04-04 12:49:48 - [TEST_STEP][PASSED] - click(findTestObject("Avangard New/Object (Игрок)/Case (Отчеты)/div_sezon")): Object: 'Object Repository/Avangard New/Object (Игрок)/Case (Отчеты)/div_sezon' is clicked on

2022-04-04 12:49:50 - [MESSAGE][PASSED] - Object: 'Object Repository/Avangard New/Object (Игрок)/Case (Отчеты)/div_sezon' is clicked on

2022-04-04 12:49:50 - [TEST_STEP][PASSED] - click(findTestObject("Avangard New/Object (Игрок)/Case (Отчеты)/div_20-21")): Object: 'Object Repository/Avangard New/Object (Игрок)/Case (Отчеты)/div_20-21' is clicked on

2022-04-04 12:49:52 - [MESSAGE][PASSED] - Object: 'Object Repository/Avangard New/Object (Игрок)/Case (Отчеты)/div_20-21' is clicked on

2022-04-04 12:49:52 - [TEST_STEP][PASSED] - scrollToElement(findTestObject("Avangard New/Object (Игрок)/Case (Отчеты)/xarakteristika"), 0): Scroll to object 'Object Repository/Avangard New/Object (Игрок)/Case (Отчеты)/xarakteristika' successfully

2022-04-04 12:49:52 - [MESSAGE][WARNING] - Timeout '0' is invalid. Using default page load timeout: '30'

2022-04-04 12:49:55 - [MESSAGE][PASSED] - Scroll to object 'Object Repository/Avangard New/Object (Игрок)/Case (Отчеты)/xarakteristika' successfully

2022-04-04 12:49:55 - [TEST_STEP][PASSED] - verifyElementText(findTestObject("Avangard New/Object (Игрок)/Case (Отчеты)/xarakteristika"), "Экстраверсия"): Actual text and expected text of test object 'Object Repository/Avangard New/Object (Игрок)/Case (Отчеты)/xarakteristika' are matched.

2022-04-04 12:49:57 - [MESSAGE][PASSED] - Actual text and expected text of test object 'Object Repository/Avangard New/Object (Игрок)/Case (Отчеты)/xarakteristika' are matched.

2022-04-04 12:49:57 - [TEST_STEP][PASSED] - verifyElementText(findTestObject("Avangard New/Object (Игрок)/Case (Отчеты)/xarakteristika 2"), "Спонтанность"): Actual text and expected text of test object 'Object Repository/Avangard New/Object (Игрок)/Case (Отчеты)/xarakteristika 2' are matched.

2022-04-04 12:49:59 - [MESSAGE][PASSED] - Actual text and expected text of test object 'Object Repository/Avangard New/Object (Игрок)/Case (Отчеты)/xarakteristika 2' are matched.

2022-04-04 12:49:59 - [TEST_STEP][PASSED] - click(findTestObject("Avangard New/Object (Игрок)/Case (Отчеты)/home g (1)")): Object: 'Object Repository/Avangard New/Object (Игрок)/Case (Отчеты)/home g (1)' is clicked on

2022-04-04 12:50:01 - [MESSAGE][PASSED] - Object: 'Object Repository/Avangard New/Object (Игрок)/Case (Отчеты)/home g (1)' is clicked on

2022-04-04 12:50:01 - [TEST_STEP][PASSED] - closeBrowser(): Browser is closed

2022-04-04 12:50:01 - [MESSAGE][PASSED] - Browser is closed]]></system-out>
         <system-err><![CDATA[]]></system-err>
      </testcase>
      <testcase name="Test Cases/Игрок/Отчет по навыкам" time="327.962" classname="Test Cases/Игрок/Отчет по навыкам" status="PASSED">
         <system-out><![CDATA[2022-04-04 12:50:01 - [TEST_CASE][PASSED] - Test Cases/Игрок/Отчет по навыкам: Test Cases/Игрок/Отчет по навыкам

2022-04-04 12:50:01 - [TEST_STEP][PASSED] - callTestCase(findTestCase("Игрок/Авторизация"), [:], STOP_ON_FAILURE): Call Test Case 'Test Cases/Игрок/Авторизация' successfully

2022-04-04 12:50:01 - [TEST_CASE][PASSED] - Test Cases/Игрок/Авторизация: Test Cases/Игрок/Авторизация

2022-04-04 12:50:01 - [TEST_STEP][PASSED] - openBrowser(""): Browser is opened with url: ''

2022-04-04 12:50:01 - [MESSAGE][INFO] - User set preference: ['os', 'linux']

2022-04-04 12:50:01 - [MESSAGE][INFO] - User set preference: ['browserName', 'chrome']

2022-04-04 12:50:01 - [MESSAGE][INFO] - User set preference: ['browserVersion', '97']

2022-04-04 12:50:01 - [MESSAGE][INFO] - User set preference: ['katalon:option', '{organizationId=632442, tunnelId=, usingTunnel=false}']

2022-04-04 12:50:01 - [MESSAGE][INFO] - Connecting to remote web server 'testcloud.katalon.com/hub' with type 'Selenium'

2022-04-04 12:50:01 - [MESSAGE][INFO] - Action delay is set to 100 milliseconds

2022-04-04 12:54:40 - [MESSAGE][PASSED] - Browser is opened with url: ''

2022-04-04 12:54:40 - [TEST_STEP][PASSED] - maximizeWindow(): Current window maximized

2022-04-04 12:54:41 - [MESSAGE][PASSED] - Current window maximized

2022-04-04 12:54:41 - [TEST_STEP][PASSED] - navigateToUrl(url): Navigate to 'https://stars-stage.hawk.ru:8080' successfully

2022-04-04 12:54:50 - [MESSAGE][PASSED] - Navigate to 'https://stars-stage.hawk.ru:8080' successfully

2022-04-04 12:54:50 - [TEST_STEP][PASSED] - setText(findTestObject("Object Repository/manager/Page_/input__sc-lnrBVv eqPACj"), player_login): Text 'dima.vlasenko18@mail.ru' is set on object 'Object Repository/manager/Page_/input__sc-lnrBVv eqPACj'

2022-04-04 12:54:54 - [MESSAGE][PASSED] - Text 'dima.vlasenko18@mail.ru' is set on object 'Object Repository/manager/Page_/input__sc-lnrBVv eqPACj'

2022-04-04 12:54:54 - [TEST_STEP][PASSED] - setText(findTestObject("Object Repository/manager/Page_/input__sc-lnrBVv eqPACj_1"), player_password): Text 'dima.vlasenko18' is set on object 'Object Repository/manager/Page_/input__sc-lnrBVv eqPACj_1'

2022-04-04 12:54:58 - [MESSAGE][PASSED] - Text 'dima.vlasenko18' is set on object 'Object Repository/manager/Page_/input__sc-lnrBVv eqPACj_1'

2022-04-04 12:54:58 - [TEST_STEP][PASSED] - click(findTestObject("manager/Page_/go")): Object: 'Object Repository/manager/Page_/go' is clicked on

2022-04-04 12:55:00 - [MESSAGE][PASSED] - Object: 'Object Repository/manager/Page_/go' is clicked on

2022-04-04 12:55:00 - [MESSAGE][PASSED] - Call Test Case 'Test Cases/Игрок/Авторизация' successfully

2022-04-04 12:55:00 - [TEST_STEP][PASSED] - click(findTestObject("Object Repository/Avangard New/Object (Игрок)/Case (Отчеты по навыкам)/span_reports")): Object: 'Object Repository/Avangard New/Object (Игрок)/Case (Отчеты по навыкам)/span_reports' is clicked on

2022-04-04 12:55:21 - [MESSAGE][PASSED] - Object: 'Object Repository/Avangard New/Object (Игрок)/Case (Отчеты по навыкам)/span_reports' is clicked on

2022-04-04 12:55:21 - [TEST_STEP][PASSED] - click(findTestObject("Object Repository/Avangard New/Object (Игрок)/Case (Отчеты по навыкам)/div_report_skills")): Object: 'Object Repository/Avangard New/Object (Игрок)/Case (Отчеты по навыкам)/div_report_skills' is clicked on

2022-04-04 12:55:23 - [MESSAGE][PASSED] - Object: 'Object Repository/Avangard New/Object (Игрок)/Case (Отчеты по навыкам)/div_report_skills' is clicked on

2022-04-04 12:55:23 - [TEST_STEP][PASSED] - verifyElementVisible(findTestObject("Object Repository/Avangard New/Object (Игрок)/Case (Отчеты по навыкам)/div_10")): Object 'Object Repository/Avangard New/Object (Игрок)/Case (Отчеты по навыкам)/div_10' is visible

2022-04-04 12:55:27 - [MESSAGE][PASSED] - Object 'Object Repository/Avangard New/Object (Игрок)/Case (Отчеты по навыкам)/div_10' is visible

2022-04-04 12:55:27 - [TEST_STEP][PASSED] - verifyElementText(findTestObject("Avangard New/Object (Игрок)/Case (Отчеты по навыкам)/div_name"), player_for_test): Actual text and expected text of test object 'Object Repository/Avangard New/Object (Игрок)/Case (Отчеты по навыкам)/div_name' are matched.

2022-04-04 12:55:29 - [MESSAGE][PASSED] - Actual text and expected text of test object 'Object Repository/Avangard New/Object (Игрок)/Case (Отчеты по навыкам)/div_name' are matched.]]></system-out>
         <system-err><![CDATA[]]></system-err>
      </testcase>
      <testcase name="Test Cases/Игрок/Оценка навыков" time="269.139" classname="Test Cases/Игрок/Оценка навыков" status="PASSED">
         <system-out><![CDATA[2022-04-04 12:55:29 - [TEST_CASE][PASSED] - Test Cases/Игрок/Оценка навыков: Test Cases/Игрок/Оценка навыков

2022-04-04 12:55:29 - [TEST_STEP][PASSED] - callTestCase(findTestCase("Игрок/Авторизация"), [:], STOP_ON_FAILURE): Call Test Case 'Test Cases/Игрок/Авторизация' successfully

2022-04-04 12:55:29 - [TEST_CASE][PASSED] - Test Cases/Игрок/Авторизация: Test Cases/Игрок/Авторизация

2022-04-04 12:55:29 - [TEST_STEP][PASSED] - openBrowser(""): Browser is opened with url: ''

2022-04-04 12:55:30 - [MESSAGE][WARNING] - A browser is already opened. Closing browser and opening a new one

2022-04-04 12:55:30 - [MESSAGE][INFO] - User set preference: ['os', 'linux']

2022-04-04 12:55:30 - [MESSAGE][INFO] - User set preference: ['browserName', 'chrome']

2022-04-04 12:55:30 - [MESSAGE][INFO] - User set preference: ['browserVersion', '97']

2022-04-04 12:55:30 - [MESSAGE][INFO] - User set preference: ['katalon:option', '{organizationId=632442, tunnelId=, usingTunnel=false}']

2022-04-04 12:55:30 - [MESSAGE][INFO] - Connecting to remote web server 'testcloud.katalon.com/hub' with type 'Selenium'

2022-04-04 12:55:30 - [MESSAGE][INFO] - Action delay is set to 100 milliseconds

2022-04-04 12:58:46 - [MESSAGE][PASSED] - Browser is opened with url: ''

2022-04-04 12:58:46 - [TEST_STEP][PASSED] - maximizeWindow(): Current window maximized

2022-04-04 12:58:46 - [MESSAGE][PASSED] - Current window maximized

2022-04-04 12:58:46 - [TEST_STEP][PASSED] - navigateToUrl(url): Navigate to 'https://stars-stage.hawk.ru:8080' successfully

2022-04-04 12:58:53 - [MESSAGE][PASSED] - Navigate to 'https://stars-stage.hawk.ru:8080' successfully

2022-04-04 12:58:53 - [TEST_STEP][PASSED] - setText(findTestObject("Object Repository/manager/Page_/input__sc-lnrBVv eqPACj"), player_login): Text 'dima.vlasenko18@mail.ru' is set on object 'Object Repository/manager/Page_/input__sc-lnrBVv eqPACj'

2022-04-04 12:58:57 - [MESSAGE][PASSED] - Text 'dima.vlasenko18@mail.ru' is set on object 'Object Repository/manager/Page_/input__sc-lnrBVv eqPACj'

2022-04-04 12:58:57 - [TEST_STEP][PASSED] - setText(findTestObject("Object Repository/manager/Page_/input__sc-lnrBVv eqPACj_1"), player_password): Text 'dima.vlasenko18' is set on object 'Object Repository/manager/Page_/input__sc-lnrBVv eqPACj_1'

2022-04-04 12:59:01 - [MESSAGE][PASSED] - Text 'dima.vlasenko18' is set on object 'Object Repository/manager/Page_/input__sc-lnrBVv eqPACj_1'

2022-04-04 12:59:01 - [TEST_STEP][PASSED] - click(findTestObject("manager/Page_/go")): Object: 'Object Repository/manager/Page_/go' is clicked on

2022-04-04 12:59:03 - [MESSAGE][PASSED] - Object: 'Object Repository/manager/Page_/go' is clicked on

2022-04-04 12:59:03 - [MESSAGE][PASSED] - Call Test Case 'Test Cases/Игрок/Авторизация' successfully

2022-04-04 12:59:03 - [TEST_STEP][PASSED] - click(findTestObject("Avangard New/Object (Игрок)/Case (Оценка навыков)/skill")): Object: 'Object Repository/Avangard New/Object (Игрок)/Case (Оценка навыков)/skill' is clicked on

2022-04-04 12:59:20 - [MESSAGE][PASSED] - Object: 'Object Repository/Avangard New/Object (Игрок)/Case (Оценка навыков)/skill' is clicked on

2022-04-04 12:59:20 - [TEST_STEP][PASSED] - click(findTestObject("Object Repository/Avangard New/Object (Игрок)/Case (Оценка навыков)/span_1")): Object: 'Object Repository/Avangard New/Object (Игрок)/Case (Оценка навыков)/span_1' is clicked on

2022-04-04 12:59:24 - [MESSAGE][PASSED] - Object: 'Object Repository/Avangard New/Object (Игрок)/Case (Оценка навыков)/span_1' is clicked on

2022-04-04 12:59:24 - [TEST_STEP][PASSED] - verifyElementText(findTestObject("Avangard New/Object (Игрок)/Case (Оценка навыков)/fast fast"), "Ускорение"): Actual text and expected text of test object 'Object Repository/Avangard New/Object (Игрок)/Case (Оценка навыков)/fast fast' are matched.

2022-04-04 12:59:26 - [MESSAGE][PASSED] - Actual text and expected text of test object 'Object Repository/Avangard New/Object (Игрок)/Case (Оценка навыков)/fast fast' are matched.

2022-04-04 12:59:26 - [TEST_STEP][PASSED] - scrollToElement(findTestObject("Avangard New/Object (Игрок)/Case (Оценка навыков)/button_save"), 0): Scroll to object 'Object Repository/Avangard New/Object (Игрок)/Case (Оценка навыков)/button_save' successfully

2022-04-04 12:59:26 - [MESSAGE][WARNING] - Timeout '0' is invalid. Using default page load timeout: '30'

2022-04-04 12:59:28 - [MESSAGE][PASSED] - Scroll to object 'Object Repository/Avangard New/Object (Игрок)/Case (Оценка навыков)/button_save' successfully

2022-04-04 12:59:28 - [TEST_STEP][PASSED] - click(findTestObject("Avangard New/Object (Игрок)/Case (Оценка навыков)/button_save")): Object: 'Object Repository/Avangard New/Object (Игрок)/Case (Оценка навыков)/button_save' is clicked on

2022-04-04 12:59:30 - [MESSAGE][PASSED] - Object: 'Object Repository/Avangard New/Object (Игрок)/Case (Оценка навыков)/button_save' is clicked on

2022-04-04 12:59:30 - [TEST_STEP][PASSED] - verifyElementText(findTestObject("Avangard New/Object (Игрок)/Case (Оценка навыков)/alert skill"), "Оценки успешно сохранены."): Actual text and expected text of test object 'Object Repository/Avangard New/Object (Игрок)/Case (Оценка навыков)/alert skill' are matched.

2022-04-04 12:59:33 - [MESSAGE][PASSED] - Actual text and expected text of test object 'Object Repository/Avangard New/Object (Игрок)/Case (Оценка навыков)/alert skill' are matched.

2022-04-04 12:59:33 - [TEST_STEP][PASSED] - click(findTestObject("Object Repository/Avangard New/Object (Игрок)/Case (Оценка навыков)/report")): Object: 'Object Repository/Avangard New/Object (Игрок)/Case (Оценка навыков)/report' is clicked on

2022-04-04 12:59:35 - [MESSAGE][PASSED] - Object: 'Object Repository/Avangard New/Object (Игрок)/Case (Оценка навыков)/report' is clicked on

2022-04-04 12:59:35 - [TEST_STEP][PASSED] - click(findTestObject("Object Repository/Avangard New/Object (Игрок)/Case (Оценка навыков)/repor skill")): Object: 'Object Repository/Avangard New/Object (Игрок)/Case (Оценка навыков)/repor skill' is clicked on

2022-04-04 12:59:37 - [MESSAGE][PASSED] - Object: 'Object Repository/Avangard New/Object (Игрок)/Case (Оценка навыков)/repor skill' is clicked on

2022-04-04 12:59:37 - [TEST_STEP][PASSED] - verifyElementText(findTestObject("Avangard New/Object (Игрок)/Case (Оценка навыков)/div_1"), "1"): Actual text and expected text of test object 'Object Repository/Avangard New/Object (Игрок)/Case (Оценка навыков)/div_1' are matched.

2022-04-04 12:59:41 - [MESSAGE][PASSED] - Actual text and expected text of test object 'Object Repository/Avangard New/Object (Игрок)/Case (Оценка навыков)/div_1' are matched.

2022-04-04 12:59:41 - [TEST_STEP][PASSED] - verifyElementText(findTestObject("Avangard New/Object (Игрок)/Case (Оценка навыков)/div_katanie"), "Катание"): Actual text and expected text of test object 'Object Repository/Avangard New/Object (Игрок)/Case (Оценка навыков)/div_katanie' are matched.

2022-04-04 12:59:43 - [MESSAGE][PASSED] - Actual text and expected text of test object 'Object Repository/Avangard New/Object (Игрок)/Case (Оценка навыков)/div_katanie' are matched.

2022-04-04 12:59:43 - [TEST_STEP][PASSED] - click(findTestObject("Avangard New/Object (Игрок)/Case (Оценка навыков)/skill")): Object: 'Object Repository/Avangard New/Object (Игрок)/Case (Оценка навыков)/skill' is clicked on

2022-04-04 12:59:46 - [MESSAGE][PASSED] - Object: 'Object Repository/Avangard New/Object (Игрок)/Case (Оценка навыков)/skill' is clicked on

2022-04-04 12:59:46 - [TEST_STEP][PASSED] - click(findTestObject("Object Repository/Avangard New/Object (Игрок)/Case (Оценка навыков)/span_8")): Object: 'Object Repository/Avangard New/Object (Игрок)/Case (Оценка навыков)/span_8' is clicked on

2022-04-04 12:59:51 - [MESSAGE][PASSED] - Object: 'Object Repository/Avangard New/Object (Игрок)/Case (Оценка навыков)/span_8' is clicked on

2022-04-04 12:59:51 - [TEST_STEP][PASSED] - scrollToElement(findTestObject("Avangard New/Object (Игрок)/Case (Оценка навыков)/button_save"), 0): Scroll to object 'Object Repository/Avangard New/Object (Игрок)/Case (Оценка навыков)/button_save' successfully

2022-04-04 12:59:51 - [MESSAGE][WARNING] - Timeout '0' is invalid. Using default page load timeout: '30'

2022-04-04 12:59:52 - [MESSAGE][PASSED] - Scroll to object 'Object Repository/Avangard New/Object (Игрок)/Case (Оценка навыков)/button_save' successfully

2022-04-04 12:59:52 - [TEST_STEP][PASSED] - click(findTestObject("Avangard New/Object (Игрок)/Case (Оценка навыков)/button_save")): Object: 'Object Repository/Avangard New/Object (Игрок)/Case (Оценка навыков)/button_save' is clicked on

2022-04-04 12:59:55 - [MESSAGE][PASSED] - Object: 'Object Repository/Avangard New/Object (Игрок)/Case (Оценка навыков)/button_save' is clicked on

2022-04-04 12:59:55 - [TEST_STEP][PASSED] - verifyElementText(findTestObject("Avangard New/Object (Игрок)/Case (Оценка навыков)/alert skill"), "Оценки успешно сохранены."): Actual text and expected text of test object 'Object Repository/Avangard New/Object (Игрок)/Case (Оценка навыков)/alert skill' are matched.

2022-04-04 12:59:58 - [MESSAGE][PASSED] - Actual text and expected text of test object 'Object Repository/Avangard New/Object (Игрок)/Case (Оценка навыков)/alert skill' are matched.]]></system-out>
         <system-err><![CDATA[]]></system-err>
      </testcase>
      <system-out><![CDATA[2022-04-04 12:40:11 - [TEST_SUITE][PASSED] - Игрок: Test Cases/Игрок/Оценка навыков]]></system-out>
      <system-err><![CDATA[]]></system-err>
   </testsuite>
</testsuites>
