<?xml version="1.0" encoding="UTF-8"?>
<testsuites name="Администратор" time="517.037" tests="9" failures="1" errors="0">
   <testsuite name="Администратор" tests="9" failures="1" errors="0" time="517.037" skipped="0" timestamp="2022-04-13 22:58:17" hostname="LENOVO - DESKTOP-KNHN0AA" id="Test Suites/Администратор">
      <properties>
         <property name="deviceName" value=""/>
         <property name="devicePlatform" value=""/>
         <property name="logFolder" value="C:\\Users\\LENOVO\\Katalon Studio\\Avangard\\Reports\\20220413_225045\\\u0410\u0434\u043C\u0438\u043D\u0438\u0441\u0442\u0440\u0430\u0442\u043E\u0440\\20220413_225103"/>
         <property name="logFiles" value="C:\\Users\\LENOVO\\Katalon Studio\\Avangard\\Reports\\20220413_225045\\\u0410\u0434\u043C\u0438\u043D\u0438\u0441\u0442\u0440\u0430\u0442\u043E\u0440\\20220413_225103\\execution0.log"/>
         <property name="attachments" value="C:\scr\Омские Ястребы33.jpg, C:\\Users\\LENOVO\\Katalon Studio\\Avangard\\Reports\\20220413_225045\\\u0410\u0434\u043C\u0438\u043D\u0438\u0441\u0442\u0440\u0430\u0442\u043E\u0440\\20220413_225103\\1649880110275.png, C:\\Users\\LENOVO\\Katalon Studio\\Avangard\\Reports\\20220413_225045\\\u0410\u0434\u043C\u0438\u043D\u0438\u0441\u0442\u0440\u0430\u0442\u043E\u0440\\20220413_225103\\1649880336770.png"/>
         <property name="hostName" value="LENOVO - DESKTOP-KNHN0AA"/>
         <property name="os" value="Windows 10 64bit"/>
         <property name="katalonVersion" value="8.2.5.208"/>
         <property name="browser" value="Chrome 100.0.4896.75"/>
         <property name="hostAddress" value="192.168.0.11"/>
         <property name="sessionId" value="528bfd8b060b660cd6a75ac5671c6da5"/>
         <property name="seleniumVersion" value="3.141.59"/>
         <property name="proxyInformation" value="ProxyInformation { proxyOption=NO_PROXY, proxyServerType=HTTP, username=, password=********, proxyServerAddress=, proxyServerPort=0, executionList=&quot;&quot;, isApplyToDesiredCapabilities=true }"/>
         <property name="platform" value="Windows 10"/>
      </properties>
      <testcase name="Test Cases/Администратор/Авторизация" time="12.673" classname="Test Cases/Администратор/Авторизация" status="PASSED">
         <system-out><![CDATA[2022-04-13 22:58:17 - [TEST_CASE][PASSED] - Test Cases/Администратор/Авторизация: Test Cases/Администратор/Авторизация

2022-04-13 22:58:17 - [TEST_STEP][PASSED] - openBrowser(""): Browser is opened with url: ''

2022-04-13 22:58:18 - [MESSAGE][INFO] - Starting 'Chrome' driver

2022-04-13 22:58:18 - [MESSAGE][INFO] - Action delay is set to 100 milliseconds

2022-04-13 22:58:20 - [MESSAGE][PASSED] - Browser is opened with url: ''

2022-04-13 22:58:20 - [TEST_STEP][PASSED] - maximizeWindow(): Current window maximized

2022-04-13 22:58:20 - [MESSAGE][PASSED] - Current window maximized

2022-04-13 22:58:20 - [TEST_STEP][PASSED] - navigateToUrl(url): Navigate to 'https://stars-stage.hawk.ru:8080' successfully

2022-04-13 22:58:27 - [MESSAGE][PASSED] - Navigate to 'https://stars-stage.hawk.ru:8080' successfully

2022-04-13 22:58:27 - [TEST_STEP][PASSED] - setText(findTestObject("Object Repository/Page_/input__sc-lnrBVv eqPACj"), admin_login): Text 'TestAdmin@test.ru' is set on object 'Object Repository/Page_/input__sc-lnrBVv eqPACj'

2022-04-13 22:58:28 - [MESSAGE][PASSED] - Text 'TestAdmin@test.ru' is set on object 'Object Repository/Page_/input__sc-lnrBVv eqPACj'

2022-04-13 22:58:28 - [TEST_STEP][PASSED] - setText(findTestObject("Object Repository/Page_/input__sc-lnrBVv eqPACj_1"), admin_password): Text 'TestAdmin@test.ru' is set on object 'Object Repository/Page_/input__sc-lnrBVv eqPACj_1'

2022-04-13 22:58:29 - [MESSAGE][PASSED] - Text 'TestAdmin@test.ru' is set on object 'Object Repository/Page_/input__sc-lnrBVv eqPACj_1'

2022-04-13 22:58:29 - [TEST_STEP][PASSED] - click(findTestObject("Object Repository/Page_/go")): Object: 'Object Repository/Page_/go' is clicked on

2022-04-13 22:58:30 - [MESSAGE][PASSED] - Object: 'Object Repository/Page_/go' is clicked on]]></system-out>
         <system-err><![CDATA[]]></system-err>
      </testcase>
      <testcase name="Test Cases/Администратор/Профиль Админа" time="38.093" classname="Test Cases/Администратор/Профиль Админа" status="PASSED">
         <system-out><![CDATA[2022-04-13 22:58:30 - [TEST_CASE][PASSED] - Test Cases/Администратор/Профиль Админа: Test Cases/Администратор/Профиль Админа

2022-04-13 22:58:30 - [TEST_STEP][PASSED] - callTestCase(findTestCase("Администратор/Авторизация"), [:], STOP_ON_FAILURE): Call Test Case 'Test Cases/Администратор/Авторизация' successfully

2022-04-13 22:58:30 - [TEST_CASE][PASSED] - Test Cases/Администратор/Авторизация: Test Cases/Администратор/Авторизация

2022-04-13 22:58:30 - [TEST_STEP][PASSED] - openBrowser(""): Browser is opened with url: ''

2022-04-13 22:58:30 - [MESSAGE][WARNING] - A browser is already opened. Closing browser and opening a new one

2022-04-13 22:58:31 - [MESSAGE][INFO] - Starting 'Chrome' driver

2022-04-13 22:58:31 - [MESSAGE][INFO] - Action delay is set to 100 milliseconds

2022-04-13 22:58:32 - [MESSAGE][PASSED] - Browser is opened with url: ''

2022-04-13 22:58:32 - [TEST_STEP][PASSED] - maximizeWindow(): Current window maximized

2022-04-13 22:58:32 - [MESSAGE][PASSED] - Current window maximized

2022-04-13 22:58:32 - [TEST_STEP][PASSED] - navigateToUrl(url): Navigate to 'https://stars-stage.hawk.ru:8080' successfully

2022-04-13 22:58:38 - [MESSAGE][PASSED] - Navigate to 'https://stars-stage.hawk.ru:8080' successfully

2022-04-13 22:58:38 - [TEST_STEP][PASSED] - setText(findTestObject("Object Repository/Page_/input__sc-lnrBVv eqPACj"), admin_login): Text 'TestAdmin@test.ru' is set on object 'Object Repository/Page_/input__sc-lnrBVv eqPACj'

2022-04-13 22:58:39 - [MESSAGE][PASSED] - Text 'TestAdmin@test.ru' is set on object 'Object Repository/Page_/input__sc-lnrBVv eqPACj'

2022-04-13 22:58:39 - [TEST_STEP][PASSED] - setText(findTestObject("Object Repository/Page_/input__sc-lnrBVv eqPACj_1"), admin_password): Text 'TestAdmin@test.ru' is set on object 'Object Repository/Page_/input__sc-lnrBVv eqPACj_1'

2022-04-13 22:58:40 - [MESSAGE][PASSED] - Text 'TestAdmin@test.ru' is set on object 'Object Repository/Page_/input__sc-lnrBVv eqPACj_1'

2022-04-13 22:58:40 - [TEST_STEP][PASSED] - click(findTestObject("Object Repository/Page_/go")): Object: 'Object Repository/Page_/go' is clicked on

2022-04-13 22:58:41 - [MESSAGE][PASSED] - Object: 'Object Repository/Page_/go' is clicked on

2022-04-13 22:58:41 - [MESSAGE][PASSED] - Call Test Case 'Test Cases/Администратор/Авторизация' successfully

2022-04-13 22:58:41 - [TEST_STEP][PASSED] - click(findTestObject("Object Repository/admin/Page_/div_Admin Admin")): Object: 'Object Repository/admin/Page_/div_Admin Admin' is clicked on

2022-04-13 22:59:04 - [MESSAGE][PASSED] - Object: 'Object Repository/admin/Page_/div_Admin Admin' is clicked on

2022-04-13 22:59:04 - [TEST_STEP][PASSED] - verifyTextPresent("РЕДАКТИРОВАНИЕ ПРОФИЛЯ", true): Text 'РЕДАКТИРОВАНИЕ ПРОФИЛЯ' is present on page  using regular expression

2022-04-13 22:59:05 - [MESSAGE][PASSED] - Text 'РЕДАКТИРОВАНИЕ ПРОФИЛЯ' is present on page  using regular expression

2022-04-13 22:59:05 - [TEST_STEP][PASSED] - takeFullPageScreenshot("C:\scr\" + school + "33.jpg"): Taking screenshot successfully

2022-04-13 22:59:06 - [MESSAGE][INFO] - 0 hidden object(s)

2022-04-13 22:59:06 - [MESSAGE][PASSED] - Taking screenshot successfully
[[ATTACHMENT|C:\scr\Омские Ястребы33.jpg]]

2022-04-13 22:59:06 - [TEST_STEP][PASSED] - click(findTestObject("Object Repository/admin/Page_/save")): Object: 'Object Repository/admin/Page_/save' is clicked on

2022-04-13 22:59:06 - [MESSAGE][PASSED] - Object: 'Object Repository/admin/Page_/save' is clicked on

2022-04-13 22:59:06 - [TEST_STEP][PASSED] - click(findTestObject("admin/Page_/root")): Object: 'Object Repository/admin/Page_/root' is clicked on

2022-04-13 22:59:07 - [MESSAGE][PASSED] - Object: 'Object Repository/admin/Page_/root' is clicked on

2022-04-13 22:59:07 - [TEST_STEP][PASSED] - closeBrowser(): Browser is closed

2022-04-13 22:59:08 - [MESSAGE][PASSED] - Browser is closed]]></system-out>
         <system-err><![CDATA[]]></system-err>
      </testcase>
      <testcase name="Test Cases/Администратор/Документы (возможна проверка и под аккаунтом Менеджера)" time="42.667" classname="Test Cases/Администратор/Документы (возможна проверка и под аккаунтом Менеджера)" status="PASSED">
         <system-out><![CDATA[2022-04-13 22:59:08 - [TEST_CASE][PASSED] - Test Cases/Администратор/Документы (возможна проверка и под аккаунтом Менеджера): Test Cases/Администратор/Документы (возможна проверка и под аккаунтом Менеджера)

2022-04-13 22:59:08 - [TEST_STEP][PASSED] - callTestCase(findTestCase("Администратор/Авторизация"), [:], STOP_ON_FAILURE): Call Test Case 'Test Cases/Администратор/Авторизация' successfully

2022-04-13 22:59:08 - [TEST_CASE][PASSED] - Test Cases/Администратор/Авторизация: Test Cases/Администратор/Авторизация

2022-04-13 22:59:08 - [TEST_STEP][PASSED] - openBrowser(""): Browser is opened with url: ''

2022-04-13 22:59:08 - [MESSAGE][INFO] - Starting 'Chrome' driver

2022-04-13 22:59:08 - [MESSAGE][INFO] - Action delay is set to 100 milliseconds

2022-04-13 22:59:09 - [MESSAGE][PASSED] - Browser is opened with url: ''

2022-04-13 22:59:09 - [TEST_STEP][PASSED] - maximizeWindow(): Current window maximized

2022-04-13 22:59:09 - [MESSAGE][PASSED] - Current window maximized

2022-04-13 22:59:09 - [TEST_STEP][PASSED] - navigateToUrl(url): Navigate to 'https://stars-stage.hawk.ru:8080' successfully

2022-04-13 22:59:16 - [MESSAGE][PASSED] - Navigate to 'https://stars-stage.hawk.ru:8080' successfully

2022-04-13 22:59:16 - [TEST_STEP][PASSED] - setText(findTestObject("Object Repository/Page_/input__sc-lnrBVv eqPACj"), admin_login): Text 'TestAdmin@test.ru' is set on object 'Object Repository/Page_/input__sc-lnrBVv eqPACj'

2022-04-13 22:59:17 - [MESSAGE][PASSED] - Text 'TestAdmin@test.ru' is set on object 'Object Repository/Page_/input__sc-lnrBVv eqPACj'

2022-04-13 22:59:17 - [TEST_STEP][PASSED] - setText(findTestObject("Object Repository/Page_/input__sc-lnrBVv eqPACj_1"), admin_password): Text 'TestAdmin@test.ru' is set on object 'Object Repository/Page_/input__sc-lnrBVv eqPACj_1'

2022-04-13 22:59:18 - [MESSAGE][PASSED] - Text 'TestAdmin@test.ru' is set on object 'Object Repository/Page_/input__sc-lnrBVv eqPACj_1'

2022-04-13 22:59:18 - [TEST_STEP][PASSED] - click(findTestObject("Object Repository/Page_/go")): Object: 'Object Repository/Page_/go' is clicked on

2022-04-13 22:59:18 - [MESSAGE][PASSED] - Object: 'Object Repository/Page_/go' is clicked on

2022-04-13 22:59:18 - [MESSAGE][PASSED] - Call Test Case 'Test Cases/Администратор/Авторизация' successfully

2022-04-13 22:59:18 - [TEST_STEP][PASSED] - click(findTestObject("Avangard New/Object (Администратор)/Case (Документы)/documents (вкладка документы)")): Object: 'Object Repository/Avangard New/Object (Администратор)/Case (Документы)/documents (вкладка документы)' is clicked on

2022-04-13 22:59:44 - [MESSAGE][PASSED] - Object: 'Object Repository/Avangard New/Object (Администратор)/Case (Документы)/documents (вкладка документы)' is clicked on

2022-04-13 22:59:44 - [TEST_STEP][PASSED] - waitForPageLoad(10): Wait for page load successfully

2022-04-13 22:59:44 - [MESSAGE][PASSED] - Wait for page load successfully

2022-04-13 22:59:44 - [TEST_STEP][PASSED] - click(findTestObject("Avangard New/Object (Администратор)/Case (Документы)/document (нажать на документ)")): Object: 'Object Repository/Avangard New/Object (Администратор)/Case (Документы)/document (нажать на документ)' is clicked on

2022-04-13 22:59:46 - [MESSAGE][PASSED] - Object: 'Object Repository/Avangard New/Object (Администратор)/Case (Документы)/document (нажать на документ)' is clicked on

2022-04-13 22:59:46 - [TEST_STEP][PASSED] - verifyElementClickable(findTestObject("Avangard New/Object (Администратор)/Case (Документы)/button download")): Object 'Object Repository/Avangard New/Object (Администратор)/Case (Документы)/button download' is clickable

2022-04-13 22:59:46 - [MESSAGE][PASSED] - Object 'Object Repository/Avangard New/Object (Администратор)/Case (Документы)/button download' is clickable

2022-04-13 22:59:46 - [TEST_STEP][PASSED] - sendKeys(findTestObject("Avangard New/Object (Администратор)/Case (Документы)/button download"), Keys.chord(ESCAPE)): Keys 'ESCAPE + ' sent to object: 'Object Repository/Avangard New/Object (Администратор)/Case (Документы)/button download'

2022-04-13 22:59:47 - [MESSAGE][PASSED] - Keys 'ESCAPE + ' sent to object: 'Object Repository/Avangard New/Object (Администратор)/Case (Документы)/button download'

2022-04-13 22:59:47 - [TEST_STEP][PASSED] - scrollToElement(findTestObject("admin/documents/documents (4)/add"), 0, OPTIONAL): Scroll to object 'Object Repository/admin/documents/documents (4)/add' successfully

2022-04-13 22:59:47 - [MESSAGE][WARNING] - Timeout '0' is invalid. Using default page load timeout: '30'

2022-04-13 22:59:47 - [MESSAGE][PASSED] - Scroll to object 'Object Repository/admin/documents/documents (4)/add' successfully

2022-04-13 22:59:47 - [TEST_STEP][PASSED] - while (verifyElementVisible(findTestObject("admin/documents/Page_/add"), OPTIONAL) == true): null

2022-04-13 22:59:48 - [MESSAGE][PASSED] - Object 'Object Repository/admin/documents/Page_/add' is visible

2022-04-13 22:59:48 - [TEST_STEP][PASSED] - click(findTestObject("admin/documents/documents (4)/add")): Object: 'Object Repository/admin/documents/documents (4)/add' is clicked on

2022-04-13 22:59:48 - [MESSAGE][PASSED] - Object: 'Object Repository/admin/documents/documents (4)/add' is clicked on

2022-04-13 22:59:48 - [TEST_STEP][PASSED] - verifyElementVisible(findTestObject("admin/documents/Page_/div_    05.02.21")): Object 'Object Repository/admin/documents/Page_/div_    05.02.21' is visible

2022-04-13 22:59:49 - [MESSAGE][PASSED] - Object 'Object Repository/admin/documents/Page_/div_    05.02.21' is visible

2022-04-13 22:59:49 - [TEST_STEP][PASSED] - click(findTestObject("admin/documents/Page_/div_ _sidebar__overlay sidebar__overlay_visible")): Object: 'Object Repository/admin/documents/Page_/div_ _sidebar__overlay sidebar__overlay_visible' is clicked on

2022-04-13 22:59:49 - [MESSAGE][PASSED] - Object: 'Object Repository/admin/documents/Page_/div_ _sidebar__overlay sidebar__overlay_visible' is clicked on

2022-04-13 22:59:49 - [TEST_STEP][PASSED] - break: null

2022-04-13 22:59:49 - [TEST_STEP][PASSED] - click(findTestObject("Avangard New/Object (Администратор)/Case (Документы)/home (вкладка главная)")): Object: 'Object Repository/Avangard New/Object (Администратор)/Case (Документы)/home (вкладка главная)' is clicked on

2022-04-13 22:59:50 - [MESSAGE][PASSED] - Object: 'Object Repository/Avangard New/Object (Администратор)/Case (Документы)/home (вкладка главная)' is clicked on

2022-04-13 22:59:50 - [TEST_STEP][PASSED] - closeBrowser(): Browser is closed

2022-04-13 22:59:50 - [MESSAGE][PASSED] - Browser is closed]]></system-out>
         <system-err><![CDATA[]]></system-err>
      </testcase>
      <testcase name="Test Cases/Администратор/ОТЧЕТЫ функциональные тесты/Игровая статистика Админ" time="49.68" classname="Test Cases/Администратор/ОТЧЕТЫ функциональные тесты/Игровая статистика Админ" status="PASSED">
         <system-out><![CDATA[2022-04-13 22:59:50 - [TEST_CASE][PASSED] - Test Cases/Администратор/ОТЧЕТЫ функциональные тесты/Игровая статистика Админ: Test Cases/Администратор/ОТЧЕТЫ функциональные тесты/Игровая статистика Админ

2022-04-13 22:59:51 - [TEST_STEP][PASSED] - callTestCase(findTestCase("Администратор/Авторизация"), [:], STOP_ON_FAILURE): Call Test Case 'Test Cases/Администратор/Авторизация' successfully

2022-04-13 22:59:51 - [TEST_CASE][PASSED] - Test Cases/Администратор/Авторизация: Test Cases/Администратор/Авторизация

2022-04-13 22:59:51 - [TEST_STEP][PASSED] - openBrowser(""): Browser is opened with url: ''

2022-04-13 22:59:51 - [MESSAGE][INFO] - Starting 'Chrome' driver

2022-04-13 22:59:51 - [MESSAGE][INFO] - Action delay is set to 100 milliseconds

2022-04-13 22:59:52 - [MESSAGE][PASSED] - Browser is opened with url: ''

2022-04-13 22:59:52 - [TEST_STEP][PASSED] - maximizeWindow(): Current window maximized

2022-04-13 22:59:52 - [MESSAGE][PASSED] - Current window maximized

2022-04-13 22:59:52 - [TEST_STEP][PASSED] - navigateToUrl(url): Navigate to 'https://stars-stage.hawk.ru:8080' successfully

2022-04-13 22:59:59 - [MESSAGE][PASSED] - Navigate to 'https://stars-stage.hawk.ru:8080' successfully

2022-04-13 22:59:59 - [TEST_STEP][PASSED] - setText(findTestObject("Object Repository/Page_/input__sc-lnrBVv eqPACj"), admin_login): Text 'TestAdmin@test.ru' is set on object 'Object Repository/Page_/input__sc-lnrBVv eqPACj'

2022-04-13 23:00:00 - [MESSAGE][PASSED] - Text 'TestAdmin@test.ru' is set on object 'Object Repository/Page_/input__sc-lnrBVv eqPACj'

2022-04-13 23:00:00 - [TEST_STEP][PASSED] - setText(findTestObject("Object Repository/Page_/input__sc-lnrBVv eqPACj_1"), admin_password): Text 'TestAdmin@test.ru' is set on object 'Object Repository/Page_/input__sc-lnrBVv eqPACj_1'

2022-04-13 23:00:01 - [MESSAGE][PASSED] - Text 'TestAdmin@test.ru' is set on object 'Object Repository/Page_/input__sc-lnrBVv eqPACj_1'

2022-04-13 23:00:01 - [TEST_STEP][PASSED] - click(findTestObject("Object Repository/Page_/go")): Object: 'Object Repository/Page_/go' is clicked on

2022-04-13 23:00:01 - [MESSAGE][PASSED] - Object: 'Object Repository/Page_/go' is clicked on

2022-04-13 23:00:01 - [MESSAGE][PASSED] - Call Test Case 'Test Cases/Администратор/Авторизация' successfully

2022-04-13 23:00:01 - [TEST_STEP][PASSED] - click(findTestObject("Object Repository/Avangard New/Object (Администратор)/Сase (Игровая статистика)/report")): Object: 'Object Repository/Avangard New/Object (Администратор)/Сase (Игровая статистика)/report' is clicked on

2022-04-13 23:00:31 - [MESSAGE][PASSED] - Object: 'Object Repository/Avangard New/Object (Администратор)/Сase (Игровая статистика)/report' is clicked on

2022-04-13 23:00:31 - [TEST_STEP][PASSED] - click(findTestObject("Object Repository/Avangard New/Object (Администратор)/Сase (Игровая статистика)/game stat")): Object: 'Object Repository/Avangard New/Object (Администратор)/Сase (Игровая статистика)/game stat' is clicked on

2022-04-13 23:00:32 - [MESSAGE][PASSED] - Object: 'Object Repository/Avangard New/Object (Администратор)/Сase (Игровая статистика)/game stat' is clicked on

2022-04-13 23:00:32 - [TEST_STEP][PASSED] - setText(findTestObject("Avangard New/Object (Администратор)/Сase (Игровая статистика)/input__school game stat"), "Академия"): Text 'Академия' is set on object 'Object Repository/Avangard New/Object (Администратор)/Сase (Игровая статистика)/input__school game stat'

2022-04-13 23:00:33 - [MESSAGE][PASSED] - Text 'Академия' is set on object 'Object Repository/Avangard New/Object (Администратор)/Сase (Игровая статистика)/input__school game stat'

2022-04-13 23:00:33 - [TEST_STEP][PASSED] - sendKeys(findTestObject("Object Repository/Avangard New/Object (Администратор)/Сase (Игровая статистика)/input__school game stat"), Keys.chord(ENTER)): Keys 'ENTER + ' sent to object: 'Object Repository/Avangard New/Object (Администратор)/Сase (Игровая статистика)/input__school game stat'

2022-04-13 23:00:33 - [MESSAGE][PASSED] - Keys 'ENTER + ' sent to object: 'Object Repository/Avangard New/Object (Администратор)/Сase (Игровая статистика)/input__school game stat'

2022-04-13 23:00:33 - [TEST_STEP][PASSED] - setText(findTestObject("Avangard New/Object (Администратор)/Сase (Игровая статистика)/input__team school game"), "Омские"): Text 'Омские' is set on object 'Object Repository/Avangard New/Object (Администратор)/Сase (Игровая статистика)/input__team school game'

2022-04-13 23:00:34 - [MESSAGE][PASSED] - Text 'Омские' is set on object 'Object Repository/Avangard New/Object (Администратор)/Сase (Игровая статистика)/input__team school game'

2022-04-13 23:00:34 - [TEST_STEP][PASSED] - sendKeys(findTestObject("Object Repository/Avangard New/Object (Администратор)/Сase (Игровая статистика)/input__team school game"), Keys.chord(ENTER)): Keys 'ENTER + ' sent to object: 'Object Repository/Avangard New/Object (Администратор)/Сase (Игровая статистика)/input__team school game'

2022-04-13 23:00:35 - [MESSAGE][PASSED] - Keys 'ENTER + ' sent to object: 'Object Repository/Avangard New/Object (Администратор)/Сase (Игровая статистика)/input__team school game'

2022-04-13 23:00:35 - [TEST_STEP][PASSED] - setText(findTestObject("Object Repository/Avangard New/Object (Администратор)/Сase (Игровая статистика)/input__amplua"), "Нападающий"): Text 'Нападающий' is set on object 'Object Repository/Avangard New/Object (Администратор)/Сase (Игровая статистика)/input__amplua'

2022-04-13 23:00:36 - [MESSAGE][PASSED] - Text 'Нападающий' is set on object 'Object Repository/Avangard New/Object (Администратор)/Сase (Игровая статистика)/input__amplua'

2022-04-13 23:00:36 - [TEST_STEP][PASSED] - sendKeys(findTestObject("Object Repository/Avangard New/Object (Администратор)/Сase (Игровая статистика)/input__amplua"), Keys.chord(ENTER)): Keys 'ENTER + ' sent to object: 'Object Repository/Avangard New/Object (Администратор)/Сase (Игровая статистика)/input__amplua'

2022-04-13 23:00:37 - [MESSAGE][PASSED] - Keys 'ENTER + ' sent to object: 'Object Repository/Avangard New/Object (Администратор)/Сase (Игровая статистика)/input__amplua'

2022-04-13 23:00:37 - [TEST_STEP][PASSED] - verifyElementText(findTestObject("Avangard New/Object (Администратор)/Сase (Игровая статистика)/match stat"), "Матчи"): Actual text and expected text of test object 'Object Repository/Avangard New/Object (Администратор)/Сase (Игровая статистика)/match stat' are matched.

2022-04-13 23:00:38 - [MESSAGE][PASSED] - Actual text and expected text of test object 'Object Repository/Avangard New/Object (Администратор)/Сase (Игровая статистика)/match stat' are matched.

2022-04-13 23:00:38 - [TEST_STEP][PASSED] - verifyElementText(findTestObject("Avangard New/Object (Администратор)/Сase (Игровая статистика)/game stat time"), "Игр. время"): Actual text and expected text of test object 'Object Repository/Avangard New/Object (Администратор)/Сase (Игровая статистика)/game stat time' are matched.

2022-04-13 23:00:39 - [MESSAGE][PASSED] - Actual text and expected text of test object 'Object Repository/Avangard New/Object (Администратор)/Сase (Игровая статистика)/game stat time' are matched.

2022-04-13 23:00:39 - [TEST_STEP][PASSED] - verifyElementVisible(findTestObject("Object Repository/Avangard New/Object (Администратор)/Сase (Игровая статистика)/stat mach number")): Object 'Object Repository/Avangard New/Object (Администратор)/Сase (Игровая статистика)/stat mach number' is visible

2022-04-13 23:00:39 - [MESSAGE][PASSED] - Object 'Object Repository/Avangard New/Object (Администратор)/Сase (Игровая статистика)/stat mach number' is visible

2022-04-13 23:00:39 - [TEST_STEP][PASSED] - verifyElementVisible(findTestObject("Object Repository/Avangard New/Object (Администратор)/Сase (Игровая статистика)/grade stat gamne")): Object 'Object Repository/Avangard New/Object (Администратор)/Сase (Игровая статистика)/grade stat gamne' is visible

2022-04-13 23:00:39 - [MESSAGE][PASSED] - Object 'Object Repository/Avangard New/Object (Администратор)/Сase (Игровая статистика)/grade stat gamne' is visible

2022-04-13 23:00:39 - [TEST_STEP][PASSED] - closeBrowser(): Browser is closed

2022-04-13 23:00:40 - [MESSAGE][PASSED] - Browser is closed]]></system-out>
         <system-err><![CDATA[]]></system-err>
      </testcase>
      <testcase name="Test Cases/Администратор/ОТЧЕТЫ функциональные тесты/Отчет психологического профиля" time="74.045" classname="Test Cases/Администратор/ОТЧЕТЫ функциональные тесты/Отчет психологического профиля" status="PASSED">
         <system-out><![CDATA[2022-04-13 23:00:40 - [TEST_CASE][PASSED] - Test Cases/Администратор/ОТЧЕТЫ функциональные тесты/Отчет психологического профиля: Test Cases/Администратор/ОТЧЕТЫ функциональные тесты/Отчет психологического профиля

2022-04-13 23:00:41 - [TEST_STEP][PASSED] - callTestCase(findTestCase("Администратор/Авторизация"), [:], STOP_ON_FAILURE): Call Test Case 'Test Cases/Администратор/Авторизация' successfully

2022-04-13 23:00:41 - [TEST_CASE][PASSED] - Test Cases/Администратор/Авторизация: Test Cases/Администратор/Авторизация

2022-04-13 23:00:41 - [TEST_STEP][PASSED] - openBrowser(""): Browser is opened with url: ''

2022-04-13 23:00:41 - [MESSAGE][INFO] - Starting 'Chrome' driver

2022-04-13 23:00:41 - [MESSAGE][INFO] - Action delay is set to 100 milliseconds

2022-04-13 23:00:42 - [MESSAGE][PASSED] - Browser is opened with url: ''

2022-04-13 23:00:42 - [TEST_STEP][PASSED] - maximizeWindow(): Current window maximized

2022-04-13 23:00:42 - [MESSAGE][PASSED] - Current window maximized

2022-04-13 23:00:42 - [TEST_STEP][PASSED] - navigateToUrl(url): Navigate to 'https://stars-stage.hawk.ru:8080' successfully

2022-04-13 23:00:48 - [MESSAGE][PASSED] - Navigate to 'https://stars-stage.hawk.ru:8080' successfully

2022-04-13 23:00:48 - [TEST_STEP][PASSED] - setText(findTestObject("Object Repository/Page_/input__sc-lnrBVv eqPACj"), admin_login): Text 'TestAdmin@test.ru' is set on object 'Object Repository/Page_/input__sc-lnrBVv eqPACj'

2022-04-13 23:00:50 - [MESSAGE][PASSED] - Text 'TestAdmin@test.ru' is set on object 'Object Repository/Page_/input__sc-lnrBVv eqPACj'

2022-04-13 23:00:50 - [TEST_STEP][PASSED] - setText(findTestObject("Object Repository/Page_/input__sc-lnrBVv eqPACj_1"), admin_password): Text 'TestAdmin@test.ru' is set on object 'Object Repository/Page_/input__sc-lnrBVv eqPACj_1'

2022-04-13 23:00:51 - [MESSAGE][PASSED] - Text 'TestAdmin@test.ru' is set on object 'Object Repository/Page_/input__sc-lnrBVv eqPACj_1'

2022-04-13 23:00:51 - [TEST_STEP][PASSED] - click(findTestObject("Object Repository/Page_/go")): Object: 'Object Repository/Page_/go' is clicked on

2022-04-13 23:00:51 - [MESSAGE][PASSED] - Object: 'Object Repository/Page_/go' is clicked on

2022-04-13 23:00:51 - [MESSAGE][PASSED] - Call Test Case 'Test Cases/Администратор/Авторизация' successfully

2022-04-13 23:00:51 - [TEST_STEP][PASSED] - click(findTestObject("Object Repository/Avangard New/Object (Администратор)/Сase (Игровая статистика)/report")): Object: 'Object Repository/Avangard New/Object (Администратор)/Сase (Игровая статистика)/report' is clicked on

2022-04-13 23:01:22 - [MESSAGE][PASSED] - Object: 'Object Repository/Avangard New/Object (Администратор)/Сase (Игровая статистика)/report' is clicked on

2022-04-13 23:01:22 - [TEST_STEP][PASSED] - click(findTestObject("Object Repository/Avangard New/Object (Администратор)/Case (Отчет психологического профиля)/psyxofiz report")): Object: 'Object Repository/Avangard New/Object (Администратор)/Case (Отчет психологического профиля)/psyxofiz report' is clicked on

2022-04-13 23:01:28 - [MESSAGE][PASSED] - Object: 'Object Repository/Avangard New/Object (Администратор)/Case (Отчет психологического профиля)/psyxofiz report' is clicked on

2022-04-13 23:01:28 - [TEST_STEP][PASSED] - verifyElementText(findTestObject("Avangard New/Object (Администратор)/Case (Отчет психологического профиля)/verif report H"), "ОТЧЕТ ПСИХОЛОГИЧЕСКОГО ПРОФИЛЯ"): Actual text and expected text of test object 'Object Repository/Avangard New/Object (Администратор)/Case (Отчет психологического профиля)/verif report H' are matched.

2022-04-13 23:01:28 - [MESSAGE][PASSED] - Actual text and expected text of test object 'Object Repository/Avangard New/Object (Администратор)/Case (Отчет психологического профиля)/verif report H' are matched.

2022-04-13 23:01:28 - [TEST_STEP][PASSED] - click(findTestObject("Object Repository/Avangard New/Object (Администратор)/Case (Отчет психологического профиля)/school psixolog")): Object: 'Object Repository/Avangard New/Object (Администратор)/Case (Отчет психологического профиля)/school psixolog' is clicked on

2022-04-13 23:01:29 - [MESSAGE][PASSED] - Object: 'Object Repository/Avangard New/Object (Администратор)/Case (Отчет психологического профиля)/school psixolog' is clicked on

2022-04-13 23:01:29 - [TEST_STEP][PASSED] - setText(findTestObject("Object Repository/Avangard New/Object (Администратор)/Case (Отчет психологического профиля)/input__school  report psixolog"), ""Авангард" Академия"): Text '"Авангард" Академия' is set on object 'Object Repository/Avangard New/Object (Администратор)/Case (Отчет психологического профиля)/input__school  report psixolog'

2022-04-13 23:01:30 - [MESSAGE][PASSED] - Text '"Авангард" Академия' is set on object 'Object Repository/Avangard New/Object (Администратор)/Case (Отчет психологического профиля)/input__school  report psixolog'

2022-04-13 23:01:30 - [TEST_STEP][PASSED] - sendKeys(findTestObject("Object Repository/Avangard New/Object (Администратор)/Case (Отчет психологического профиля)/input__school  report psixolog"), Keys.chord(ENTER)): Keys 'ENTER + ' sent to object: 'Object Repository/Avangard New/Object (Администратор)/Case (Отчет психологического профиля)/input__school  report psixolog'

2022-04-13 23:01:30 - [MESSAGE][PASSED] - Keys 'ENTER + ' sent to object: 'Object Repository/Avangard New/Object (Администратор)/Case (Отчет психологического профиля)/input__school  report psixolog'

2022-04-13 23:01:30 - [TEST_STEP][PASSED] - click(findTestObject("Object Repository/Avangard New/Object (Администратор)/Case (Отчет психологического профиля)/team psixolog")): Object: 'Object Repository/Avangard New/Object (Администратор)/Case (Отчет психологического профиля)/team psixolog' is clicked on

2022-04-13 23:01:31 - [MESSAGE][PASSED] - Object: 'Object Repository/Avangard New/Object (Администратор)/Case (Отчет психологического профиля)/team psixolog' is clicked on

2022-04-13 23:01:31 - [TEST_STEP][PASSED] - setText(findTestObject("Object Repository/Avangard New/Object (Администратор)/Case (Отчет психологического профиля)/input__team report psoxolog"), school): Text 'Омские Ястребы' is set on object 'Object Repository/Avangard New/Object (Администратор)/Case (Отчет психологического профиля)/input__team report psoxolog'

2022-04-13 23:01:32 - [MESSAGE][PASSED] - Text 'Омские Ястребы' is set on object 'Object Repository/Avangard New/Object (Администратор)/Case (Отчет психологического профиля)/input__team report psoxolog'

2022-04-13 23:01:32 - [TEST_STEP][PASSED] - sendKeys(findTestObject("Object Repository/Avangard New/Object (Администратор)/Case (Отчет психологического профиля)/input__team report psoxolog"), Keys.chord(ENTER)): Keys 'ENTER + ' sent to object: 'Object Repository/Avangard New/Object (Администратор)/Case (Отчет психологического профиля)/input__team report psoxolog'

2022-04-13 23:01:33 - [MESSAGE][PASSED] - Keys 'ENTER + ' sent to object: 'Object Repository/Avangard New/Object (Администратор)/Case (Отчет психологического профиля)/input__team report psoxolog'

2022-04-13 23:01:33 - [TEST_STEP][PASSED] - click(findTestObject("Object Repository/Avangard New/Object (Администратор)/Case (Отчет психологического профиля)/player psixolog")): Object: 'Object Repository/Avangard New/Object (Администратор)/Case (Отчет психологического профиля)/player psixolog' is clicked on

2022-04-13 23:01:34 - [MESSAGE][PASSED] - Object: 'Object Repository/Avangard New/Object (Администратор)/Case (Отчет психологического профиля)/player psixolog' is clicked on

2022-04-13 23:01:34 - [TEST_STEP][PASSED] - setText(findTestObject("Object Repository/Avangard New/Object (Администратор)/Case (Отчет психологического профиля)/input__player psixolog"), player_for_test): Text 'Ганин Данила' is set on object 'Object Repository/Avangard New/Object (Администратор)/Case (Отчет психологического профиля)/input__player psixolog'

2022-04-13 23:01:35 - [MESSAGE][PASSED] - Text 'Ганин Данила' is set on object 'Object Repository/Avangard New/Object (Администратор)/Case (Отчет психологического профиля)/input__player psixolog'

2022-04-13 23:01:35 - [TEST_STEP][PASSED] - sendKeys(findTestObject("Object Repository/Avangard New/Object (Администратор)/Case (Отчет психологического профиля)/input__player psixolog"), Keys.chord(ENTER)): Keys 'ENTER + ' sent to object: 'Object Repository/Avangard New/Object (Администратор)/Case (Отчет психологического профиля)/input__player psixolog'

2022-04-13 23:01:35 - [MESSAGE][PASSED] - Keys 'ENTER + ' sent to object: 'Object Repository/Avangard New/Object (Администратор)/Case (Отчет психологического профиля)/input__player psixolog'

2022-04-13 23:01:35 - [TEST_STEP][PASSED] - click(findTestObject("Object Repository/Avangard New/Object (Администратор)/Case (Отчет психологического профиля)/date report")): Object: 'Object Repository/Avangard New/Object (Администратор)/Case (Отчет психологического профиля)/date report' is clicked on

2022-04-13 23:01:42 - [MESSAGE][PASSED] - Object: 'Object Repository/Avangard New/Object (Администратор)/Case (Отчет психологического профиля)/date report' is clicked on

2022-04-13 23:01:42 - [TEST_STEP][PASSED] - click(findTestObject("Avangard New/Object (Администратор)/Case (Отчет психологического профиля)/date report 1 pozition")): Object: 'Object Repository/Avangard New/Object (Администратор)/Case (Отчет психологического профиля)/date report 1 pozition' is clicked on

2022-04-13 23:01:42 - [MESSAGE][PASSED] - Object: 'Object Repository/Avangard New/Object (Администратор)/Case (Отчет психологического профиля)/date report 1 pozition' is clicked on

2022-04-13 23:01:42 - [TEST_STEP][PASSED] - verifyElementVisible(findTestObject("Object Repository/Avangard New/Object (Администратор)/Case (Отчет психологического профиля)/canvas")): Object 'Object Repository/Avangard New/Object (Администратор)/Case (Отчет психологического профиля)/canvas' is visible

2022-04-13 23:01:48 - [MESSAGE][PASSED] - Object 'Object Repository/Avangard New/Object (Администратор)/Case (Отчет психологического профиля)/canvas' is visible

2022-04-13 23:01:48 - [TEST_STEP][PASSED] - scrollToElement(findTestObject("Avangard New/Object (Администратор)/Case (Отчет психологического профиля)/reaction psixolog"), 0): Scroll to object 'Object Repository/Avangard New/Object (Администратор)/Case (Отчет психологического профиля)/reaction psixolog' successfully

2022-04-13 23:01:48 - [MESSAGE][WARNING] - Timeout '0' is invalid. Using default page load timeout: '30'

2022-04-13 23:01:48 - [MESSAGE][PASSED] - Scroll to object 'Object Repository/Avangard New/Object (Администратор)/Case (Отчет психологического профиля)/reaction psixolog' successfully

2022-04-13 23:01:48 - [TEST_STEP][PASSED] - verifyElementText(findTestObject("Avangard New/Object (Администратор)/Case (Отчет психологического профиля)/reaction psixolog"), "Реакция на простой стимул"): Actual text and expected text of test object 'Object Repository/Avangard New/Object (Администратор)/Case (Отчет психологического профиля)/reaction psixolog' are matched.

2022-04-13 23:01:49 - [MESSAGE][PASSED] - Actual text and expected text of test object 'Object Repository/Avangard New/Object (Администратор)/Case (Отчет психологического профиля)/reaction psixolog' are matched.

2022-04-13 23:01:49 - [TEST_STEP][PASSED] - scrollToElement(findTestObject("Avangard New/Object (Администратор)/Case (Отчет психологического профиля)/verif report H"), 0): Scroll to object 'Object Repository/Avangard New/Object (Администратор)/Case (Отчет психологического профиля)/verif report H' successfully

2022-04-13 23:01:49 - [MESSAGE][WARNING] - Timeout '0' is invalid. Using default page load timeout: '30'

2022-04-13 23:01:49 - [MESSAGE][PASSED] - Scroll to object 'Object Repository/Avangard New/Object (Администратор)/Case (Отчет психологического профиля)/verif report H' successfully

2022-04-13 23:01:49 - [TEST_STEP][PASSED] - click(findTestObject("Object Repository/Avangard New/Object (Администратор)/Case (Отчет психологического профиля)/button topologiches")): Object: 'Object Repository/Avangard New/Object (Администратор)/Case (Отчет психологического профиля)/button topologiches' is clicked on

2022-04-13 23:01:49 - [MESSAGE][PASSED] - Object: 'Object Repository/Avangard New/Object (Администратор)/Case (Отчет психологического профиля)/button topologiches' is clicked on

2022-04-13 23:01:49 - [TEST_STEP][PASSED] - if (verifyElementText(findTestObject("Object Repository/Avangard New/Object (Администратор)/Case (Отчет психологического профиля)/player topolog psixolog"), "Власенко Дмитрий", OPTIONAL) == true): Actual text 'Ганин Данила' and expected text 'Власенко Дмитрий' of test object 'Object Repository/Avangard New/Object (Администратор)/Case (Отчет психологического профиля)/player topolog psixolog' are NOT matched. (Root cause: com.kms.katalon.core.exception.StepFailedException: Actual text 'Ганин Данила' and expected text 'Власенко Дмитрий' of test object 'Object Repository/Avangard New/Object (Администратор)/Case (Отчет психологического профиля)/player topolog psixolog' are NOT matched.
	at com.kms.katalon.core.webui.keyword.internal.WebUIKeywordMain.stepFailed(WebUIKeywordMain.groovy:64)
	at com.kms.katalon.core.webui.keyword.builtin.VerifyElementTextKeyword$_verifyElementText_closure1.doCall(VerifyElementTextKeyword.groovy:57)
	at com.kms.katalon.core.webui.keyword.builtin.VerifyElementTextKeyword$_verifyElementText_closure1.call(VerifyElementTextKeyword.groovy)
	at com.kms.katalon.core.webui.keyword.internal.WebUIKeywordMain.runKeyword(WebUIKeywordMain.groovy:20)
	at com.kms.katalon.core.webui.keyword.builtin.VerifyElementTextKeyword.verifyElementText(VerifyElementTextKeyword.groovy:72)
	at com.kms.katalon.core.webui.keyword.builtin.VerifyElementTextKeyword.execute(VerifyElementTextKeyword.groovy:40)
	at com.kms.katalon.core.keyword.internal.KeywordExecutor.executeKeywordForPlatform(KeywordExecutor.groovy:74)
	at com.kms.katalon.core.webui.keyword.WebUiBuiltInKeywords.verifyElementText(WebUiBuiltInKeywords.groovy:4733)
	at com.kms.katalon.core.webui.keyword.WebUiBuiltInKeywords$verifyElementText$15.call(Unknown Source)
	at Отчет психологического профиля.run(Отчет психологического профиля:83)
	at com.kms.katalon.core.main.ScriptEngine.run(ScriptEngine.java:194)
	at com.kms.katalon.core.main.ScriptEngine.runScriptAsRawText(ScriptEngine.java:119)
	at com.kms.katalon.core.main.TestCaseExecutor.runScript(TestCaseExecutor.java:442)
	at com.kms.katalon.core.main.TestCaseExecutor.doExecute(TestCaseExecutor.java:433)
	at com.kms.katalon.core.main.TestCaseExecutor.processExecutionPhase(TestCaseExecutor.java:412)
	at com.kms.katalon.core.main.TestCaseExecutor.accessMainPhase(TestCaseExecutor.java:404)
	at com.kms.katalon.core.main.TestCaseExecutor.execute(TestCaseExecutor.java:281)
	at com.kms.katalon.core.main.TestSuiteExecutor.accessTestCaseMainPhase(TestSuiteExecutor.java:202)
	at com.kms.katalon.core.main.TestSuiteExecutor.accessTestSuiteMainPhase(TestSuiteExecutor.java:164)
	at com.kms.katalon.core.main.TestSuiteExecutor.execute(TestSuiteExecutor.java:105)
	at com.kms.katalon.core.main.TestCaseMain.startTestSuite(TestCaseMain.java:185)
	at com.kms.katalon.core.main.TestCaseMain$startTestSuite$0.call(Unknown Source)
	at TempTestSuite1649879463957.run(TempTestSuite1649879463957.groovy:36)
)

2022-04-13 23:01:50 - [MESSAGE][WARNING] - Actual text 'Ганин Данила' and expected text 'Власенко Дмитрий' of test object 'Object Repository/Avangard New/Object (Администратор)/Case (Отчет психологического профиля)/player topolog psixolog' are NOT matched. (Root cause: com.kms.katalon.core.exception.StepFailedException: Actual text 'Ганин Данила' and expected text 'Власенко Дмитрий' of test object 'Object Repository/Avangard New/Object (Администратор)/Case (Отчет психологического профиля)/player topolog psixolog' are NOT matched.
	at com.kms.katalon.core.webui.keyword.internal.WebUIKeywordMain.stepFailed(WebUIKeywordMain.groovy:64)
	at com.kms.katalon.core.webui.keyword.builtin.VerifyElementTextKeyword$_verifyElementText_closure1.doCall(VerifyElementTextKeyword.groovy:57)
	at com.kms.katalon.core.webui.keyword.builtin.VerifyElementTextKeyword$_verifyElementText_closure1.call(VerifyElementTextKeyword.groovy)
	at com.kms.katalon.core.webui.keyword.internal.WebUIKeywordMain.runKeyword(WebUIKeywordMain.groovy:20)
	at com.kms.katalon.core.webui.keyword.builtin.VerifyElementTextKeyword.verifyElementText(VerifyElementTextKeyword.groovy:72)
	at com.kms.katalon.core.webui.keyword.builtin.VerifyElementTextKeyword.execute(VerifyElementTextKeyword.groovy:40)
	at com.kms.katalon.core.keyword.internal.KeywordExecutor.executeKeywordForPlatform(KeywordExecutor.groovy:74)
	at com.kms.katalon.core.webui.keyword.WebUiBuiltInKeywords.verifyElementText(WebUiBuiltInKeywords.groovy:4733)
	at com.kms.katalon.core.webui.keyword.WebUiBuiltInKeywords$verifyElementText$15.call(Unknown Source)
	at Отчет психологического профиля.run(Отчет психологического профиля:83)
	at com.kms.katalon.core.main.ScriptEngine.run(ScriptEngine.java:194)
	at com.kms.katalon.core.main.ScriptEngine.runScriptAsRawText(ScriptEngine.java:119)
	at com.kms.katalon.core.main.TestCaseExecutor.runScript(TestCaseExecutor.java:442)
	at com.kms.katalon.core.main.TestCaseExecutor.doExecute(TestCaseExecutor.java:433)
	at com.kms.katalon.core.main.TestCaseExecutor.processExecutionPhase(TestCaseExecutor.java:412)
	at com.kms.katalon.core.main.TestCaseExecutor.accessMainPhase(TestCaseExecutor.java:404)
	at com.kms.katalon.core.main.TestCaseExecutor.execute(TestCaseExecutor.java:281)
	at com.kms.katalon.core.main.TestSuiteExecutor.accessTestCaseMainPhase(TestSuiteExecutor.java:202)
	at com.kms.katalon.core.main.TestSuiteExecutor.accessTestSuiteMainPhase(TestSuiteExecutor.java:164)
	at com.kms.katalon.core.main.TestSuiteExecutor.execute(TestSuiteExecutor.java:105)
	at com.kms.katalon.core.main.TestCaseMain.startTestSuite(TestCaseMain.java:185)
	at com.kms.katalon.core.main.TestCaseMain$startTestSuite$0.call(Unknown Source)
	at TempTestSuite1649879463957.run(TempTestSuite1649879463957.groovy:36)
)
[[ATTACHMENT|C:\\Users\\LENOVO\\Katalon Studio\\Avangard\\Reports\\20220413_225045\\\u0410\u0434\u043C\u0438\u043D\u0438\u0441\u0442\u0440\u0430\u0442\u043E\u0440\\20220413_225103\\1649880110275.png]]

2022-04-13 23:01:50 - [TEST_STEP][PASSED] - else: Keys 'ENTER + ' sent to object: 'Object Repository/Avangard New/Object (Администратор)/Case (Отчет психологического профиля)/input__swzon psixolog'

2022-04-13 23:01:50 - [TEST_STEP][PASSED] - click(findTestObject("Object Repository/Avangard New/Object (Администратор)/Case (Отчет психологического профиля)/div_20-21")): Object: 'Object Repository/Avangard New/Object (Администратор)/Case (Отчет психологического профиля)/div_20-21' is clicked on

2022-04-13 23:01:50 - [MESSAGE][PASSED] - Object: 'Object Repository/Avangard New/Object (Администратор)/Case (Отчет психологического профиля)/div_20-21' is clicked on

2022-04-13 23:01:50 - [TEST_STEP][PASSED] - setText(findTestObject("Object Repository/Avangard New/Object (Администратор)/Case (Отчет психологического профиля)/input__swzon psixolog"), "21-22"): Text '21-22' is set on object 'Object Repository/Avangard New/Object (Администратор)/Case (Отчет психологического профиля)/input__swzon psixolog'

2022-04-13 23:01:51 - [MESSAGE][PASSED] - Text '21-22' is set on object 'Object Repository/Avangard New/Object (Администратор)/Case (Отчет психологического профиля)/input__swzon psixolog'

2022-04-13 23:01:51 - [TEST_STEP][PASSED] - sendKeys(findTestObject("Object Repository/Avangard New/Object (Администратор)/Case (Отчет психологического профиля)/input__swzon psixolog"), Keys.chord(ENTER)): Keys 'ENTER + ' sent to object: 'Object Repository/Avangard New/Object (Администратор)/Case (Отчет психологического профиля)/input__swzon psixolog'

2022-04-13 23:01:52 - [MESSAGE][PASSED] - Keys 'ENTER + ' sent to object: 'Object Repository/Avangard New/Object (Администратор)/Case (Отчет психологического профиля)/input__swzon psixolog'

2022-04-13 23:01:52 - [TEST_STEP][PASSED] - verifyElementVisible(findTestObject("Object Repository/Avangard New/Object (Администратор)/Case (Отчет психологического профиля)/canvas_1")): Object 'Object Repository/Avangard New/Object (Администратор)/Case (Отчет психологического профиля)/canvas_1' is visible

2022-04-13 23:01:53 - [MESSAGE][PASSED] - Object 'Object Repository/Avangard New/Object (Администратор)/Case (Отчет психологического профиля)/canvas_1' is visible

2022-04-13 23:01:53 - [TEST_STEP][PASSED] - scrollToElement(findTestObject("Avangard New/Object (Администратор)/Case (Отчет психологического профиля)/exstraversi"), 0): Scroll to object 'Object Repository/Avangard New/Object (Администратор)/Case (Отчет психологического профиля)/exstraversi' successfully

2022-04-13 23:01:53 - [MESSAGE][WARNING] - Timeout '0' is invalid. Using default page load timeout: '30'

2022-04-13 23:01:53 - [MESSAGE][PASSED] - Scroll to object 'Object Repository/Avangard New/Object (Администратор)/Case (Отчет психологического профиля)/exstraversi' successfully

2022-04-13 23:01:53 - [TEST_STEP][PASSED] - verifyElementText(findTestObject("Avangard New/Object (Администратор)/Case (Отчет психологического профиля)/exstraversi"), "Экстраверсия"): Actual text and expected text of test object 'Object Repository/Avangard New/Object (Администратор)/Case (Отчет психологического профиля)/exstraversi' are matched.

2022-04-13 23:01:54 - [MESSAGE][PASSED] - Actual text and expected text of test object 'Object Repository/Avangard New/Object (Администратор)/Case (Отчет психологического профиля)/exstraversi' are matched.

2022-04-13 23:01:54 - [TEST_STEP][PASSED] - closeBrowser(): Browser is closed

2022-04-13 23:01:54 - [MESSAGE][PASSED] - Browser is closed]]></system-out>
         <system-err><![CDATA[]]></system-err>
      </testcase>
      <testcase name="Test Cases/Администратор/Пользователи" time="114.265" classname="Test Cases/Администратор/Пользователи" status="PASSED">
         <system-out><![CDATA[2022-04-13 23:01:54 - [TEST_CASE][PASSED] - Test Cases/Администратор/Пользователи: Test Cases/Администратор/Пользователи

2022-04-13 23:01:54 - [TEST_STEP][PASSED] - callTestCase(findTestCase("Администратор/Авторизация"), [:], STOP_ON_FAILURE): Call Test Case 'Test Cases/Администратор/Авторизация' successfully

2022-04-13 23:01:55 - [TEST_CASE][PASSED] - Test Cases/Администратор/Авторизация: Test Cases/Администратор/Авторизация

2022-04-13 23:01:55 - [TEST_STEP][PASSED] - openBrowser(""): Browser is opened with url: ''

2022-04-13 23:01:55 - [MESSAGE][INFO] - Starting 'Chrome' driver

2022-04-13 23:01:55 - [MESSAGE][INFO] - Action delay is set to 100 milliseconds

2022-04-13 23:01:56 - [MESSAGE][PASSED] - Browser is opened with url: ''

2022-04-13 23:01:56 - [TEST_STEP][PASSED] - maximizeWindow(): Current window maximized

2022-04-13 23:01:56 - [MESSAGE][PASSED] - Current window maximized

2022-04-13 23:01:56 - [TEST_STEP][PASSED] - navigateToUrl(url): Navigate to 'https://stars-stage.hawk.ru:8080' successfully

2022-04-13 23:02:00 - [MESSAGE][PASSED] - Navigate to 'https://stars-stage.hawk.ru:8080' successfully

2022-04-13 23:02:00 - [TEST_STEP][PASSED] - setText(findTestObject("Object Repository/Page_/input__sc-lnrBVv eqPACj"), admin_login): Text 'TestAdmin@test.ru' is set on object 'Object Repository/Page_/input__sc-lnrBVv eqPACj'

2022-04-13 23:02:01 - [MESSAGE][PASSED] - Text 'TestAdmin@test.ru' is set on object 'Object Repository/Page_/input__sc-lnrBVv eqPACj'

2022-04-13 23:02:01 - [TEST_STEP][PASSED] - setText(findTestObject("Object Repository/Page_/input__sc-lnrBVv eqPACj_1"), admin_password): Text 'TestAdmin@test.ru' is set on object 'Object Repository/Page_/input__sc-lnrBVv eqPACj_1'

2022-04-13 23:02:02 - [MESSAGE][PASSED] - Text 'TestAdmin@test.ru' is set on object 'Object Repository/Page_/input__sc-lnrBVv eqPACj_1'

2022-04-13 23:02:02 - [TEST_STEP][PASSED] - click(findTestObject("Object Repository/Page_/go")): Object: 'Object Repository/Page_/go' is clicked on

2022-04-13 23:02:02 - [MESSAGE][PASSED] - Object: 'Object Repository/Page_/go' is clicked on

2022-04-13 23:02:02 - [MESSAGE][PASSED] - Call Test Case 'Test Cases/Администратор/Авторизация' successfully

2022-04-13 23:02:02 - [TEST_STEP][PASSED] - callTestCase(findTestCase("Администратор/Создание пользователя (переиспользуется в Пользователи)"), [:], STOP_ON_FAILURE): Call Test Case 'Test Cases/Администратор/Создание пользователя (переиспользуется в Пользователи)' successfully

2022-04-13 23:02:03 - [TEST_CASE][PASSED] - Test Cases/Администратор/Создание пользователя (переиспользуется в Пользователи): Test Cases/Администратор/Создание пользователя (переиспользуется в Пользователи)

2022-04-13 23:02:03 - [TEST_STEP][NOT_RUN] - callTestCase(findTestCase("Администратор/Авторизация"), [:], STOP_ON_FAILURE): NOT_RUN: callTestCase(findTestCase("Администратор/Авторизация"), [:], STOP_ON_FAILURE)

2022-04-13 23:02:03 - [MESSAGE][NOT_RUN] - NOT_RUN: callTestCase(findTestCase("Администратор/Авторизация"), [:], STOP_ON_FAILURE)

2022-04-13 23:02:03 - [TEST_STEP][PASSED] - click(findTestObject("Object Repository/Avangard New/Object (Администратор)/Case (Пользователи)/span users")): Object: 'Object Repository/Avangard New/Object (Администратор)/Case (Пользователи)/span users' is clicked on

2022-04-13 23:02:24 - [MESSAGE][PASSED] - Object: 'Object Repository/Avangard New/Object (Администратор)/Case (Пользователи)/span users' is clicked on

2022-04-13 23:02:24 - [TEST_STEP][PASSED] - click(findTestObject("Object Repository/Avangard New/Object (Администратор)/Case (Пользователи)/button_add users")): Object: 'Object Repository/Avangard New/Object (Администратор)/Case (Пользователи)/button_add users' is clicked on

2022-04-13 23:02:24 - [MESSAGE][PASSED] - Object: 'Object Repository/Avangard New/Object (Администратор)/Case (Пользователи)/button_add users' is clicked on

2022-04-13 23:02:24 - [TEST_STEP][PASSED] - click(findTestObject("Object Repository/Avangard New/Object (Администратор)/Case (Пользователи)/div__role")): Object: 'Object Repository/Avangard New/Object (Администратор)/Case (Пользователи)/div__role' is clicked on

2022-04-13 23:02:27 - [MESSAGE][PASSED] - Object: 'Object Repository/Avangard New/Object (Администратор)/Case (Пользователи)/div__role' is clicked on

2022-04-13 23:02:27 - [TEST_STEP][PASSED] - click(findTestObject("Object Repository/Avangard New/Object (Администратор)/Case (Пользователи)/div__trainer add")): Object: 'Object Repository/Avangard New/Object (Администратор)/Case (Пользователи)/div__trainer add' is clicked on

2022-04-13 23:02:28 - [MESSAGE][PASSED] - Object: 'Object Repository/Avangard New/Object (Администратор)/Case (Пользователи)/div__trainer add' is clicked on

2022-04-13 23:02:28 - [TEST_STEP][PASSED] - setText(findTestObject("Object Repository/Avangard New/Object (Администратор)/Case (Пользователи)/input__Name"), "User"): Text 'User' is set on object 'Object Repository/Avangard New/Object (Администратор)/Case (Пользователи)/input__Name'

2022-04-13 23:02:29 - [MESSAGE][PASSED] - Text 'User' is set on object 'Object Repository/Avangard New/Object (Администратор)/Case (Пользователи)/input__Name'

2022-04-13 23:02:29 - [TEST_STEP][PASSED] - setText(findTestObject("Object Repository/Avangard New/Object (Администратор)/Case (Пользователи)/imput family"), "Test"): Text 'Test' is set on object 'Object Repository/Avangard New/Object (Администратор)/Case (Пользователи)/imput family'

2022-04-13 23:02:30 - [MESSAGE][PASSED] - Text 'Test' is set on object 'Object Repository/Avangard New/Object (Администратор)/Case (Пользователи)/imput family'

2022-04-13 23:02:30 - [TEST_STEP][PASSED] - setText(findTestObject("Object Repository/Avangard New/Object (Администратор)/Case (Пользователи)/imput otch"), "add"): Text 'add' is set on object 'Object Repository/Avangard New/Object (Администратор)/Case (Пользователи)/imput otch'

2022-04-13 23:02:31 - [MESSAGE][PASSED] - Text 'add' is set on object 'Object Repository/Avangard New/Object (Администратор)/Case (Пользователи)/imput otch'

2022-04-13 23:02:31 - [TEST_STEP][PASSED] - click(findTestObject("Object Repository/Avangard New/Object (Администратор)/Case (Пользователи)/svg")): Object: 'Object Repository/Avangard New/Object (Администратор)/Case (Пользователи)/svg' is clicked on

2022-04-13 23:02:31 - [MESSAGE][PASSED] - Object: 'Object Repository/Avangard New/Object (Администратор)/Case (Пользователи)/svg' is clicked on

2022-04-13 23:02:31 - [TEST_STEP][PASSED] - click(findTestObject("Object Repository/Avangard New/Object (Администратор)/Case (Пользователи)/span_2022_react-datepicker")): Object: 'Object Repository/Avangard New/Object (Администратор)/Case (Пользователи)/span_2022_react-datepicker' is clicked on

2022-04-13 23:02:32 - [MESSAGE][PASSED] - Object: 'Object Repository/Avangard New/Object (Администратор)/Case (Пользователи)/span_2022_react-datepicker' is clicked on

2022-04-13 23:02:32 - [TEST_STEP][PASSED] - scrollToElement(findTestObject("Object Repository/Avangard New/Object (Администратор)/Case (Пользователи)/div_2000"), 0): Scroll to object 'Object Repository/Avangard New/Object (Администратор)/Case (Пользователи)/div_2000' successfully

2022-04-13 23:02:32 - [MESSAGE][WARNING] - Timeout '0' is invalid. Using default page load timeout: '30'

2022-04-13 23:02:32 - [MESSAGE][PASSED] - Scroll to object 'Object Repository/Avangard New/Object (Администратор)/Case (Пользователи)/div_2000' successfully

2022-04-13 23:02:32 - [TEST_STEP][PASSED] - click(findTestObject("Object Repository/Avangard New/Object (Администратор)/Case (Пользователи)/div_2000")): Object: 'Object Repository/Avangard New/Object (Администратор)/Case (Пользователи)/div_2000' is clicked on

2022-04-13 23:02:33 - [MESSAGE][PASSED] - Object: 'Object Repository/Avangard New/Object (Администратор)/Case (Пользователи)/div_2000' is clicked on

2022-04-13 23:02:33 - [TEST_STEP][PASSED] - click(findTestObject("Object Repository/Avangard New/Object (Администратор)/Case (Пользователи)/div_15")): Object: 'Object Repository/Avangard New/Object (Администратор)/Case (Пользователи)/div_15' is clicked on

2022-04-13 23:02:34 - [MESSAGE][PASSED] - Object: 'Object Repository/Avangard New/Object (Администратор)/Case (Пользователи)/div_15' is clicked on

2022-04-13 23:02:34 - [TEST_STEP][PASSED] - click(findTestObject("Object Repository/Avangard New/Object (Администратор)/Case (Пользователи)/div__number"), STOP_ON_FAILURE): Object: 'Object Repository/Avangard New/Object (Администратор)/Case (Пользователи)/div__number' is clicked on

2022-04-13 23:02:34 - [MESSAGE][PASSED] - Object: 'Object Repository/Avangard New/Object (Администратор)/Case (Пользователи)/div__number' is clicked on

2022-04-13 23:02:34 - [TEST_STEP][PASSED] - setText(findTestObject("Object Repository/Avangard New/Object (Администратор)/Case (Пользователи)/div__number"), "8(905)045-87-54"): Text '8(905)045-87-54' is set on object 'Object Repository/Avangard New/Object (Администратор)/Case (Пользователи)/div__number'

2022-04-13 23:02:35 - [MESSAGE][PASSED] - Text '8(905)045-87-54' is set on object 'Object Repository/Avangard New/Object (Администратор)/Case (Пользователи)/div__number'

2022-04-13 23:02:35 - [TEST_STEP][PASSED] - click(findTestObject("Object Repository/Avangard New/Object (Администратор)/Case (Пользователи)/div__schooladd")): Object: 'Object Repository/Avangard New/Object (Администратор)/Case (Пользователи)/div__schooladd' is clicked on

2022-04-13 23:02:36 - [MESSAGE][PASSED] - Object: 'Object Repository/Avangard New/Object (Администратор)/Case (Пользователи)/div__schooladd' is clicked on

2022-04-13 23:02:36 - [TEST_STEP][PASSED] - click(findTestObject("Object Repository/Avangard New/Object (Администратор)/Case (Пользователи)/font_avangard")): Object: 'Object Repository/Avangard New/Object (Администратор)/Case (Пользователи)/font_avangard' is clicked on

2022-04-13 23:02:36 - [MESSAGE][PASSED] - Object: 'Object Repository/Avangard New/Object (Администратор)/Case (Пользователи)/font_avangard' is clicked on

2022-04-13 23:02:36 - [TEST_STEP][PASSED] - click(findTestObject("Object Repository/Avangard New/Object (Администратор)/Case (Пользователи)/div__team")): Object: 'Object Repository/Avangard New/Object (Администратор)/Case (Пользователи)/div__team' is clicked on

2022-04-13 23:02:37 - [MESSAGE][PASSED] - Object: 'Object Repository/Avangard New/Object (Администратор)/Case (Пользователи)/div__team' is clicked on

2022-04-13 23:02:37 - [TEST_STEP][PASSED] - click(findTestObject("Object Repository/Avangard New/Object (Администратор)/Case (Пользователи)/font_ystrebi")): Object: 'Object Repository/Avangard New/Object (Администратор)/Case (Пользователи)/font_ystrebi' is clicked on

2022-04-13 23:02:38 - [MESSAGE][PASSED] - Object: 'Object Repository/Avangard New/Object (Администратор)/Case (Пользователи)/font_ystrebi' is clicked on

2022-04-13 23:02:38 - [TEST_STEP][PASSED] - click(findTestObject("Object Repository/Avangard New/Object (Администратор)/Case (Пользователи)/div_tipe")): Object: 'Object Repository/Avangard New/Object (Администратор)/Case (Пользователи)/div_tipe' is clicked on

2022-04-13 23:02:39 - [MESSAGE][PASSED] - Object: 'Object Repository/Avangard New/Object (Администратор)/Case (Пользователи)/div_tipe' is clicked on

2022-04-13 23:02:39 - [TEST_STEP][PASSED] - click(findTestObject("Object Repository/Avangard New/Object (Администратор)/Case (Пользователи)/div__1")): Object: 'Object Repository/Avangard New/Object (Администратор)/Case (Пользователи)/div__1' is clicked on

2022-04-13 23:02:39 - [MESSAGE][PASSED] - Object: 'Object Repository/Avangard New/Object (Администратор)/Case (Пользователи)/div__1' is clicked on

2022-04-13 23:02:39 - [TEST_STEP][PASSED] - setText(findTestObject("Object Repository/Avangard New/Object (Администратор)/Case (Пользователи)/input__login"), "testuser@mail.ru"): Text 'testuser@mail.ru' is set on object 'Object Repository/Avangard New/Object (Администратор)/Case (Пользователи)/input__login'

2022-04-13 23:02:40 - [MESSAGE][PASSED] - Text 'testuser@mail.ru' is set on object 'Object Repository/Avangard New/Object (Администратор)/Case (Пользователи)/input__login'

2022-04-13 23:02:40 - [TEST_STEP][PASSED] - setEncryptedText(findTestObject("Object Repository/Avangard New/Object (Администратор)/Case (Пользователи)/input__password"), "KYHCBHc84S1cPnf6Imz4kQ=="): Text ****** has been set on object 'Object Repository/Avangard New/Object (Администратор)/Case (Пользователи)/input__password'

2022-04-13 23:02:41 - [MESSAGE][PASSED] - Text ****** has been set on object 'Object Repository/Avangard New/Object (Администратор)/Case (Пользователи)/input__password'

2022-04-13 23:02:41 - [TEST_STEP][PASSED] - scrollToElement(findTestObject("Object Repository/Avangard New/Object (Администратор)/Case (Пользователи)/font_save"), 0): Scroll to object 'Object Repository/Avangard New/Object (Администратор)/Case (Пользователи)/font_save' successfully

2022-04-13 23:02:41 - [MESSAGE][WARNING] - Timeout '0' is invalid. Using default page load timeout: '30'

2022-04-13 23:02:41 - [MESSAGE][PASSED] - Scroll to object 'Object Repository/Avangard New/Object (Администратор)/Case (Пользователи)/font_save' successfully

2022-04-13 23:02:41 - [TEST_STEP][PASSED] - click(findTestObject("Object Repository/Avangard New/Object (Администратор)/Case (Пользователи)/font_save")): Object: 'Object Repository/Avangard New/Object (Администратор)/Case (Пользователи)/font_save' is clicked on

2022-04-13 23:02:42 - [MESSAGE][PASSED] - Object: 'Object Repository/Avangard New/Object (Администратор)/Case (Пользователи)/font_save' is clicked on

2022-04-13 23:02:42 - [TEST_STEP][PASSED] - verifyElementText(findTestObject("Avangard New/Object (Администратор)/Case (Пользователи)/proverka alert"), "Пользователь создан"): Actual text and expected text of test object 'Object Repository/Avangard New/Object (Администратор)/Case (Пользователи)/proverka alert' are matched.

2022-04-13 23:02:43 - [MESSAGE][PASSED] - Actual text and expected text of test object 'Object Repository/Avangard New/Object (Администратор)/Case (Пользователи)/proverka alert' are matched.

2022-04-13 23:02:43 - [TEST_STEP][PASSED] - scrollToElement(findTestObject("Avangard New/Object (Администратор)/Case (Пользователи)/span_exit profile"), 0): Scroll to object 'Object Repository/Avangard New/Object (Администратор)/Case (Пользователи)/span_exit profile' successfully

2022-04-13 23:02:43 - [MESSAGE][WARNING] - Timeout '0' is invalid. Using default page load timeout: '30'

2022-04-13 23:02:43 - [MESSAGE][PASSED] - Scroll to object 'Object Repository/Avangard New/Object (Администратор)/Case (Пользователи)/span_exit profile' successfully

2022-04-13 23:02:43 - [TEST_STEP][PASSED] - click(findTestObject("Avangard New/Object (Администратор)/Case (Пользователи)/span_exit profile")): Object: 'Object Repository/Avangard New/Object (Администратор)/Case (Пользователи)/span_exit profile' is clicked on

2022-04-13 23:02:44 - [MESSAGE][PASSED] - Object: 'Object Repository/Avangard New/Object (Администратор)/Case (Пользователи)/span_exit profile' is clicked on

2022-04-13 23:02:44 - [TEST_STEP][PASSED] - setText(findTestObject("Object Repository/Avangard New/Object (Администратор)/Case (Пользователи)/input_authorization"), "testuser@mail.ru"): Text 'testuser@mail.ru' is set on object 'Object Repository/Avangard New/Object (Администратор)/Case (Пользователи)/input_authorization'

2022-04-13 23:02:45 - [MESSAGE][PASSED] - Text 'testuser@mail.ru' is set on object 'Object Repository/Avangard New/Object (Администратор)/Case (Пользователи)/input_authorization'

2022-04-13 23:02:45 - [TEST_STEP][PASSED] - setEncryptedText(findTestObject("Object Repository/Avangard New/Object (Администратор)/Case (Пользователи)/input__password test user"), "KYHCBHc84S1cPnf6Imz4kQ=="): Text ****** has been set on object 'Object Repository/Avangard New/Object (Администратор)/Case (Пользователи)/input__password test user'

2022-04-13 23:02:46 - [MESSAGE][PASSED] - Text ****** has been set on object 'Object Repository/Avangard New/Object (Администратор)/Case (Пользователи)/input__password test user'

2022-04-13 23:02:46 - [TEST_STEP][PASSED] - click(findTestObject("Object Repository/Avangard New/Object (Администратор)/Case (Пользователи)/div enter")): Object: 'Object Repository/Avangard New/Object (Администратор)/Case (Пользователи)/div enter' is clicked on

2022-04-13 23:02:46 - [MESSAGE][PASSED] - Object: 'Object Repository/Avangard New/Object (Администратор)/Case (Пользователи)/div enter' is clicked on

2022-04-13 23:02:46 - [TEST_STEP][PASSED] - scrollToElement(findTestObject("Avangard New/Object (Администратор)/Case (Пользователи)/div_User Test"), 0): Scroll to object 'Object Repository/Avangard New/Object (Администратор)/Case (Пользователи)/div_User Test' successfully

2022-04-13 23:02:47 - [MESSAGE][WARNING] - Timeout '0' is invalid. Using default page load timeout: '30'

2022-04-13 23:02:51 - [MESSAGE][PASSED] - Scroll to object 'Object Repository/Avangard New/Object (Администратор)/Case (Пользователи)/div_User Test' successfully

2022-04-13 23:02:51 - [TEST_STEP][PASSED] - verifyElementText(findTestObject("Avangard New/Object (Администратор)/Case (Пользователи)/div_User Test"), "Test User"): Actual text and expected text of test object 'Object Repository/Avangard New/Object (Администратор)/Case (Пользователи)/div_User Test' are matched.

2022-04-13 23:02:51 - [MESSAGE][PASSED] - Actual text and expected text of test object 'Object Repository/Avangard New/Object (Администратор)/Case (Пользователи)/div_User Test' are matched.

2022-04-13 23:02:51 - [MESSAGE][PASSED] - Call Test Case 'Test Cases/Администратор/Создание пользователя (переиспользуется в Пользователи)' successfully

2022-04-13 23:02:51 - [TEST_STEP][PASSED] - callTestCase(findTestCase("Администратор/Авторизация"), [:], STOP_ON_FAILURE): Call Test Case 'Test Cases/Администратор/Авторизация' successfully

2022-04-13 23:02:51 - [TEST_CASE][PASSED] - Test Cases/Администратор/Авторизация: Test Cases/Администратор/Авторизация

2022-04-13 23:02:51 - [TEST_STEP][PASSED] - openBrowser(""): Browser is opened with url: ''

2022-04-13 23:02:51 - [MESSAGE][WARNING] - A browser is already opened. Closing browser and opening a new one

2022-04-13 23:02:52 - [MESSAGE][INFO] - Starting 'Chrome' driver

2022-04-13 23:02:52 - [MESSAGE][INFO] - Action delay is set to 100 milliseconds

2022-04-13 23:02:53 - [MESSAGE][PASSED] - Browser is opened with url: ''

2022-04-13 23:02:53 - [TEST_STEP][PASSED] - maximizeWindow(): Current window maximized

2022-04-13 23:02:53 - [MESSAGE][PASSED] - Current window maximized

2022-04-13 23:02:53 - [TEST_STEP][PASSED] - navigateToUrl(url): Navigate to 'https://stars-stage.hawk.ru:8080' successfully

2022-04-13 23:02:57 - [MESSAGE][PASSED] - Navigate to 'https://stars-stage.hawk.ru:8080' successfully

2022-04-13 23:02:57 - [TEST_STEP][PASSED] - setText(findTestObject("Object Repository/Page_/input__sc-lnrBVv eqPACj"), admin_login): Text 'TestAdmin@test.ru' is set on object 'Object Repository/Page_/input__sc-lnrBVv eqPACj'

2022-04-13 23:02:58 - [MESSAGE][PASSED] - Text 'TestAdmin@test.ru' is set on object 'Object Repository/Page_/input__sc-lnrBVv eqPACj'

2022-04-13 23:02:58 - [TEST_STEP][PASSED] - setText(findTestObject("Object Repository/Page_/input__sc-lnrBVv eqPACj_1"), admin_password): Text 'TestAdmin@test.ru' is set on object 'Object Repository/Page_/input__sc-lnrBVv eqPACj_1'

2022-04-13 23:02:59 - [MESSAGE][PASSED] - Text 'TestAdmin@test.ru' is set on object 'Object Repository/Page_/input__sc-lnrBVv eqPACj_1'

2022-04-13 23:02:59 - [TEST_STEP][PASSED] - click(findTestObject("Object Repository/Page_/go")): Object: 'Object Repository/Page_/go' is clicked on

2022-04-13 23:02:59 - [MESSAGE][PASSED] - Object: 'Object Repository/Page_/go' is clicked on

2022-04-13 23:02:59 - [MESSAGE][PASSED] - Call Test Case 'Test Cases/Администратор/Авторизация' successfully

2022-04-13 23:02:59 - [TEST_STEP][PASSED] - click(findTestObject("Object Repository/Avangard New/Object (Администратор)/Case (Пользователи)/span users")): Object: 'Object Repository/Avangard New/Object (Администратор)/Case (Пользователи)/span users' is clicked on

2022-04-13 23:03:29 - [MESSAGE][PASSED] - Object: 'Object Repository/Avangard New/Object (Администратор)/Case (Пользователи)/span users' is clicked on

2022-04-13 23:03:29 - [TEST_STEP][PASSED] - click(findTestObject("Object Repository/Avangard New/Object (Администратор)/Case (Пользователи)/div__scool")): Object: 'Object Repository/Avangard New/Object (Администратор)/Case (Пользователи)/div__scool' is clicked on

2022-04-13 23:03:29 - [MESSAGE][PASSED] - Object: 'Object Repository/Avangard New/Object (Администратор)/Case (Пользователи)/div__scool' is clicked on

2022-04-13 23:03:29 - [TEST_STEP][PASSED] - s = getText(findTestObject("Object Repository/Avangard New/Object (Администратор)/Case (Пользователи)/div__academy avangard")): Text of object 'Object Repository/Avangard New/Object (Администратор)/Case (Пользователи)/div__academy avangard' is: '"Авангард" Академия'

2022-04-13 23:03:30 - [MESSAGE][PASSED] - Text of object 'Object Repository/Avangard New/Object (Администратор)/Case (Пользователи)/div__academy avangard' is: '"Авангард" Академия'

2022-04-13 23:03:30 - [TEST_STEP][PASSED] - click(findTestObject("Object Repository/Avangard New/Object (Администратор)/Case (Пользователи)/div__academy avangard")): Object: 'Object Repository/Avangard New/Object (Администратор)/Case (Пользователи)/div__academy avangard' is clicked on

2022-04-13 23:03:30 - [MESSAGE][PASSED] - Object: 'Object Repository/Avangard New/Object (Администратор)/Case (Пользователи)/div__academy avangard' is clicked on

2022-04-13 23:03:30 - [TEST_STEP][PASSED] - verifyElementText(findTestObject("Object Repository/Avangard New/Object (Администратор)/Case (Пользователи)/place school"), s): Actual text and expected text of test object 'Object Repository/Avangard New/Object (Администратор)/Case (Пользователи)/place school' are matched.

2022-04-13 23:03:31 - [MESSAGE][PASSED] - Actual text and expected text of test object 'Object Repository/Avangard New/Object (Администратор)/Case (Пользователи)/place school' are matched.

2022-04-13 23:03:31 - [TEST_STEP][PASSED] - click(findTestObject("Object Repository/Avangard New/Object (Администратор)/Case (Пользователи)/div__role")): Object: 'Object Repository/Avangard New/Object (Администратор)/Case (Пользователи)/div__role' is clicked on

2022-04-13 23:03:32 - [MESSAGE][PASSED] - Object: 'Object Repository/Avangard New/Object (Администратор)/Case (Пользователи)/div__role' is clicked on

2022-04-13 23:03:32 - [TEST_STEP][PASSED] - r = getText(findTestObject("Object Repository/Avangard New/Object (Администратор)/Case (Пользователи)/div__trainer")): Text of object 'Object Repository/Avangard New/Object (Администратор)/Case (Пользователи)/div__trainer' is: 'Тренер'

2022-04-13 23:03:32 - [MESSAGE][PASSED] - Text of object 'Object Repository/Avangard New/Object (Администратор)/Case (Пользователи)/div__trainer' is: 'Тренер'

2022-04-13 23:03:32 - [TEST_STEP][PASSED] - click(findTestObject("Object Repository/Avangard New/Object (Администратор)/Case (Пользователи)/div__trainer")): Object: 'Object Repository/Avangard New/Object (Администратор)/Case (Пользователи)/div__trainer' is clicked on

2022-04-13 23:03:33 - [MESSAGE][PASSED] - Object: 'Object Repository/Avangard New/Object (Администратор)/Case (Пользователи)/div__trainer' is clicked on

2022-04-13 23:03:33 - [TEST_STEP][PASSED] - verifyElementText(findTestObject("Avangard New/Object (Администратор)/Case (Пользователи)/div__player"), r): Actual text and expected text of test object 'Object Repository/Avangard New/Object (Администратор)/Case (Пользователи)/div__player' are matched.

2022-04-13 23:03:34 - [MESSAGE][PASSED] - Actual text and expected text of test object 'Object Repository/Avangard New/Object (Администратор)/Case (Пользователи)/div__player' are matched.

2022-04-13 23:03:34 - [TEST_STEP][PASSED] - setText(findTestObject("Object Repository/Avangard New/Object (Администратор)/Case (Пользователи)/input__Tarasov"), "Test"): Text 'Test' is set on object 'Object Repository/Avangard New/Object (Администратор)/Case (Пользователи)/input__Tarasov'

2022-04-13 23:03:35 - [MESSAGE][PASSED] - Text 'Test' is set on object 'Object Repository/Avangard New/Object (Администратор)/Case (Пользователи)/input__Tarasov'

2022-04-13 23:03:35 - [TEST_STEP][PASSED] - verifyElementText(findTestObject("Object Repository/Avangard New/Object (Администратор)/Case (Пользователи)/div__name"), "User Test"): Actual text and expected text of test object 'Object Repository/Avangard New/Object (Администратор)/Case (Пользователи)/div__name' are matched.

2022-04-13 23:03:36 - [MESSAGE][PASSED] - Actual text and expected text of test object 'Object Repository/Avangard New/Object (Администратор)/Case (Пользователи)/div__name' are matched.

2022-04-13 23:03:36 - [TEST_STEP][PASSED] - callTestCase(findTestCase("Администратор/Редактирование и удаление (переиспользуется в Пользователи)"), [:], STOP_ON_FAILURE): Call Test Case 'Test Cases/Администратор/Редактирование и удаление (переиспользуется в Пользователи)' successfully

2022-04-13 23:03:36 - [TEST_CASE][PASSED] - Test Cases/Администратор/Редактирование и удаление (переиспользуется в Пользователи): Test Cases/Администратор/Редактирование и удаление (переиспользуется в Пользователи)

2022-04-13 23:03:36 - [TEST_STEP][NOT_RUN] - callTestCase(findTestCase("Администратор/Авторизация"), [:], STOP_ON_FAILURE): NOT_RUN: callTestCase(findTestCase("Администратор/Авторизация"), [:], STOP_ON_FAILURE)

2022-04-13 23:03:36 - [MESSAGE][NOT_RUN] - NOT_RUN: callTestCase(findTestCase("Администратор/Авторизация"), [:], STOP_ON_FAILURE)

2022-04-13 23:03:36 - [TEST_STEP][NOT_RUN] - click(findTestObject("Object Repository/Avangard New/Object (Администратор)/Case (Пользователи)/span users")): NOT_RUN: click(findTestObject("Object Repository/Avangard New/Object (Администратор)/Case (Пользователи)/span users"))

2022-04-13 23:03:36 - [MESSAGE][NOT_RUN] - NOT_RUN: click(findTestObject("Object Repository/Avangard New/Object (Администратор)/Case (Пользователи)/span users"))

2022-04-13 23:03:36 - [TEST_STEP][NOT_RUN] - setText(findTestObject("Object Repository/Avangard New/Object (Администратор)/Case (Пользователи)/input__Tarasov"), "Test"): NOT_RUN: setText(findTestObject("Object Repository/Avangard New/Object (Администратор)/Case (Пользователи)/input__Tarasov"), "Test")

2022-04-13 23:03:36 - [MESSAGE][NOT_RUN] - NOT_RUN: setText(findTestObject("Object Repository/Avangard New/Object (Администратор)/Case (Пользователи)/input__Tarasov"), "Test")

2022-04-13 23:03:36 - [TEST_STEP][PASSED] - click(findTestObject("Object Repository/Avangard New/Object (Администратор)/Case (Пользователи)/edit user")): Object: 'Object Repository/Avangard New/Object (Администратор)/Case (Пользователи)/edit user' is clicked on

2022-04-13 23:03:37 - [MESSAGE][PASSED] - Object: 'Object Repository/Avangard New/Object (Администратор)/Case (Пользователи)/edit user' is clicked on

2022-04-13 23:03:37 - [TEST_STEP][PASSED] - click(findTestObject("Object Repository/Avangard New/Object (Администратор)/Case (Пользователи)/team edit")): Object: 'Object Repository/Avangard New/Object (Администратор)/Case (Пользователи)/team edit' is clicked on

2022-04-13 23:03:38 - [MESSAGE][PASSED] - Object: 'Object Repository/Avangard New/Object (Администратор)/Case (Пользователи)/team edit' is clicked on

2022-04-13 23:03:38 - [TEST_STEP][PASSED] - click(findTestObject("Object Repository/Avangard New/Object (Администратор)/Case (Пользователи)/uxl team")): Object: 'Object Repository/Avangard New/Object (Администратор)/Case (Пользователи)/uxl team' is clicked on

2022-04-13 23:03:38 - [MESSAGE][PASSED] - Object: 'Object Repository/Avangard New/Object (Администратор)/Case (Пользователи)/uxl team' is clicked on

2022-04-13 23:03:38 - [TEST_STEP][PASSED] - scrollToElement(findTestObject("Object Repository/Avangard New/Object (Администратор)/Case (Пользователи)/input__password"), 0): Scroll to object 'Object Repository/Avangard New/Object (Администратор)/Case (Пользователи)/input__password' successfully

2022-04-13 23:03:38 - [MESSAGE][WARNING] - Timeout '0' is invalid. Using default page load timeout: '30'

2022-04-13 23:03:39 - [MESSAGE][PASSED] - Scroll to object 'Object Repository/Avangard New/Object (Администратор)/Case (Пользователи)/input__password' successfully

2022-04-13 23:03:39 - [TEST_STEP][PASSED] - setEncryptedText(findTestObject("Object Repository/Avangard New/Object (Администратор)/Case (Пользователи)/input__password"), "XD0KJMxWAaMdre7dpgZZ4A=="): Text ****** has been set on object 'Object Repository/Avangard New/Object (Администратор)/Case (Пользователи)/input__password'

2022-04-13 23:03:39 - [MESSAGE][PASSED] - Text ****** has been set on object 'Object Repository/Avangard New/Object (Администратор)/Case (Пользователи)/input__password'

2022-04-13 23:03:39 - [TEST_STEP][PASSED] - scrollToElement(findTestObject("Object Repository/Avangard New/Object (Администратор)/Case (Пользователи)/button_save edit"), 0): Scroll to object 'Object Repository/Avangard New/Object (Администратор)/Case (Пользователи)/button_save edit' successfully

2022-04-13 23:03:39 - [MESSAGE][WARNING] - Timeout '0' is invalid. Using default page load timeout: '30'

2022-04-13 23:03:40 - [MESSAGE][PASSED] - Scroll to object 'Object Repository/Avangard New/Object (Администратор)/Case (Пользователи)/button_save edit' successfully

2022-04-13 23:03:40 - [TEST_STEP][PASSED] - click(findTestObject("Object Repository/Avangard New/Object (Администратор)/Case (Пользователи)/button_save edit")): Object: 'Object Repository/Avangard New/Object (Администратор)/Case (Пользователи)/button_save edit' is clicked on

2022-04-13 23:03:40 - [MESSAGE][PASSED] - Object: 'Object Repository/Avangard New/Object (Администратор)/Case (Пользователи)/button_save edit' is clicked on

2022-04-13 23:03:40 - [TEST_STEP][PASSED] - verifyElementText(findTestObject("Object Repository/Avangard New/Object (Администратор)/Case (Пользователи)/alert edit"), "Пользователь сохранен"): Actual text and expected text of test object 'Object Repository/Avangard New/Object (Администратор)/Case (Пользователи)/alert edit' are matched.

2022-04-13 23:03:41 - [MESSAGE][PASSED] - Actual text and expected text of test object 'Object Repository/Avangard New/Object (Администратор)/Case (Пользователи)/alert edit' are matched.

2022-04-13 23:03:41 - [TEST_STEP][PASSED] - click(findTestObject("Object Repository/Avangard New/Object (Администратор)/Case (Пользователи)/button_edit2")): Object: 'Object Repository/Avangard New/Object (Администратор)/Case (Пользователи)/button_edit2' is clicked on

2022-04-13 23:03:41 - [MESSAGE][PASSED] - Object: 'Object Repository/Avangard New/Object (Администратор)/Case (Пользователи)/button_edit2' is clicked on

2022-04-13 23:03:41 - [TEST_STEP][PASSED] - scrollToElement(findTestObject("Object Repository/Avangard New/Object (Администратор)/Case (Пользователи)/button_close edit"), 0): Scroll to object 'Object Repository/Avangard New/Object (Администратор)/Case (Пользователи)/button_close edit' successfully

2022-04-13 23:03:42 - [MESSAGE][WARNING] - Timeout '0' is invalid. Using default page load timeout: '30'

2022-04-13 23:03:42 - [MESSAGE][PASSED] - Scroll to object 'Object Repository/Avangard New/Object (Администратор)/Case (Пользователи)/button_close edit' successfully

2022-04-13 23:03:42 - [TEST_STEP][PASSED] - click(findTestObject("Object Repository/Avangard New/Object (Администратор)/Case (Пользователи)/button_close edit")): Object: 'Object Repository/Avangard New/Object (Администратор)/Case (Пользователи)/button_close edit' is clicked on

2022-04-13 23:03:43 - [MESSAGE][PASSED] - Object: 'Object Repository/Avangard New/Object (Администратор)/Case (Пользователи)/button_close edit' is clicked on

2022-04-13 23:03:43 - [TEST_STEP][PASSED] - click(findTestObject("Object Repository/Avangard New/Object (Администратор)/Case (Пользователи)/button__close edit 2")): Object: 'Object Repository/Avangard New/Object (Администратор)/Case (Пользователи)/button__close edit 2' is clicked on

2022-04-13 23:03:43 - [MESSAGE][PASSED] - Object: 'Object Repository/Avangard New/Object (Администратор)/Case (Пользователи)/button__close edit 2' is clicked on

2022-04-13 23:03:43 - [TEST_STEP][PASSED] - setText(findTestObject("Object Repository/Avangard New/Object (Администратор)/Case (Пользователи)/input__test user"), "test"): Text 'test' is set on object 'Object Repository/Avangard New/Object (Администратор)/Case (Пользователи)/input__test user'

2022-04-13 23:03:44 - [MESSAGE][PASSED] - Text 'test' is set on object 'Object Repository/Avangard New/Object (Администратор)/Case (Пользователи)/input__test user'

2022-04-13 23:03:44 - [TEST_STEP][PASSED] - click(findTestObject("Object Repository/Avangard New/Object (Администратор)/Case (Пользователи)/div_User Test")): Object: 'Object Repository/Avangard New/Object (Администратор)/Case (Пользователи)/div_User Test' is clicked on

2022-04-13 23:03:46 - [MESSAGE][PASSED] - Object: 'Object Repository/Avangard New/Object (Администратор)/Case (Пользователи)/div_User Test' is clicked on

2022-04-13 23:03:46 - [TEST_STEP][PASSED] - click(findTestObject("Object Repository/Avangard New/Object (Администратор)/Case (Пользователи)/button_")): Object: 'Object Repository/Avangard New/Object (Администратор)/Case (Пользователи)/button_' is clicked on

2022-04-13 23:03:46 - [MESSAGE][PASSED] - Object: 'Object Repository/Avangard New/Object (Администратор)/Case (Пользователи)/button_' is clicked on

2022-04-13 23:03:46 - [TEST_STEP][PASSED] - click(findTestObject("Object Repository/Avangard New/Object (Администратор)/Case (Пользователи)/button_delete2")): Object: 'Object Repository/Avangard New/Object (Администратор)/Case (Пользователи)/button_delete2' is clicked on

2022-04-13 23:03:47 - [MESSAGE][PASSED] - Object: 'Object Repository/Avangard New/Object (Администратор)/Case (Пользователи)/button_delete2' is clicked on

2022-04-13 23:03:47 - [TEST_STEP][PASSED] - verifyElementText(findTestObject("Object Repository/Avangard New/Object (Администратор)/Case (Пользователи)/alert delete"), "Пользователь удалён"): Actual text and expected text of test object 'Object Repository/Avangard New/Object (Администратор)/Case (Пользователи)/alert delete' are matched.

2022-04-13 23:03:48 - [MESSAGE][PASSED] - Actual text and expected text of test object 'Object Repository/Avangard New/Object (Администратор)/Case (Пользователи)/alert delete' are matched.

2022-04-13 23:03:48 - [MESSAGE][PASSED] - Call Test Case 'Test Cases/Администратор/Редактирование и удаление (переиспользуется в Пользователи)' successfully

2022-04-13 23:03:48 - [TEST_STEP][PASSED] - closeBrowser(): Browser is closed

2022-04-13 23:03:48 - [MESSAGE][PASSED] - Browser is closed]]></system-out>
         <system-err><![CDATA[]]></system-err>
      </testcase>
      <testcase name="Test Cases/Администратор/Профиль игрока (Для проверки и под менеджером)" time="108.653" classname="Test Cases/Администратор/Профиль игрока (Для проверки и под менеджером)" status="FAILED">
         <failure type="FAILED" message="Test Cases/Администратор/Профиль игрока (Для проверки и под менеджером) FAILED.
Reason:
com.kms.katalon.core.exception.StepFailedException: Unable to verify text 'Пользователь сохранен' is present 
	at com.kms.katalon.core.webui.keyword.internal.WebUIKeywordMain.stepFailed(WebUIKeywordMain.groovy:64)
	at com.kms.katalon.core.webui.keyword.internal.WebUIKeywordMain.runKeyword(WebUIKeywordMain.groovy:26)
	at com.kms.katalon.core.webui.keyword.builtin.VerifyTextPresentKeyword.verifyTextPresent(VerifyTextPresentKeyword.groovy:83)
	at com.kms.katalon.core.webui.keyword.builtin.VerifyTextPresentKeyword.execute(VerifyTextPresentKeyword.groovy:68)
	at com.kms.katalon.core.keyword.internal.KeywordExecutor.executeKeywordForPlatform(KeywordExecutor.groovy:74)
	at com.kms.katalon.core.webui.keyword.WebUiBuiltInKeywords.verifyTextPresent(WebUiBuiltInKeywords.groovy:1723)
	at com.kms.katalon.core.webui.keyword.WebUiBuiltInKeywords$verifyTextPresent$4.call(Unknown Source)
	at Профиль игрока (Для проверки и под менеджером).run(Профиль игрока (Для проверки и под менеджером):70)
	at com.kms.katalon.core.main.ScriptEngine.run(ScriptEngine.java:194)
	at com.kms.katalon.core.main.ScriptEngine.runScriptAsRawText(ScriptEngine.java:119)
	at com.kms.katalon.core.main.TestCaseExecutor.runScript(TestCaseExecutor.java:442)
	at com.kms.katalon.core.main.TestCaseExecutor.doExecute(TestCaseExecutor.java:433)
	at com.kms.katalon.core.main.TestCaseExecutor.processExecutionPhase(TestCaseExecutor.java:412)
	at com.kms.katalon.core.main.TestCaseExecutor.accessMainPhase(TestCaseExecutor.java:404)
	at com.kms.katalon.core.main.TestCaseExecutor.execute(TestCaseExecutor.java:281)
	at com.kms.katalon.core.main.TestSuiteExecutor.accessTestCaseMainPhase(TestSuiteExecutor.java:202)
	at com.kms.katalon.core.main.TestSuiteExecutor.accessTestSuiteMainPhase(TestSuiteExecutor.java:164)
	at com.kms.katalon.core.main.TestSuiteExecutor.execute(TestSuiteExecutor.java:105)
	at com.kms.katalon.core.main.TestCaseMain.startTestSuite(TestCaseMain.java:185)
	at com.kms.katalon.core.main.TestCaseMain$startTestSuite$0.call(Unknown Source)
	at TempTestSuite1649879463957.run(TempTestSuite1649879463957.groovy:36)
Caused by: com.kms.katalon.core.exception.StepFailedException: Text 'Пользователь сохранен' is not present on page 
	at com.kms.katalon.core.webui.keyword.internal.WebUIKeywordMain.stepFailed(WebUIKeywordMain.groovy:64)
	at com.kms.katalon.core.webui.keyword.builtin.VerifyTextPresentKeyword$_verifyTextPresent_closure1.doCall(VerifyTextPresentKeyword.groovy:79)
	at com.kms.katalon.core.webui.keyword.builtin.VerifyTextPresentKeyword$_verifyTextPresent_closure1.call(VerifyTextPresentKeyword.groovy)
	at com.kms.katalon.core.webui.keyword.internal.WebUIKeywordMain.runKeyword(WebUIKeywordMain.groovy:20)
	... 19 more
"/>
         <system-out><![CDATA[2022-04-13 23:03:48 - [TEST_CASE][FAILED] - Test Cases/Администратор/Профиль игрока (Для проверки и под менеджером): Test Cases/Администратор/Профиль игрока (Для проверки и под менеджером) FAILED.
Reason:
com.kms.katalon.core.exception.StepFailedException: Unable to verify text 'Пользователь сохранен' is present 
	at com.kms.katalon.core.webui.keyword.internal.WebUIKeywordMain.stepFailed(WebUIKeywordMain.groovy:64)
	at com.kms.katalon.core.webui.keyword.internal.WebUIKeywordMain.runKeyword(WebUIKeywordMain.groovy:26)
	at com.kms.katalon.core.webui.keyword.builtin.VerifyTextPresentKeyword.verifyTextPresent(VerifyTextPresentKeyword.groovy:83)
	at com.kms.katalon.core.webui.keyword.builtin.VerifyTextPresentKeyword.execute(VerifyTextPresentKeyword.groovy:68)
	at com.kms.katalon.core.keyword.internal.KeywordExecutor.executeKeywordForPlatform(KeywordExecutor.groovy:74)
	at com.kms.katalon.core.webui.keyword.WebUiBuiltInKeywords.verifyTextPresent(WebUiBuiltInKeywords.groovy:1723)
	at com.kms.katalon.core.webui.keyword.WebUiBuiltInKeywords$verifyTextPresent$4.call(Unknown Source)
	at Профиль игрока (Для проверки и под менеджером).run(Профиль игрока (Для проверки и под менеджером):70)
	at com.kms.katalon.core.main.ScriptEngine.run(ScriptEngine.java:194)
	at com.kms.katalon.core.main.ScriptEngine.runScriptAsRawText(ScriptEngine.java:119)
	at com.kms.katalon.core.main.TestCaseExecutor.runScript(TestCaseExecutor.java:442)
	at com.kms.katalon.core.main.TestCaseExecutor.doExecute(TestCaseExecutor.java:433)
	at com.kms.katalon.core.main.TestCaseExecutor.processExecutionPhase(TestCaseExecutor.java:412)
	at com.kms.katalon.core.main.TestCaseExecutor.accessMainPhase(TestCaseExecutor.java:404)
	at com.kms.katalon.core.main.TestCaseExecutor.execute(TestCaseExecutor.java:281)
	at com.kms.katalon.core.main.TestSuiteExecutor.accessTestCaseMainPhase(TestSuiteExecutor.java:202)
	at com.kms.katalon.core.main.TestSuiteExecutor.accessTestSuiteMainPhase(TestSuiteExecutor.java:164)
	at com.kms.katalon.core.main.TestSuiteExecutor.execute(TestSuiteExecutor.java:105)
	at com.kms.katalon.core.main.TestCaseMain.startTestSuite(TestCaseMain.java:185)
	at com.kms.katalon.core.main.TestCaseMain$startTestSuite$0.call(Unknown Source)
	at TempTestSuite1649879463957.run(TempTestSuite1649879463957.groovy:36)
Caused by: com.kms.katalon.core.exception.StepFailedException: Text 'Пользователь сохранен' is not present on page 
	at com.kms.katalon.core.webui.keyword.internal.WebUIKeywordMain.stepFailed(WebUIKeywordMain.groovy:64)
	at com.kms.katalon.core.webui.keyword.builtin.VerifyTextPresentKeyword$_verifyTextPresent_closure1.doCall(VerifyTextPresentKeyword.groovy:79)
	at com.kms.katalon.core.webui.keyword.builtin.VerifyTextPresentKeyword$_verifyTextPresent_closure1.call(VerifyTextPresentKeyword.groovy)
	at com.kms.katalon.core.webui.keyword.internal.WebUIKeywordMain.runKeyword(WebUIKeywordMain.groovy:20)
	... 19 more


2022-04-13 23:03:49 - [TEST_STEP][NOT_RUN] - verifyElementText(findTestObject("Avangard New/Object (Администратор)/Case (Профиль игрока)/role admin"), "Администратор"): NOT_RUN: verifyElementText(findTestObject("Avangard New/Object (Администратор)/Case (Профиль игрока)/role admin"), "Администратор")

2022-04-13 23:03:49 - [MESSAGE][NOT_RUN] - NOT_RUN: verifyElementText(findTestObject("Avangard New/Object (Администратор)/Case (Профиль игрока)/role admin"), "Администратор")

2022-04-13 23:03:49 - [TEST_STEP][PASSED] - callTestCase(findTestCase("Администратор/Авторизация"), [:], STOP_ON_FAILURE): Call Test Case 'Test Cases/Администратор/Авторизация' successfully

2022-04-13 23:03:49 - [TEST_CASE][PASSED] - Test Cases/Администратор/Авторизация: Test Cases/Администратор/Авторизация

2022-04-13 23:03:49 - [TEST_STEP][PASSED] - openBrowser(""): Browser is opened with url: ''

2022-04-13 23:03:49 - [MESSAGE][INFO] - Starting 'Chrome' driver

2022-04-13 23:03:49 - [MESSAGE][INFO] - Action delay is set to 100 milliseconds

2022-04-13 23:03:50 - [MESSAGE][PASSED] - Browser is opened with url: ''

2022-04-13 23:03:50 - [TEST_STEP][PASSED] - maximizeWindow(): Current window maximized

2022-04-13 23:03:50 - [MESSAGE][PASSED] - Current window maximized

2022-04-13 23:03:50 - [TEST_STEP][PASSED] - navigateToUrl(url): Navigate to 'https://stars-stage.hawk.ru:8080' successfully

2022-04-13 23:03:57 - [MESSAGE][PASSED] - Navigate to 'https://stars-stage.hawk.ru:8080' successfully

2022-04-13 23:03:57 - [TEST_STEP][PASSED] - setText(findTestObject("Object Repository/Page_/input__sc-lnrBVv eqPACj"), admin_login): Text 'TestAdmin@test.ru' is set on object 'Object Repository/Page_/input__sc-lnrBVv eqPACj'

2022-04-13 23:03:58 - [MESSAGE][PASSED] - Text 'TestAdmin@test.ru' is set on object 'Object Repository/Page_/input__sc-lnrBVv eqPACj'

2022-04-13 23:03:58 - [TEST_STEP][PASSED] - setText(findTestObject("Object Repository/Page_/input__sc-lnrBVv eqPACj_1"), admin_password): Text 'TestAdmin@test.ru' is set on object 'Object Repository/Page_/input__sc-lnrBVv eqPACj_1'

2022-04-13 23:03:59 - [MESSAGE][PASSED] - Text 'TestAdmin@test.ru' is set on object 'Object Repository/Page_/input__sc-lnrBVv eqPACj_1'

2022-04-13 23:03:59 - [TEST_STEP][PASSED] - click(findTestObject("Object Repository/Page_/go")): Object: 'Object Repository/Page_/go' is clicked on

2022-04-13 23:04:00 - [MESSAGE][PASSED] - Object: 'Object Repository/Page_/go' is clicked on

2022-04-13 23:04:00 - [MESSAGE][PASSED] - Call Test Case 'Test Cases/Администратор/Авторизация' successfully

2022-04-13 23:04:00 - [TEST_STEP][PASSED] - scrollToElement(findTestObject("Avangard New/Object (Администратор)/Case (Профиль игрока)/role admin"), 0): Scroll to object 'Object Repository/Avangard New/Object (Администратор)/Case (Профиль игрока)/role admin' successfully

2022-04-13 23:04:00 - [MESSAGE][WARNING] - Timeout '0' is invalid. Using default page load timeout: '30'

2022-04-13 23:04:22 - [MESSAGE][PASSED] - Scroll to object 'Object Repository/Avangard New/Object (Администратор)/Case (Профиль игрока)/role admin' successfully

2022-04-13 23:04:22 - [TEST_STEP][PASSED] - if (verifyElementText(findTestObject("Avangard New/Object (Администратор)/Case (Профиль игрока)/role admin"), "Администратор", OPTIONAL) == true): null

2022-04-13 23:04:22 - [MESSAGE][PASSED] - Actual text and expected text of test object 'Object Repository/Avangard New/Object (Администратор)/Case (Профиль игрока)/role admin' are matched.

2022-04-13 23:04:22 - [TEST_STEP][PASSED] - click(findTestObject("Object Repository/Avangard New/Object (Администратор)/Case (Профиль игрока)/students")): Object: 'Object Repository/Avangard New/Object (Администратор)/Case (Профиль игрока)/students' is clicked on

2022-04-13 23:04:23 - [MESSAGE][PASSED] - Object: 'Object Repository/Avangard New/Object (Администратор)/Case (Профиль игрока)/students' is clicked on

2022-04-13 23:04:23 - [TEST_STEP][PASSED] - setText(findTestObject("Object Repository/Avangard New/Object (Администратор)/Case (Профиль игрока)/input"), player_for_test_1): Text 'Ганин' is set on object 'Object Repository/Avangard New/Object (Администратор)/Case (Профиль игрока)/input'

2022-04-13 23:04:25 - [MESSAGE][PASSED] - Text 'Ганин' is set on object 'Object Repository/Avangard New/Object (Администратор)/Case (Профиль игрока)/input'

2022-04-13 23:04:25 - [TEST_STEP][PASSED] - click(findTestObject("Object Repository/Avangard New/Object (Администратор)/Case (Профиль игрока)/player profile")): Object: 'Object Repository/Avangard New/Object (Администратор)/Case (Профиль игрока)/player profile' is clicked on

2022-04-13 23:04:27 - [MESSAGE][PASSED] - Object: 'Object Repository/Avangard New/Object (Администратор)/Case (Профиль игрока)/player profile' is clicked on

2022-04-13 23:04:27 - [TEST_STEP][PASSED] - while (verifyElementVisible(findTestObject("Object Repository/Avangard New/Object (Администратор)/Case (Профиль игрока)/editProfile"), OPTIONAL) == true): null

2022-04-13 23:04:28 - [MESSAGE][PASSED] - Object 'Object Repository/Avangard New/Object (Администратор)/Case (Профиль игрока)/editProfile' is visible

2022-04-13 23:04:28 - [TEST_STEP][PASSED] - click(findTestObject("Object Repository/Avangard New/Object (Администратор)/Case (Профиль игрока)/editProfile")): Object: 'Object Repository/Avangard New/Object (Администратор)/Case (Профиль игрока)/editProfile' is clicked on

2022-04-13 23:04:28 - [MESSAGE][PASSED] - Object: 'Object Repository/Avangard New/Object (Администратор)/Case (Профиль игрока)/editProfile' is clicked on

2022-04-13 23:04:28 - [TEST_STEP][PASSED] - scrollToElement(findTestObject("Object Repository/Avangard New/Object (Администратор)/Case (Профиль игрока)/input__phone"), 0): Scroll to object 'Object Repository/Avangard New/Object (Администратор)/Case (Профиль игрока)/input__phone' successfully

2022-04-13 23:04:29 - [MESSAGE][WARNING] - Timeout '0' is invalid. Using default page load timeout: '30'

2022-04-13 23:04:29 - [MESSAGE][PASSED] - Scroll to object 'Object Repository/Avangard New/Object (Администратор)/Case (Профиль игрока)/input__phone' successfully

2022-04-13 23:04:29 - [TEST_STEP][PASSED] - clearText(findTestObject("Object Repository/Avangard New/Object (Администратор)/Case (Профиль игрока)/input__phone"), STOP_ON_FAILURE): Text of object 'Object Repository/Avangard New/Object (Администратор)/Case (Профиль игрока)/input__phone' is cleared

2022-04-13 23:04:30 - [MESSAGE][PASSED] - Text of object 'Object Repository/Avangard New/Object (Администратор)/Case (Профиль игрока)/input__phone' is cleared

2022-04-13 23:04:30 - [TEST_STEP][PASSED] - setText(findTestObject("Object Repository/admin/students/Page_/input__phone"), "8 (953) 456-78-91"): Text '8 (953) 456-78-91' is set on object 'Object Repository/admin/students/Page_/input__phone'

2022-04-13 23:04:31 - [MESSAGE][PASSED] - Text '8 (953) 456-78-91' is set on object 'Object Repository/admin/students/Page_/input__phone'

2022-04-13 23:04:31 - [TEST_STEP][PASSED] - scrollToElement(findTestObject("Object Repository/Avangard New/Object (Администратор)/Case (Профиль игрока)/Save_button_"), 0): Scroll to object 'Object Repository/Avangard New/Object (Администратор)/Case (Профиль игрока)/Save_button_' successfully

2022-04-13 23:04:31 - [MESSAGE][WARNING] - Timeout '0' is invalid. Using default page load timeout: '30'

2022-04-13 23:04:31 - [MESSAGE][PASSED] - Scroll to object 'Object Repository/Avangard New/Object (Администратор)/Case (Профиль игрока)/Save_button_' successfully

2022-04-13 23:04:31 - [TEST_STEP][PASSED] - click(findTestObject("Object Repository/Avangard New/Object (Администратор)/Case (Профиль игрока)/Save_button_")): Object: 'Object Repository/Avangard New/Object (Администратор)/Case (Профиль игрока)/Save_button_' is clicked on

2022-04-13 23:04:31 - [MESSAGE][PASSED] - Object: 'Object Repository/Avangard New/Object (Администратор)/Case (Профиль игрока)/Save_button_' is clicked on

2022-04-13 23:04:31 - [TEST_STEP][PASSED] - verifyTextPresent("Пользователь сохранен", false): Text 'Пользователь сохранен' is present on page 

2022-04-13 23:04:32 - [MESSAGE][PASSED] - Text 'Пользователь сохранен' is present on page 

2022-04-13 23:04:32 - [TEST_STEP][PASSED] - click(findTestObject("Object Repository/Avangard New/Object (Администратор)/Case (Профиль игрока)/arch_button")): Object: 'Object Repository/Avangard New/Object (Администратор)/Case (Профиль игрока)/arch_button' is clicked on

2022-04-13 23:05:04 - [MESSAGE][INFO] - Unable to find the element located by 'By.xpath: //*/text()[normalize-space(.)='Архивировать']/parent::*'. Please recheck the objects properties to make sure the desired element is located. 

2022-04-13 23:05:04 - [MESSAGE][WARNING] - [SELF-HEALING] Failed to find element with id 'Object Repository/Avangard New/Object (Администратор)/Case (Профиль игрока)/arch_button'. Try using Self-healing.

2022-04-13 23:05:04 - [MESSAGE][WARNING] - [SELF-HEALING] The current locator of test object 'Object Repository/Avangard New/Object (Администратор)/Case (Профиль игрока)/arch_button' was broken. Propose an alternative one: '//button[@type='button']'.

2022-04-13 23:05:04 - [MESSAGE][PASSED] - Object: 'Object Repository/Avangard New/Object (Администратор)/Case (Профиль игрока)/arch_button' is clicked on

2022-04-13 23:05:04 - [TEST_STEP][PASSED] - click(findTestObject("Object Repository/Avangard New/Object (Администратор)/Case (Профиль игрока)/confirm_arch_button")): Object: 'Object Repository/Avangard New/Object (Администратор)/Case (Профиль игрока)/confirm_arch_button' is clicked on

2022-04-13 23:05:35 - [MESSAGE][INFO] - Unable to find the element located by 'By.xpath: //button[@type = 'submit' and (text() = 'Архивировать' or . = 'Архивировать')]'. Please recheck the objects properties to make sure the desired element is located. 

2022-04-13 23:05:35 - [MESSAGE][WARNING] - [SELF-HEALING] Failed to find element with id 'Object Repository/Avangard New/Object (Администратор)/Case (Профиль игрока)/confirm_arch_button'. Try using Self-healing.

2022-04-13 23:05:36 - [MESSAGE][WARNING] - [SELF-HEALING] The current locator of test object 'Object Repository/Avangard New/Object (Администратор)/Case (Профиль игрока)/confirm_arch_button' was broken. Propose an alternative one: '//div/div/div/button[2]'.

2022-04-13 23:05:36 - [MESSAGE][PASSED] - Object: 'Object Repository/Avangard New/Object (Администратор)/Case (Профиль игрока)/confirm_arch_button' is clicked on

2022-04-13 23:05:36 - [TEST_STEP][FAILED] - verifyTextPresent("Пользователь сохранен", false): Unable to verify text 'Пользователь сохранен' is present  (Root cause: com.kms.katalon.core.exception.StepFailedException: Unable to verify text 'Пользователь сохранен' is present 
	at com.kms.katalon.core.webui.keyword.internal.WebUIKeywordMain.stepFailed(WebUIKeywordMain.groovy:64)
	at com.kms.katalon.core.webui.keyword.internal.WebUIKeywordMain.runKeyword(WebUIKeywordMain.groovy:26)
	at com.kms.katalon.core.webui.keyword.builtin.VerifyTextPresentKeyword.verifyTextPresent(VerifyTextPresentKeyword.groovy:83)
	at com.kms.katalon.core.webui.keyword.builtin.VerifyTextPresentKeyword.execute(VerifyTextPresentKeyword.groovy:68)
	at com.kms.katalon.core.keyword.internal.KeywordExecutor.executeKeywordForPlatform(KeywordExecutor.groovy:74)
	at com.kms.katalon.core.webui.keyword.WebUiBuiltInKeywords.verifyTextPresent(WebUiBuiltInKeywords.groovy:1723)
	at com.kms.katalon.core.webui.keyword.WebUiBuiltInKeywords$verifyTextPresent$4.call(Unknown Source)
	at Профиль игрока (Для проверки и под менеджером).run(Профиль игрока (Для проверки и под менеджером):70)
	at com.kms.katalon.core.main.ScriptEngine.run(ScriptEngine.java:194)
	at com.kms.katalon.core.main.ScriptEngine.runScriptAsRawText(ScriptEngine.java:119)
	at com.kms.katalon.core.main.TestCaseExecutor.runScript(TestCaseExecutor.java:442)
	at com.kms.katalon.core.main.TestCaseExecutor.doExecute(TestCaseExecutor.java:433)
	at com.kms.katalon.core.main.TestCaseExecutor.processExecutionPhase(TestCaseExecutor.java:412)
	at com.kms.katalon.core.main.TestCaseExecutor.accessMainPhase(TestCaseExecutor.java:404)
	at com.kms.katalon.core.main.TestCaseExecutor.execute(TestCaseExecutor.java:281)
	at com.kms.katalon.core.main.TestSuiteExecutor.accessTestCaseMainPhase(TestSuiteExecutor.java:202)
	at com.kms.katalon.core.main.TestSuiteExecutor.accessTestSuiteMainPhase(TestSuiteExecutor.java:164)
	at com.kms.katalon.core.main.TestSuiteExecutor.execute(TestSuiteExecutor.java:105)
	at com.kms.katalon.core.main.TestCaseMain.startTestSuite(TestCaseMain.java:185)
	at com.kms.katalon.core.main.TestCaseMain$startTestSuite$0.call(Unknown Source)
	at TempTestSuite1649879463957.run(TempTestSuite1649879463957.groovy:36)
Caused by: com.kms.katalon.core.exception.StepFailedException: Text 'Пользователь сохранен' is not present on page 
	at com.kms.katalon.core.webui.keyword.internal.WebUIKeywordMain.stepFailed(WebUIKeywordMain.groovy:64)
	at com.kms.katalon.core.webui.keyword.builtin.VerifyTextPresentKeyword$_verifyTextPresent_closure1.doCall(VerifyTextPresentKeyword.groovy:79)
	at com.kms.katalon.core.webui.keyword.builtin.VerifyTextPresentKeyword$_verifyTextPresent_closure1.call(VerifyTextPresentKeyword.groovy)
	at com.kms.katalon.core.webui.keyword.internal.WebUIKeywordMain.runKeyword(WebUIKeywordMain.groovy:20)
	... 19 more
)

2022-04-13 23:05:36 - [MESSAGE][FAILED] - Text 'Пользователь сохранен' is not present on page  (Root cause: com.kms.katalon.core.exception.StepFailedException: Text 'Пользователь сохранен' is not present on page 
	at com.kms.katalon.core.webui.keyword.internal.WebUIKeywordMain.stepFailed(WebUIKeywordMain.groovy:64)
	at com.kms.katalon.core.webui.keyword.builtin.VerifyTextPresentKeyword$_verifyTextPresent_closure1.doCall(VerifyTextPresentKeyword.groovy:79)
	at com.kms.katalon.core.webui.keyword.builtin.VerifyTextPresentKeyword$_verifyTextPresent_closure1.call(VerifyTextPresentKeyword.groovy)
	at com.kms.katalon.core.webui.keyword.internal.WebUIKeywordMain.runKeyword(WebUIKeywordMain.groovy:20)
	at com.kms.katalon.core.webui.keyword.builtin.VerifyTextPresentKeyword.verifyTextPresent(VerifyTextPresentKeyword.groovy:83)
	at com.kms.katalon.core.webui.keyword.builtin.VerifyTextPresentKeyword.execute(VerifyTextPresentKeyword.groovy:68)
	at com.kms.katalon.core.keyword.internal.KeywordExecutor.executeKeywordForPlatform(KeywordExecutor.groovy:74)
	at com.kms.katalon.core.webui.keyword.WebUiBuiltInKeywords.verifyTextPresent(WebUiBuiltInKeywords.groovy:1723)
	at com.kms.katalon.core.webui.keyword.WebUiBuiltInKeywords$verifyTextPresent$4.call(Unknown Source)
	at Профиль игрока (Для проверки и под менеджером).run(Профиль игрока (Для проверки и под менеджером):70)
	at com.kms.katalon.core.main.ScriptEngine.run(ScriptEngine.java:194)
	at com.kms.katalon.core.main.ScriptEngine.runScriptAsRawText(ScriptEngine.java:119)
	at com.kms.katalon.core.main.TestCaseExecutor.runScript(TestCaseExecutor.java:442)
	at com.kms.katalon.core.main.TestCaseExecutor.doExecute(TestCaseExecutor.java:433)
	at com.kms.katalon.core.main.TestCaseExecutor.processExecutionPhase(TestCaseExecutor.java:412)
	at com.kms.katalon.core.main.TestCaseExecutor.accessMainPhase(TestCaseExecutor.java:404)
	at com.kms.katalon.core.main.TestCaseExecutor.execute(TestCaseExecutor.java:281)
	at com.kms.katalon.core.main.TestSuiteExecutor.accessTestCaseMainPhase(TestSuiteExecutor.java:202)
	at com.kms.katalon.core.main.TestSuiteExecutor.accessTestSuiteMainPhase(TestSuiteExecutor.java:164)
	at com.kms.katalon.core.main.TestSuiteExecutor.execute(TestSuiteExecutor.java:105)
	at com.kms.katalon.core.main.TestCaseMain.startTestSuite(TestCaseMain.java:185)
	at com.kms.katalon.core.main.TestCaseMain$startTestSuite$0.call(Unknown Source)
	at TempTestSuite1649879463957.run(TempTestSuite1649879463957.groovy:36)
)

2022-04-13 23:05:36 - [MESSAGE][FAILED] - Unable to verify text 'Пользователь сохранен' is present  (Root cause: com.kms.katalon.core.exception.StepFailedException: Unable to verify text 'Пользователь сохранен' is present 
	at com.kms.katalon.core.webui.keyword.internal.WebUIKeywordMain.stepFailed(WebUIKeywordMain.groovy:64)
	at com.kms.katalon.core.webui.keyword.internal.WebUIKeywordMain.runKeyword(WebUIKeywordMain.groovy:26)
	at com.kms.katalon.core.webui.keyword.builtin.VerifyTextPresentKeyword.verifyTextPresent(VerifyTextPresentKeyword.groovy:83)
	at com.kms.katalon.core.webui.keyword.builtin.VerifyTextPresentKeyword.execute(VerifyTextPresentKeyword.groovy:68)
	at com.kms.katalon.core.keyword.internal.KeywordExecutor.executeKeywordForPlatform(KeywordExecutor.groovy:74)
	at com.kms.katalon.core.webui.keyword.WebUiBuiltInKeywords.verifyTextPresent(WebUiBuiltInKeywords.groovy:1723)
	at com.kms.katalon.core.webui.keyword.WebUiBuiltInKeywords$verifyTextPresent$4.call(Unknown Source)
	at Профиль игрока (Для проверки и под менеджером).run(Профиль игрока (Для проверки и под менеджером):70)
	at com.kms.katalon.core.main.ScriptEngine.run(ScriptEngine.java:194)
	at com.kms.katalon.core.main.ScriptEngine.runScriptAsRawText(ScriptEngine.java:119)
	at com.kms.katalon.core.main.TestCaseExecutor.runScript(TestCaseExecutor.java:442)
	at com.kms.katalon.core.main.TestCaseExecutor.doExecute(TestCaseExecutor.java:433)
	at com.kms.katalon.core.main.TestCaseExecutor.processExecutionPhase(TestCaseExecutor.java:412)
	at com.kms.katalon.core.main.TestCaseExecutor.accessMainPhase(TestCaseExecutor.java:404)
	at com.kms.katalon.core.main.TestCaseExecutor.execute(TestCaseExecutor.java:281)
	at com.kms.katalon.core.main.TestSuiteExecutor.accessTestCaseMainPhase(TestSuiteExecutor.java:202)
	at com.kms.katalon.core.main.TestSuiteExecutor.accessTestSuiteMainPhase(TestSuiteExecutor.java:164)
	at com.kms.katalon.core.main.TestSuiteExecutor.execute(TestSuiteExecutor.java:105)
	at com.kms.katalon.core.main.TestCaseMain.startTestSuite(TestCaseMain.java:185)
	at com.kms.katalon.core.main.TestCaseMain$startTestSuite$0.call(Unknown Source)
	at TempTestSuite1649879463957.run(TempTestSuite1649879463957.groovy:36)
Caused by: com.kms.katalon.core.exception.StepFailedException: Text 'Пользователь сохранен' is not present on page 
	at com.kms.katalon.core.webui.keyword.internal.WebUIKeywordMain.stepFailed(WebUIKeywordMain.groovy:64)
	at com.kms.katalon.core.webui.keyword.builtin.VerifyTextPresentKeyword$_verifyTextPresent_closure1.doCall(VerifyTextPresentKeyword.groovy:79)
	at com.kms.katalon.core.webui.keyword.builtin.VerifyTextPresentKeyword$_verifyTextPresent_closure1.call(VerifyTextPresentKeyword.groovy)
	at com.kms.katalon.core.webui.keyword.internal.WebUIKeywordMain.runKeyword(WebUIKeywordMain.groovy:20)
	... 19 more
)
[[ATTACHMENT|C:\\Users\\LENOVO\\Katalon Studio\\Avangard\\Reports\\20220413_225045\\\u0410\u0434\u043C\u0438\u043D\u0438\u0441\u0442\u0440\u0430\u0442\u043E\u0440\\20220413_225103\\1649880336770.png]]]]></system-out>
         <system-err><![CDATA[2022-04-13 23:03:48 - [TEST_CASE][FAILED] - Test Cases/Администратор/Профиль игрока (Для проверки и под менеджером): Test Cases/Администратор/Профиль игрока (Для проверки и под менеджером) FAILED.
Reason:
com.kms.katalon.core.exception.StepFailedException: Unable to verify text 'Пользователь сохранен' is present 
	at com.kms.katalon.core.webui.keyword.internal.WebUIKeywordMain.stepFailed(WebUIKeywordMain.groovy:64)
	at com.kms.katalon.core.webui.keyword.internal.WebUIKeywordMain.runKeyword(WebUIKeywordMain.groovy:26)
	at com.kms.katalon.core.webui.keyword.builtin.VerifyTextPresentKeyword.verifyTextPresent(VerifyTextPresentKeyword.groovy:83)
	at com.kms.katalon.core.webui.keyword.builtin.VerifyTextPresentKeyword.execute(VerifyTextPresentKeyword.groovy:68)
	at com.kms.katalon.core.keyword.internal.KeywordExecutor.executeKeywordForPlatform(KeywordExecutor.groovy:74)
	at com.kms.katalon.core.webui.keyword.WebUiBuiltInKeywords.verifyTextPresent(WebUiBuiltInKeywords.groovy:1723)
	at com.kms.katalon.core.webui.keyword.WebUiBuiltInKeywords$verifyTextPresent$4.call(Unknown Source)
	at Профиль игрока (Для проверки и под менеджером).run(Профиль игрока (Для проверки и под менеджером):70)
	at com.kms.katalon.core.main.ScriptEngine.run(ScriptEngine.java:194)
	at com.kms.katalon.core.main.ScriptEngine.runScriptAsRawText(ScriptEngine.java:119)
	at com.kms.katalon.core.main.TestCaseExecutor.runScript(TestCaseExecutor.java:442)
	at com.kms.katalon.core.main.TestCaseExecutor.doExecute(TestCaseExecutor.java:433)
	at com.kms.katalon.core.main.TestCaseExecutor.processExecutionPhase(TestCaseExecutor.java:412)
	at com.kms.katalon.core.main.TestCaseExecutor.accessMainPhase(TestCaseExecutor.java:404)
	at com.kms.katalon.core.main.TestCaseExecutor.execute(TestCaseExecutor.java:281)
	at com.kms.katalon.core.main.TestSuiteExecutor.accessTestCaseMainPhase(TestSuiteExecutor.java:202)
	at com.kms.katalon.core.main.TestSuiteExecutor.accessTestSuiteMainPhase(TestSuiteExecutor.java:164)
	at com.kms.katalon.core.main.TestSuiteExecutor.execute(TestSuiteExecutor.java:105)
	at com.kms.katalon.core.main.TestCaseMain.startTestSuite(TestCaseMain.java:185)
	at com.kms.katalon.core.main.TestCaseMain$startTestSuite$0.call(Unknown Source)
	at TempTestSuite1649879463957.run(TempTestSuite1649879463957.groovy:36)
Caused by: com.kms.katalon.core.exception.StepFailedException: Text 'Пользователь сохранен' is not present on page 
	at com.kms.katalon.core.webui.keyword.internal.WebUIKeywordMain.stepFailed(WebUIKeywordMain.groovy:64)
	at com.kms.katalon.core.webui.keyword.builtin.VerifyTextPresentKeyword$_verifyTextPresent_closure1.doCall(VerifyTextPresentKeyword.groovy:79)
	at com.kms.katalon.core.webui.keyword.builtin.VerifyTextPresentKeyword$_verifyTextPresent_closure1.call(VerifyTextPresentKeyword.groovy)
	at com.kms.katalon.core.webui.keyword.internal.WebUIKeywordMain.runKeyword(WebUIKeywordMain.groovy:20)
	... 19 more]]></system-err>
      </testcase>
      <testcase name="Test Cases/Администратор/Тренеры" time="34.761" classname="Test Cases/Администратор/Тренеры" status="PASSED">
         <system-out><![CDATA[2022-04-13 23:05:37 - [TEST_CASE][PASSED] - Test Cases/Администратор/Тренеры: Test Cases/Администратор/Тренеры

2022-04-13 23:05:37 - [TEST_STEP][PASSED] - callTestCase(findTestCase("Администратор/Авторизация"), [:], STOP_ON_FAILURE): Call Test Case 'Test Cases/Администратор/Авторизация' successfully

2022-04-13 23:05:37 - [TEST_CASE][PASSED] - Test Cases/Администратор/Авторизация: Test Cases/Администратор/Авторизация

2022-04-13 23:05:37 - [TEST_STEP][PASSED] - openBrowser(""): Browser is opened with url: ''

2022-04-13 23:05:37 - [MESSAGE][WARNING] - A browser is already opened. Closing browser and opening a new one

2022-04-13 23:05:38 - [MESSAGE][INFO] - Starting 'Chrome' driver

2022-04-13 23:05:38 - [MESSAGE][INFO] - Action delay is set to 100 milliseconds

2022-04-13 23:05:39 - [MESSAGE][PASSED] - Browser is opened with url: ''

2022-04-13 23:05:39 - [TEST_STEP][PASSED] - maximizeWindow(): Current window maximized

2022-04-13 23:05:39 - [MESSAGE][PASSED] - Current window maximized

2022-04-13 23:05:39 - [TEST_STEP][PASSED] - navigateToUrl(url): Navigate to 'https://stars-stage.hawk.ru:8080' successfully

2022-04-13 23:05:45 - [MESSAGE][PASSED] - Navigate to 'https://stars-stage.hawk.ru:8080' successfully

2022-04-13 23:05:45 - [TEST_STEP][PASSED] - setText(findTestObject("Object Repository/Page_/input__sc-lnrBVv eqPACj"), admin_login): Text 'TestAdmin@test.ru' is set on object 'Object Repository/Page_/input__sc-lnrBVv eqPACj'

2022-04-13 23:05:46 - [MESSAGE][PASSED] - Text 'TestAdmin@test.ru' is set on object 'Object Repository/Page_/input__sc-lnrBVv eqPACj'

2022-04-13 23:05:46 - [TEST_STEP][PASSED] - setText(findTestObject("Object Repository/Page_/input__sc-lnrBVv eqPACj_1"), admin_password): Text 'TestAdmin@test.ru' is set on object 'Object Repository/Page_/input__sc-lnrBVv eqPACj_1'

2022-04-13 23:05:46 - [MESSAGE][PASSED] - Text 'TestAdmin@test.ru' is set on object 'Object Repository/Page_/input__sc-lnrBVv eqPACj_1'

2022-04-13 23:05:46 - [TEST_STEP][PASSED] - click(findTestObject("Object Repository/Page_/go")): Object: 'Object Repository/Page_/go' is clicked on

2022-04-13 23:05:47 - [MESSAGE][PASSED] - Object: 'Object Repository/Page_/go' is clicked on

2022-04-13 23:05:47 - [MESSAGE][PASSED] - Call Test Case 'Test Cases/Администратор/Авторизация' successfully

2022-04-13 23:05:47 - [TEST_STEP][PASSED] - click(findTestObject("Object Repository/admin/teachers/Page_/teach")): Object: 'Object Repository/admin/teachers/Page_/teach' is clicked on

2022-04-13 23:06:07 - [MESSAGE][PASSED] - Object: 'Object Repository/admin/teachers/Page_/teach' is clicked on

2022-04-13 23:06:07 - [TEST_STEP][PASSED] - click(findTestObject("Object Repository/admin/teachers/Page_/span_")): Object: 'Object Repository/admin/teachers/Page_/span_' is clicked on

2022-04-13 23:06:07 - [MESSAGE][PASSED] - Object: 'Object Repository/admin/teachers/Page_/span_' is clicked on

2022-04-13 23:06:07 - [TEST_STEP][PASSED] - verifyTextPresent("ПРОФИЛЬ ПРЕПОДАВАТЕЛЯ", false): Text 'ПРОФИЛЬ ПРЕПОДАВАТЕЛЯ' is present on page 

2022-04-13 23:06:08 - [MESSAGE][PASSED] - Text 'ПРОФИЛЬ ПРЕПОДАВАТЕЛЯ' is present on page 

2022-04-13 23:06:08 - [TEST_STEP][PASSED] - click(findTestObject("Object Repository/admin/teachers/Page_/career")): Object: 'Object Repository/admin/teachers/Page_/career' is clicked on

2022-04-13 23:06:09 - [MESSAGE][PASSED] - Object: 'Object Repository/admin/teachers/Page_/career' is clicked on

2022-04-13 23:06:09 - [TEST_STEP][PASSED] - verifyTextPresent("КАРЬЕРА ТРЕНЕРА", false): Text 'КАРЬЕРА ТРЕНЕРА' is present on page 

2022-04-13 23:06:09 - [MESSAGE][PASSED] - Text 'КАРЬЕРА ТРЕНЕРА' is present on page 

2022-04-13 23:06:09 - [TEST_STEP][NOT_RUN] - takeFullPageScreenshot("C:\scr\" + school + "42.jpg"): NOT_RUN: takeFullPageScreenshot("C:\scr\" + school + "42.jpg")

2022-04-13 23:06:09 - [MESSAGE][NOT_RUN] - NOT_RUN: takeFullPageScreenshot("C:\scr\" + school + "42.jpg")

2022-04-13 23:06:09 - [TEST_STEP][PASSED] - click(findTestObject("Object Repository/admin/teachers/Page_/button_")): Object: 'Object Repository/admin/teachers/Page_/button_' is clicked on

2022-04-13 23:06:10 - [MESSAGE][PASSED] - Object: 'Object Repository/admin/teachers/Page_/button_' is clicked on

2022-04-13 23:06:10 - [TEST_STEP][PASSED] - verifyTextPresent("Пользователь сохранен", false): Text 'Пользователь сохранен' is present on page 

2022-04-13 23:06:10 - [MESSAGE][PASSED] - Text 'Пользователь сохранен' is present on page 

2022-04-13 23:06:10 - [TEST_STEP][PASSED] - click(findTestObject("Object Repository/admin/teachers/Page_/root")): Object: 'Object Repository/admin/teachers/Page_/root' is clicked on

2022-04-13 23:06:11 - [MESSAGE][PASSED] - Object: 'Object Repository/admin/teachers/Page_/root' is clicked on

2022-04-13 23:06:11 - [TEST_STEP][PASSED] - closeBrowser(): Browser is closed

2022-04-13 23:06:12 - [MESSAGE][PASSED] - Browser is closed]]></system-out>
         <system-err><![CDATA[]]></system-err>
      </testcase>
      <testcase name="Test Cases/Администратор/дописать физ. тест Рейтинг игроков" time="41.666" classname="Test Cases/Администратор/дописать физ. тест Рейтинг игроков" status="PASSED">
         <system-out><![CDATA[2022-04-13 23:06:12 - [TEST_CASE][PASSED] - Test Cases/Администратор/дописать физ. тест Рейтинг игроков: Test Cases/Администратор/дописать физ. тест Рейтинг игроков

2022-04-13 23:06:12 - [TEST_STEP][PASSED] - callTestCase(findTestCase("Администратор/Авторизация"), [:], STOP_ON_FAILURE): Call Test Case 'Test Cases/Администратор/Авторизация' successfully

2022-04-13 23:06:12 - [TEST_CASE][PASSED] - Test Cases/Администратор/Авторизация: Test Cases/Администратор/Авторизация

2022-04-13 23:06:12 - [TEST_STEP][PASSED] - openBrowser(""): Browser is opened with url: ''

2022-04-13 23:06:12 - [MESSAGE][INFO] - Starting 'Chrome' driver

2022-04-13 23:06:12 - [MESSAGE][INFO] - Action delay is set to 100 milliseconds

2022-04-13 23:06:13 - [MESSAGE][PASSED] - Browser is opened with url: ''

2022-04-13 23:06:13 - [TEST_STEP][PASSED] - maximizeWindow(): Current window maximized

2022-04-13 23:06:13 - [MESSAGE][PASSED] - Current window maximized

2022-04-13 23:06:13 - [TEST_STEP][PASSED] - navigateToUrl(url): Navigate to 'https://stars-stage.hawk.ru:8080' successfully

2022-04-13 23:06:19 - [MESSAGE][PASSED] - Navigate to 'https://stars-stage.hawk.ru:8080' successfully

2022-04-13 23:06:19 - [TEST_STEP][PASSED] - setText(findTestObject("Object Repository/Page_/input__sc-lnrBVv eqPACj"), admin_login): Text 'TestAdmin@test.ru' is set on object 'Object Repository/Page_/input__sc-lnrBVv eqPACj'

2022-04-13 23:06:20 - [MESSAGE][PASSED] - Text 'TestAdmin@test.ru' is set on object 'Object Repository/Page_/input__sc-lnrBVv eqPACj'

2022-04-13 23:06:20 - [TEST_STEP][PASSED] - setText(findTestObject("Object Repository/Page_/input__sc-lnrBVv eqPACj_1"), admin_password): Text 'TestAdmin@test.ru' is set on object 'Object Repository/Page_/input__sc-lnrBVv eqPACj_1'

2022-04-13 23:06:21 - [MESSAGE][PASSED] - Text 'TestAdmin@test.ru' is set on object 'Object Repository/Page_/input__sc-lnrBVv eqPACj_1'

2022-04-13 23:06:21 - [TEST_STEP][PASSED] - click(findTestObject("Object Repository/Page_/go")): Object: 'Object Repository/Page_/go' is clicked on

2022-04-13 23:06:21 - [MESSAGE][PASSED] - Object: 'Object Repository/Page_/go' is clicked on

2022-04-13 23:06:21 - [MESSAGE][PASSED] - Call Test Case 'Test Cases/Администратор/Авторизация' successfully

2022-04-13 23:06:21 - [TEST_STEP][PASSED] - click(findTestObject("Object Repository/Avangard New/Object (Администратор)/Case (Рейтинг игроков)/rank palyer")): Object: 'Object Repository/Avangard New/Object (Администратор)/Case (Рейтинг игроков)/rank palyer' is clicked on

2022-04-13 23:06:42 - [MESSAGE][PASSED] - Object: 'Object Repository/Avangard New/Object (Администратор)/Case (Рейтинг игроков)/rank palyer' is clicked on

2022-04-13 23:06:42 - [TEST_STEP][NOT_RUN] - click(findTestObject("Object Repository/Avangard New/Object (Администратор)/Case (Рейтинг игроков)/school rank")): NOT_RUN: click(findTestObject("Object Repository/Avangard New/Object (Администратор)/Case (Рейтинг игроков)/school rank"))

2022-04-13 23:06:42 - [MESSAGE][NOT_RUN] - NOT_RUN: click(findTestObject("Object Repository/Avangard New/Object (Администратор)/Case (Рейтинг игроков)/school rank"))

2022-04-13 23:06:42 - [TEST_STEP][PASSED] - setText(findTestObject("Object Repository/Avangard New/Object (Администратор)/Case (Рейтинг игроков)/input__rank"), ""Авангард" Академия"): Text '"Авангард" Академия' is set on object 'Object Repository/Avangard New/Object (Администратор)/Case (Рейтинг игроков)/input__rank'

2022-04-13 23:06:43 - [MESSAGE][PASSED] - Text '"Авангард" Академия' is set on object 'Object Repository/Avangard New/Object (Администратор)/Case (Рейтинг игроков)/input__rank'

2022-04-13 23:06:43 - [TEST_STEP][PASSED] - sendKeys(findTestObject("Object Repository/Avangard New/Object (Администратор)/Case (Рейтинг игроков)/input__rank"), Keys.chord(ENTER)): Keys 'ENTER + ' sent to object: 'Object Repository/Avangard New/Object (Администратор)/Case (Рейтинг игроков)/input__rank'

2022-04-13 23:06:43 - [MESSAGE][PASSED] - Keys 'ENTER + ' sent to object: 'Object Repository/Avangard New/Object (Администратор)/Case (Рейтинг игроков)/input__rank'

2022-04-13 23:06:43 - [TEST_STEP][PASSED] - click(findTestObject("Avangard New/Object (Администратор)/Case (Рейтинг игроков)/team rank")): Object: 'Object Repository/Avangard New/Object (Администратор)/Case (Рейтинг игроков)/team rank' is clicked on

2022-04-13 23:06:44 - [MESSAGE][PASSED] - Object: 'Object Repository/Avangard New/Object (Администратор)/Case (Рейтинг игроков)/team rank' is clicked on

2022-04-13 23:06:44 - [TEST_STEP][PASSED] - setText(findTestObject("Object Repository/Avangard New/Object (Администратор)/Case (Рейтинг игроков)/input__react-select-4-input"), school): Text 'Омские Ястребы' is set on object 'Object Repository/Avangard New/Object (Администратор)/Case (Рейтинг игроков)/input__react-select-4-input'

2022-04-13 23:06:45 - [MESSAGE][PASSED] - Text 'Омские Ястребы' is set on object 'Object Repository/Avangard New/Object (Администратор)/Case (Рейтинг игроков)/input__react-select-4-input'

2022-04-13 23:06:45 - [TEST_STEP][PASSED] - sendKeys(findTestObject("Object Repository/Avangard New/Object (Администратор)/Case (Рейтинг игроков)/input__react-select-4-input"), Keys.chord(ENTER)): Keys 'ENTER + ' sent to object: 'Object Repository/Avangard New/Object (Администратор)/Case (Рейтинг игроков)/input__react-select-4-input'

2022-04-13 23:06:45 - [MESSAGE][PASSED] - Keys 'ENTER + ' sent to object: 'Object Repository/Avangard New/Object (Администратор)/Case (Рейтинг игроков)/input__react-select-4-input'

2022-04-13 23:06:45 - [TEST_STEP][PASSED] - scrollToElement(findTestObject("Avangard New/Object (Администратор)/Case (Рейтинг игроков)/Univarsal player"), 0): Scroll to object 'Object Repository/Avangard New/Object (Администратор)/Case (Рейтинг игроков)/Univarsal player' successfully

2022-04-13 23:06:46 - [MESSAGE][WARNING] - Timeout '0' is invalid. Using default page load timeout: '30'

2022-04-13 23:06:46 - [MESSAGE][PASSED] - Scroll to object 'Object Repository/Avangard New/Object (Администратор)/Case (Рейтинг игроков)/Univarsal player' successfully

2022-04-13 23:06:46 - [TEST_STEP][PASSED] - click(findTestObject("Avangard New/Object (Администратор)/Case (Рейтинг игроков)/Univarsal player")): Object: 'Object Repository/Avangard New/Object (Администратор)/Case (Рейтинг игроков)/Univarsal player' is clicked on

2022-04-13 23:06:47 - [MESSAGE][PASSED] - Object: 'Object Repository/Avangard New/Object (Администратор)/Case (Рейтинг игроков)/Univarsal player' is clicked on

2022-04-13 23:06:47 - [TEST_STEP][PASSED] - comment(""): 

2022-04-13 23:06:47 - [MESSAGE][INFO] - 

2022-04-13 23:06:47 - [TEST_STEP][NOT_RUN] - if (verifyElementText(findTestObject("Avangard New/Object (Администратор)/Case (Рейтинг игроков)/team rank"), "Авангард-2005", OPTIONAL) == true): NOT_RUN: if (verifyElementText(findTestObject("Avangard New/Object (Администратор)/Case (Рейтинг игроков)/team rank"), "Авангард-2005", OPTIONAL) == true)

2022-04-13 23:06:47 - [MESSAGE][NOT_RUN] - NOT_RUN: if (verifyElementText(findTestObject("Avangard New/Object (Администратор)/Case (Рейтинг игроков)/team rank"), "Авангард-2005", OPTIONAL) == true)

2022-04-13 23:06:47 - [TEST_STEP][NOT_RUN] - verifyElementText(findTestObject("Avangard New/Object (Администратор)/Case (Рейтинг игроков)/grade points rank"), point): NOT_RUN: verifyElementText(findTestObject("Avangard New/Object (Администратор)/Case (Рейтинг игроков)/grade points rank"), point)

2022-04-13 23:06:47 - [MESSAGE][NOT_RUN] - NOT_RUN: verifyElementText(findTestObject("Avangard New/Object (Администратор)/Case (Рейтинг игроков)/grade points rank"), point)

2022-04-13 23:06:47 - [TEST_STEP][NOT_RUN] - comment(""): NOT_RUN: comment("")

2022-04-13 23:06:47 - [MESSAGE][NOT_RUN] - NOT_RUN: comment("")

2022-04-13 23:06:47 - [TEST_STEP][PASSED] - click(findTestObject("Object Repository/Avangard New/Object (Администратор)/Case (Рейтинг игроков)/button grade skill rank")): Object: 'Object Repository/Avangard New/Object (Администратор)/Case (Рейтинг игроков)/button grade skill rank' is clicked on

2022-04-13 23:06:48 - [MESSAGE][PASSED] - Object: 'Object Repository/Avangard New/Object (Администратор)/Case (Рейтинг игроков)/button grade skill rank' is clicked on

2022-04-13 23:06:48 - [TEST_STEP][PASSED] - verifyElementText(findTestObject("Object Repository/Avangard New/Object (Администратор)/Case (Рейтинг игроков)/Etap 1 rank"), "Этап №1"): Actual text and expected text of test object 'Object Repository/Avangard New/Object (Администратор)/Case (Рейтинг игроков)/Etap 1 rank' are matched.

2022-04-13 23:06:49 - [MESSAGE][PASSED] - Actual text and expected text of test object 'Object Repository/Avangard New/Object (Администратор)/Case (Рейтинг игроков)/Etap 1 rank' are matched.

2022-04-13 23:06:49 - [TEST_STEP][PASSED] - verifyElementText(findTestObject("Avangard New/Object (Администратор)/Case (Рейтинг игроков)/speed rank"), "Ускорение"): Actual text and expected text of test object 'Object Repository/Avangard New/Object (Администратор)/Case (Рейтинг игроков)/speed rank' are matched.

2022-04-13 23:06:49 - [MESSAGE][PASSED] - Actual text and expected text of test object 'Object Repository/Avangard New/Object (Администратор)/Case (Рейтинг игроков)/speed rank' are matched.

2022-04-13 23:06:49 - [TEST_STEP][PASSED] - click(findTestObject("Object Repository/Avangard New/Object (Администратор)/Case (Рейтинг игроков)/button game stat rank")): Object: 'Object Repository/Avangard New/Object (Администратор)/Case (Рейтинг игроков)/button game stat rank' is clicked on

2022-04-13 23:06:50 - [MESSAGE][PASSED] - Object: 'Object Repository/Avangard New/Object (Администратор)/Case (Рейтинг игроков)/button game stat rank' is clicked on

2022-04-13 23:06:50 - [TEST_STEP][PASSED] - verifyElementText(findTestObject("Avangard New/Object (Администратор)/Case (Рейтинг игроков)/math rank"), "Матчи"): Actual text and expected text of test object 'Object Repository/Avangard New/Object (Администратор)/Case (Рейтинг игроков)/math rank' are matched.

2022-04-13 23:06:51 - [MESSAGE][PASSED] - Actual text and expected text of test object 'Object Repository/Avangard New/Object (Администратор)/Case (Рейтинг игроков)/math rank' are matched.

2022-04-13 23:06:51 - [TEST_STEP][PASSED] - verifyElementVisible(findTestObject("Object Repository/Avangard New/Object (Администратор)/Case (Рейтинг игроков)/grade math rank")): Object 'Object Repository/Avangard New/Object (Администратор)/Case (Рейтинг игроков)/grade math rank' is visible

2022-04-13 23:06:51 - [MESSAGE][PASSED] - Object 'Object Repository/Avangard New/Object (Администратор)/Case (Рейтинг игроков)/grade math rank' is visible

2022-04-13 23:06:51 - [TEST_STEP][PASSED] - click(findTestObject("Object Repository/Avangard New/Object (Администратор)/Case (Рейтинг игроков)/button grade game tank")): Object: 'Object Repository/Avangard New/Object (Администратор)/Case (Рейтинг игроков)/button grade game tank' is clicked on

2022-04-13 23:06:51 - [MESSAGE][PASSED] - Object: 'Object Repository/Avangard New/Object (Администратор)/Case (Рейтинг игроков)/button grade game tank' is clicked on

2022-04-13 23:06:51 - [TEST_STEP][PASSED] - verifyElementText(findTestObject("Avangard New/Object (Администратор)/Case (Рейтинг игроков)/average grade rank"), "СРЕДНЯЯ ОЦЕНКА"): Actual text and expected text of test object 'Object Repository/Avangard New/Object (Администратор)/Case (Рейтинг игроков)/average grade rank' are matched.

2022-04-13 23:06:54 - [MESSAGE][PASSED] - Actual text and expected text of test object 'Object Repository/Avangard New/Object (Администратор)/Case (Рейтинг игроков)/average grade rank' are matched.]]></system-out>
         <system-err><![CDATA[]]></system-err>
      </testcase>
      <system-out><![CDATA[2022-04-13 22:58:17 - [TEST_SUITE][FAILED] - Администратор: Test Cases/Администратор/Профиль игрока (Для проверки и под менеджером) FAILED.
Reason:
com.kms.katalon.core.exception.StepFailedException: Unable to verify text 'Пользователь сохранен' is present 
	at com.kms.katalon.core.webui.keyword.internal.WebUIKeywordMain.stepFailed(WebUIKeywordMain.groovy:64)
	at com.kms.katalon.core.webui.keyword.internal.WebUIKeywordMain.runKeyword(WebUIKeywordMain.groovy:26)
	at com.kms.katalon.core.webui.keyword.builtin.VerifyTextPresentKeyword.verifyTextPresent(VerifyTextPresentKeyword.groovy:83)
	at com.kms.katalon.core.webui.keyword.builtin.VerifyTextPresentKeyword.execute(VerifyTextPresentKeyword.groovy:68)
	at com.kms.katalon.core.keyword.internal.KeywordExecutor.executeKeywordForPlatform(KeywordExecutor.groovy:74)
	at com.kms.katalon.core.webui.keyword.WebUiBuiltInKeywords.verifyTextPresent(WebUiBuiltInKeywords.groovy:1723)
	at com.kms.katalon.core.webui.keyword.WebUiBuiltInKeywords$verifyTextPresent$4.call(Unknown Source)
	at Профиль игрока (Для проверки и под менеджером).run(Профиль игрока (Для проверки и под менеджером):70)
	at com.kms.katalon.core.main.ScriptEngine.run(ScriptEngine.java:194)
	at com.kms.katalon.core.main.ScriptEngine.runScriptAsRawText(ScriptEngine.java:119)
	at com.kms.katalon.core.main.TestCaseExecutor.runScript(TestCaseExecutor.java:442)
	at com.kms.katalon.core.main.TestCaseExecutor.doExecute(TestCaseExecutor.java:433)
	at com.kms.katalon.core.main.TestCaseExecutor.processExecutionPhase(TestCaseExecutor.java:412)
	at com.kms.katalon.core.main.TestCaseExecutor.accessMainPhase(TestCaseExecutor.java:404)
	at com.kms.katalon.core.main.TestCaseExecutor.execute(TestCaseExecutor.java:281)
	at com.kms.katalon.core.main.TestSuiteExecutor.accessTestCaseMainPhase(TestSuiteExecutor.java:202)
	at com.kms.katalon.core.main.TestSuiteExecutor.accessTestSuiteMainPhase(TestSuiteExecutor.java:164)
	at com.kms.katalon.core.main.TestSuiteExecutor.execute(TestSuiteExecutor.java:105)
	at com.kms.katalon.core.main.TestCaseMain.startTestSuite(TestCaseMain.java:185)
	at com.kms.katalon.core.main.TestCaseMain$startTestSuite$0.call(Unknown Source)
	at TempTestSuite1649879463957.run(TempTestSuite1649879463957.groovy:36)
Caused by: com.kms.katalon.core.exception.StepFailedException: Text 'Пользователь сохранен' is not present on page 
	at com.kms.katalon.core.webui.keyword.internal.WebUIKeywordMain.stepFailed(WebUIKeywordMain.groovy:64)
	at com.kms.katalon.core.webui.keyword.builtin.VerifyTextPresentKeyword$_verifyTextPresent_closure1.doCall(VerifyTextPresentKeyword.groovy:79)
	at com.kms.katalon.core.webui.keyword.builtin.VerifyTextPresentKeyword$_verifyTextPresent_closure1.call(VerifyTextPresentKeyword.groovy)
	at com.kms.katalon.core.webui.keyword.internal.WebUIKeywordMain.runKeyword(WebUIKeywordMain.groovy:20)
	... 19 more]]></system-out>
      <system-err><![CDATA[2022-04-13 22:58:17 - [TEST_SUITE][FAILED] - Администратор: Test Cases/Администратор/Профиль игрока (Для проверки и под менеджером) FAILED.
Reason:
com.kms.katalon.core.exception.StepFailedException: Unable to verify text 'Пользователь сохранен' is present 
	at com.kms.katalon.core.webui.keyword.internal.WebUIKeywordMain.stepFailed(WebUIKeywordMain.groovy:64)
	at com.kms.katalon.core.webui.keyword.internal.WebUIKeywordMain.runKeyword(WebUIKeywordMain.groovy:26)
	at com.kms.katalon.core.webui.keyword.builtin.VerifyTextPresentKeyword.verifyTextPresent(VerifyTextPresentKeyword.groovy:83)
	at com.kms.katalon.core.webui.keyword.builtin.VerifyTextPresentKeyword.execute(VerifyTextPresentKeyword.groovy:68)
	at com.kms.katalon.core.keyword.internal.KeywordExecutor.executeKeywordForPlatform(KeywordExecutor.groovy:74)
	at com.kms.katalon.core.webui.keyword.WebUiBuiltInKeywords.verifyTextPresent(WebUiBuiltInKeywords.groovy:1723)
	at com.kms.katalon.core.webui.keyword.WebUiBuiltInKeywords$verifyTextPresent$4.call(Unknown Source)
	at Профиль игрока (Для проверки и под менеджером).run(Профиль игрока (Для проверки и под менеджером):70)
	at com.kms.katalon.core.main.ScriptEngine.run(ScriptEngine.java:194)
	at com.kms.katalon.core.main.ScriptEngine.runScriptAsRawText(ScriptEngine.java:119)
	at com.kms.katalon.core.main.TestCaseExecutor.runScript(TestCaseExecutor.java:442)
	at com.kms.katalon.core.main.TestCaseExecutor.doExecute(TestCaseExecutor.java:433)
	at com.kms.katalon.core.main.TestCaseExecutor.processExecutionPhase(TestCaseExecutor.java:412)
	at com.kms.katalon.core.main.TestCaseExecutor.accessMainPhase(TestCaseExecutor.java:404)
	at com.kms.katalon.core.main.TestCaseExecutor.execute(TestCaseExecutor.java:281)
	at com.kms.katalon.core.main.TestSuiteExecutor.accessTestCaseMainPhase(TestSuiteExecutor.java:202)
	at com.kms.katalon.core.main.TestSuiteExecutor.accessTestSuiteMainPhase(TestSuiteExecutor.java:164)
	at com.kms.katalon.core.main.TestSuiteExecutor.execute(TestSuiteExecutor.java:105)
	at com.kms.katalon.core.main.TestCaseMain.startTestSuite(TestCaseMain.java:185)
	at com.kms.katalon.core.main.TestCaseMain$startTestSuite$0.call(Unknown Source)
	at TempTestSuite1649879463957.run(TempTestSuite1649879463957.groovy:36)
Caused by: com.kms.katalon.core.exception.StepFailedException: Text 'Пользователь сохранен' is not present on page 
	at com.kms.katalon.core.webui.keyword.internal.WebUIKeywordMain.stepFailed(WebUIKeywordMain.groovy:64)
	at com.kms.katalon.core.webui.keyword.builtin.VerifyTextPresentKeyword$_verifyTextPresent_closure1.doCall(VerifyTextPresentKeyword.groovy:79)
	at com.kms.katalon.core.webui.keyword.builtin.VerifyTextPresentKeyword$_verifyTextPresent_closure1.call(VerifyTextPresentKeyword.groovy)
	at com.kms.katalon.core.webui.keyword.internal.WebUIKeywordMain.runKeyword(WebUIKeywordMain.groovy:20)
	... 19 more]]></system-err>
   </testsuite>
</testsuites>
