<?xml version="1.0" encoding="UTF-8"?>
<testsuites name="Доктор" time="1182.29" tests="4" failures="1" errors="0">
   <testsuite name="Доктор" tests="4" failures="1" errors="0" time="1182.29" skipped="0" timestamp="2022-02-25 08:54:23" hostname="LENOVO - DESKTOP-KNHN0AA" id="Test Suites/Доктор">
      <properties>
         <property name="deviceName" value=""/>
         <property name="devicePlatform" value=""/>
         <property name="logFolder" value="C:\\Users\\LENOVO\\Katalon Studio\\Avangard\\Reports\\20220225_085350\\\u0414\u043E\u043A\u0442\u043E\u0440\\20220225_085357"/>
         <property name="logFiles" value="C:\\Users\\LENOVO\\Katalon Studio\\Avangard\\Reports\\20220225_085350\\\u0414\u043E\u043A\u0442\u043E\u0440\\20220225_085357\\execution0.log"/>
         <property name="attachments" value="C:\\Users\\LENOVO\\Katalon Studio\\Avangard\\Reports\\20220225_085350\\\u0414\u043E\u043A\u0442\u043E\u0440\\20220225_085357\\1645768771277.png"/>
         <property name="hostName" value="LENOVO - DESKTOP-KNHN0AA"/>
         <property name="remoteDriverUrl" value="testcloud.katalon.com/hub"/>
         <property name="desiredCapabilities" value="{
  &quot;acceptInsecureCerts&quot;: false,
  &quot;browserName&quot;: &quot;chrome&quot;,
  &quot;browserVersion&quot;: &quot;97.0.4692.71&quot;,
  &quot;chrome&quot;: {
    &quot;chromedriverVersion&quot;: &quot;97.0.4692.71 (adefa7837d02a07a604c1e6eff0b3a09422ab88d-refs/branch-heads/4692@{#1247})&quot;,
    &quot;userDataDir&quot;: &quot;/tmp/.com.google.Chrome.R9kQ45&quot;
  },
  &quot;goog:chromeOptions&quot;: {
    &quot;debuggerAddress&quot;: &quot;localhost:37673&quot;
  },
  &quot;javascriptEnabled&quot;: true,
  &quot;networkConnectionEnabled&quot;: false,
  &quot;pageLoadStrategy&quot;: &quot;normal&quot;,
  &quot;platform&quot;: &quot;LINUX&quot;,
  &quot;platformName&quot;: &quot;LINUX&quot;,
  &quot;proxy&quot;: {
    &quot;proxyType&quot;: &quot;DIRECT&quot;,
    &quot;autodetect&quot;: false
  },
  &quot;se:cdp&quot;: &quot;ws://172.48.138.54:4444/session/c53cfd1db7213b2927ecf4190b545f1f/se/cdp&quot;,
  &quot;se:cdpVersion&quot;: &quot;97.0.4692.71&quot;,
  &quot;se:vnc&quot;: &quot;ws://172.48.138.54:4444/session/c53cfd1db7213b2927ecf4190b545f1f/se/vnc&quot;,
  &quot;se:vncEnabled&quot;: true,
  &quot;se:vncLocalAddress&quot;: &quot;ws://172.48.138.54:7900&quot;,
  &quot;setWindowRect&quot;: true,
  &quot;strictFileInteractability&quot;: false,
  &quot;timeouts&quot;: {
    &quot;implicit&quot;: 0,
    &quot;pageLoad&quot;: 300000,
    &quot;script&quot;: 30000
  },
  &quot;unhandledPromptBehavior&quot;: &quot;dismiss and notify&quot;,
  &quot;webauthn:extension:credBlob&quot;: true,
  &quot;webauthn:extension:largeBlob&quot;: true,
  &quot;webauthn:virtualAuthenticators&quot;: true
}"/>
         <property name="os" value="Windows 10 64bit"/>
         <property name="remoteOS" value="Linux"/>
         <property name="katalonVersion" value="8.2.5.208"/>
         <property name="browser" value="Chrome 97.0.4692.71"/>
         <property name="hostAddress" value="192.168.2.113"/>
         <property name="sessionId" value="c53cfd1db7213b2927ecf4190b545f1f"/>
         <property name="seleniumVersion" value="3.141.59"/>
         <property name="proxyInformation" value="ProxyInformation { proxyOption=NO_PROXY, proxyServerType=HTTP, username=, password=********, proxyServerAddress=, proxyServerPort=0, executionList=&quot;&quot;, isApplyToDesiredCapabilities=true }"/>
         <property name="platform" value="Windows 10"/>
      </properties>
      <testcase name="Test Cases/Доктор/дописать проверку на игрока Проверка вкладки Питание" time="309.056" classname="Test Cases/Доктор/дописать проверку на игрока Проверка вкладки Питание" status="FAILED">
         <failure type="FAILED" message="Test Cases/Доктор/дописать проверку на игрока Проверка вкладки Питание FAILED.
Reason:
com.kms.katalon.core.exception.StepFailedException: Unable to set text 'автотест питания' of object 'Object Repository/Avangard New/Object (Доктор)/Case (Питание)/input_task'
	at com.kms.katalon.core.webui.keyword.internal.WebUIKeywordMain.stepFailed(WebUIKeywordMain.groovy:64)
	at com.kms.katalon.core.webui.keyword.internal.WebUIKeywordMain.runKeyword(WebUIKeywordMain.groovy:26)
	at com.kms.katalon.core.webui.keyword.builtin.SetTextKeyword.setText(SetTextKeyword.groovy:66)
	at com.kms.katalon.core.webui.keyword.builtin.SetTextKeyword.execute(SetTextKeyword.groovy:37)
	at com.kms.katalon.core.keyword.internal.KeywordExecutor.executeKeywordForPlatform(KeywordExecutor.groovy:74)
	at com.kms.katalon.core.webui.keyword.WebUiBuiltInKeywords.setText(WebUiBuiltInKeywords.groovy:980)
	at com.kms.katalon.core.webui.keyword.WebUiBuiltInKeywords$setText$2.call(Unknown Source)
	at дописать проверку на игрока Проверка вкладки Питание.run(дописать проверку на игрока Проверка вкладки Питание:51)
	at com.kms.katalon.core.main.ScriptEngine.run(ScriptEngine.java:194)
	at com.kms.katalon.core.main.ScriptEngine.runScriptAsRawText(ScriptEngine.java:119)
	at com.kms.katalon.core.main.TestCaseExecutor.runScript(TestCaseExecutor.java:442)
	at com.kms.katalon.core.main.TestCaseExecutor.doExecute(TestCaseExecutor.java:433)
	at com.kms.katalon.core.main.TestCaseExecutor.processExecutionPhase(TestCaseExecutor.java:412)
	at com.kms.katalon.core.main.TestCaseExecutor.accessMainPhase(TestCaseExecutor.java:404)
	at com.kms.katalon.core.main.TestCaseExecutor.execute(TestCaseExecutor.java:281)
	at com.kms.katalon.core.main.TestSuiteExecutor.accessTestCaseMainPhase(TestSuiteExecutor.java:202)
	at com.kms.katalon.core.main.TestSuiteExecutor.accessTestSuiteMainPhase(TestSuiteExecutor.java:164)
	at com.kms.katalon.core.main.TestSuiteExecutor.execute(TestSuiteExecutor.java:105)
	at com.kms.katalon.core.main.TestCaseMain.startTestSuite(TestCaseMain.java:185)
	at com.kms.katalon.core.main.TestCaseMain$startTestSuite$0.call(Unknown Source)
	at TempTestSuite1645768437880.run(TempTestSuite1645768437880.groovy:36)
Caused by: com.kms.katalon.core.webui.exception.WebElementNotFoundException: Web element with id: 'Object Repository/Avangard New/Object (Доктор)/Case (Питание)/input_task' located by '//div[@id='root']/div/div/div[2]/div/div[3]/div/div[2]/div/div/div[2]/div/div/div[2]/div[3]/div/div/div/div/div/input' not found
	at com.kms.katalon.core.webui.common.WebUiCommonHelper.findWebElement(WebUiCommonHelper.java:1370)
	at com.kms.katalon.core.webui.keyword.internal.WebUIAbstractKeyword.findWebElement(WebUIAbstractKeyword.groovy:27)
	at com.kms.katalon.core.webui.keyword.internal.WebUIAbstractKeyword.findWebElement(WebUIAbstractKeyword.groovy:26)
	at com.kms.katalon.core.webui.keyword.builtin.SetTextKeyword$_setText_closure1.doCall(SetTextKeyword.groovy:51)
	at com.kms.katalon.core.webui.keyword.builtin.SetTextKeyword$_setText_closure1.call(SetTextKeyword.groovy)
	at com.kms.katalon.core.webui.keyword.internal.WebUIKeywordMain.runKeyword(WebUIKeywordMain.groovy:20)
	... 19 more
"/>
         <system-out><![CDATA[2022-02-25 08:54:25 - [TEST_CASE][FAILED] - Test Cases/Доктор/дописать проверку на игрока Проверка вкладки Питание: Test Cases/Доктор/дописать проверку на игрока Проверка вкладки Питание FAILED.
Reason:
com.kms.katalon.core.exception.StepFailedException: Unable to set text 'автотест питания' of object 'Object Repository/Avangard New/Object (Доктор)/Case (Питание)/input_task'
	at com.kms.katalon.core.webui.keyword.internal.WebUIKeywordMain.stepFailed(WebUIKeywordMain.groovy:64)
	at com.kms.katalon.core.webui.keyword.internal.WebUIKeywordMain.runKeyword(WebUIKeywordMain.groovy:26)
	at com.kms.katalon.core.webui.keyword.builtin.SetTextKeyword.setText(SetTextKeyword.groovy:66)
	at com.kms.katalon.core.webui.keyword.builtin.SetTextKeyword.execute(SetTextKeyword.groovy:37)
	at com.kms.katalon.core.keyword.internal.KeywordExecutor.executeKeywordForPlatform(KeywordExecutor.groovy:74)
	at com.kms.katalon.core.webui.keyword.WebUiBuiltInKeywords.setText(WebUiBuiltInKeywords.groovy:980)
	at com.kms.katalon.core.webui.keyword.WebUiBuiltInKeywords$setText$2.call(Unknown Source)
	at дописать проверку на игрока Проверка вкладки Питание.run(дописать проверку на игрока Проверка вкладки Питание:51)
	at com.kms.katalon.core.main.ScriptEngine.run(ScriptEngine.java:194)
	at com.kms.katalon.core.main.ScriptEngine.runScriptAsRawText(ScriptEngine.java:119)
	at com.kms.katalon.core.main.TestCaseExecutor.runScript(TestCaseExecutor.java:442)
	at com.kms.katalon.core.main.TestCaseExecutor.doExecute(TestCaseExecutor.java:433)
	at com.kms.katalon.core.main.TestCaseExecutor.processExecutionPhase(TestCaseExecutor.java:412)
	at com.kms.katalon.core.main.TestCaseExecutor.accessMainPhase(TestCaseExecutor.java:404)
	at com.kms.katalon.core.main.TestCaseExecutor.execute(TestCaseExecutor.java:281)
	at com.kms.katalon.core.main.TestSuiteExecutor.accessTestCaseMainPhase(TestSuiteExecutor.java:202)
	at com.kms.katalon.core.main.TestSuiteExecutor.accessTestSuiteMainPhase(TestSuiteExecutor.java:164)
	at com.kms.katalon.core.main.TestSuiteExecutor.execute(TestSuiteExecutor.java:105)
	at com.kms.katalon.core.main.TestCaseMain.startTestSuite(TestCaseMain.java:185)
	at com.kms.katalon.core.main.TestCaseMain$startTestSuite$0.call(Unknown Source)
	at TempTestSuite1645768437880.run(TempTestSuite1645768437880.groovy:36)
Caused by: com.kms.katalon.core.webui.exception.WebElementNotFoundException: Web element with id: 'Object Repository/Avangard New/Object (Доктор)/Case (Питание)/input_task' located by '//div[@id='root']/div/div/div[2]/div/div[3]/div/div[2]/div/div/div[2]/div/div/div[2]/div[3]/div/div/div/div/div/input' not found
	at com.kms.katalon.core.webui.common.WebUiCommonHelper.findWebElement(WebUiCommonHelper.java:1370)
	at com.kms.katalon.core.webui.keyword.internal.WebUIAbstractKeyword.findWebElement(WebUIAbstractKeyword.groovy:27)
	at com.kms.katalon.core.webui.keyword.internal.WebUIAbstractKeyword.findWebElement(WebUIAbstractKeyword.groovy:26)
	at com.kms.katalon.core.webui.keyword.builtin.SetTextKeyword$_setText_closure1.doCall(SetTextKeyword.groovy:51)
	at com.kms.katalon.core.webui.keyword.builtin.SetTextKeyword$_setText_closure1.call(SetTextKeyword.groovy)
	at com.kms.katalon.core.webui.keyword.internal.WebUIKeywordMain.runKeyword(WebUIKeywordMain.groovy:20)
	... 19 more


2022-02-25 08:54:30 - [TEST_STEP][PASSED] - callTestCase(findTestCase("Доктор/Авторизация врач"), [:], STOP_ON_FAILURE): Call Test Case 'Test Cases/Доктор/Авторизация врач' successfully

2022-02-25 08:54:33 - [TEST_CASE][PASSED] - Test Cases/Доктор/Авторизация врач: Test Cases/Доктор/Авторизация врач

2022-02-25 08:54:35 - [TEST_STEP][PASSED] - openBrowser(""): Browser is opened with url: ''

2022-02-25 08:54:36 - [MESSAGE][INFO] - User set preference: ['os', 'linux']

2022-02-25 08:54:36 - [MESSAGE][INFO] - User set preference: ['browserName', 'chrome']

2022-02-25 08:54:36 - [MESSAGE][INFO] - User set preference: ['browserVersion', '97']

2022-02-25 08:54:36 - [MESSAGE][INFO] - User set preference: ['katalon:option', '{organizationId=564672, tunnelId=, usingTunnel=false}']

2022-02-25 08:54:36 - [MESSAGE][INFO] - Connecting to remote web server 'testcloud.katalon.com/hub' with type 'Selenium'

2022-02-25 08:54:38 - [MESSAGE][INFO] - Action delay is set to 100 milliseconds

2022-02-25 08:57:58 - [MESSAGE][PASSED] - Browser is opened with url: ''

2022-02-25 08:57:58 - [TEST_STEP][PASSED] - maximizeWindow(): Current window maximized

2022-02-25 08:57:58 - [MESSAGE][PASSED] - Current window maximized

2022-02-25 08:57:58 - [TEST_STEP][PASSED] - navigateToUrl(url): Navigate to 'https://stars-stage.hawk.ru:8080' successfully

2022-02-25 08:58:05 - [MESSAGE][PASSED] - Navigate to 'https://stars-stage.hawk.ru:8080' successfully

2022-02-25 08:58:05 - [TEST_STEP][PASSED] - setText(findTestObject("Object Repository/vra/Page_/input__sc-lnrBVv eqPACj"), doktor_login): Text 'TestDoctor@mail.ru' is set on object 'Object Repository/vra/Page_/input__sc-lnrBVv eqPACj'

2022-02-25 08:58:09 - [MESSAGE][PASSED] - Text 'TestDoctor@mail.ru' is set on object 'Object Repository/vra/Page_/input__sc-lnrBVv eqPACj'

2022-02-25 08:58:09 - [TEST_STEP][PASSED] - setText(findTestObject("Object Repository/vra/Page_/input__sc-lnrBVv eqPACj_1"), doktor_password, STOP_ON_FAILURE): Text 'TestDoctor@mail.ru' is set on object 'Object Repository/vra/Page_/input__sc-lnrBVv eqPACj_1'

2022-02-25 08:58:13 - [MESSAGE][PASSED] - Text 'TestDoctor@mail.ru' is set on object 'Object Repository/vra/Page_/input__sc-lnrBVv eqPACj_1'

2022-02-25 08:58:13 - [TEST_STEP][PASSED] - click(findTestObject("Object Repository/vrach/Page_/Page_/go")): Object: 'Object Repository/vrach/Page_/Page_/go' is clicked on

2022-02-25 08:58:16 - [MESSAGE][PASSED] - Object: 'Object Repository/vrach/Page_/Page_/go' is clicked on

2022-02-25 08:58:16 - [MESSAGE][PASSED] - Call Test Case 'Test Cases/Доктор/Авторизация врач' successfully

2022-02-25 08:58:16 - [TEST_STEP][PASSED] - click(findTestObject("Object Repository/Avangard New/Object (Доктор)/Case (Питание)/span_pitanie")): Object: 'Object Repository/Avangard New/Object (Доктор)/Case (Питание)/span_pitanie' is clicked on

2022-02-25 08:58:24 - [MESSAGE][PASSED] - Object: 'Object Repository/Avangard New/Object (Доктор)/Case (Питание)/span_pitanie' is clicked on

2022-02-25 08:58:24 - [TEST_STEP][PASSED] - click(findTestObject("Object Repository/Avangard New/Object (Доктор)/Case (Питание)/place_choose school")): Object: 'Object Repository/Avangard New/Object (Доктор)/Case (Питание)/place_choose school' is clicked on

2022-02-25 08:58:27 - [MESSAGE][PASSED] - Object: 'Object Repository/Avangard New/Object (Доктор)/Case (Питание)/place_choose school' is clicked on

2022-02-25 08:58:27 - [TEST_STEP][PASSED] - click(findTestObject("Object Repository/Avangard New/Object (Доктор)/Case (Питание)/div_Avangard")): Object: 'Object Repository/Avangard New/Object (Доктор)/Case (Питание)/div_Avangard' is clicked on

2022-02-25 08:58:29 - [MESSAGE][PASSED] - Object: 'Object Repository/Avangard New/Object (Доктор)/Case (Питание)/div_Avangard' is clicked on

2022-02-25 08:58:29 - [TEST_STEP][PASSED] - click(findTestObject("Object Repository/Avangard New/Object (Доктор)/Case (Питание)/place choose team")): Object: 'Object Repository/Avangard New/Object (Доктор)/Case (Питание)/place choose team' is clicked on

2022-02-25 08:58:31 - [MESSAGE][PASSED] - Object: 'Object Repository/Avangard New/Object (Доктор)/Case (Питание)/place choose team' is clicked on

2022-02-25 08:58:31 - [TEST_STEP][PASSED] - click(findTestObject("Object Repository/Avangard New/Object (Доктор)/Case (Питание)/div_omsk")): Object: 'Object Repository/Avangard New/Object (Доктор)/Case (Питание)/div_omsk' is clicked on

2022-02-25 08:58:34 - [MESSAGE][PASSED] - Object: 'Object Repository/Avangard New/Object (Доктор)/Case (Питание)/div_omsk' is clicked on

2022-02-25 08:58:34 - [TEST_STEP][PASSED] - click(findTestObject("Object Repository/Avangard New/Object (Доктор)/Case (Питание)/button_edit")): Object: 'Object Repository/Avangard New/Object (Доктор)/Case (Питание)/button_edit' is clicked on

2022-02-25 08:58:41 - [MESSAGE][PASSED] - Object: 'Object Repository/Avangard New/Object (Доктор)/Case (Питание)/button_edit' is clicked on

2022-02-25 08:58:41 - [TEST_STEP][PASSED] - click(findTestObject("Object Repository/Avangard New/Object (Доктор)/Case (Питание)/span_add")): Object: 'Object Repository/Avangard New/Object (Доктор)/Case (Питание)/span_add' is clicked on

2022-02-25 08:58:44 - [MESSAGE][PASSED] - Object: 'Object Repository/Avangard New/Object (Доктор)/Case (Питание)/span_add' is clicked on

2022-02-25 08:58:44 - [TEST_STEP][PASSED] - click(findTestObject("Object Repository/Avangard New/Object (Доктор)/Case (Питание)/div_place recomendation1")): Object: 'Object Repository/Avangard New/Object (Доктор)/Case (Питание)/div_place recomendation1' is clicked on

2022-02-25 08:58:46 - [MESSAGE][PASSED] - Object: 'Object Repository/Avangard New/Object (Доктор)/Case (Питание)/div_place recomendation1' is clicked on

2022-02-25 08:58:46 - [TEST_STEP][PASSED] - click(findTestObject("Object Repository/Avangard New/Object (Доктор)/Case (Питание)/div__uglevodi1")): Object: 'Object Repository/Avangard New/Object (Доктор)/Case (Питание)/div__uglevodi1' is clicked on

2022-02-25 08:58:48 - [MESSAGE][PASSED] - Object: 'Object Repository/Avangard New/Object (Доктор)/Case (Питание)/div__uglevodi1' is clicked on

2022-02-25 08:58:48 - [TEST_STEP][PASSED] - click(findTestObject("Object Repository/Avangard New/Object (Доктор)/Case (Питание)/button_task")): Object: 'Object Repository/Avangard New/Object (Доктор)/Case (Питание)/button_task' is clicked on

2022-02-25 08:58:50 - [MESSAGE][PASSED] - Object: 'Object Repository/Avangard New/Object (Доктор)/Case (Питание)/button_task' is clicked on

2022-02-25 08:58:50 - [TEST_STEP][FAILED] - setText(findTestObject("Object Repository/Avangard New/Object (Доктор)/Case (Питание)/input_task"), "автотест питания"): Unable to set text 'автотест питания' of object 'Object Repository/Avangard New/Object (Доктор)/Case (Питание)/input_task' (Root cause: com.kms.katalon.core.exception.StepFailedException: Unable to set text 'автотест питания' of object 'Object Repository/Avangard New/Object (Доктор)/Case (Питание)/input_task'
	at com.kms.katalon.core.webui.keyword.internal.WebUIKeywordMain.stepFailed(WebUIKeywordMain.groovy:64)
	at com.kms.katalon.core.webui.keyword.internal.WebUIKeywordMain.runKeyword(WebUIKeywordMain.groovy:26)
	at com.kms.katalon.core.webui.keyword.builtin.SetTextKeyword.setText(SetTextKeyword.groovy:66)
	at com.kms.katalon.core.webui.keyword.builtin.SetTextKeyword.execute(SetTextKeyword.groovy:37)
	at com.kms.katalon.core.keyword.internal.KeywordExecutor.executeKeywordForPlatform(KeywordExecutor.groovy:74)
	at com.kms.katalon.core.webui.keyword.WebUiBuiltInKeywords.setText(WebUiBuiltInKeywords.groovy:980)
	at com.kms.katalon.core.webui.keyword.WebUiBuiltInKeywords$setText$2.call(Unknown Source)
	at дописать проверку на игрока Проверка вкладки Питание.run(дописать проверку на игрока Проверка вкладки Питание:51)
	at com.kms.katalon.core.main.ScriptEngine.run(ScriptEngine.java:194)
	at com.kms.katalon.core.main.ScriptEngine.runScriptAsRawText(ScriptEngine.java:119)
	at com.kms.katalon.core.main.TestCaseExecutor.runScript(TestCaseExecutor.java:442)
	at com.kms.katalon.core.main.TestCaseExecutor.doExecute(TestCaseExecutor.java:433)
	at com.kms.katalon.core.main.TestCaseExecutor.processExecutionPhase(TestCaseExecutor.java:412)
	at com.kms.katalon.core.main.TestCaseExecutor.accessMainPhase(TestCaseExecutor.java:404)
	at com.kms.katalon.core.main.TestCaseExecutor.execute(TestCaseExecutor.java:281)
	at com.kms.katalon.core.main.TestSuiteExecutor.accessTestCaseMainPhase(TestSuiteExecutor.java:202)
	at com.kms.katalon.core.main.TestSuiteExecutor.accessTestSuiteMainPhase(TestSuiteExecutor.java:164)
	at com.kms.katalon.core.main.TestSuiteExecutor.execute(TestSuiteExecutor.java:105)
	at com.kms.katalon.core.main.TestCaseMain.startTestSuite(TestCaseMain.java:185)
	at com.kms.katalon.core.main.TestCaseMain$startTestSuite$0.call(Unknown Source)
	at TempTestSuite1645768437880.run(TempTestSuite1645768437880.groovy:36)
Caused by: com.kms.katalon.core.webui.exception.WebElementNotFoundException: Web element with id: 'Object Repository/Avangard New/Object (Доктор)/Case (Питание)/input_task' located by '//div[@id='root']/div/div/div[2]/div/div[3]/div/div[2]/div/div/div[2]/div/div/div[2]/div[3]/div/div/div/div/div/input' not found
	at com.kms.katalon.core.webui.common.WebUiCommonHelper.findWebElement(WebUiCommonHelper.java:1370)
	at com.kms.katalon.core.webui.keyword.internal.WebUIAbstractKeyword.findWebElement(WebUIAbstractKeyword.groovy:27)
	at com.kms.katalon.core.webui.keyword.internal.WebUIAbstractKeyword.findWebElement(WebUIAbstractKeyword.groovy:26)
	at com.kms.katalon.core.webui.keyword.builtin.SetTextKeyword$_setText_closure1.doCall(SetTextKeyword.groovy:51)
	at com.kms.katalon.core.webui.keyword.builtin.SetTextKeyword$_setText_closure1.call(SetTextKeyword.groovy)
	at com.kms.katalon.core.webui.keyword.internal.WebUIKeywordMain.runKeyword(WebUIKeywordMain.groovy:20)
	at com.kms.katalon.core.webui.keyword.builtin.SetTextKeyword.setText(SetTextKeyword.groovy:66)
	at com.kms.katalon.core.webui.keyword.builtin.SetTextKeyword.execute(SetTextKeyword.groovy:37)
	at com.kms.katalon.core.keyword.internal.KeywordExecutor.executeKeywordForPlatform(KeywordExecutor.groovy:74)
	at com.kms.katalon.core.webui.keyword.WebUiBuiltInKeywords.setText(WebUiBuiltInKeywords.groovy:980)
	at com.kms.katalon.core.webui.keyword.WebUiBuiltInKeywords$setText$2.call(Unknown Source)
	at Script1645638970189.run(Script1645638970189.groovy:51)
	... 13 more
)

2022-02-25 08:59:23 - [MESSAGE][INFO] - Unable to find the element located by 'By.xpath: //div[@id='root']/div/div/div[2]/div/div[3]/div/div[2]/div/div/div[2]/div/div/div[2]/div[3]/div/div/div/div/div/input'. Please recheck the objects properties to make sure the desired element is located. 

2022-02-25 08:59:23 - [MESSAGE][WARNING] - [SELF-HEALING] Failed to find element with id 'Object Repository/Avangard New/Object (Доктор)/Case (Питание)/input_task'. Try using Self-healing.

2022-02-25 08:59:24 - [MESSAGE][INFO] - [SELF-HEALING] Failed Locator: '(//input[@value=''])[4]'.

2022-02-25 08:59:26 - [MESSAGE][INFO] - [SELF-HEALING] Failed Locator: '//div[@id='root']/div/div/div[2]/div/div[3]/div/div[2]/div/div/div[2]/div/div/div[2]/div[3]/div/div/div/div/div/input'.

2022-02-25 08:59:27 - [MESSAGE][INFO] - [SELF-HEALING] Failed Locator: '//div[3]/div/div/div/div/div/input'.

2022-02-25 08:59:28 - [MESSAGE][INFO] - [SELF-HEALING] Failed Locator: '//input[@placeholder = 'Введите название задачи']'.

2022-02-25 08:59:30 - [MESSAGE][INFO] - Unable to find the element located by 'By.xpath: //*[@placeholder = 'Введите название задачи']'. Please recheck the objects properties to make sure the desired element is located. 

2022-02-25 08:59:31 - [MESSAGE][INFO] - Unable to find the element located by 'By.cssSelector: input.Input-sc-rbewbw-0.cOHhWz'. Please recheck the objects properties to make sure the desired element is located. 

2022-02-25 08:59:32 - [MESSAGE][FAILED] - Unable to set text 'автотест питания' of object 'Object Repository/Avangard New/Object (Доктор)/Case (Питание)/input_task' (Root cause: com.kms.katalon.core.exception.StepFailedException: Unable to set text 'автотест питания' of object 'Object Repository/Avangard New/Object (Доктор)/Case (Питание)/input_task'
	at com.kms.katalon.core.webui.keyword.internal.WebUIKeywordMain.stepFailed(WebUIKeywordMain.groovy:64)
	at com.kms.katalon.core.webui.keyword.internal.WebUIKeywordMain.runKeyword(WebUIKeywordMain.groovy:26)
	at com.kms.katalon.core.webui.keyword.builtin.SetTextKeyword.setText(SetTextKeyword.groovy:66)
	at com.kms.katalon.core.webui.keyword.builtin.SetTextKeyword.execute(SetTextKeyword.groovy:37)
	at com.kms.katalon.core.keyword.internal.KeywordExecutor.executeKeywordForPlatform(KeywordExecutor.groovy:74)
	at com.kms.katalon.core.webui.keyword.WebUiBuiltInKeywords.setText(WebUiBuiltInKeywords.groovy:980)
	at com.kms.katalon.core.webui.keyword.WebUiBuiltInKeywords$setText$2.call(Unknown Source)
	at дописать проверку на игрока Проверка вкладки Питание.run(дописать проверку на игрока Проверка вкладки Питание:51)
	at com.kms.katalon.core.main.ScriptEngine.run(ScriptEngine.java:194)
	at com.kms.katalon.core.main.ScriptEngine.runScriptAsRawText(ScriptEngine.java:119)
	at com.kms.katalon.core.main.TestCaseExecutor.runScript(TestCaseExecutor.java:442)
	at com.kms.katalon.core.main.TestCaseExecutor.doExecute(TestCaseExecutor.java:433)
	at com.kms.katalon.core.main.TestCaseExecutor.processExecutionPhase(TestCaseExecutor.java:412)
	at com.kms.katalon.core.main.TestCaseExecutor.accessMainPhase(TestCaseExecutor.java:404)
	at com.kms.katalon.core.main.TestCaseExecutor.execute(TestCaseExecutor.java:281)
	at com.kms.katalon.core.main.TestSuiteExecutor.accessTestCaseMainPhase(TestSuiteExecutor.java:202)
	at com.kms.katalon.core.main.TestSuiteExecutor.accessTestSuiteMainPhase(TestSuiteExecutor.java:164)
	at com.kms.katalon.core.main.TestSuiteExecutor.execute(TestSuiteExecutor.java:105)
	at com.kms.katalon.core.main.TestCaseMain.startTestSuite(TestCaseMain.java:185)
	at com.kms.katalon.core.main.TestCaseMain$startTestSuite$0.call(Unknown Source)
	at TempTestSuite1645768437880.run(TempTestSuite1645768437880.groovy:36)
Caused by: com.kms.katalon.core.webui.exception.WebElementNotFoundException: Web element with id: 'Object Repository/Avangard New/Object (Доктор)/Case (Питание)/input_task' located by '//div[@id='root']/div/div/div[2]/div/div[3]/div/div[2]/div/div/div[2]/div/div/div[2]/div[3]/div/div/div/div/div/input' not found
	at com.kms.katalon.core.webui.common.WebUiCommonHelper.findWebElement(WebUiCommonHelper.java:1370)
	at com.kms.katalon.core.webui.keyword.internal.WebUIAbstractKeyword.findWebElement(WebUIAbstractKeyword.groovy:27)
	at com.kms.katalon.core.webui.keyword.internal.WebUIAbstractKeyword.findWebElement(WebUIAbstractKeyword.groovy:26)
	at com.kms.katalon.core.webui.keyword.builtin.SetTextKeyword$_setText_closure1.doCall(SetTextKeyword.groovy:51)
	at com.kms.katalon.core.webui.keyword.builtin.SetTextKeyword$_setText_closure1.call(SetTextKeyword.groovy)
	at com.kms.katalon.core.webui.keyword.internal.WebUIKeywordMain.runKeyword(WebUIKeywordMain.groovy:20)
	at com.kms.katalon.core.webui.keyword.builtin.SetTextKeyword.setText(SetTextKeyword.groovy:66)
	at com.kms.katalon.core.webui.keyword.builtin.SetTextKeyword.execute(SetTextKeyword.groovy:37)
	at com.kms.katalon.core.keyword.internal.KeywordExecutor.executeKeywordForPlatform(KeywordExecutor.groovy:74)
	at com.kms.katalon.core.webui.keyword.WebUiBuiltInKeywords.setText(WebUiBuiltInKeywords.groovy:980)
	at com.kms.katalon.core.webui.keyword.WebUiBuiltInKeywords$setText$2.call(Unknown Source)
	at Script1645638970189.run(Script1645638970189.groovy:51)
	... 13 more
)
[[ATTACHMENT|C:\\Users\\LENOVO\\Katalon Studio\\Avangard\\Reports\\20220225_085350\\\u0414\u043E\u043A\u0442\u043E\u0440\\20220225_085357\\1645768771277.png]]]]></system-out>
         <system-err><![CDATA[2022-02-25 08:54:25 - [TEST_CASE][FAILED] - Test Cases/Доктор/дописать проверку на игрока Проверка вкладки Питание: Test Cases/Доктор/дописать проверку на игрока Проверка вкладки Питание FAILED.
Reason:
com.kms.katalon.core.exception.StepFailedException: Unable to set text 'автотест питания' of object 'Object Repository/Avangard New/Object (Доктор)/Case (Питание)/input_task'
	at com.kms.katalon.core.webui.keyword.internal.WebUIKeywordMain.stepFailed(WebUIKeywordMain.groovy:64)
	at com.kms.katalon.core.webui.keyword.internal.WebUIKeywordMain.runKeyword(WebUIKeywordMain.groovy:26)
	at com.kms.katalon.core.webui.keyword.builtin.SetTextKeyword.setText(SetTextKeyword.groovy:66)
	at com.kms.katalon.core.webui.keyword.builtin.SetTextKeyword.execute(SetTextKeyword.groovy:37)
	at com.kms.katalon.core.keyword.internal.KeywordExecutor.executeKeywordForPlatform(KeywordExecutor.groovy:74)
	at com.kms.katalon.core.webui.keyword.WebUiBuiltInKeywords.setText(WebUiBuiltInKeywords.groovy:980)
	at com.kms.katalon.core.webui.keyword.WebUiBuiltInKeywords$setText$2.call(Unknown Source)
	at дописать проверку на игрока Проверка вкладки Питание.run(дописать проверку на игрока Проверка вкладки Питание:51)
	at com.kms.katalon.core.main.ScriptEngine.run(ScriptEngine.java:194)
	at com.kms.katalon.core.main.ScriptEngine.runScriptAsRawText(ScriptEngine.java:119)
	at com.kms.katalon.core.main.TestCaseExecutor.runScript(TestCaseExecutor.java:442)
	at com.kms.katalon.core.main.TestCaseExecutor.doExecute(TestCaseExecutor.java:433)
	at com.kms.katalon.core.main.TestCaseExecutor.processExecutionPhase(TestCaseExecutor.java:412)
	at com.kms.katalon.core.main.TestCaseExecutor.accessMainPhase(TestCaseExecutor.java:404)
	at com.kms.katalon.core.main.TestCaseExecutor.execute(TestCaseExecutor.java:281)
	at com.kms.katalon.core.main.TestSuiteExecutor.accessTestCaseMainPhase(TestSuiteExecutor.java:202)
	at com.kms.katalon.core.main.TestSuiteExecutor.accessTestSuiteMainPhase(TestSuiteExecutor.java:164)
	at com.kms.katalon.core.main.TestSuiteExecutor.execute(TestSuiteExecutor.java:105)
	at com.kms.katalon.core.main.TestCaseMain.startTestSuite(TestCaseMain.java:185)
	at com.kms.katalon.core.main.TestCaseMain$startTestSuite$0.call(Unknown Source)
	at TempTestSuite1645768437880.run(TempTestSuite1645768437880.groovy:36)
Caused by: com.kms.katalon.core.webui.exception.WebElementNotFoundException: Web element with id: 'Object Repository/Avangard New/Object (Доктор)/Case (Питание)/input_task' located by '//div[@id='root']/div/div/div[2]/div/div[3]/div/div[2]/div/div/div[2]/div/div/div[2]/div[3]/div/div/div/div/div/input' not found
	at com.kms.katalon.core.webui.common.WebUiCommonHelper.findWebElement(WebUiCommonHelper.java:1370)
	at com.kms.katalon.core.webui.keyword.internal.WebUIAbstractKeyword.findWebElement(WebUIAbstractKeyword.groovy:27)
	at com.kms.katalon.core.webui.keyword.internal.WebUIAbstractKeyword.findWebElement(WebUIAbstractKeyword.groovy:26)
	at com.kms.katalon.core.webui.keyword.builtin.SetTextKeyword$_setText_closure1.doCall(SetTextKeyword.groovy:51)
	at com.kms.katalon.core.webui.keyword.builtin.SetTextKeyword$_setText_closure1.call(SetTextKeyword.groovy)
	at com.kms.katalon.core.webui.keyword.internal.WebUIKeywordMain.runKeyword(WebUIKeywordMain.groovy:20)
	... 19 more]]></system-err>
      </testcase>
      <testcase name="Test Cases/Доктор/Просмотр профиля" time="169.825" classname="Test Cases/Доктор/Просмотр профиля" status="PASSED">
         <system-out><![CDATA[2022-02-25 08:59:34 - [TEST_CASE][PASSED] - Test Cases/Доктор/Просмотр профиля: Test Cases/Доктор/Просмотр профиля

2022-02-25 08:59:35 - [TEST_STEP][PASSED] - callTestCase(findTestCase("Доктор/Авторизация врач"), [:], STOP_ON_FAILURE): Call Test Case 'Test Cases/Доктор/Авторизация врач' successfully

2022-02-25 08:59:35 - [TEST_CASE][PASSED] - Test Cases/Доктор/Авторизация врач: Test Cases/Доктор/Авторизация врач

2022-02-25 08:59:35 - [TEST_STEP][PASSED] - openBrowser(""): Browser is opened with url: ''

2022-02-25 08:59:35 - [MESSAGE][WARNING] - A browser is already opened. Closing browser and opening a new one

2022-02-25 08:59:36 - [MESSAGE][INFO] - User set preference: ['os', 'linux']

2022-02-25 08:59:36 - [MESSAGE][INFO] - User set preference: ['browserName', 'chrome']

2022-02-25 08:59:36 - [MESSAGE][INFO] - User set preference: ['browserVersion', '97']

2022-02-25 08:59:36 - [MESSAGE][INFO] - User set preference: ['katalon:option', '{organizationId=564672, tunnelId=, usingTunnel=false}']

2022-02-25 08:59:36 - [MESSAGE][INFO] - Connecting to remote web server 'testcloud.katalon.com/hub' with type 'Selenium'

2022-02-25 08:59:36 - [MESSAGE][INFO] - Action delay is set to 100 milliseconds

2022-02-25 09:01:52 - [MESSAGE][PASSED] - Browser is opened with url: ''

2022-02-25 09:01:52 - [TEST_STEP][PASSED] - maximizeWindow(): Current window maximized

2022-02-25 09:01:53 - [MESSAGE][PASSED] - Current window maximized

2022-02-25 09:01:53 - [TEST_STEP][PASSED] - navigateToUrl(url): Navigate to 'https://stars-stage.hawk.ru:8080' successfully

2022-02-25 09:01:59 - [MESSAGE][PASSED] - Navigate to 'https://stars-stage.hawk.ru:8080' successfully

2022-02-25 09:01:59 - [TEST_STEP][PASSED] - setText(findTestObject("Object Repository/vra/Page_/input__sc-lnrBVv eqPACj"), doktor_login): Text 'TestDoctor@mail.ru' is set on object 'Object Repository/vra/Page_/input__sc-lnrBVv eqPACj'

2022-02-25 09:02:03 - [MESSAGE][PASSED] - Text 'TestDoctor@mail.ru' is set on object 'Object Repository/vra/Page_/input__sc-lnrBVv eqPACj'

2022-02-25 09:02:03 - [TEST_STEP][PASSED] - setText(findTestObject("Object Repository/vra/Page_/input__sc-lnrBVv eqPACj_1"), doktor_password, STOP_ON_FAILURE): Text 'TestDoctor@mail.ru' is set on object 'Object Repository/vra/Page_/input__sc-lnrBVv eqPACj_1'

2022-02-25 09:02:07 - [MESSAGE][PASSED] - Text 'TestDoctor@mail.ru' is set on object 'Object Repository/vra/Page_/input__sc-lnrBVv eqPACj_1'

2022-02-25 09:02:07 - [TEST_STEP][PASSED] - click(findTestObject("Object Repository/vrach/Page_/Page_/go")): Object: 'Object Repository/vrach/Page_/Page_/go' is clicked on

2022-02-25 09:02:09 - [MESSAGE][PASSED] - Object: 'Object Repository/vrach/Page_/Page_/go' is clicked on

2022-02-25 09:02:09 - [MESSAGE][PASSED] - Call Test Case 'Test Cases/Доктор/Авторизация врач' successfully

2022-02-25 09:02:09 - [TEST_STEP][PASSED] - click(findTestObject("Object Repository/vrach/profile/Page_/span_TestDoctormail.ru")): Object: 'Object Repository/vrach/profile/Page_/span_TestDoctormail.ru' is clicked on

2022-02-25 09:02:17 - [MESSAGE][PASSED] - Object: 'Object Repository/vrach/profile/Page_/span_TestDoctormail.ru' is clicked on

2022-02-25 09:02:17 - [TEST_STEP][PASSED] - click(findTestObject("Object Repository/vrach/profile/Page_/save")): Object: 'Object Repository/vrach/profile/Page_/save' is clicked on

2022-02-25 09:02:19 - [MESSAGE][PASSED] - Object: 'Object Repository/vrach/profile/Page_/save' is clicked on

2022-02-25 09:02:19 - [TEST_STEP][PASSED] - verifyTextPresent("Пользователь сохранен", true): Text 'Пользователь сохранен' is present on page  using regular expression

2022-02-25 09:02:22 - [MESSAGE][PASSED] - Text 'Пользователь сохранен' is present on page  using regular expression

2022-02-25 09:02:22 - [TEST_STEP][PASSED] - click(findTestObject("Object Repository/vrach/profile/Page_/exit")): Object: 'Object Repository/vrach/profile/Page_/exit' is clicked on

2022-02-25 09:02:24 - [MESSAGE][PASSED] - Object: 'Object Repository/vrach/profile/Page_/exit' is clicked on

2022-02-25 09:02:24 - [TEST_STEP][PASSED] - closeBrowser(): Browser is closed

2022-02-25 09:02:24 - [MESSAGE][PASSED] - Browser is closed]]></system-out>
         <system-err><![CDATA[]]></system-err>
      </testcase>
      <testcase name="Test Cases/Доктор/Психотест (психолог)" time="160.635" classname="Test Cases/Доктор/Психотест (психолог)" status="PASSED">
         <system-out><![CDATA[2022-02-25 09:02:24 - [TEST_CASE][PASSED] - Test Cases/Доктор/Психотест (психолог): Test Cases/Доктор/Психотест (психолог)

2022-02-25 09:02:25 - [TEST_STEP][PASSED] - openBrowser(""): Browser is opened with url: ''

2022-02-25 09:02:25 - [MESSAGE][INFO] - User set preference: ['os', 'linux']

2022-02-25 09:02:25 - [MESSAGE][INFO] - User set preference: ['browserName', 'chrome']

2022-02-25 09:02:25 - [MESSAGE][INFO] - User set preference: ['browserVersion', '97']

2022-02-25 09:02:25 - [MESSAGE][INFO] - User set preference: ['katalon:option', '{organizationId=564672, tunnelId=, usingTunnel=false}']

2022-02-25 09:02:25 - [MESSAGE][INFO] - Connecting to remote web server 'testcloud.katalon.com/hub' with type 'Selenium'

2022-02-25 09:02:25 - [MESSAGE][INFO] - Action delay is set to 100 milliseconds

2022-02-25 09:04:07 - [MESSAGE][PASSED] - Browser is opened with url: ''

2022-02-25 09:04:07 - [TEST_STEP][PASSED] - maximizeWindow(): Current window maximized

2022-02-25 09:04:08 - [MESSAGE][PASSED] - Current window maximized

2022-02-25 09:04:08 - [TEST_STEP][PASSED] - navigateToUrl("https://stars-stage.hawk.ru:8080/"): Navigate to 'https://stars-stage.hawk.ru:8080/' successfully

2022-02-25 09:04:14 - [MESSAGE][PASSED] - Navigate to 'https://stars-stage.hawk.ru:8080/' successfully

2022-02-25 09:04:14 - [TEST_STEP][PASSED] - setText(findTestObject("Avangard New/Object (Психолог)/login (Логин Психолог)"), "psychoTEST@mail.ru"): Text 'psychoTEST@mail.ru' is set on object 'Object Repository/Avangard New/Object (Психолог)/login (Логин Психолог)'

2022-02-25 09:04:18 - [MESSAGE][PASSED] - Text 'psychoTEST@mail.ru' is set on object 'Object Repository/Avangard New/Object (Психолог)/login (Логин Психолог)'

2022-02-25 09:04:18 - [TEST_STEP][PASSED] - setText(findTestObject("Avangard New/Object (Психолог)/password (Пароль Психолог)"), "psychoTEST@mail.ru", STOP_ON_FAILURE): Text 'psychoTEST@mail.ru' is set on object 'Object Repository/Avangard New/Object (Психолог)/password (Пароль Психолог)'

2022-02-25 09:04:23 - [MESSAGE][PASSED] - Text 'psychoTEST@mail.ru' is set on object 'Object Repository/Avangard New/Object (Психолог)/password (Пароль Психолог)'

2022-02-25 09:04:23 - [TEST_STEP][PASSED] - click(findTestObject("Object Repository/vrach/psychotest/Page_/go")): Object: 'Object Repository/vrach/psychotest/Page_/go' is clicked on

2022-02-25 09:04:25 - [MESSAGE][PASSED] - Object: 'Object Repository/vrach/psychotest/Page_/go' is clicked on

2022-02-25 09:04:25 - [TEST_STEP][PASSED] - click(findTestObject("Object Repository/vrach/psychotest/Page_/psychotest")): Object: 'Object Repository/vrach/psychotest/Page_/psychotest' is clicked on

2022-02-25 09:04:35 - [MESSAGE][PASSED] - Object: 'Object Repository/vrach/psychotest/Page_/psychotest' is clicked on

2022-02-25 09:04:35 - [TEST_STEP][PASSED] - verifyTextPresent("Психологический профиль", false): Text 'Психологический профиль' is present on page 

2022-02-25 09:04:37 - [MESSAGE][PASSED] - Text 'Психологический профиль' is present on page 

2022-02-25 09:04:37 - [TEST_STEP][PASSED] - click(findTestObject("Object Repository/vrach/psychotest/Page_/school")): Object: 'Object Repository/vrach/psychotest/Page_/school' is clicked on

2022-02-25 09:04:39 - [MESSAGE][PASSED] - Object: 'Object Repository/vrach/psychotest/Page_/school' is clicked on

2022-02-25 09:04:39 - [TEST_STEP][PASSED] - click(findTestObject("Object Repository/vrach/psychotest/Page_/avanguard")): Object: 'Object Repository/vrach/psychotest/Page_/avanguard' is clicked on

2022-02-25 09:04:41 - [MESSAGE][PASSED] - Object: 'Object Repository/vrach/psychotest/Page_/avanguard' is clicked on

2022-02-25 09:04:41 - [TEST_STEP][PASSED] - click(findTestObject("Object Repository/vrach/psychotest/Page_/team")): Object: 'Object Repository/vrach/psychotest/Page_/team' is clicked on

2022-02-25 09:04:43 - [MESSAGE][PASSED] - Object: 'Object Repository/vrach/psychotest/Page_/team' is clicked on

2022-02-25 09:04:43 - [TEST_STEP][PASSED] - click(findTestObject("Object Repository/vrach/psychotest/Page_/varteam")): Object: 'Object Repository/vrach/psychotest/Page_/varteam' is clicked on

2022-02-25 09:04:45 - [MESSAGE][PASSED] - Object: 'Object Repository/vrach/psychotest/Page_/varteam' is clicked on

2022-02-25 09:04:45 - [TEST_STEP][PASSED] - click(findTestObject("Object Repository/vrach/psychotest/Page_/player")): Object: 'Object Repository/vrach/psychotest/Page_/player' is clicked on

2022-02-25 09:04:48 - [MESSAGE][PASSED] - Object: 'Object Repository/vrach/psychotest/Page_/player' is clicked on

2022-02-25 09:04:48 - [TEST_STEP][PASSED] - click(findTestObject("Object Repository/vrach/psychotest/Page_/varplayer")): Object: 'Object Repository/vrach/psychotest/Page_/varplayer' is clicked on

2022-02-25 09:04:50 - [MESSAGE][PASSED] - Object: 'Object Repository/vrach/psychotest/Page_/varplayer' is clicked on

2022-02-25 09:04:50 - [TEST_STEP][PASSED] - click(findTestObject("Object Repository/vrach/psychotest/Page_/date")): Object: 'Object Repository/vrach/psychotest/Page_/date' is clicked on

2022-02-25 09:04:53 - [MESSAGE][PASSED] - Object: 'Object Repository/vrach/psychotest/Page_/date' is clicked on

2022-02-25 09:04:53 - [TEST_STEP][PASSED] - click(findTestObject("Object Repository/vrach/psychotest/Page_/enter_date")): Object: 'Object Repository/vrach/psychotest/Page_/enter_date' is clicked on

2022-02-25 09:04:55 - [MESSAGE][PASSED] - Object: 'Object Repository/vrach/psychotest/Page_/enter_date' is clicked on

2022-02-25 09:04:55 - [TEST_STEP][PASSED] - verifyTextPresent("Реакция на простой стимул", false): Text 'Реакция на простой стимул' is present on page 

2022-02-25 09:04:57 - [MESSAGE][PASSED] - Text 'Реакция на простой стимул' is present on page 

2022-02-25 09:04:57 - [TEST_STEP][PASSED] - scrollToElement(findTestObject("Object Repository/vrach/psychotest/Page_/thinking"), 0): Scroll to object 'Object Repository/vrach/psychotest/Page_/thinking' successfully

2022-02-25 09:04:57 - [MESSAGE][WARNING] - Timeout '0' is invalid. Using default page load timeout: '30'

2022-02-25 09:04:59 - [MESSAGE][PASSED] - Scroll to object 'Object Repository/vrach/psychotest/Page_/thinking' successfully

2022-02-25 09:04:59 - [TEST_STEP][PASSED] - setText(findTestObject("Object Repository/vrach/psychotest/Page_/thinking"), "9"): Text '9' is set on object 'Object Repository/vrach/psychotest/Page_/thinking'

2022-02-25 09:05:03 - [MESSAGE][PASSED] - Text '9' is set on object 'Object Repository/vrach/psychotest/Page_/thinking'

2022-02-25 09:05:03 - [TEST_STEP][PASSED] - click(findTestObject("Object Repository/vrach/psychotest/Page_/button_save")): Object: 'Object Repository/vrach/psychotest/Page_/button_save' is clicked on

2022-02-25 09:05:05 - [MESSAGE][PASSED] - Object: 'Object Repository/vrach/psychotest/Page_/button_save' is clicked on]]></system-out>
         <system-err><![CDATA[]]></system-err>
      </testcase>
      <testcase name="Test Cases/Доктор/создание карточки болезни" time="540.648" classname="Test Cases/Доктор/создание карточки болезни" status="PASSED">
         <system-out><![CDATA[2022-02-25 09:05:05 - [TEST_CASE][PASSED] - Test Cases/Доктор/создание карточки болезни: Test Cases/Доктор/создание карточки болезни

2022-02-25 09:05:06 - [TEST_STEP][PASSED] - callTestCase(findTestCase("Доктор/Авторизация врач"), [:], STOP_ON_FAILURE): Call Test Case 'Test Cases/Доктор/Авторизация врач' successfully

2022-02-25 09:05:06 - [TEST_CASE][PASSED] - Test Cases/Доктор/Авторизация врач: Test Cases/Доктор/Авторизация врач

2022-02-25 09:05:06 - [TEST_STEP][PASSED] - openBrowser(""): Browser is opened with url: ''

2022-02-25 09:05:06 - [MESSAGE][WARNING] - A browser is already opened. Closing browser and opening a new one

2022-02-25 09:05:06 - [MESSAGE][INFO] - User set preference: ['os', 'linux']

2022-02-25 09:05:06 - [MESSAGE][INFO] - User set preference: ['browserName', 'chrome']

2022-02-25 09:05:06 - [MESSAGE][INFO] - User set preference: ['browserVersion', '97']

2022-02-25 09:05:06 - [MESSAGE][INFO] - User set preference: ['katalon:option', '{organizationId=564672, tunnelId=, usingTunnel=false}']

2022-02-25 09:05:06 - [MESSAGE][INFO] - Connecting to remote web server 'testcloud.katalon.com/hub' with type 'Selenium'

2022-02-25 09:05:06 - [MESSAGE][INFO] - Action delay is set to 100 milliseconds

2022-02-25 09:06:25 - [MESSAGE][PASSED] - Browser is opened with url: ''

2022-02-25 09:06:25 - [TEST_STEP][PASSED] - maximizeWindow(): Current window maximized

2022-02-25 09:06:25 - [MESSAGE][PASSED] - Current window maximized

2022-02-25 09:06:25 - [TEST_STEP][PASSED] - navigateToUrl(url): Navigate to 'https://stars-stage.hawk.ru:8080' successfully

2022-02-25 09:06:33 - [MESSAGE][PASSED] - Navigate to 'https://stars-stage.hawk.ru:8080' successfully

2022-02-25 09:06:33 - [TEST_STEP][PASSED] - setText(findTestObject("Object Repository/vra/Page_/input__sc-lnrBVv eqPACj"), doktor_login): Text 'TestDoctor@mail.ru' is set on object 'Object Repository/vra/Page_/input__sc-lnrBVv eqPACj'

2022-02-25 09:06:37 - [MESSAGE][PASSED] - Text 'TestDoctor@mail.ru' is set on object 'Object Repository/vra/Page_/input__sc-lnrBVv eqPACj'

2022-02-25 09:06:37 - [TEST_STEP][PASSED] - setText(findTestObject("Object Repository/vra/Page_/input__sc-lnrBVv eqPACj_1"), doktor_password, STOP_ON_FAILURE): Text 'TestDoctor@mail.ru' is set on object 'Object Repository/vra/Page_/input__sc-lnrBVv eqPACj_1'

2022-02-25 09:06:42 - [MESSAGE][PASSED] - Text 'TestDoctor@mail.ru' is set on object 'Object Repository/vra/Page_/input__sc-lnrBVv eqPACj_1'

2022-02-25 09:06:42 - [TEST_STEP][PASSED] - click(findTestObject("Object Repository/vrach/Page_/Page_/go")): Object: 'Object Repository/vrach/Page_/Page_/go' is clicked on

2022-02-25 09:06:44 - [MESSAGE][PASSED] - Object: 'Object Repository/vrach/Page_/Page_/go' is clicked on

2022-02-25 09:06:44 - [MESSAGE][PASSED] - Call Test Case 'Test Cases/Доктор/Авторизация врач' successfully

2022-02-25 09:06:44 - [TEST_STEP][PASSED] - click(findTestObject("Avangard New/Object (Доктор)/doctor case (создание карточки и удаление)/button_add")): Object: 'Object Repository/Avangard New/Object (Доктор)/doctor case (создание карточки и удаление)/button_add' is clicked on

2022-02-25 09:06:52 - [MESSAGE][PASSED] - Object: 'Object Repository/Avangard New/Object (Доктор)/doctor case (создание карточки и удаление)/button_add' is clicked on

2022-02-25 09:06:52 - [TEST_STEP][PASSED] - click(findTestObject("Avangard New/Object (Доктор)/doctor case (создание карточки и удаление)/school")): Object: 'Object Repository/Avangard New/Object (Доктор)/doctor case (создание карточки и удаление)/school' is clicked on

2022-02-25 09:06:55 - [MESSAGE][PASSED] - Object: 'Object Repository/Avangard New/Object (Доктор)/doctor case (создание карточки и удаление)/school' is clicked on

2022-02-25 09:06:55 - [TEST_STEP][PASSED] - click(findTestObject("Avangard New/Object (Доктор)/doctor case (создание карточки и удаление)/avanguard")): Object: 'Object Repository/Avangard New/Object (Доктор)/doctor case (создание карточки и удаление)/avanguard' is clicked on

2022-02-25 09:06:57 - [MESSAGE][PASSED] - Object: 'Object Repository/Avangard New/Object (Доктор)/doctor case (создание карточки и удаление)/avanguard' is clicked on

2022-02-25 09:06:57 - [TEST_STEP][PASSED] - click(findTestObject("Avangard New/Object (Доктор)/doctor case (создание карточки и удаление)/team")): Object: 'Object Repository/Avangard New/Object (Доктор)/doctor case (создание карточки и удаление)/team' is clicked on

2022-02-25 09:06:59 - [MESSAGE][PASSED] - Object: 'Object Repository/Avangard New/Object (Доктор)/doctor case (создание карточки и удаление)/team' is clicked on

2022-02-25 09:06:59 - [TEST_STEP][PASSED] - click(findTestObject("Avangard New/Object (Доктор)/doctor case (создание карточки и удаление)/var_team")): Object: 'Object Repository/Avangard New/Object (Доктор)/doctor case (создание карточки и удаление)/var_team' is clicked on

2022-02-25 09:07:01 - [MESSAGE][PASSED] - Object: 'Object Repository/Avangard New/Object (Доктор)/doctor case (создание карточки и удаление)/var_team' is clicked on

2022-02-25 09:07:01 - [TEST_STEP][PASSED] - click(findTestObject("Avangard New/Object (Доктор)/doctor case (создание карточки и удаление)/player")): Object: 'Object Repository/Avangard New/Object (Доктор)/doctor case (создание карточки и удаление)/player' is clicked on

2022-02-25 09:07:03 - [MESSAGE][PASSED] - Object: 'Object Repository/Avangard New/Object (Доктор)/doctor case (создание карточки и удаление)/player' is clicked on

2022-02-25 09:07:03 - [TEST_STEP][PASSED] - click(findTestObject("Avangard New/Object (Доктор)/doctor case (создание карточки и удаление)/var_player")): Object: 'Object Repository/Avangard New/Object (Доктор)/doctor case (создание карточки и удаление)/var_player' is clicked on

2022-02-25 09:07:05 - [MESSAGE][PASSED] - Object: 'Object Repository/Avangard New/Object (Доктор)/doctor case (создание карточки и удаление)/var_player' is clicked on

2022-02-25 09:07:05 - [TEST_STEP][PASSED] - click(findTestObject("Avangard New/Object (Доктор)/doctor case (создание карточки и удаление)/tip")): Object: 'Object Repository/Avangard New/Object (Доктор)/doctor case (создание карточки и удаление)/tip' is clicked on

2022-02-25 09:07:08 - [MESSAGE][PASSED] - Object: 'Object Repository/Avangard New/Object (Доктор)/doctor case (создание карточки и удаление)/tip' is clicked on

2022-02-25 09:07:08 - [TEST_STEP][PASSED] - click(findTestObject("Avangard New/Object (Доктор)/doctor case (создание карточки и удаление)/travma")): Object: 'Object Repository/Avangard New/Object (Доктор)/doctor case (создание карточки и удаление)/travma' is clicked on

2022-02-25 09:07:10 - [MESSAGE][PASSED] - Object: 'Object Repository/Avangard New/Object (Доктор)/doctor case (создание карточки и удаление)/travma' is clicked on

2022-02-25 09:07:10 - [TEST_STEP][PASSED] - click(findTestObject("Avangard New/Object (Доктор)/doctor case (создание карточки и удаление)/stady 1")): Object: 'Object Repository/Avangard New/Object (Доктор)/doctor case (создание карточки и удаление)/stady 1' is clicked on

2022-02-25 09:07:12 - [MESSAGE][PASSED] - Object: 'Object Repository/Avangard New/Object (Доктор)/doctor case (создание карточки и удаление)/stady 1' is clicked on

2022-02-25 09:07:12 - [TEST_STEP][PASSED] - click(findTestObject("Avangard New/Object (Доктор)/doctor case (создание карточки и удаление)/choise_stady")): Object: 'Object Repository/Avangard New/Object (Доктор)/doctor case (создание карточки и удаление)/choise_stady' is clicked on

2022-02-25 09:07:14 - [MESSAGE][PASSED] - Object: 'Object Repository/Avangard New/Object (Доктор)/doctor case (создание карточки и удаление)/choise_stady' is clicked on

2022-02-25 09:07:14 - [TEST_STEP][PASSED] - click(findTestObject("Avangard New/Object (Доктор)/doctor case (создание карточки и удаление)/tip travm")): Object: 'Object Repository/Avangard New/Object (Доктор)/doctor case (создание карточки и удаление)/tip travm' is clicked on

2022-02-25 09:07:16 - [MESSAGE][PASSED] - Object: 'Object Repository/Avangard New/Object (Доктор)/doctor case (создание карточки и удаление)/tip travm' is clicked on

2022-02-25 09:07:16 - [TEST_STEP][PASSED] - click(findTestObject("Avangard New/Object (Доктор)/doctor case (создание карточки и удаление)/choise_travm")): Object: 'Object Repository/Avangard New/Object (Доктор)/doctor case (создание карточки и удаление)/choise_travm' is clicked on

2022-02-25 09:07:18 - [MESSAGE][PASSED] - Object: 'Object Repository/Avangard New/Object (Доктор)/doctor case (создание карточки и удаление)/choise_travm' is clicked on

2022-02-25 09:07:18 - [TEST_STEP][PASSED] - setText(findTestObject("Avangard New/Object (Доктор)/doctor case (создание карточки и удаление)/dop opisanie"), "автотестирование "): Text 'автотестирование ' is set on object 'Object Repository/Avangard New/Object (Доктор)/doctor case (создание карточки и удаление)/dop opisanie'

2022-02-25 09:07:23 - [MESSAGE][PASSED] - Text 'автотестирование ' is set on object 'Object Repository/Avangard New/Object (Доктор)/doctor case (создание карточки и удаление)/dop opisanie'

2022-02-25 09:07:23 - [TEST_STEP][PASSED] - click(findTestObject("Avangard New/Object (Доктор)/doctor case (создание карточки и удаление)/button_save")): Object: 'Object Repository/Avangard New/Object (Доктор)/doctor case (создание карточки и удаление)/button_save' is clicked on

2022-02-25 09:07:25 - [MESSAGE][PASSED] - Object: 'Object Repository/Avangard New/Object (Доктор)/doctor case (создание карточки и удаление)/button_save' is clicked on

2022-02-25 09:07:25 - [TEST_STEP][PASSED] - verifyTextPresent("Карточка успешно сохранена", false): Text 'Карточка успешно сохранена' is present on page 

2022-02-25 09:07:28 - [MESSAGE][PASSED] - Text 'Карточка успешно сохранена' is present on page 

2022-02-25 09:07:28 - [TEST_STEP][PASSED] - callTestCase(findTestCase("Доктор/проверка в профиле статуса (переиспользуется)"), [:], STOP_ON_FAILURE): Call Test Case 'Test Cases/Доктор/проверка в профиле статуса (переиспользуется)' successfully

2022-02-25 09:07:28 - [TEST_CASE][PASSED] - Test Cases/Доктор/проверка в профиле статуса (переиспользуется): Test Cases/Доктор/проверка в профиле статуса (переиспользуется)

2022-02-25 09:07:29 - [TEST_STEP][PASSED] - callTestCase(findTestCase("Доктор/Авторизация врач"), [:], STOP_ON_FAILURE): Call Test Case 'Test Cases/Доктор/Авторизация врач' successfully

2022-02-25 09:07:29 - [TEST_CASE][PASSED] - Test Cases/Доктор/Авторизация врач: Test Cases/Доктор/Авторизация врач

2022-02-25 09:07:29 - [TEST_STEP][PASSED] - openBrowser(""): Browser is opened with url: ''

2022-02-25 09:07:29 - [MESSAGE][WARNING] - A browser is already opened. Closing browser and opening a new one

2022-02-25 09:07:30 - [MESSAGE][INFO] - User set preference: ['os', 'linux']

2022-02-25 09:07:30 - [MESSAGE][INFO] - User set preference: ['browserName', 'chrome']

2022-02-25 09:07:30 - [MESSAGE][INFO] - User set preference: ['browserVersion', '97']

2022-02-25 09:07:30 - [MESSAGE][INFO] - User set preference: ['katalon:option', '{organizationId=564672, tunnelId=, usingTunnel=false}']

2022-02-25 09:07:30 - [MESSAGE][INFO] - Connecting to remote web server 'testcloud.katalon.com/hub' with type 'Selenium'

2022-02-25 09:07:30 - [MESSAGE][INFO] - Action delay is set to 100 milliseconds

2022-02-25 09:08:53 - [MESSAGE][PASSED] - Browser is opened with url: ''

2022-02-25 09:08:53 - [TEST_STEP][PASSED] - maximizeWindow(): Current window maximized

2022-02-25 09:08:54 - [MESSAGE][PASSED] - Current window maximized

2022-02-25 09:08:54 - [TEST_STEP][PASSED] - navigateToUrl(url): Navigate to 'https://stars-stage.hawk.ru:8080' successfully

2022-02-25 09:09:02 - [MESSAGE][PASSED] - Navigate to 'https://stars-stage.hawk.ru:8080' successfully

2022-02-25 09:09:02 - [TEST_STEP][PASSED] - setText(findTestObject("Object Repository/vra/Page_/input__sc-lnrBVv eqPACj"), doktor_login): Text 'TestDoctor@mail.ru' is set on object 'Object Repository/vra/Page_/input__sc-lnrBVv eqPACj'

2022-02-25 09:09:05 - [MESSAGE][PASSED] - Text 'TestDoctor@mail.ru' is set on object 'Object Repository/vra/Page_/input__sc-lnrBVv eqPACj'

2022-02-25 09:09:05 - [TEST_STEP][PASSED] - setText(findTestObject("Object Repository/vra/Page_/input__sc-lnrBVv eqPACj_1"), doktor_password, STOP_ON_FAILURE): Text 'TestDoctor@mail.ru' is set on object 'Object Repository/vra/Page_/input__sc-lnrBVv eqPACj_1'

2022-02-25 09:09:09 - [MESSAGE][PASSED] - Text 'TestDoctor@mail.ru' is set on object 'Object Repository/vra/Page_/input__sc-lnrBVv eqPACj_1'

2022-02-25 09:09:09 - [TEST_STEP][PASSED] - click(findTestObject("Object Repository/vrach/Page_/Page_/go")): Object: 'Object Repository/vrach/Page_/Page_/go' is clicked on

2022-02-25 09:09:11 - [MESSAGE][PASSED] - Object: 'Object Repository/vrach/Page_/Page_/go' is clicked on

2022-02-25 09:09:11 - [MESSAGE][PASSED] - Call Test Case 'Test Cases/Доктор/Авторизация врач' successfully

2022-02-25 09:09:11 - [TEST_STEP][PASSED] - click(findTestObject("Avangard New/Object (Доктор)/doctor case (создание карточки и удаление)/player_menu")): Object: 'Object Repository/Avangard New/Object (Доктор)/doctor case (создание карточки и удаление)/player_menu' is clicked on

2022-02-25 09:09:19 - [MESSAGE][PASSED] - Object: 'Object Repository/Avangard New/Object (Доктор)/doctor case (создание карточки и удаление)/player_menu' is clicked on

2022-02-25 09:09:19 - [TEST_STEP][PASSED] - setText(findTestObject("Avangard New/Object (Доктор)/doctor case (создание карточки и удаление)/input__Search"), player_for_test_1): Text 'Ганин' is set on object 'Object Repository/Avangard New/Object (Доктор)/doctor case (создание карточки и удаление)/input__Search'

2022-02-25 09:09:24 - [MESSAGE][PASSED] - Text 'Ганин' is set on object 'Object Repository/Avangard New/Object (Доктор)/doctor case (создание карточки и удаление)/input__Search'

2022-02-25 09:09:24 - [TEST_STEP][PASSED] - click(findTestObject("Avangard New/Object (Доктор)/doctor case (создание карточки и удаление)/var_player")): Object: 'Object Repository/Avangard New/Object (Доктор)/doctor case (создание карточки и удаление)/var_player' is clicked on

2022-02-25 09:09:28 - [MESSAGE][PASSED] - Object: 'Object Repository/Avangard New/Object (Доктор)/doctor case (создание карточки и удаление)/var_player' is clicked on

2022-02-25 09:09:28 - [TEST_STEP][PASSED] - verifyElementText(findTestObject("Avangard New/Object (Доктор)/doctor case (создание карточки и удаление)/chek_stat"), "Травмирован"): Actual text and expected text of test object 'Object Repository/Avangard New/Object (Доктор)/doctor case (создание карточки и удаление)/chek_stat' are matched.

2022-02-25 09:09:34 - [MESSAGE][PASSED] - Actual text and expected text of test object 'Object Repository/Avangard New/Object (Доктор)/doctor case (создание карточки и удаление)/chek_stat' are matched.

2022-02-25 09:09:34 - [MESSAGE][PASSED] - Call Test Case 'Test Cases/Доктор/проверка в профиле статуса (переиспользуется)' successfully

2022-02-25 09:09:34 - [TEST_STEP][PASSED] - callTestCase(findTestCase("Доктор/вкладки удаление (переиспользуется)"), [:], STOP_ON_FAILURE): Call Test Case 'Test Cases/Доктор/вкладки удаление (переиспользуется)' successfully

2022-02-25 09:09:34 - [TEST_CASE][PASSED] - Test Cases/Доктор/вкладки удаление (переиспользуется): Test Cases/Доктор/вкладки удаление (переиспользуется)

2022-02-25 09:09:35 - [TEST_STEP][PASSED] - callTestCase(findTestCase("Доктор/Авторизация врач"), [:], STOP_ON_FAILURE): Call Test Case 'Test Cases/Доктор/Авторизация врач' successfully

2022-02-25 09:09:35 - [TEST_CASE][PASSED] - Test Cases/Доктор/Авторизация врач: Test Cases/Доктор/Авторизация врач

2022-02-25 09:09:35 - [TEST_STEP][PASSED] - openBrowser(""): Browser is opened with url: ''

2022-02-25 09:09:35 - [MESSAGE][WARNING] - A browser is already opened. Closing browser and opening a new one

2022-02-25 09:09:35 - [MESSAGE][INFO] - User set preference: ['os', 'linux']

2022-02-25 09:09:35 - [MESSAGE][INFO] - User set preference: ['browserName', 'chrome']

2022-02-25 09:09:35 - [MESSAGE][INFO] - User set preference: ['browserVersion', '97']

2022-02-25 09:09:35 - [MESSAGE][INFO] - User set preference: ['katalon:option', '{organizationId=564672, tunnelId=, usingTunnel=false}']

2022-02-25 09:09:35 - [MESSAGE][INFO] - Connecting to remote web server 'testcloud.katalon.com/hub' with type 'Selenium'

2022-02-25 09:09:35 - [MESSAGE][INFO] - Action delay is set to 100 milliseconds

2022-02-25 09:11:09 - [MESSAGE][PASSED] - Browser is opened with url: ''

2022-02-25 09:11:09 - [TEST_STEP][PASSED] - maximizeWindow(): Current window maximized

2022-02-25 09:11:10 - [MESSAGE][PASSED] - Current window maximized

2022-02-25 09:11:10 - [TEST_STEP][PASSED] - navigateToUrl(url): Navigate to 'https://stars-stage.hawk.ru:8080' successfully

2022-02-25 09:11:16 - [MESSAGE][PASSED] - Navigate to 'https://stars-stage.hawk.ru:8080' successfully

2022-02-25 09:11:16 - [TEST_STEP][PASSED] - setText(findTestObject("Object Repository/vra/Page_/input__sc-lnrBVv eqPACj"), doktor_login): Text 'TestDoctor@mail.ru' is set on object 'Object Repository/vra/Page_/input__sc-lnrBVv eqPACj'

2022-02-25 09:11:20 - [MESSAGE][PASSED] - Text 'TestDoctor@mail.ru' is set on object 'Object Repository/vra/Page_/input__sc-lnrBVv eqPACj'

2022-02-25 09:11:20 - [TEST_STEP][PASSED] - setText(findTestObject("Object Repository/vra/Page_/input__sc-lnrBVv eqPACj_1"), doktor_password, STOP_ON_FAILURE): Text 'TestDoctor@mail.ru' is set on object 'Object Repository/vra/Page_/input__sc-lnrBVv eqPACj_1'

2022-02-25 09:11:24 - [MESSAGE][PASSED] - Text 'TestDoctor@mail.ru' is set on object 'Object Repository/vra/Page_/input__sc-lnrBVv eqPACj_1'

2022-02-25 09:11:24 - [TEST_STEP][PASSED] - click(findTestObject("Object Repository/vrach/Page_/Page_/go")): Object: 'Object Repository/vrach/Page_/Page_/go' is clicked on

2022-02-25 09:11:26 - [MESSAGE][PASSED] - Object: 'Object Repository/vrach/Page_/Page_/go' is clicked on

2022-02-25 09:11:26 - [MESSAGE][PASSED] - Call Test Case 'Test Cases/Доктор/Авторизация врач' successfully

2022-02-25 09:11:26 - [TEST_STEP][PASSED] - click(findTestObject("Object Repository/vra/Page_/school")): Object: 'Object Repository/vra/Page_/school' is clicked on

2022-02-25 09:11:34 - [MESSAGE][PASSED] - Object: 'Object Repository/vra/Page_/school' is clicked on

2022-02-25 09:11:34 - [TEST_STEP][PASSED] - click(findTestObject("Object Repository/vra/Page_/var_school")): Object: 'Object Repository/vra/Page_/var_school' is clicked on

2022-02-25 09:11:36 - [MESSAGE][PASSED] - Object: 'Object Repository/vra/Page_/var_school' is clicked on

2022-02-25 09:11:36 - [TEST_STEP][PASSED] - click(findTestObject("Object Repository/vra/Page_/team")): Object: 'Object Repository/vra/Page_/team' is clicked on

2022-02-25 09:11:39 - [MESSAGE][PASSED] - Object: 'Object Repository/vra/Page_/team' is clicked on

2022-02-25 09:11:39 - [TEST_STEP][PASSED] - click(findTestObject("Avangard New/Object (Доктор)/doctor case (создание карточки и удаление)/Global school")): Object: 'Object Repository/Avangard New/Object (Доктор)/doctor case (создание карточки и удаление)/Global school' is clicked on

2022-02-25 09:11:42 - [MESSAGE][PASSED] - Object: 'Object Repository/Avangard New/Object (Доктор)/doctor case (создание карточки и удаление)/Global school' is clicked on

2022-02-25 09:11:42 - [TEST_STEP][PASSED] - click(findTestObject("Object Repository/vra/Page_/p_1")): Object: 'Object Repository/vra/Page_/p_1' is clicked on

2022-02-25 09:11:45 - [MESSAGE][PASSED] - Object: 'Object Repository/vra/Page_/p_1' is clicked on

2022-02-25 09:11:45 - [TEST_STEP][PASSED] - setText(findTestObject("Avangard New/Object (Доктор)/doctor case (создание карточки и удаление)/stady"), "Допуск на игру"): Text 'Допуск на игру' is set on object 'Object Repository/Avangard New/Object (Доктор)/doctor case (создание карточки и удаление)/stady'

2022-02-25 09:11:53 - [MESSAGE][PASSED] - Text 'Допуск на игру' is set on object 'Object Repository/Avangard New/Object (Доктор)/doctor case (создание карточки и удаление)/stady'

2022-02-25 09:11:53 - [TEST_STEP][PASSED] - sendKeys(findTestObject("Avangard New/Object (Доктор)/doctor case (создание карточки и удаление)/stady"), Keys.chord(ENTER)): Keys 'ENTER + ' sent to object: 'Object Repository/Avangard New/Object (Доктор)/doctor case (создание карточки и удаление)/stady'

2022-02-25 09:11:55 - [MESSAGE][PASSED] - Keys 'ENTER + ' sent to object: 'Object Repository/Avangard New/Object (Доктор)/doctor case (создание карточки и удаление)/stady'

2022-02-25 09:11:55 - [TEST_STEP][PASSED] - click(findTestObject("Avangard New/Object (Доктор)/doctor case (создание карточки и удаление)/button_save")): Object: 'Object Repository/Avangard New/Object (Доктор)/doctor case (создание карточки и удаление)/button_save' is clicked on

2022-02-25 09:11:57 - [MESSAGE][PASSED] - Object: 'Object Repository/Avangard New/Object (Доктор)/doctor case (создание карточки и удаление)/button_save' is clicked on

2022-02-25 09:11:57 - [TEST_STEP][PASSED] - click(findTestObject("Object Repository/vra/Page_/p_1")): Object: 'Object Repository/vra/Page_/p_1' is clicked on

2022-02-25 09:12:10 - [MESSAGE][PASSED] - Object: 'Object Repository/vra/Page_/p_1' is clicked on

2022-02-25 09:12:10 - [TEST_STEP][PASSED] - click(findTestObject("Object Repository/vra/Page_/button_delete")): Object: 'Object Repository/vra/Page_/button_delete' is clicked on

2022-02-25 09:12:16 - [MESSAGE][PASSED] - Object: 'Object Repository/vra/Page_/button_delete' is clicked on

2022-02-25 09:12:16 - [TEST_STEP][PASSED] - click(findTestObject("Object Repository/vra/Page_/confirm")): Object: 'Object Repository/vra/Page_/confirm' is clicked on

2022-02-25 09:12:18 - [MESSAGE][PASSED] - Object: 'Object Repository/vra/Page_/confirm' is clicked on

2022-02-25 09:12:18 - [TEST_STEP][PASSED] - verifyTextPresent("Карточка успешно удалена", false): Text 'Карточка успешно удалена' is present on page 

2022-02-25 09:12:20 - [MESSAGE][PASSED] - Text 'Карточка успешно удалена' is present on page 

2022-02-25 09:12:20 - [TEST_STEP][PASSED] - closeBrowser(): Browser is closed

2022-02-25 09:12:21 - [MESSAGE][PASSED] - Browser is closed

2022-02-25 09:12:21 - [MESSAGE][PASSED] - Call Test Case 'Test Cases/Доктор/вкладки удаление (переиспользуется)' successfully

2022-02-25 09:12:21 - [TEST_STEP][PASSED] - callTestCase(findTestCase("Доктор/проверка доступности игрока (переиспользуется)"), [:], STOP_ON_FAILURE): Call Test Case 'Test Cases/Доктор/проверка доступности игрока (переиспользуется)' successfully

2022-02-25 09:12:21 - [TEST_CASE][PASSED] - Test Cases/Доктор/проверка доступности игрока (переиспользуется): Test Cases/Доктор/проверка доступности игрока (переиспользуется)

2022-02-25 09:12:22 - [TEST_STEP][PASSED] - callTestCase(findTestCase("Доктор/Авторизация врач"), [:], STOP_ON_FAILURE): Call Test Case 'Test Cases/Доктор/Авторизация врач' successfully

2022-02-25 09:12:22 - [TEST_CASE][PASSED] - Test Cases/Доктор/Авторизация врач: Test Cases/Доктор/Авторизация врач

2022-02-25 09:12:22 - [TEST_STEP][PASSED] - openBrowser(""): Browser is opened with url: ''

2022-02-25 09:12:22 - [MESSAGE][INFO] - User set preference: ['os', 'linux']

2022-02-25 09:12:22 - [MESSAGE][INFO] - User set preference: ['browserName', 'chrome']

2022-02-25 09:12:22 - [MESSAGE][INFO] - User set preference: ['browserVersion', '97']

2022-02-25 09:12:22 - [MESSAGE][INFO] - User set preference: ['katalon:option', '{organizationId=564672, tunnelId=, usingTunnel=false}']

2022-02-25 09:12:22 - [MESSAGE][INFO] - Connecting to remote web server 'testcloud.katalon.com/hub' with type 'Selenium'

2022-02-25 09:12:22 - [MESSAGE][INFO] - Action delay is set to 100 milliseconds

2022-02-25 09:13:24 - [MESSAGE][PASSED] - Browser is opened with url: ''

2022-02-25 09:13:24 - [TEST_STEP][PASSED] - maximizeWindow(): Current window maximized

2022-02-25 09:13:25 - [MESSAGE][PASSED] - Current window maximized

2022-02-25 09:13:25 - [TEST_STEP][PASSED] - navigateToUrl(url): Navigate to 'https://stars-stage.hawk.ru:8080' successfully

2022-02-25 09:13:30 - [MESSAGE][PASSED] - Navigate to 'https://stars-stage.hawk.ru:8080' successfully

2022-02-25 09:13:30 - [TEST_STEP][PASSED] - setText(findTestObject("Object Repository/vra/Page_/input__sc-lnrBVv eqPACj"), doktor_login): Text 'TestDoctor@mail.ru' is set on object 'Object Repository/vra/Page_/input__sc-lnrBVv eqPACj'

2022-02-25 09:13:34 - [MESSAGE][PASSED] - Text 'TestDoctor@mail.ru' is set on object 'Object Repository/vra/Page_/input__sc-lnrBVv eqPACj'

2022-02-25 09:13:34 - [TEST_STEP][PASSED] - setText(findTestObject("Object Repository/vra/Page_/input__sc-lnrBVv eqPACj_1"), doktor_password, STOP_ON_FAILURE): Text 'TestDoctor@mail.ru' is set on object 'Object Repository/vra/Page_/input__sc-lnrBVv eqPACj_1'

2022-02-25 09:13:38 - [MESSAGE][PASSED] - Text 'TestDoctor@mail.ru' is set on object 'Object Repository/vra/Page_/input__sc-lnrBVv eqPACj_1'

2022-02-25 09:13:38 - [TEST_STEP][PASSED] - click(findTestObject("Object Repository/vrach/Page_/Page_/go")): Object: 'Object Repository/vrach/Page_/Page_/go' is clicked on

2022-02-25 09:13:40 - [MESSAGE][PASSED] - Object: 'Object Repository/vrach/Page_/Page_/go' is clicked on

2022-02-25 09:13:40 - [MESSAGE][PASSED] - Call Test Case 'Test Cases/Доктор/Авторизация врач' successfully

2022-02-25 09:13:40 - [TEST_STEP][PASSED] - click(findTestObject("Avangard New/Object (Доктор)/doctor case (создание карточки и удаление)/player_menu")): Object: 'Object Repository/Avangard New/Object (Доктор)/doctor case (создание карточки и удаление)/player_menu' is clicked on

2022-02-25 09:13:49 - [MESSAGE][PASSED] - Object: 'Object Repository/Avangard New/Object (Доктор)/doctor case (создание карточки и удаление)/player_menu' is clicked on

2022-02-25 09:13:49 - [TEST_STEP][PASSED] - setText(findTestObject("Avangard New/Object (Доктор)/doctor case (создание карточки и удаление)/input__Search"), player_for_test_1): Text 'Ганин' is set on object 'Object Repository/Avangard New/Object (Доктор)/doctor case (создание карточки и удаление)/input__Search'

2022-02-25 09:13:55 - [MESSAGE][PASSED] - Text 'Ганин' is set on object 'Object Repository/Avangard New/Object (Доктор)/doctor case (создание карточки и удаление)/input__Search'

2022-02-25 09:13:55 - [TEST_STEP][PASSED] - click(findTestObject("Avangard New/Object (Доктор)/doctor case (создание карточки и удаление)/var_player")): Object: 'Object Repository/Avangard New/Object (Доктор)/doctor case (создание карточки и удаление)/var_player' is clicked on

2022-02-25 09:13:59 - [MESSAGE][PASSED] - Object: 'Object Repository/Avangard New/Object (Доктор)/doctor case (создание карточки и удаление)/var_player' is clicked on

2022-02-25 09:13:59 - [TEST_STEP][PASSED] - verifyElementText(findTestObject("Avangard New/Object (Доктор)/doctor case (создание карточки и удаление)/chek_stat"), "Доступен"): Actual text and expected text of test object 'Object Repository/Avangard New/Object (Доктор)/doctor case (создание карточки и удаление)/chek_stat' are matched.

2022-02-25 09:14:05 - [MESSAGE][PASSED] - Actual text and expected text of test object 'Object Repository/Avangard New/Object (Доктор)/doctor case (создание карточки и удаление)/chek_stat' are matched.

2022-02-25 09:14:05 - [MESSAGE][PASSED] - Call Test Case 'Test Cases/Доктор/проверка доступности игрока (переиспользуется)' successfully

2022-02-25 09:14:05 - [TEST_STEP][PASSED] - closeBrowser(): Browser is closed

2022-02-25 09:14:06 - [MESSAGE][PASSED] - Browser is closed]]></system-out>
         <system-err><![CDATA[]]></system-err>
      </testcase>
      <system-out><![CDATA[2022-02-25 08:54:23 - [TEST_SUITE][FAILED] - Доктор: Test Cases/Доктор/дописать проверку на игрока Проверка вкладки Питание FAILED.
Reason:
com.kms.katalon.core.exception.StepFailedException: Unable to set text 'автотест питания' of object 'Object Repository/Avangard New/Object (Доктор)/Case (Питание)/input_task'
	at com.kms.katalon.core.webui.keyword.internal.WebUIKeywordMain.stepFailed(WebUIKeywordMain.groovy:64)
	at com.kms.katalon.core.webui.keyword.internal.WebUIKeywordMain.runKeyword(WebUIKeywordMain.groovy:26)
	at com.kms.katalon.core.webui.keyword.builtin.SetTextKeyword.setText(SetTextKeyword.groovy:66)
	at com.kms.katalon.core.webui.keyword.builtin.SetTextKeyword.execute(SetTextKeyword.groovy:37)
	at com.kms.katalon.core.keyword.internal.KeywordExecutor.executeKeywordForPlatform(KeywordExecutor.groovy:74)
	at com.kms.katalon.core.webui.keyword.WebUiBuiltInKeywords.setText(WebUiBuiltInKeywords.groovy:980)
	at com.kms.katalon.core.webui.keyword.WebUiBuiltInKeywords$setText$2.call(Unknown Source)
	at дописать проверку на игрока Проверка вкладки Питание.run(дописать проверку на игрока Проверка вкладки Питание:51)
	at com.kms.katalon.core.main.ScriptEngine.run(ScriptEngine.java:194)
	at com.kms.katalon.core.main.ScriptEngine.runScriptAsRawText(ScriptEngine.java:119)
	at com.kms.katalon.core.main.TestCaseExecutor.runScript(TestCaseExecutor.java:442)
	at com.kms.katalon.core.main.TestCaseExecutor.doExecute(TestCaseExecutor.java:433)
	at com.kms.katalon.core.main.TestCaseExecutor.processExecutionPhase(TestCaseExecutor.java:412)
	at com.kms.katalon.core.main.TestCaseExecutor.accessMainPhase(TestCaseExecutor.java:404)
	at com.kms.katalon.core.main.TestCaseExecutor.execute(TestCaseExecutor.java:281)
	at com.kms.katalon.core.main.TestSuiteExecutor.accessTestCaseMainPhase(TestSuiteExecutor.java:202)
	at com.kms.katalon.core.main.TestSuiteExecutor.accessTestSuiteMainPhase(TestSuiteExecutor.java:164)
	at com.kms.katalon.core.main.TestSuiteExecutor.execute(TestSuiteExecutor.java:105)
	at com.kms.katalon.core.main.TestCaseMain.startTestSuite(TestCaseMain.java:185)
	at com.kms.katalon.core.main.TestCaseMain$startTestSuite$0.call(Unknown Source)
	at TempTestSuite1645768437880.run(TempTestSuite1645768437880.groovy:36)
Caused by: com.kms.katalon.core.webui.exception.WebElementNotFoundException: Web element with id: 'Object Repository/Avangard New/Object (Доктор)/Case (Питание)/input_task' located by '//div[@id='root']/div/div/div[2]/div/div[3]/div/div[2]/div/div/div[2]/div/div/div[2]/div[3]/div/div/div/div/div/input' not found
	at com.kms.katalon.core.webui.common.WebUiCommonHelper.findWebElement(WebUiCommonHelper.java:1370)
	at com.kms.katalon.core.webui.keyword.internal.WebUIAbstractKeyword.findWebElement(WebUIAbstractKeyword.groovy:27)
	at com.kms.katalon.core.webui.keyword.internal.WebUIAbstractKeyword.findWebElement(WebUIAbstractKeyword.groovy:26)
	at com.kms.katalon.core.webui.keyword.builtin.SetTextKeyword$_setText_closure1.doCall(SetTextKeyword.groovy:51)
	at com.kms.katalon.core.webui.keyword.builtin.SetTextKeyword$_setText_closure1.call(SetTextKeyword.groovy)
	at com.kms.katalon.core.webui.keyword.internal.WebUIKeywordMain.runKeyword(WebUIKeywordMain.groovy:20)
	... 19 more]]></system-out>
      <system-err><![CDATA[2022-02-25 08:54:23 - [TEST_SUITE][FAILED] - Доктор: Test Cases/Доктор/дописать проверку на игрока Проверка вкладки Питание FAILED.
Reason:
com.kms.katalon.core.exception.StepFailedException: Unable to set text 'автотест питания' of object 'Object Repository/Avangard New/Object (Доктор)/Case (Питание)/input_task'
	at com.kms.katalon.core.webui.keyword.internal.WebUIKeywordMain.stepFailed(WebUIKeywordMain.groovy:64)
	at com.kms.katalon.core.webui.keyword.internal.WebUIKeywordMain.runKeyword(WebUIKeywordMain.groovy:26)
	at com.kms.katalon.core.webui.keyword.builtin.SetTextKeyword.setText(SetTextKeyword.groovy:66)
	at com.kms.katalon.core.webui.keyword.builtin.SetTextKeyword.execute(SetTextKeyword.groovy:37)
	at com.kms.katalon.core.keyword.internal.KeywordExecutor.executeKeywordForPlatform(KeywordExecutor.groovy:74)
	at com.kms.katalon.core.webui.keyword.WebUiBuiltInKeywords.setText(WebUiBuiltInKeywords.groovy:980)
	at com.kms.katalon.core.webui.keyword.WebUiBuiltInKeywords$setText$2.call(Unknown Source)
	at дописать проверку на игрока Проверка вкладки Питание.run(дописать проверку на игрока Проверка вкладки Питание:51)
	at com.kms.katalon.core.main.ScriptEngine.run(ScriptEngine.java:194)
	at com.kms.katalon.core.main.ScriptEngine.runScriptAsRawText(ScriptEngine.java:119)
	at com.kms.katalon.core.main.TestCaseExecutor.runScript(TestCaseExecutor.java:442)
	at com.kms.katalon.core.main.TestCaseExecutor.doExecute(TestCaseExecutor.java:433)
	at com.kms.katalon.core.main.TestCaseExecutor.processExecutionPhase(TestCaseExecutor.java:412)
	at com.kms.katalon.core.main.TestCaseExecutor.accessMainPhase(TestCaseExecutor.java:404)
	at com.kms.katalon.core.main.TestCaseExecutor.execute(TestCaseExecutor.java:281)
	at com.kms.katalon.core.main.TestSuiteExecutor.accessTestCaseMainPhase(TestSuiteExecutor.java:202)
	at com.kms.katalon.core.main.TestSuiteExecutor.accessTestSuiteMainPhase(TestSuiteExecutor.java:164)
	at com.kms.katalon.core.main.TestSuiteExecutor.execute(TestSuiteExecutor.java:105)
	at com.kms.katalon.core.main.TestCaseMain.startTestSuite(TestCaseMain.java:185)
	at com.kms.katalon.core.main.TestCaseMain$startTestSuite$0.call(Unknown Source)
	at TempTestSuite1645768437880.run(TempTestSuite1645768437880.groovy:36)
Caused by: com.kms.katalon.core.webui.exception.WebElementNotFoundException: Web element with id: 'Object Repository/Avangard New/Object (Доктор)/Case (Питание)/input_task' located by '//div[@id='root']/div/div/div[2]/div/div[3]/div/div[2]/div/div/div[2]/div/div/div[2]/div[3]/div/div/div/div/div/input' not found
	at com.kms.katalon.core.webui.common.WebUiCommonHelper.findWebElement(WebUiCommonHelper.java:1370)
	at com.kms.katalon.core.webui.keyword.internal.WebUIAbstractKeyword.findWebElement(WebUIAbstractKeyword.groovy:27)
	at com.kms.katalon.core.webui.keyword.internal.WebUIAbstractKeyword.findWebElement(WebUIAbstractKeyword.groovy:26)
	at com.kms.katalon.core.webui.keyword.builtin.SetTextKeyword$_setText_closure1.doCall(SetTextKeyword.groovy:51)
	at com.kms.katalon.core.webui.keyword.builtin.SetTextKeyword$_setText_closure1.call(SetTextKeyword.groovy)
	at com.kms.katalon.core.webui.keyword.internal.WebUIKeywordMain.runKeyword(WebUIKeywordMain.groovy:20)
	... 19 more]]></system-err>
   </testsuite>
</testsuites>
