<?xml version="1.0" encoding="UTF-8"?>
<testsuites name="Администратор" time="1785.331" tests="13" failures="1" errors="0">
   <testsuite name="Администратор" tests="13" failures="1" errors="0" time="1785.331" skipped="0" timestamp="2022-02-25 08:54:22" hostname="LENOVO - DESKTOP-KNHN0AA" id="Test Suites/Администратор">
      <properties>
         <property name="deviceName" value=""/>
         <property name="devicePlatform" value=""/>
         <property name="logFolder" value="C:\\Users\\LENOVO\\Katalon Studio\\Avangard\\Reports\\20220225_085350\\\u0410\u0434\u043C\u0438\u043D\u0438\u0441\u0442\u0440\u0430\u0442\u043E\u0440\\20220225_085355"/>
         <property name="logFiles" value="C:\\Users\\LENOVO\\Katalon Studio\\Avangard\\Reports\\20220225_085350\\\u0410\u0434\u043C\u0438\u043D\u0438\u0441\u0442\u0440\u0430\u0442\u043E\u0440\\20220225_085355\\execution0.log"/>
         <property name="attachments" value="C:\scr\Авангард-200543.jpg, C:\scr\Авангард-200544.jpg, C:\scr\Авангард-200545.jpg, C:\scr\Авангард-200547.jpg, C:\scr\Авангард-200548.jpg, C:\scr\Авангард-200541.jpg, C:\scr\Авангард-200542.jpg, C:\scr\Авангард-200534.jpg, C:\scr\Авангард-200537.jpg, C:\scr\Авангард-200539.jpg, C:\scr\Авангард-200540.jpg, C:\scr\Авангард-200538.jpg, C:\scr\Авангард-200533.jpg, C:\scr\Авангард-200529.jpg, C:\scr\Авангард-200530.jpg, C:\\Users\\LENOVO\\Katalon Studio\\Avangard\\Reports\\20220225_085350\\\u0410\u0434\u043C\u0438\u043D\u0438\u0441\u0442\u0440\u0430\u0442\u043E\u0440\\20220225_085355\\1645769742059.png, C:\scr\Авангард-200510.jpg, C:\scr\Авангард-200511.jpg, C:\scr\Авангард-20054.jpg, C:\scr\Авангард-20055.jpg"/>
         <property name="hostName" value="LENOVO - DESKTOP-KNHN0AA"/>
         <property name="remoteDriverUrl" value="testcloud.katalon.com/hub"/>
         <property name="desiredCapabilities" value="{
  &quot;acceptInsecureCerts&quot;: false,
  &quot;browserName&quot;: &quot;chrome&quot;,
  &quot;browserVersion&quot;: &quot;97.0.4692.71&quot;,
  &quot;chrome&quot;: {
    &quot;chromedriverVersion&quot;: &quot;97.0.4692.71 (adefa7837d02a07a604c1e6eff0b3a09422ab88d-refs/branch-heads/4692@{#1247})&quot;,
    &quot;userDataDir&quot;: &quot;/tmp/.com.google.Chrome.ojy9s4&quot;
  },
  &quot;goog:chromeOptions&quot;: {
    &quot;debuggerAddress&quot;: &quot;localhost:40807&quot;
  },
  &quot;javascriptEnabled&quot;: true,
  &quot;networkConnectionEnabled&quot;: false,
  &quot;pageLoadStrategy&quot;: &quot;normal&quot;,
  &quot;platform&quot;: &quot;LINUX&quot;,
  &quot;platformName&quot;: &quot;LINUX&quot;,
  &quot;proxy&quot;: {
    &quot;proxyType&quot;: &quot;DIRECT&quot;,
    &quot;autodetect&quot;: false
  },
  &quot;se:cdp&quot;: &quot;ws://172.48.131.48:4444/session/d7da49032117b84d4c6b21062226f9d0/se/cdp&quot;,
  &quot;se:cdpVersion&quot;: &quot;97.0.4692.71&quot;,
  &quot;se:vnc&quot;: &quot;ws://172.48.131.48:4444/session/d7da49032117b84d4c6b21062226f9d0/se/vnc&quot;,
  &quot;se:vncEnabled&quot;: true,
  &quot;se:vncLocalAddress&quot;: &quot;ws://172.48.131.48:7900&quot;,
  &quot;setWindowRect&quot;: true,
  &quot;strictFileInteractability&quot;: false,
  &quot;timeouts&quot;: {
    &quot;implicit&quot;: 0,
    &quot;pageLoad&quot;: 300000,
    &quot;script&quot;: 30000
  },
  &quot;unhandledPromptBehavior&quot;: &quot;dismiss and notify&quot;,
  &quot;webauthn:extension:credBlob&quot;: true,
  &quot;webauthn:extension:largeBlob&quot;: true,
  &quot;webauthn:virtualAuthenticators&quot;: true
}"/>
         <property name="os" value="Windows 10 64bit"/>
         <property name="remoteOS" value="Linux"/>
         <property name="katalonVersion" value="8.2.5.208"/>
         <property name="browser" value="Chrome 97.0.4692.71"/>
         <property name="hostAddress" value="192.168.2.113"/>
         <property name="sessionId" value="d7da49032117b84d4c6b21062226f9d0"/>
         <property name="seleniumVersion" value="3.141.59"/>
         <property name="proxyInformation" value="ProxyInformation { proxyOption=NO_PROXY, proxyServerType=HTTP, username=, password=********, proxyServerAddress=, proxyServerPort=0, executionList=&quot;&quot;, isApplyToDesiredCapabilities=true }"/>
         <property name="platform" value="Windows 10"/>
      </properties>
      <testcase name="Test Cases/Администратор/Школы" time="249.943" classname="Test Cases/Администратор/Школы" status="PASSED">
         <system-out><![CDATA[2022-02-25 08:54:24 - [TEST_CASE][PASSED] - Test Cases/Администратор/Школы: Test Cases/Администратор/Школы

2022-02-25 08:54:29 - [TEST_STEP][PASSED] - callTestCase(findTestCase("Администратор/Авторизация"), [:], STOP_ON_FAILURE): Call Test Case 'Test Cases/Администратор/Авторизация' successfully

2022-02-25 08:54:29 - [TEST_CASE][PASSED] - Test Cases/Администратор/Авторизация: Test Cases/Администратор/Авторизация

2022-02-25 08:54:33 - [TEST_STEP][PASSED] - openBrowser(""): Browser is opened with url: ''

2022-02-25 08:54:34 - [MESSAGE][INFO] - User set preference: ['os', 'linux']

2022-02-25 08:54:34 - [MESSAGE][INFO] - User set preference: ['browserName', 'chrome']

2022-02-25 08:54:34 - [MESSAGE][INFO] - User set preference: ['browserVersion', '97']

2022-02-25 08:54:34 - [MESSAGE][INFO] - User set preference: ['katalon:option', '{organizationId=564672, tunnelId=, usingTunnel=false}']

2022-02-25 08:54:34 - [MESSAGE][INFO] - Connecting to remote web server 'testcloud.katalon.com/hub' with type 'Selenium'

2022-02-25 08:54:37 - [MESSAGE][INFO] - Action delay is set to 100 milliseconds

2022-02-25 08:56:55 - [MESSAGE][PASSED] - Browser is opened with url: ''

2022-02-25 08:56:55 - [TEST_STEP][PASSED] - maximizeWindow(): Current window maximized

2022-02-25 08:56:55 - [MESSAGE][PASSED] - Current window maximized

2022-02-25 08:56:55 - [TEST_STEP][PASSED] - navigateToUrl(url): Navigate to 'https://stars-stage.hawk.ru:8080' successfully

2022-02-25 08:57:02 - [MESSAGE][PASSED] - Navigate to 'https://stars-stage.hawk.ru:8080' successfully

2022-02-25 08:57:02 - [TEST_STEP][PASSED] - setText(findTestObject("Object Repository/Page_/input__sc-lnrBVv eqPACj"), admin_login): Text 'TestAdmin@test.ru' is set on object 'Object Repository/Page_/input__sc-lnrBVv eqPACj'

2022-02-25 08:57:07 - [MESSAGE][PASSED] - Text 'TestAdmin@test.ru' is set on object 'Object Repository/Page_/input__sc-lnrBVv eqPACj'

2022-02-25 08:57:07 - [TEST_STEP][PASSED] - setText(findTestObject("Object Repository/Page_/input__sc-lnrBVv eqPACj_1"), admin_password): Text 'TestAdmin@test.ru' is set on object 'Object Repository/Page_/input__sc-lnrBVv eqPACj_1'

2022-02-25 08:57:11 - [MESSAGE][PASSED] - Text 'TestAdmin@test.ru' is set on object 'Object Repository/Page_/input__sc-lnrBVv eqPACj_1'

2022-02-25 08:57:11 - [TEST_STEP][PASSED] - click(findTestObject("Object Repository/Page_/go")): Object: 'Object Repository/Page_/go' is clicked on

2022-02-25 08:57:13 - [MESSAGE][PASSED] - Object: 'Object Repository/Page_/go' is clicked on

2022-02-25 08:57:13 - [MESSAGE][PASSED] - Call Test Case 'Test Cases/Администратор/Авторизация' successfully

2022-02-25 08:57:13 - [TEST_STEP][PASSED] - click(findTestObject("Object Repository/admin/school/schools/schools")): Object: 'Object Repository/admin/school/schools/schools' is clicked on

2022-02-25 08:57:37 - [MESSAGE][PASSED] - Object: 'Object Repository/admin/school/schools/schools' is clicked on

2022-02-25 08:57:37 - [TEST_STEP][PASSED] - takeFullPageScreenshot("C:\scr\" + school + "43.jpg"): Taking screenshot successfully

2022-02-25 08:57:42 - [MESSAGE][INFO] - 0 hidden object(s)

2022-02-25 08:57:43 - [MESSAGE][PASSED] - Taking screenshot successfully
[[ATTACHMENT|C:\scr\Авангард-200543.jpg]]

2022-02-25 08:57:43 - [TEST_STEP][PASSED] - click(findTestObject("Object Repository/admin/school/Page_/div_")): Object: 'Object Repository/admin/school/Page_/div_' is clicked on

2022-02-25 08:57:46 - [MESSAGE][PASSED] - Object: 'Object Repository/admin/school/Page_/div_' is clicked on

2022-02-25 08:57:46 - [TEST_STEP][PASSED] - scrollToElement(findTestObject("Object Repository/admin/school/Page_/players"), 0): Scroll to object 'Object Repository/admin/school/Page_/players' successfully

2022-02-25 08:57:46 - [MESSAGE][WARNING] - Timeout '0' is invalid. Using default page load timeout: '30'

2022-02-25 08:57:51 - [MESSAGE][PASSED] - Scroll to object 'Object Repository/admin/school/Page_/players' successfully

2022-02-25 08:57:51 - [TEST_STEP][PASSED] - click(findTestObject("Object Repository/admin/school/Page_/players")): Object: 'Object Repository/admin/school/Page_/players' is clicked on

2022-02-25 08:57:53 - [MESSAGE][PASSED] - Object: 'Object Repository/admin/school/Page_/players' is clicked on

2022-02-25 08:57:53 - [TEST_STEP][PASSED] - takeFullPageScreenshot("C:\scr\" + school + "44.jpg"): Taking screenshot successfully

2022-02-25 08:57:58 - [MESSAGE][INFO] - 0 hidden object(s)

2022-02-25 08:57:58 - [MESSAGE][PASSED] - Taking screenshot successfully
[[ATTACHMENT|C:\scr\Авангард-200544.jpg]]

2022-02-25 08:57:58 - [TEST_STEP][PASSED] - click(findTestObject("Object Repository/admin/school/Page_/team")): Object: 'Object Repository/admin/school/Page_/team' is clicked on

2022-02-25 08:58:01 - [MESSAGE][PASSED] - Object: 'Object Repository/admin/school/Page_/team' is clicked on

2022-02-25 08:58:01 - [TEST_STEP][PASSED] - takeFullPageScreenshot("C:\scr\" + school + "45.jpg"): Taking screenshot successfully

2022-02-25 08:58:05 - [MESSAGE][INFO] - 0 hidden object(s)

2022-02-25 08:58:06 - [MESSAGE][PASSED] - Taking screenshot successfully
[[ATTACHMENT|C:\scr\Авангард-200545.jpg]]

2022-02-25 08:58:06 - [TEST_STEP][PASSED] - click(findTestObject("Object Repository/admin/school/Page_/omsk")): Object: 'Object Repository/admin/school/Page_/omsk' is clicked on

2022-02-25 08:58:08 - [MESSAGE][PASSED] - Object: 'Object Repository/admin/school/Page_/omsk' is clicked on

2022-02-25 08:58:08 - [TEST_STEP][PASSED] - click(findTestObject("Object Repository/admin/school/Page_/edit")): Object: 'Object Repository/admin/school/Page_/edit' is clicked on

2022-02-25 08:58:11 - [MESSAGE][PASSED] - Object: 'Object Repository/admin/school/Page_/edit' is clicked on

2022-02-25 08:58:11 - [TEST_STEP][PASSED] - takeFullPageScreenshot("C:\scr\" + school + "47.jpg"): Taking screenshot successfully

2022-02-25 08:58:16 - [MESSAGE][INFO] - 0 hidden object(s)

2022-02-25 08:58:17 - [MESSAGE][PASSED] - Taking screenshot successfully
[[ATTACHMENT|C:\scr\Авангард-200547.jpg]]

2022-02-25 08:58:17 - [TEST_STEP][PASSED] - click(findTestObject("Object Repository/admin/school/Page_/allplayer")): Object: 'Object Repository/admin/school/Page_/allplayer' is clicked on

2022-02-25 08:58:19 - [MESSAGE][PASSED] - Object: 'Object Repository/admin/school/Page_/allplayer' is clicked on

2022-02-25 08:58:19 - [TEST_STEP][PASSED] - takeFullPageScreenshot("C:\scr\" + school + "48.jpg"): Taking screenshot successfully

2022-02-25 08:58:24 - [MESSAGE][INFO] - 0 hidden object(s)

2022-02-25 08:58:24 - [MESSAGE][PASSED] - Taking screenshot successfully
[[ATTACHMENT|C:\scr\Авангард-200548.jpg]]

2022-02-25 08:58:24 - [TEST_STEP][PASSED] - click(findTestObject("Object Repository/admin/school/Page_/groups")): Object: 'Object Repository/admin/school/Page_/groups' is clicked on

2022-02-25 08:58:26 - [MESSAGE][PASSED] - Object: 'Object Repository/admin/school/Page_/groups' is clicked on

2022-02-25 08:58:26 - [TEST_STEP][PASSED] - click(findTestObject("manager/schools/overlay"), CONTINUE_ON_FAILURE): Object: 'Object Repository/manager/schools/overlay' is clicked on

2022-02-25 08:58:31 - [MESSAGE][PASSED] - Object: 'Object Repository/manager/schools/overlay' is clicked on

2022-02-25 08:58:31 - [TEST_STEP][PASSED] - click(findTestObject("Object Repository/admin/school/Page_/root")): Object: 'Object Repository/admin/school/Page_/root' is clicked on

2022-02-25 08:58:34 - [MESSAGE][PASSED] - Object: 'Object Repository/admin/school/Page_/root' is clicked on

2022-02-25 08:58:34 - [TEST_STEP][PASSED] - closeBrowser(): Browser is closed

2022-02-25 08:58:34 - [MESSAGE][PASSED] - Browser is closed]]></system-out>
         <system-err><![CDATA[]]></system-err>
      </testcase>
      <testcase name="Test Cases/Администратор/Тренеры" time="202.749" classname="Test Cases/Администратор/Тренеры" status="PASSED">
         <system-out><![CDATA[2022-02-25 08:58:34 - [TEST_CASE][PASSED] - Test Cases/Администратор/Тренеры: Test Cases/Администратор/Тренеры

2022-02-25 08:58:35 - [TEST_STEP][PASSED] - callTestCase(findTestCase("Администратор/Авторизация"), [:], STOP_ON_FAILURE): Call Test Case 'Test Cases/Администратор/Авторизация' successfully

2022-02-25 08:58:35 - [TEST_CASE][PASSED] - Test Cases/Администратор/Авторизация: Test Cases/Администратор/Авторизация

2022-02-25 08:58:35 - [TEST_STEP][PASSED] - openBrowser(""): Browser is opened with url: ''

2022-02-25 08:58:35 - [MESSAGE][INFO] - User set preference: ['os', 'linux']

2022-02-25 08:58:35 - [MESSAGE][INFO] - User set preference: ['browserName', 'chrome']

2022-02-25 08:58:35 - [MESSAGE][INFO] - User set preference: ['browserVersion', '97']

2022-02-25 08:58:35 - [MESSAGE][INFO] - User set preference: ['katalon:option', '{organizationId=564672, tunnelId=, usingTunnel=false}']

2022-02-25 08:58:35 - [MESSAGE][INFO] - Connecting to remote web server 'testcloud.katalon.com/hub' with type 'Selenium'

2022-02-25 08:58:35 - [MESSAGE][INFO] - Action delay is set to 100 milliseconds

2022-02-25 09:00:52 - [MESSAGE][PASSED] - Browser is opened with url: ''

2022-02-25 09:00:52 - [TEST_STEP][PASSED] - maximizeWindow(): Current window maximized

2022-02-25 09:00:52 - [MESSAGE][PASSED] - Current window maximized

2022-02-25 09:00:52 - [TEST_STEP][PASSED] - navigateToUrl(url): Navigate to 'https://stars-stage.hawk.ru:8080' successfully

2022-02-25 09:00:58 - [MESSAGE][PASSED] - Navigate to 'https://stars-stage.hawk.ru:8080' successfully

2022-02-25 09:00:58 - [TEST_STEP][PASSED] - setText(findTestObject("Object Repository/Page_/input__sc-lnrBVv eqPACj"), admin_login): Text 'TestAdmin@test.ru' is set on object 'Object Repository/Page_/input__sc-lnrBVv eqPACj'

2022-02-25 09:01:02 - [MESSAGE][PASSED] - Text 'TestAdmin@test.ru' is set on object 'Object Repository/Page_/input__sc-lnrBVv eqPACj'

2022-02-25 09:01:02 - [TEST_STEP][PASSED] - setText(findTestObject("Object Repository/Page_/input__sc-lnrBVv eqPACj_1"), admin_password): Text 'TestAdmin@test.ru' is set on object 'Object Repository/Page_/input__sc-lnrBVv eqPACj_1'

2022-02-25 09:01:07 - [MESSAGE][PASSED] - Text 'TestAdmin@test.ru' is set on object 'Object Repository/Page_/input__sc-lnrBVv eqPACj_1'

2022-02-25 09:01:07 - [TEST_STEP][PASSED] - click(findTestObject("Object Repository/Page_/go")): Object: 'Object Repository/Page_/go' is clicked on

2022-02-25 09:01:09 - [MESSAGE][PASSED] - Object: 'Object Repository/Page_/go' is clicked on

2022-02-25 09:01:09 - [MESSAGE][PASSED] - Call Test Case 'Test Cases/Администратор/Авторизация' successfully

2022-02-25 09:01:09 - [TEST_STEP][PASSED] - click(findTestObject("Object Repository/admin/teachers/Page_/teach")): Object: 'Object Repository/admin/teachers/Page_/teach' is clicked on

2022-02-25 09:01:28 - [MESSAGE][PASSED] - Object: 'Object Repository/admin/teachers/Page_/teach' is clicked on

2022-02-25 09:01:28 - [TEST_STEP][PASSED] - click(findTestObject("Object Repository/admin/teachers/Page_/span_")): Object: 'Object Repository/admin/teachers/Page_/span_' is clicked on

2022-02-25 09:01:31 - [MESSAGE][PASSED] - Object: 'Object Repository/admin/teachers/Page_/span_' is clicked on

2022-02-25 09:01:31 - [TEST_STEP][PASSED] - verifyTextPresent("ПРОФИЛЬ ПРЕПОДАВАТЕЛЯ", false): Text 'ПРОФИЛЬ ПРЕПОДАВАТЕЛЯ' is present on page 

2022-02-25 09:01:33 - [MESSAGE][PASSED] - Text 'ПРОФИЛЬ ПРЕПОДАВАТЕЛЯ' is present on page 

2022-02-25 09:01:33 - [TEST_STEP][PASSED] - takeFullPageScreenshot("C:\scr\" + school + "41.jpg"): Taking screenshot successfully

2022-02-25 09:01:39 - [MESSAGE][INFO] - 0 hidden object(s)

2022-02-25 09:01:40 - [MESSAGE][PASSED] - Taking screenshot successfully
[[ATTACHMENT|C:\scr\Авангард-200541.jpg]]

2022-02-25 09:01:40 - [TEST_STEP][PASSED] - click(findTestObject("Object Repository/admin/teachers/Page_/career")): Object: 'Object Repository/admin/teachers/Page_/career' is clicked on

2022-02-25 09:01:42 - [MESSAGE][PASSED] - Object: 'Object Repository/admin/teachers/Page_/career' is clicked on

2022-02-25 09:01:42 - [TEST_STEP][PASSED] - verifyTextPresent("КАРЬЕРА ТРЕНЕРА", false): Text 'КАРЬЕРА ТРЕНЕРА' is present on page 

2022-02-25 09:01:44 - [MESSAGE][PASSED] - Text 'КАРЬЕРА ТРЕНЕРА' is present on page 

2022-02-25 09:01:44 - [TEST_STEP][PASSED] - takeFullPageScreenshot("C:\scr\" + school + "42.jpg"): Taking screenshot successfully

2022-02-25 09:01:49 - [MESSAGE][INFO] - 0 hidden object(s)

2022-02-25 09:01:50 - [MESSAGE][PASSED] - Taking screenshot successfully
[[ATTACHMENT|C:\scr\Авангард-200542.jpg]]

2022-02-25 09:01:50 - [TEST_STEP][PASSED] - click(findTestObject("Object Repository/admin/teachers/Page_/button_")): Object: 'Object Repository/admin/teachers/Page_/button_' is clicked on

2022-02-25 09:01:52 - [MESSAGE][PASSED] - Object: 'Object Repository/admin/teachers/Page_/button_' is clicked on

2022-02-25 09:01:52 - [TEST_STEP][PASSED] - verifyTextPresent("Пользователь сохранен", false): Text 'Пользователь сохранен' is present on page 

2022-02-25 09:01:54 - [MESSAGE][PASSED] - Text 'Пользователь сохранен' is present on page 

2022-02-25 09:01:54 - [TEST_STEP][PASSED] - click(findTestObject("Object Repository/admin/teachers/Page_/root")): Object: 'Object Repository/admin/teachers/Page_/root' is clicked on

2022-02-25 09:01:56 - [MESSAGE][PASSED] - Object: 'Object Repository/admin/teachers/Page_/root' is clicked on

2022-02-25 09:01:56 - [TEST_STEP][PASSED] - closeBrowser(): Browser is closed

2022-02-25 09:01:57 - [MESSAGE][PASSED] - Browser is closed]]></system-out>
         <system-err><![CDATA[]]></system-err>
      </testcase>
      <testcase name="Test Cases/Администратор/Рейтинг" time="149.748" classname="Test Cases/Администратор/Рейтинг" status="PASSED">
         <system-out><![CDATA[2022-02-25 09:01:57 - [TEST_CASE][PASSED] - Test Cases/Администратор/Рейтинг: Test Cases/Администратор/Рейтинг

2022-02-25 09:01:58 - [TEST_STEP][PASSED] - callTestCase(findTestCase("Администратор/Авторизация"), [:], STOP_ON_FAILURE): Call Test Case 'Test Cases/Администратор/Авторизация' successfully

2022-02-25 09:01:58 - [TEST_CASE][PASSED] - Test Cases/Администратор/Авторизация: Test Cases/Администратор/Авторизация

2022-02-25 09:01:58 - [TEST_STEP][PASSED] - openBrowser(""): Browser is opened with url: ''

2022-02-25 09:01:58 - [MESSAGE][INFO] - User set preference: ['os', 'linux']

2022-02-25 09:01:58 - [MESSAGE][INFO] - User set preference: ['browserName', 'chrome']

2022-02-25 09:01:58 - [MESSAGE][INFO] - User set preference: ['browserVersion', '97']

2022-02-25 09:01:58 - [MESSAGE][INFO] - User set preference: ['katalon:option', '{organizationId=564672, tunnelId=, usingTunnel=false}']

2022-02-25 09:01:58 - [MESSAGE][INFO] - Connecting to remote web server 'testcloud.katalon.com/hub' with type 'Selenium'

2022-02-25 09:01:58 - [MESSAGE][INFO] - Action delay is set to 100 milliseconds

2022-02-25 09:02:39 - [MESSAGE][PASSED] - Browser is opened with url: ''

2022-02-25 09:02:39 - [TEST_STEP][PASSED] - maximizeWindow(): Current window maximized

2022-02-25 09:02:39 - [MESSAGE][PASSED] - Current window maximized

2022-02-25 09:02:39 - [TEST_STEP][PASSED] - navigateToUrl(url): Navigate to 'https://stars-stage.hawk.ru:8080' successfully

2022-02-25 09:02:47 - [MESSAGE][PASSED] - Navigate to 'https://stars-stage.hawk.ru:8080' successfully

2022-02-25 09:02:47 - [TEST_STEP][PASSED] - setText(findTestObject("Object Repository/Page_/input__sc-lnrBVv eqPACj"), admin_login): Text 'TestAdmin@test.ru' is set on object 'Object Repository/Page_/input__sc-lnrBVv eqPACj'

2022-02-25 09:02:51 - [MESSAGE][PASSED] - Text 'TestAdmin@test.ru' is set on object 'Object Repository/Page_/input__sc-lnrBVv eqPACj'

2022-02-25 09:02:51 - [TEST_STEP][PASSED] - setText(findTestObject("Object Repository/Page_/input__sc-lnrBVv eqPACj_1"), admin_password): Text 'TestAdmin@test.ru' is set on object 'Object Repository/Page_/input__sc-lnrBVv eqPACj_1'

2022-02-25 09:02:56 - [MESSAGE][PASSED] - Text 'TestAdmin@test.ru' is set on object 'Object Repository/Page_/input__sc-lnrBVv eqPACj_1'

2022-02-25 09:02:56 - [TEST_STEP][PASSED] - click(findTestObject("Object Repository/Page_/go")): Object: 'Object Repository/Page_/go' is clicked on

2022-02-25 09:02:58 - [MESSAGE][PASSED] - Object: 'Object Repository/Page_/go' is clicked on

2022-02-25 09:02:58 - [MESSAGE][PASSED] - Call Test Case 'Test Cases/Администратор/Авторизация' successfully

2022-02-25 09:02:58 - [TEST_STEP][PASSED] - click(findTestObject("Object Repository/admin/rating/grating")): Object: 'Object Repository/admin/rating/grating' is clicked on

2022-02-25 09:03:22 - [MESSAGE][PASSED] - Object: 'Object Repository/admin/rating/grating' is clicked on

2022-02-25 09:03:22 - [TEST_STEP][PASSED] - takeFullPageScreenshot("C:\scr\" + school + "34.jpg"): Taking screenshot successfully

2022-02-25 09:03:28 - [MESSAGE][INFO] - 0 hidden object(s)

2022-02-25 09:03:28 - [MESSAGE][PASSED] - Taking screenshot successfully
[[ATTACHMENT|C:\scr\Авангард-200534.jpg]]

2022-02-25 09:03:28 - [TEST_STEP][PASSED] - click(findTestObject("Object Repository/admin/Page_/shkool")): Object: 'Object Repository/admin/Page_/shkool' is clicked on

2022-02-25 09:03:30 - [MESSAGE][PASSED] - Object: 'Object Repository/admin/Page_/shkool' is clicked on

2022-02-25 09:03:30 - [TEST_STEP][PASSED] - click(findTestObject("Object Repository/admin/Page_/div_ (2)")): Object: 'Object Repository/admin/Page_/div_ (2)' is clicked on

2022-02-25 09:03:32 - [MESSAGE][PASSED] - Object: 'Object Repository/admin/Page_/div_ (2)' is clicked on

2022-02-25 09:03:32 - [TEST_STEP][PASSED] - click(findTestObject("Object Repository/admin/Page_/team")): Object: 'Object Repository/admin/Page_/team' is clicked on

2022-02-25 09:03:35 - [MESSAGE][PASSED] - Object: 'Object Repository/admin/Page_/team' is clicked on

2022-02-25 09:03:35 - [TEST_STEP][PASSED] - click(findTestObject("Object Repository/admin/Page_/omsk")): Object: 'Object Repository/admin/Page_/omsk' is clicked on

2022-02-25 09:03:37 - [MESSAGE][PASSED] - Object: 'Object Repository/admin/Page_/omsk' is clicked on

2022-02-25 09:03:37 - [TEST_STEP][PASSED] - scrollToElement(findTestObject("Object Repository/admin/Page_/top1"), 0): Scroll to object 'Object Repository/admin/Page_/top1' successfully

2022-02-25 09:03:38 - [MESSAGE][WARNING] - Timeout '0' is invalid. Using default page load timeout: '30'

2022-02-25 09:03:40 - [MESSAGE][PASSED] - Scroll to object 'Object Repository/admin/Page_/top1' successfully

2022-02-25 09:03:40 - [TEST_STEP][PASSED] - click(findTestObject("Object Repository/admin/Page_/top1")): Object: 'Object Repository/admin/Page_/top1' is clicked on

2022-02-25 09:03:42 - [MESSAGE][PASSED] - Object: 'Object Repository/admin/Page_/top1' is clicked on

2022-02-25 09:03:42 - [TEST_STEP][PASSED] - takeFullPageScreenshot("C:\scr\" + school + "37.jpg", CONTINUE_ON_FAILURE): Taking screenshot successfully

2022-02-25 09:03:47 - [MESSAGE][INFO] - 0 hidden object(s)

2022-02-25 09:03:47 - [MESSAGE][PASSED] - Taking screenshot successfully
[[ATTACHMENT|C:\scr\Авангард-200537.jpg]]

2022-02-25 09:03:47 - [TEST_STEP][PASSED] - click(findTestObject("Object Repository/admin/Page_/skill")): Object: 'Object Repository/admin/Page_/skill' is clicked on

2022-02-25 09:03:50 - [MESSAGE][PASSED] - Object: 'Object Repository/admin/Page_/skill' is clicked on

2022-02-25 09:03:50 - [TEST_STEP][PASSED] - verifyTextPresent("Ускорение", true): Text 'Ускорение' is present on page  using regular expression

2022-02-25 09:03:53 - [MESSAGE][PASSED] - Text 'Ускорение' is present on page  using regular expression

2022-02-25 09:03:53 - [TEST_STEP][PASSED] - verifyTextPresent("Скорость", true): Text 'Скорость' is present on page  using regular expression

2022-02-25 09:03:55 - [MESSAGE][PASSED] - Text 'Скорость' is present on page  using regular expression

2022-02-25 09:03:55 - [TEST_STEP][PASSED] - takeFullPageScreenshot("C:\scr\" + school + "39.jpg", CONTINUE_ON_FAILURE): Taking screenshot successfully

2022-02-25 09:04:00 - [MESSAGE][INFO] - 0 hidden object(s)

2022-02-25 09:04:00 - [MESSAGE][PASSED] - Taking screenshot successfully
[[ATTACHMENT|C:\scr\Авангард-200539.jpg]]

2022-02-25 09:04:00 - [TEST_STEP][PASSED] - click(findTestObject("Object Repository/admin/Page_/stat")): Object: 'Object Repository/admin/Page_/stat' is clicked on

2022-02-25 09:04:02 - [MESSAGE][PASSED] - Object: 'Object Repository/admin/Page_/stat' is clicked on

2022-02-25 09:04:02 - [TEST_STEP][PASSED] - verifyTextPresent("Матчи", true, CONTINUE_ON_FAILURE): Text 'Матчи' is present on page  using regular expression

2022-02-25 09:04:05 - [MESSAGE][PASSED] - Text 'Матчи' is present on page  using regular expression

2022-02-25 09:04:05 - [TEST_STEP][PASSED] - verifyTextPresent("Ранг", true, CONTINUE_ON_FAILURE): Text 'Ранг' is present on page  using regular expression

2022-02-25 09:04:07 - [MESSAGE][PASSED] - Text 'Ранг' is present on page  using regular expression

2022-02-25 09:04:07 - [TEST_STEP][PASSED] - takeFullPageScreenshot("C:\scr\" + school + "40.jpg", CONTINUE_ON_FAILURE): Taking screenshot successfully

2022-02-25 09:04:12 - [MESSAGE][INFO] - 0 hidden object(s)

2022-02-25 09:04:12 - [MESSAGE][PASSED] - Taking screenshot successfully
[[ATTACHMENT|C:\scr\Авангард-200540.jpg]]

2022-02-25 09:04:12 - [TEST_STEP][PASSED] - click(findTestObject("Object Repository/admin/Page_/ptest")): Object: 'Object Repository/admin/Page_/ptest' is clicked on

2022-02-25 09:04:14 - [MESSAGE][PASSED] - Object: 'Object Repository/admin/Page_/ptest' is clicked on

2022-02-25 09:04:14 - [TEST_STEP][PASSED] - verifyTextPresent("СРЕДНЯЯ ОЦЕНКА", true): Text 'СРЕДНЯЯ ОЦЕНКА' is present on page  using regular expression

2022-02-25 09:04:16 - [MESSAGE][PASSED] - Text 'СРЕДНЯЯ ОЦЕНКА' is present on page  using regular expression

2022-02-25 09:04:16 - [TEST_STEP][PASSED] - verifyTextPresent("Список навыков и характеристики", true): Text 'Список навыков и характеристики' is present on page  using regular expression

2022-02-25 09:04:18 - [MESSAGE][PASSED] - Text 'Список навыков и характеристики' is present on page  using regular expression

2022-02-25 09:04:18 - [TEST_STEP][PASSED] - takeFullPageScreenshot("C:\scr\" + school + "38.jpg", CONTINUE_ON_FAILURE): Taking screenshot successfully

2022-02-25 09:04:24 - [MESSAGE][INFO] - 0 hidden object(s)

2022-02-25 09:04:24 - [MESSAGE][PASSED] - Taking screenshot successfully
[[ATTACHMENT|C:\scr\Авангард-200538.jpg]]

2022-02-25 09:04:24 - [TEST_STEP][PASSED] - click(findTestObject("Object Repository/admin/Page_/root")): Object: 'Object Repository/admin/Page_/root' is clicked on

2022-02-25 09:04:26 - [MESSAGE][PASSED] - Object: 'Object Repository/admin/Page_/root' is clicked on

2022-02-25 09:04:26 - [TEST_STEP][PASSED] - closeBrowser(): Browser is closed

2022-02-25 09:04:27 - [MESSAGE][PASSED] - Browser is closed]]></system-out>
         <system-err><![CDATA[]]></system-err>
      </testcase>
      <testcase name="Test Cases/Администратор/Профиль" time="116.963" classname="Test Cases/Администратор/Профиль" status="PASSED">
         <system-out><![CDATA[2022-02-25 09:04:27 - [TEST_CASE][PASSED] - Test Cases/Администратор/Профиль: Test Cases/Администратор/Профиль

2022-02-25 09:04:28 - [TEST_STEP][PASSED] - callTestCase(findTestCase("Администратор/Авторизация"), [:], STOP_ON_FAILURE): Call Test Case 'Test Cases/Администратор/Авторизация' successfully

2022-02-25 09:04:28 - [TEST_CASE][PASSED] - Test Cases/Администратор/Авторизация: Test Cases/Администратор/Авторизация

2022-02-25 09:04:28 - [TEST_STEP][PASSED] - openBrowser(""): Browser is opened with url: ''

2022-02-25 09:04:28 - [MESSAGE][INFO] - User set preference: ['os', 'linux']

2022-02-25 09:04:28 - [MESSAGE][INFO] - User set preference: ['browserName', 'chrome']

2022-02-25 09:04:28 - [MESSAGE][INFO] - User set preference: ['browserVersion', '97']

2022-02-25 09:04:28 - [MESSAGE][INFO] - User set preference: ['katalon:option', '{organizationId=564672, tunnelId=, usingTunnel=false}']

2022-02-25 09:04:28 - [MESSAGE][INFO] - Connecting to remote web server 'testcloud.katalon.com/hub' with type 'Selenium'

2022-02-25 09:04:28 - [MESSAGE][INFO] - Action delay is set to 100 milliseconds

2022-02-25 09:05:38 - [MESSAGE][PASSED] - Browser is opened with url: ''

2022-02-25 09:05:38 - [TEST_STEP][PASSED] - maximizeWindow(): Current window maximized

2022-02-25 09:05:38 - [MESSAGE][PASSED] - Current window maximized

2022-02-25 09:05:38 - [TEST_STEP][PASSED] - navigateToUrl(url): Navigate to 'https://stars-stage.hawk.ru:8080' successfully

2022-02-25 09:05:45 - [MESSAGE][PASSED] - Navigate to 'https://stars-stage.hawk.ru:8080' successfully

2022-02-25 09:05:45 - [TEST_STEP][PASSED] - setText(findTestObject("Object Repository/Page_/input__sc-lnrBVv eqPACj"), admin_login): Text 'TestAdmin@test.ru' is set on object 'Object Repository/Page_/input__sc-lnrBVv eqPACj'

2022-02-25 09:05:49 - [MESSAGE][PASSED] - Text 'TestAdmin@test.ru' is set on object 'Object Repository/Page_/input__sc-lnrBVv eqPACj'

2022-02-25 09:05:49 - [TEST_STEP][PASSED] - setText(findTestObject("Object Repository/Page_/input__sc-lnrBVv eqPACj_1"), admin_password): Text 'TestAdmin@test.ru' is set on object 'Object Repository/Page_/input__sc-lnrBVv eqPACj_1'

2022-02-25 09:05:54 - [MESSAGE][PASSED] - Text 'TestAdmin@test.ru' is set on object 'Object Repository/Page_/input__sc-lnrBVv eqPACj_1'

2022-02-25 09:05:54 - [TEST_STEP][PASSED] - click(findTestObject("Object Repository/Page_/go")): Object: 'Object Repository/Page_/go' is clicked on

2022-02-25 09:05:56 - [MESSAGE][PASSED] - Object: 'Object Repository/Page_/go' is clicked on

2022-02-25 09:05:56 - [MESSAGE][PASSED] - Call Test Case 'Test Cases/Администратор/Авторизация' successfully

2022-02-25 09:05:56 - [TEST_STEP][PASSED] - click(findTestObject("Object Repository/admin/Page_/div_Admin Admin")): Object: 'Object Repository/admin/Page_/div_Admin Admin' is clicked on

2022-02-25 09:06:12 - [MESSAGE][PASSED] - Object: 'Object Repository/admin/Page_/div_Admin Admin' is clicked on

2022-02-25 09:06:12 - [TEST_STEP][PASSED] - verifyTextPresent("РЕДАКТИРОВАНИЕ ПРОФИЛЯ", true): Text 'РЕДАКТИРОВАНИЕ ПРОФИЛЯ' is present on page  using regular expression

2022-02-25 09:06:14 - [MESSAGE][PASSED] - Text 'РЕДАКТИРОВАНИЕ ПРОФИЛЯ' is present on page  using regular expression

2022-02-25 09:06:14 - [TEST_STEP][PASSED] - takeFullPageScreenshot("C:\scr\" + school + "33.jpg"): Taking screenshot successfully

2022-02-25 09:06:18 - [MESSAGE][INFO] - 0 hidden object(s)

2022-02-25 09:06:19 - [MESSAGE][PASSED] - Taking screenshot successfully
[[ATTACHMENT|C:\scr\Авангард-200533.jpg]]

2022-02-25 09:06:19 - [TEST_STEP][PASSED] - click(findTestObject("Object Repository/admin/Page_/save")): Object: 'Object Repository/admin/Page_/save' is clicked on

2022-02-25 09:06:20 - [MESSAGE][PASSED] - Object: 'Object Repository/admin/Page_/save' is clicked on

2022-02-25 09:06:20 - [TEST_STEP][PASSED] - click(findTestObject("admin/Page_/root")): Object: 'Object Repository/admin/Page_/root' is clicked on

2022-02-25 09:06:23 - [MESSAGE][PASSED] - Object: 'Object Repository/admin/Page_/root' is clicked on

2022-02-25 09:06:23 - [TEST_STEP][PASSED] - closeBrowser(): Browser is closed

2022-02-25 09:06:24 - [MESSAGE][PASSED] - Browser is closed]]></system-out>
         <system-err><![CDATA[]]></system-err>
      </testcase>
      <testcase name="Test Cases/Администратор/ОТЧЕТЫ функциональные тесты/Физическое тестирование (Поменяется в спринте)" time="196.667" classname="Test Cases/Администратор/ОТЧЕТЫ функциональные тесты/Физическое тестирование (Поменяется в спринте)" status="PASSED">
         <system-out><![CDATA[2022-02-25 09:06:24 - [TEST_CASE][PASSED] - Test Cases/Администратор/ОТЧЕТЫ функциональные тесты/Физическое тестирование (Поменяется в спринте): Test Cases/Администратор/ОТЧЕТЫ функциональные тесты/Физическое тестирование (Поменяется в спринте)

2022-02-25 09:06:25 - [TEST_STEP][PASSED] - callTestCase(findTestCase("Администратор/Отчет для тк"), [:], STOP_ON_FAILURE): Call Test Case 'Test Cases/Администратор/Отчет для тк' successfully

2022-02-25 09:06:25 - [TEST_CASE][PASSED] - Test Cases/Администратор/Отчет для тк: Test Cases/Администратор/Отчет для тк

2022-02-25 09:06:25 - [TEST_STEP][PASSED] - callTestCase(findTestCase("Администратор/Авторизация"), [:], STOP_ON_FAILURE): Call Test Case 'Test Cases/Администратор/Авторизация' successfully

2022-02-25 09:06:26 - [TEST_CASE][PASSED] - Test Cases/Администратор/Авторизация: Test Cases/Администратор/Авторизация

2022-02-25 09:06:26 - [TEST_STEP][PASSED] - openBrowser(""): Browser is opened with url: ''

2022-02-25 09:06:26 - [MESSAGE][INFO] - User set preference: ['os', 'linux']

2022-02-25 09:06:26 - [MESSAGE][INFO] - User set preference: ['browserName', 'chrome']

2022-02-25 09:06:26 - [MESSAGE][INFO] - User set preference: ['browserVersion', '97']

2022-02-25 09:06:26 - [MESSAGE][INFO] - User set preference: ['katalon:option', '{organizationId=564672, tunnelId=, usingTunnel=false}']

2022-02-25 09:06:26 - [MESSAGE][INFO] - Connecting to remote web server 'testcloud.katalon.com/hub' with type 'Selenium'

2022-02-25 09:06:26 - [MESSAGE][INFO] - Action delay is set to 100 milliseconds

2022-02-25 09:07:55 - [MESSAGE][PASSED] - Browser is opened with url: ''

2022-02-25 09:07:55 - [TEST_STEP][PASSED] - maximizeWindow(): Current window maximized

2022-02-25 09:07:56 - [MESSAGE][PASSED] - Current window maximized

2022-02-25 09:07:56 - [TEST_STEP][PASSED] - navigateToUrl(url): Navigate to 'https://stars-stage.hawk.ru:8080' successfully

2022-02-25 09:08:02 - [MESSAGE][PASSED] - Navigate to 'https://stars-stage.hawk.ru:8080' successfully

2022-02-25 09:08:02 - [TEST_STEP][PASSED] - setText(findTestObject("Object Repository/Page_/input__sc-lnrBVv eqPACj"), admin_login): Text 'TestAdmin@test.ru' is set on object 'Object Repository/Page_/input__sc-lnrBVv eqPACj'

2022-02-25 09:08:06 - [MESSAGE][PASSED] - Text 'TestAdmin@test.ru' is set on object 'Object Repository/Page_/input__sc-lnrBVv eqPACj'

2022-02-25 09:08:06 - [TEST_STEP][PASSED] - setText(findTestObject("Object Repository/Page_/input__sc-lnrBVv eqPACj_1"), admin_password): Text 'TestAdmin@test.ru' is set on object 'Object Repository/Page_/input__sc-lnrBVv eqPACj_1'

2022-02-25 09:08:10 - [MESSAGE][PASSED] - Text 'TestAdmin@test.ru' is set on object 'Object Repository/Page_/input__sc-lnrBVv eqPACj_1'

2022-02-25 09:08:10 - [TEST_STEP][PASSED] - click(findTestObject("Object Repository/Page_/go")): Object: 'Object Repository/Page_/go' is clicked on

2022-02-25 09:08:12 - [MESSAGE][PASSED] - Object: 'Object Repository/Page_/go' is clicked on

2022-02-25 09:08:12 - [MESSAGE][PASSED] - Call Test Case 'Test Cases/Администратор/Авторизация' successfully

2022-02-25 09:08:12 - [TEST_STEP][PASSED] - click(findTestObject("admin/reports/keys/reports/report")): Object: 'Object Repository/admin/reports/keys/reports/report' is clicked on

2022-02-25 09:08:37 - [MESSAGE][PASSED] - Object: 'Object Repository/admin/reports/keys/reports/report' is clicked on

2022-02-25 09:08:37 - [MESSAGE][PASSED] - Call Test Case 'Test Cases/Администратор/Отчет для тк' successfully

2022-02-25 09:08:37 - [TEST_STEP][PASSED] - click(findTestObject("Object Repository/admin/phyz/Page_/phys")): Object: 'Object Repository/admin/phyz/Page_/phys' is clicked on

2022-02-25 09:08:39 - [MESSAGE][PASSED] - Object: 'Object Repository/admin/phyz/Page_/phys' is clicked on

2022-02-25 09:08:39 - [TEST_STEP][PASSED] - click(findTestObject("Object Repository/admin/phyz/Page_/school")): Object: 'Object Repository/admin/phyz/Page_/school' is clicked on

2022-02-25 09:08:41 - [MESSAGE][PASSED] - Object: 'Object Repository/admin/phyz/Page_/school' is clicked on

2022-02-25 09:08:41 - [TEST_STEP][PASSED] - click(findTestObject("Object Repository/admin/phyz/Page_/div_")): Object: 'Object Repository/admin/phyz/Page_/div_' is clicked on

2022-02-25 09:08:43 - [MESSAGE][PASSED] - Object: 'Object Repository/admin/phyz/Page_/div_' is clicked on

2022-02-25 09:08:43 - [TEST_STEP][PASSED] - click(findTestObject("Object Repository/admin/phyz/Page_/div_31.07.2020")): Object: 'Object Repository/admin/phyz/Page_/div_31.07.2020' is clicked on

2022-02-25 09:08:45 - [MESSAGE][PASSED] - Object: 'Object Repository/admin/phyz/Page_/div_31.07.2020' is clicked on

2022-02-25 09:08:45 - [TEST_STEP][PASSED] - click(findTestObject("Object Repository/admin/phyz/Page_/div_31.12.2020")): Object: 'Object Repository/admin/phyz/Page_/div_31.12.2020' is clicked on

2022-02-25 09:08:47 - [MESSAGE][PASSED] - Object: 'Object Repository/admin/phyz/Page_/div_31.12.2020' is clicked on

2022-02-25 09:08:47 - [TEST_STEP][PASSED] - click(findTestObject("Object Repository/admin/phyz/Page_/team")): Object: 'Object Repository/admin/phyz/Page_/team' is clicked on

2022-02-25 09:08:49 - [MESSAGE][PASSED] - Object: 'Object Repository/admin/phyz/Page_/team' is clicked on

2022-02-25 09:08:49 - [TEST_STEP][PASSED] - click(findTestObject("Object Repository/admin/phyz/Page_/oya")): Object: 'Object Repository/admin/phyz/Page_/oya' is clicked on

2022-02-25 09:08:51 - [MESSAGE][PASSED] - Object: 'Object Repository/admin/phyz/Page_/oya' is clicked on

2022-02-25 09:08:51 - [TEST_STEP][PASSED] - verifyTextPresent("Жим штанги лежа", true): Text 'Жим штанги лежа' is present on page  using regular expression

2022-02-25 09:08:54 - [MESSAGE][PASSED] - Text 'Жим штанги лежа' is present on page  using regular expression

2022-02-25 09:08:54 - [TEST_STEP][PASSED] - verifyTextPresent("Подтягивание из виса на перекладине", true): Text 'Подтягивание из виса на перекладине' is present on page  using regular expression

2022-02-25 09:08:56 - [MESSAGE][PASSED] - Text 'Подтягивание из виса на перекладине' is present on page  using regular expression

2022-02-25 09:08:56 - [TEST_STEP][PASSED] - verifyTextPresent("Уголок из виса на турнике", true): Text 'Уголок из виса на турнике' is present on page  using regular expression

2022-02-25 09:08:58 - [MESSAGE][PASSED] - Text 'Уголок из виса на турнике' is present on page  using regular expression

2022-02-25 09:08:58 - [TEST_STEP][PASSED] - click(findTestObject("Object Repository/admin/phyz/Page_/individ")): Object: 'Object Repository/admin/phyz/Page_/individ' is clicked on

2022-02-25 09:09:00 - [MESSAGE][PASSED] - Object: 'Object Repository/admin/phyz/Page_/individ' is clicked on

2022-02-25 09:09:00 - [TEST_STEP][PASSED] - click(findTestObject("Object Repository/admin/phyz/Page_/school")): Object: 'Object Repository/admin/phyz/Page_/school' is clicked on

2022-02-25 09:09:02 - [MESSAGE][PASSED] - Object: 'Object Repository/admin/phyz/Page_/school' is clicked on

2022-02-25 09:09:02 - [TEST_STEP][PASSED] - click(findTestObject("Object Repository/admin/phyz/Page_/div_   . _1")): Object: 'Object Repository/admin/phyz/Page_/div_   . _1' is clicked on

2022-02-25 09:09:04 - [MESSAGE][PASSED] - Object: 'Object Repository/admin/phyz/Page_/div_   . _1' is clicked on

2022-02-25 09:09:04 - [TEST_STEP][PASSED] - click(findTestObject("Object Repository/admin/phyz/Page_/team")): Object: 'Object Repository/admin/phyz/Page_/team' is clicked on

2022-02-25 09:09:06 - [MESSAGE][PASSED] - Object: 'Object Repository/admin/phyz/Page_/team' is clicked on

2022-02-25 09:09:06 - [TEST_STEP][PASSED] - click(findTestObject("Object Repository/admin/phyz/Page_/omsk")): Object: 'Object Repository/admin/phyz/Page_/omsk' is clicked on

2022-02-25 09:09:08 - [MESSAGE][PASSED] - Object: 'Object Repository/admin/phyz/Page_/omsk' is clicked on

2022-02-25 09:09:08 - [TEST_STEP][PASSED] - click(findTestObject("Object Repository/admin/phyz/Page_/div_ (1)")): Object: 'Object Repository/admin/phyz/Page_/div_ (1)' is clicked on

2022-02-25 09:09:10 - [MESSAGE][PASSED] - Object: 'Object Repository/admin/phyz/Page_/div_ (1)' is clicked on

2022-02-25 09:09:10 - [TEST_STEP][PASSED] - setText(findTestObject("Object Repository/admin/phyz/Page_/input__react-select-9-input"), player_for_test): Text 'Власенко Дмитрий' is set on object 'Object Repository/admin/phyz/Page_/input__react-select-9-input'

2022-02-25 09:09:14 - [MESSAGE][PASSED] - Text 'Власенко Дмитрий' is set on object 'Object Repository/admin/phyz/Page_/input__react-select-9-input'

2022-02-25 09:09:14 - [TEST_STEP][PASSED] - sendKeys(findTestObject("Object Repository/admin/phyz/Page_/input__react-select-9-input"), Keys.chord(ENTER)): Keys 'ENTER + ' sent to object: 'Object Repository/admin/phyz/Page_/input__react-select-9-input'

2022-02-25 09:09:16 - [MESSAGE][PASSED] - Keys 'ENTER + ' sent to object: 'Object Repository/admin/phyz/Page_/input__react-select-9-input'

2022-02-25 09:09:16 - [TEST_STEP][PASSED] - verifyTextPresent("Прыжок в высоту", true): Text 'Прыжок в высоту' is present on page  using regular expression

2022-02-25 09:09:18 - [MESSAGE][PASSED] - Text 'Прыжок в высоту' is present on page  using regular expression

2022-02-25 09:09:18 - [TEST_STEP][PASSED] - verifyTextPresent("Челночный бег 5-10-5 \(сек\)", true): Text 'Челночный бег 5-10-5 \(сек\)' is present on page  using regular expression

2022-02-25 09:09:20 - [MESSAGE][PASSED] - Text 'Челночный бег 5-10-5 \(сек\)' is present on page  using regular expression

2022-02-25 09:09:20 - [TEST_STEP][PASSED] - verifyTextPresent("СРЕДНЯЯ ОЦЕНКА", true): Text 'СРЕДНЯЯ ОЦЕНКА' is present on page  using regular expression

2022-02-25 09:09:22 - [MESSAGE][PASSED] - Text 'СРЕДНЯЯ ОЦЕНКА' is present on page  using regular expression

2022-02-25 09:09:22 - [TEST_STEP][PASSED] - verifyTextPresent("Список навыков и характеристики", true): Text 'Список навыков и характеристики' is present on page  using regular expression

2022-02-25 09:09:24 - [MESSAGE][PASSED] - Text 'Список навыков и характеристики' is present on page  using regular expression

2022-02-25 09:09:24 - [TEST_STEP][PASSED] - click(findTestObject("Object Repository/admin/phyz/Page_/home")): Object: 'Object Repository/admin/phyz/Page_/home' is clicked on

2022-02-25 09:09:26 - [MESSAGE][PASSED] - Object: 'Object Repository/admin/phyz/Page_/home' is clicked on

2022-02-25 09:09:26 - [TEST_STEP][PASSED] - scrollToElement(findTestObject("Object Repository/admin/phyz/Page_/exit"), 0): Scroll to object 'Object Repository/admin/phyz/Page_/exit' successfully

2022-02-25 09:09:27 - [MESSAGE][WARNING] - Timeout '0' is invalid. Using default page load timeout: '30'

2022-02-25 09:09:38 - [MESSAGE][PASSED] - Scroll to object 'Object Repository/admin/phyz/Page_/exit' successfully

2022-02-25 09:09:38 - [TEST_STEP][PASSED] - click(findTestObject("Object Repository/admin/phyz/Page_/exit")): Object: 'Object Repository/admin/phyz/Page_/exit' is clicked on

2022-02-25 09:09:40 - [MESSAGE][PASSED] - Object: 'Object Repository/admin/phyz/Page_/exit' is clicked on

2022-02-25 09:09:40 - [TEST_STEP][PASSED] - closeBrowser(): Browser is closed

2022-02-25 09:09:40 - [MESSAGE][PASSED] - Browser is closed]]></system-out>
         <system-err><![CDATA[]]></system-err>
      </testcase>
      <testcase name="Test Cases/Администратор/ОТЧЕТЫ функциональные тесты/Список участников без оценки" time="184.228" classname="Test Cases/Администратор/ОТЧЕТЫ функциональные тесты/Список участников без оценки" status="PASSED">
         <system-out><![CDATA[2022-02-25 09:09:40 - [TEST_CASE][PASSED] - Test Cases/Администратор/ОТЧЕТЫ функциональные тесты/Список участников без оценки: Test Cases/Администратор/ОТЧЕТЫ функциональные тесты/Список участников без оценки

2022-02-25 09:09:41 - [TEST_STEP][PASSED] - callTestCase(findTestCase("Администратор/Отчет для тк"), [:], STOP_ON_FAILURE): Call Test Case 'Test Cases/Администратор/Отчет для тк' successfully

2022-02-25 09:09:41 - [TEST_CASE][PASSED] - Test Cases/Администратор/Отчет для тк: Test Cases/Администратор/Отчет для тк

2022-02-25 09:09:41 - [TEST_STEP][PASSED] - callTestCase(findTestCase("Администратор/Авторизация"), [:], STOP_ON_FAILURE): Call Test Case 'Test Cases/Администратор/Авторизация' successfully

2022-02-25 09:09:42 - [TEST_CASE][PASSED] - Test Cases/Администратор/Авторизация: Test Cases/Администратор/Авторизация

2022-02-25 09:09:42 - [TEST_STEP][PASSED] - openBrowser(""): Browser is opened with url: ''

2022-02-25 09:09:42 - [MESSAGE][INFO] - User set preference: ['os', 'linux']

2022-02-25 09:09:42 - [MESSAGE][INFO] - User set preference: ['browserName', 'chrome']

2022-02-25 09:09:42 - [MESSAGE][INFO] - User set preference: ['browserVersion', '97']

2022-02-25 09:09:42 - [MESSAGE][INFO] - User set preference: ['katalon:option', '{organizationId=564672, tunnelId=, usingTunnel=false}']

2022-02-25 09:09:42 - [MESSAGE][INFO] - Connecting to remote web server 'testcloud.katalon.com/hub' with type 'Selenium'

2022-02-25 09:09:42 - [MESSAGE][INFO] - Action delay is set to 100 milliseconds

2022-02-25 09:11:24 - [MESSAGE][PASSED] - Browser is opened with url: ''

2022-02-25 09:11:24 - [TEST_STEP][PASSED] - maximizeWindow(): Current window maximized

2022-02-25 09:11:24 - [MESSAGE][PASSED] - Current window maximized

2022-02-25 09:11:24 - [TEST_STEP][PASSED] - navigateToUrl(url): Navigate to 'https://stars-stage.hawk.ru:8080' successfully

2022-02-25 09:11:30 - [MESSAGE][PASSED] - Navigate to 'https://stars-stage.hawk.ru:8080' successfully

2022-02-25 09:11:30 - [TEST_STEP][PASSED] - setText(findTestObject("Object Repository/Page_/input__sc-lnrBVv eqPACj"), admin_login): Text 'TestAdmin@test.ru' is set on object 'Object Repository/Page_/input__sc-lnrBVv eqPACj'

2022-02-25 09:11:34 - [MESSAGE][PASSED] - Text 'TestAdmin@test.ru' is set on object 'Object Repository/Page_/input__sc-lnrBVv eqPACj'

2022-02-25 09:11:34 - [TEST_STEP][PASSED] - setText(findTestObject("Object Repository/Page_/input__sc-lnrBVv eqPACj_1"), admin_password): Text 'TestAdmin@test.ru' is set on object 'Object Repository/Page_/input__sc-lnrBVv eqPACj_1'

2022-02-25 09:11:38 - [MESSAGE][PASSED] - Text 'TestAdmin@test.ru' is set on object 'Object Repository/Page_/input__sc-lnrBVv eqPACj_1'

2022-02-25 09:11:38 - [TEST_STEP][PASSED] - click(findTestObject("Object Repository/Page_/go")): Object: 'Object Repository/Page_/go' is clicked on

2022-02-25 09:11:41 - [MESSAGE][PASSED] - Object: 'Object Repository/Page_/go' is clicked on

2022-02-25 09:11:41 - [MESSAGE][PASSED] - Call Test Case 'Test Cases/Администратор/Авторизация' successfully

2022-02-25 09:11:41 - [TEST_STEP][PASSED] - click(findTestObject("admin/reports/keys/reports/report")): Object: 'Object Repository/admin/reports/keys/reports/report' is clicked on

2022-02-25 09:11:58 - [MESSAGE][PASSED] - Object: 'Object Repository/admin/reports/keys/reports/report' is clicked on

2022-02-25 09:11:58 - [MESSAGE][PASSED] - Call Test Case 'Test Cases/Администратор/Отчет для тк' successfully

2022-02-25 09:11:58 - [TEST_STEP][PASSED] - click(findTestObject("Object Repository/admin/reports/not/Page_/not")): Object: 'Object Repository/admin/reports/not/Page_/not' is clicked on

2022-02-25 09:12:00 - [MESSAGE][PASSED] - Object: 'Object Repository/admin/reports/not/Page_/not' is clicked on

2022-02-25 09:12:00 - [TEST_STEP][PASSED] - verifyTextPresent("СПИСОК УЧАСТНИКОВ БЕЗ ОЦЕНКИ", true): Text 'СПИСОК УЧАСТНИКОВ БЕЗ ОЦЕНКИ' is present on page  using regular expression

2022-02-25 09:12:11 - [MESSAGE][PASSED] - Text 'СПИСОК УЧАСТНИКОВ БЕЗ ОЦЕНКИ' is present on page  using regular expression

2022-02-25 09:12:11 - [TEST_STEP][PASSED] - takeFullPageScreenshot("C:\scr\" + school + "29.jpg"): Taking screenshot successfully

2022-02-25 09:12:16 - [MESSAGE][INFO] - 0 hidden object(s)

2022-02-25 09:12:17 - [MESSAGE][PASSED] - Taking screenshot successfully
[[ATTACHMENT|C:\scr\Авангард-200529.jpg]]

2022-02-25 09:12:17 - [TEST_STEP][PASSED] - setText(findTestObject("Object Repository/admin/reports/not/Page_/input__react-select-2-input"), "ака"): Text 'ака' is set on object 'Object Repository/admin/reports/not/Page_/input__react-select-2-input'

2022-02-25 09:12:21 - [MESSAGE][PASSED] - Text 'ака' is set on object 'Object Repository/admin/reports/not/Page_/input__react-select-2-input'

2022-02-25 09:12:21 - [TEST_STEP][PASSED] - sendKeys(findTestObject("Object Repository/admin/reports/not/Page_/input__react-select-2-input"), Keys.chord(ENTER)): Keys 'ENTER + ' sent to object: 'Object Repository/admin/reports/not/Page_/input__react-select-2-input'

2022-02-25 09:12:23 - [MESSAGE][PASSED] - Keys 'ENTER + ' sent to object: 'Object Repository/admin/reports/not/Page_/input__react-select-2-input'

2022-02-25 09:12:23 - [TEST_STEP][PASSED] - setText(findTestObject("Object Repository/admin/reports/not/Page_/input__react-select-3-input"), school): Text 'Авангард-2005' is set on object 'Object Repository/admin/reports/not/Page_/input__react-select-3-input'

2022-02-25 09:12:27 - [MESSAGE][PASSED] - Text 'Авангард-2005' is set on object 'Object Repository/admin/reports/not/Page_/input__react-select-3-input'

2022-02-25 09:12:27 - [TEST_STEP][PASSED] - sendKeys(findTestObject("Object Repository/admin/reports/not/Page_/input__react-select-3-input"), Keys.chord(ENTER)): Keys 'ENTER + ' sent to object: 'Object Repository/admin/reports/not/Page_/input__react-select-3-input'

2022-02-25 09:12:30 - [MESSAGE][PASSED] - Keys 'ENTER + ' sent to object: 'Object Repository/admin/reports/not/Page_/input__react-select-3-input'

2022-02-25 09:12:30 - [TEST_STEP][PASSED] - setText(findTestObject("Object Repository/admin/reports/not/Page_/input__react-select-4-input"), "26.8"): Text '26.8' is set on object 'Object Repository/admin/reports/not/Page_/input__react-select-4-input'

2022-02-25 09:12:34 - [MESSAGE][PASSED] - Text '26.8' is set on object 'Object Repository/admin/reports/not/Page_/input__react-select-4-input'

2022-02-25 09:12:34 - [TEST_STEP][PASSED] - sendKeys(findTestObject("Object Repository/admin/reports/not/Page_/input__react-select-4-input"), Keys.chord(ENTER)): Keys 'ENTER + ' sent to object: 'Object Repository/admin/reports/not/Page_/input__react-select-4-input'

2022-02-25 09:12:36 - [MESSAGE][PASSED] - Keys 'ENTER + ' sent to object: 'Object Repository/admin/reports/not/Page_/input__react-select-4-input'

2022-02-25 09:12:36 - [TEST_STEP][PASSED] - takeFullPageScreenshot("C:\scr\" + school + "30.jpg"): Taking screenshot successfully

2022-02-25 09:12:41 - [MESSAGE][INFO] - 0 hidden object(s)

2022-02-25 09:12:42 - [MESSAGE][PASSED] - Taking screenshot successfully
[[ATTACHMENT|C:\scr\Авангард-200530.jpg]]

2022-02-25 09:12:42 - [TEST_STEP][PASSED] - click(findTestObject("Object Repository/manager/kale/Page_/root")): Object: 'Object Repository/manager/kale/Page_/root' is clicked on

2022-02-25 09:12:44 - [MESSAGE][PASSED] - Object: 'Object Repository/manager/kale/Page_/root' is clicked on

2022-02-25 09:12:44 - [TEST_STEP][PASSED] - closeBrowser(): Browser is closed

2022-02-25 09:12:45 - [MESSAGE][PASSED] - Browser is closed]]></system-out>
         <system-err><![CDATA[]]></system-err>
      </testcase>
      <testcase name="Test Cases/Администратор/ОТЧЕТЫ функциональные тесты/Отчет психофиз" time="182.271" classname="Test Cases/Администратор/ОТЧЕТЫ функциональные тесты/Отчет психофиз" status="FAILED">
         <failure type="FAILED" message="Test Cases/Администратор/ОТЧЕТЫ функциональные тесты/Отчет психофиз FAILED.
Reason:
com.kms.katalon.core.exception.StepFailedException: Unable to scroll to object 'Object Repository/Avangard New/Object (Администратор)/Case (Психофиз)/exstraversi'
	at com.kms.katalon.core.webui.keyword.internal.WebUIKeywordMain.stepFailed(WebUIKeywordMain.groovy:64)
	at com.kms.katalon.core.webui.keyword.internal.WebUIKeywordMain.runKeyword(WebUIKeywordMain.groovy:26)
	at com.kms.katalon.core.webui.keyword.builtin.ScrollToElementKeyword.scrollToElement(ScrollToElementKeyword.groovy:88)
	at com.kms.katalon.core.webui.keyword.builtin.ScrollToElementKeyword.execute(ScrollToElementKeyword.groovy:68)
	at com.kms.katalon.core.keyword.internal.KeywordExecutor.executeKeywordForPlatform(KeywordExecutor.groovy:74)
	at com.kms.katalon.core.webui.keyword.WebUiBuiltInKeywords.scrollToElement(WebUiBuiltInKeywords.groovy:4061)
	at com.kms.katalon.core.webui.keyword.WebUiBuiltInKeywords$scrollToElement$5.call(Unknown Source)
	at Отчет психофиз.run(Отчет психофиз:70)
	at com.kms.katalon.core.main.ScriptEngine.run(ScriptEngine.java:194)
	at com.kms.katalon.core.main.ScriptEngine.runScriptAsRawText(ScriptEngine.java:119)
	at com.kms.katalon.core.main.TestCaseExecutor.runScript(TestCaseExecutor.java:442)
	at com.kms.katalon.core.main.TestCaseExecutor.doExecute(TestCaseExecutor.java:433)
	at com.kms.katalon.core.main.TestCaseExecutor.processExecutionPhase(TestCaseExecutor.java:412)
	at com.kms.katalon.core.main.TestCaseExecutor.accessMainPhase(TestCaseExecutor.java:404)
	at com.kms.katalon.core.main.TestCaseExecutor.execute(TestCaseExecutor.java:281)
	at com.kms.katalon.core.main.TestSuiteExecutor.accessTestCaseMainPhase(TestSuiteExecutor.java:202)
	at com.kms.katalon.core.main.TestSuiteExecutor.accessTestSuiteMainPhase(TestSuiteExecutor.java:164)
	at com.kms.katalon.core.main.TestSuiteExecutor.execute(TestSuiteExecutor.java:105)
	at com.kms.katalon.core.main.TestCaseMain.startTestSuite(TestCaseMain.java:185)
	at com.kms.katalon.core.main.TestCaseMain$startTestSuite$0.call(Unknown Source)
	at TempTestSuite1645768435326.run(TempTestSuite1645768435326.groovy:36)
Caused by: com.kms.katalon.core.webui.exception.WebElementNotFoundException: Web element with id: 'Object Repository/Avangard New/Object (Администратор)/Case (Психофиз)/exstraversi' located by '//p[(text() = 'Экстраверсия' or . = 'Экстраверсия')]' not found
	at com.kms.katalon.core.webui.common.WebUiCommonHelper.findWebElement(WebUiCommonHelper.java:1370)
	at com.kms.katalon.core.webui.keyword.internal.WebUIAbstractKeyword.findWebElement(WebUIAbstractKeyword.groovy:27)
	at com.kms.katalon.core.webui.keyword.internal.WebUIAbstractKeyword.findWebElement(WebUIAbstractKeyword.groovy:26)
	at com.kms.katalon.core.webui.keyword.builtin.ScrollToElementKeyword$_scrollToElement_closure1.doCall(ScrollToElementKeyword.groovy:79)
	at com.kms.katalon.core.webui.keyword.builtin.ScrollToElementKeyword$_scrollToElement_closure1.call(ScrollToElementKeyword.groovy)
	at com.kms.katalon.core.webui.keyword.internal.WebUIKeywordMain.runKeyword(WebUIKeywordMain.groovy:20)
	... 19 more
"/>
         <system-out><![CDATA[2022-02-25 09:12:45 - [TEST_CASE][FAILED] - Test Cases/Администратор/ОТЧЕТЫ функциональные тесты/Отчет психофиз: Test Cases/Администратор/ОТЧЕТЫ функциональные тесты/Отчет психофиз FAILED.
Reason:
com.kms.katalon.core.exception.StepFailedException: Unable to scroll to object 'Object Repository/Avangard New/Object (Администратор)/Case (Психофиз)/exstraversi'
	at com.kms.katalon.core.webui.keyword.internal.WebUIKeywordMain.stepFailed(WebUIKeywordMain.groovy:64)
	at com.kms.katalon.core.webui.keyword.internal.WebUIKeywordMain.runKeyword(WebUIKeywordMain.groovy:26)
	at com.kms.katalon.core.webui.keyword.builtin.ScrollToElementKeyword.scrollToElement(ScrollToElementKeyword.groovy:88)
	at com.kms.katalon.core.webui.keyword.builtin.ScrollToElementKeyword.execute(ScrollToElementKeyword.groovy:68)
	at com.kms.katalon.core.keyword.internal.KeywordExecutor.executeKeywordForPlatform(KeywordExecutor.groovy:74)
	at com.kms.katalon.core.webui.keyword.WebUiBuiltInKeywords.scrollToElement(WebUiBuiltInKeywords.groovy:4061)
	at com.kms.katalon.core.webui.keyword.WebUiBuiltInKeywords$scrollToElement$5.call(Unknown Source)
	at Отчет психофиз.run(Отчет психофиз:70)
	at com.kms.katalon.core.main.ScriptEngine.run(ScriptEngine.java:194)
	at com.kms.katalon.core.main.ScriptEngine.runScriptAsRawText(ScriptEngine.java:119)
	at com.kms.katalon.core.main.TestCaseExecutor.runScript(TestCaseExecutor.java:442)
	at com.kms.katalon.core.main.TestCaseExecutor.doExecute(TestCaseExecutor.java:433)
	at com.kms.katalon.core.main.TestCaseExecutor.processExecutionPhase(TestCaseExecutor.java:412)
	at com.kms.katalon.core.main.TestCaseExecutor.accessMainPhase(TestCaseExecutor.java:404)
	at com.kms.katalon.core.main.TestCaseExecutor.execute(TestCaseExecutor.java:281)
	at com.kms.katalon.core.main.TestSuiteExecutor.accessTestCaseMainPhase(TestSuiteExecutor.java:202)
	at com.kms.katalon.core.main.TestSuiteExecutor.accessTestSuiteMainPhase(TestSuiteExecutor.java:164)
	at com.kms.katalon.core.main.TestSuiteExecutor.execute(TestSuiteExecutor.java:105)
	at com.kms.katalon.core.main.TestCaseMain.startTestSuite(TestCaseMain.java:185)
	at com.kms.katalon.core.main.TestCaseMain$startTestSuite$0.call(Unknown Source)
	at TempTestSuite1645768435326.run(TempTestSuite1645768435326.groovy:36)
Caused by: com.kms.katalon.core.webui.exception.WebElementNotFoundException: Web element with id: 'Object Repository/Avangard New/Object (Администратор)/Case (Психофиз)/exstraversi' located by '//p[(text() = 'Экстраверсия' or . = 'Экстраверсия')]' not found
	at com.kms.katalon.core.webui.common.WebUiCommonHelper.findWebElement(WebUiCommonHelper.java:1370)
	at com.kms.katalon.core.webui.keyword.internal.WebUIAbstractKeyword.findWebElement(WebUIAbstractKeyword.groovy:27)
	at com.kms.katalon.core.webui.keyword.internal.WebUIAbstractKeyword.findWebElement(WebUIAbstractKeyword.groovy:26)
	at com.kms.katalon.core.webui.keyword.builtin.ScrollToElementKeyword$_scrollToElement_closure1.doCall(ScrollToElementKeyword.groovy:79)
	at com.kms.katalon.core.webui.keyword.builtin.ScrollToElementKeyword$_scrollToElement_closure1.call(ScrollToElementKeyword.groovy)
	at com.kms.katalon.core.webui.keyword.internal.WebUIKeywordMain.runKeyword(WebUIKeywordMain.groovy:20)
	... 19 more


2022-02-25 09:12:46 - [TEST_STEP][PASSED] - callTestCase(findTestCase("Администратор/Отчет для тк"), [:], STOP_ON_FAILURE): Call Test Case 'Test Cases/Администратор/Отчет для тк' successfully

2022-02-25 09:12:46 - [TEST_CASE][PASSED] - Test Cases/Администратор/Отчет для тк: Test Cases/Администратор/Отчет для тк

2022-02-25 09:12:46 - [TEST_STEP][PASSED] - callTestCase(findTestCase("Администратор/Авторизация"), [:], STOP_ON_FAILURE): Call Test Case 'Test Cases/Администратор/Авторизация' successfully

2022-02-25 09:12:46 - [TEST_CASE][PASSED] - Test Cases/Администратор/Авторизация: Test Cases/Администратор/Авторизация

2022-02-25 09:12:46 - [TEST_STEP][PASSED] - openBrowser(""): Browser is opened with url: ''

2022-02-25 09:12:46 - [MESSAGE][INFO] - User set preference: ['os', 'linux']

2022-02-25 09:12:46 - [MESSAGE][INFO] - User set preference: ['browserName', 'chrome']

2022-02-25 09:12:46 - [MESSAGE][INFO] - User set preference: ['browserVersion', '97']

2022-02-25 09:12:46 - [MESSAGE][INFO] - User set preference: ['katalon:option', '{organizationId=564672, tunnelId=, usingTunnel=false}']

2022-02-25 09:12:46 - [MESSAGE][INFO] - Connecting to remote web server 'testcloud.katalon.com/hub' with type 'Selenium'

2022-02-25 09:12:46 - [MESSAGE][INFO] - Action delay is set to 100 milliseconds

2022-02-25 09:13:39 - [MESSAGE][PASSED] - Browser is opened with url: ''

2022-02-25 09:13:39 - [TEST_STEP][PASSED] - maximizeWindow(): Current window maximized

2022-02-25 09:13:39 - [MESSAGE][PASSED] - Current window maximized

2022-02-25 09:13:39 - [TEST_STEP][PASSED] - navigateToUrl(url): Navigate to 'https://stars-stage.hawk.ru:8080' successfully

2022-02-25 09:13:45 - [MESSAGE][PASSED] - Navigate to 'https://stars-stage.hawk.ru:8080' successfully

2022-02-25 09:13:45 - [TEST_STEP][PASSED] - setText(findTestObject("Object Repository/Page_/input__sc-lnrBVv eqPACj"), admin_login): Text 'TestAdmin@test.ru' is set on object 'Object Repository/Page_/input__sc-lnrBVv eqPACj'

2022-02-25 09:13:49 - [MESSAGE][PASSED] - Text 'TestAdmin@test.ru' is set on object 'Object Repository/Page_/input__sc-lnrBVv eqPACj'

2022-02-25 09:13:49 - [TEST_STEP][PASSED] - setText(findTestObject("Object Repository/Page_/input__sc-lnrBVv eqPACj_1"), admin_password): Text 'TestAdmin@test.ru' is set on object 'Object Repository/Page_/input__sc-lnrBVv eqPACj_1'

2022-02-25 09:13:53 - [MESSAGE][PASSED] - Text 'TestAdmin@test.ru' is set on object 'Object Repository/Page_/input__sc-lnrBVv eqPACj_1'

2022-02-25 09:13:53 - [TEST_STEP][PASSED] - click(findTestObject("Object Repository/Page_/go")): Object: 'Object Repository/Page_/go' is clicked on

2022-02-25 09:13:55 - [MESSAGE][PASSED] - Object: 'Object Repository/Page_/go' is clicked on

2022-02-25 09:13:55 - [MESSAGE][PASSED] - Call Test Case 'Test Cases/Администратор/Авторизация' successfully

2022-02-25 09:13:55 - [TEST_STEP][PASSED] - click(findTestObject("admin/reports/keys/reports/report")): Object: 'Object Repository/admin/reports/keys/reports/report' is clicked on

2022-02-25 09:14:13 - [MESSAGE][PASSED] - Object: 'Object Repository/admin/reports/keys/reports/report' is clicked on

2022-02-25 09:14:13 - [MESSAGE][PASSED] - Call Test Case 'Test Cases/Администратор/Отчет для тк' successfully

2022-02-25 09:14:13 - [TEST_STEP][PASSED] - click(findTestObject("Object Repository/Avangard New/Object (Администратор)/Case (Психофиз)/psyxofiz report")): Object: 'Object Repository/Avangard New/Object (Администратор)/Case (Психофиз)/psyxofiz report' is clicked on

2022-02-25 09:14:17 - [MESSAGE][PASSED] - Object: 'Object Repository/Avangard New/Object (Администратор)/Case (Психофиз)/psyxofiz report' is clicked on

2022-02-25 09:14:17 - [TEST_STEP][PASSED] - verifyElementText(findTestObject("Object Repository/Avangard New/Object (Администратор)/Case (Психофиз)/header report"), "ОТЧЕТ ПСИХОЛОГИЧЕСКОГО ПРОФИЛЯ"): Actual text and expected text of test object 'Object Repository/Avangard New/Object (Администратор)/Case (Психофиз)/header report' are matched.

2022-02-25 09:14:19 - [MESSAGE][PASSED] - Actual text and expected text of test object 'Object Repository/Avangard New/Object (Администратор)/Case (Психофиз)/header report' are matched.

2022-02-25 09:14:19 - [TEST_STEP][PASSED] - click(findTestObject("Object Repository/Avangard New/Object (Администратор)/Case (Психофиз)/scool")): Object: 'Object Repository/Avangard New/Object (Администратор)/Case (Психофиз)/scool' is clicked on

2022-02-25 09:14:21 - [MESSAGE][PASSED] - Object: 'Object Repository/Avangard New/Object (Администратор)/Case (Психофиз)/scool' is clicked on

2022-02-25 09:14:21 - [TEST_STEP][PASSED] - click(findTestObject("Object Repository/Avangard New/Object (Администратор)/Case (Психофиз)/div_")): Object: 'Object Repository/Avangard New/Object (Администратор)/Case (Психофиз)/div_' is clicked on

2022-02-25 09:14:23 - [MESSAGE][PASSED] - Object: 'Object Repository/Avangard New/Object (Администратор)/Case (Психофиз)/div_' is clicked on

2022-02-25 09:14:23 - [TEST_STEP][PASSED] - click(findTestObject("Object Repository/Avangard New/Object (Администратор)/Case (Психофиз)/team")): Object: 'Object Repository/Avangard New/Object (Администратор)/Case (Психофиз)/team' is clicked on

2022-02-25 09:14:25 - [MESSAGE][PASSED] - Object: 'Object Repository/Avangard New/Object (Администратор)/Case (Психофиз)/team' is clicked on

2022-02-25 09:14:25 - [TEST_STEP][PASSED] - click(findTestObject("Object Repository/Avangard New/Object (Администратор)/Case (Психофиз)/oya")): Object: 'Object Repository/Avangard New/Object (Администратор)/Case (Психофиз)/oya' is clicked on

2022-02-25 09:14:28 - [MESSAGE][PASSED] - Object: 'Object Repository/Avangard New/Object (Администратор)/Case (Психофиз)/oya' is clicked on

2022-02-25 09:14:28 - [TEST_STEP][PASSED] - setText(findTestObject("Object Repository/Avangard New/Object (Администратор)/Case (Психофиз)/input__ganin"), player_for_test): Text 'Власенко Дмитрий' is set on object 'Object Repository/Avangard New/Object (Администратор)/Case (Психофиз)/input__ganin'

2022-02-25 09:14:32 - [MESSAGE][PASSED] - Text 'Власенко Дмитрий' is set on object 'Object Repository/Avangard New/Object (Администратор)/Case (Психофиз)/input__ganin'

2022-02-25 09:14:32 - [TEST_STEP][PASSED] - sendKeys(findTestObject("Object Repository/admin/Global player"), Keys.chord(ENTER)): Keys 'ENTER + ' sent to object: 'Object Repository/admin/Global player'

2022-02-25 09:14:33 - [MESSAGE][PASSED] - Keys 'ENTER + ' sent to object: 'Object Repository/admin/Global player'

2022-02-25 09:14:33 - [TEST_STEP][PASSED] - click(findTestObject("Object Repository/Avangard New/Object (Администратор)/Case (Психофиз)/date")): Object: 'Object Repository/Avangard New/Object (Администратор)/Case (Психофиз)/date' is clicked on

2022-02-25 09:14:39 - [MESSAGE][PASSED] - Object: 'Object Repository/Avangard New/Object (Администратор)/Case (Психофиз)/date' is clicked on

2022-02-25 09:14:39 - [TEST_STEP][PASSED] - click(findTestObject("Object Repository/Avangard New/Object (Администратор)/Case (Психофиз)/date 14 01")): Object: 'Object Repository/Avangard New/Object (Администратор)/Case (Психофиз)/date 14 01' is clicked on

2022-02-25 09:14:40 - [MESSAGE][PASSED] - Object: 'Object Repository/Avangard New/Object (Администратор)/Case (Психофиз)/date 14 01' is clicked on

2022-02-25 09:14:40 - [TEST_STEP][PASSED] - scrollToElement(findTestObject("Avangard New/Object (Администратор)/Case (Психофиз)/reaction easy1"), 0): Scroll to object 'Object Repository/Avangard New/Object (Администратор)/Case (Психофиз)/reaction easy1' successfully

2022-02-25 09:14:41 - [MESSAGE][WARNING] - Timeout '0' is invalid. Using default page load timeout: '30'

2022-02-25 09:14:46 - [MESSAGE][PASSED] - Scroll to object 'Object Repository/Avangard New/Object (Администратор)/Case (Психофиз)/reaction easy1' successfully

2022-02-25 09:14:46 - [TEST_STEP][PASSED] - verifyElementText(findTestObject("Avangard New/Object (Администратор)/Case (Психофиз)/reaction easy1"), "Реакция на простой стимул"): Actual text and expected text of test object 'Object Repository/Avangard New/Object (Администратор)/Case (Психофиз)/reaction easy1' are matched.

2022-02-25 09:14:48 - [MESSAGE][PASSED] - Actual text and expected text of test object 'Object Repository/Avangard New/Object (Администратор)/Case (Психофиз)/reaction easy1' are matched.

2022-02-25 09:14:48 - [TEST_STEP][PASSED] - verifyElementText(findTestObject("Avangard New/Object (Администратор)/Case (Психофиз)/reaction hard1"), "Реакция на сложный стимул"): Actual text and expected text of test object 'Object Repository/Avangard New/Object (Администратор)/Case (Психофиз)/reaction hard1' are matched.

2022-02-25 09:14:49 - [MESSAGE][PASSED] - Actual text and expected text of test object 'Object Repository/Avangard New/Object (Администратор)/Case (Психофиз)/reaction hard1' are matched.

2022-02-25 09:14:49 - [TEST_STEP][PASSED] - scrollToElement(findTestObject("Object Repository/Avangard New/Object (Администратор)/Case (Психофиз)/season (1)"), 0): Scroll to object 'Object Repository/Avangard New/Object (Администратор)/Case (Психофиз)/season (1)' successfully

2022-02-25 09:14:49 - [MESSAGE][WARNING] - Timeout '0' is invalid. Using default page load timeout: '30'

2022-02-25 09:14:51 - [MESSAGE][PASSED] - Scroll to object 'Object Repository/Avangard New/Object (Администратор)/Case (Психофиз)/season (1)' successfully

2022-02-25 09:14:51 - [TEST_STEP][PASSED] - click(findTestObject("Object Repository/Avangard New/Object (Администратор)/Case (Психофиз)/topologic")): Object: 'Object Repository/Avangard New/Object (Администратор)/Case (Психофиз)/topologic' is clicked on

2022-02-25 09:14:53 - [MESSAGE][PASSED] - Object: 'Object Repository/Avangard New/Object (Администратор)/Case (Психофиз)/topologic' is clicked on

2022-02-25 09:14:53 - [TEST_STEP][PASSED] - click(findTestObject("Object Repository/Avangard New/Object (Администратор)/Case (Психофиз)/season (1)")): Object: 'Object Repository/Avangard New/Object (Администратор)/Case (Психофиз)/season (1)' is clicked on

2022-02-25 09:14:55 - [MESSAGE][PASSED] - Object: 'Object Repository/Avangard New/Object (Администратор)/Case (Психофиз)/season (1)' is clicked on

2022-02-25 09:14:55 - [TEST_STEP][PASSED] - click(findTestObject("Object Repository/Avangard New/Object (Администратор)/Case (Психофиз)/21-22")): Object: 'Object Repository/Avangard New/Object (Администратор)/Case (Психофиз)/21-22' is clicked on

2022-02-25 09:14:58 - [MESSAGE][PASSED] - Object: 'Object Repository/Avangard New/Object (Администратор)/Case (Психофиз)/21-22' is clicked on

2022-02-25 09:14:58 - [TEST_STEP][FAILED] - scrollToElement(findTestObject("Avangard New/Object (Администратор)/Case (Психофиз)/exstraversi"), 0): Unable to scroll to object 'Object Repository/Avangard New/Object (Администратор)/Case (Психофиз)/exstraversi' (Root cause: com.kms.katalon.core.exception.StepFailedException: Unable to scroll to object 'Object Repository/Avangard New/Object (Администратор)/Case (Психофиз)/exstraversi'
	at com.kms.katalon.core.webui.keyword.internal.WebUIKeywordMain.stepFailed(WebUIKeywordMain.groovy:64)
	at com.kms.katalon.core.webui.keyword.internal.WebUIKeywordMain.runKeyword(WebUIKeywordMain.groovy:26)
	at com.kms.katalon.core.webui.keyword.builtin.ScrollToElementKeyword.scrollToElement(ScrollToElementKeyword.groovy:88)
	at com.kms.katalon.core.webui.keyword.builtin.ScrollToElementKeyword.execute(ScrollToElementKeyword.groovy:68)
	at com.kms.katalon.core.keyword.internal.KeywordExecutor.executeKeywordForPlatform(KeywordExecutor.groovy:74)
	at com.kms.katalon.core.webui.keyword.WebUiBuiltInKeywords.scrollToElement(WebUiBuiltInKeywords.groovy:4061)
	at com.kms.katalon.core.webui.keyword.WebUiBuiltInKeywords$scrollToElement$5.call(Unknown Source)
	at Отчет психофиз.run(Отчет психофиз:70)
	at com.kms.katalon.core.main.ScriptEngine.run(ScriptEngine.java:194)
	at com.kms.katalon.core.main.ScriptEngine.runScriptAsRawText(ScriptEngine.java:119)
	at com.kms.katalon.core.main.TestCaseExecutor.runScript(TestCaseExecutor.java:442)
	at com.kms.katalon.core.main.TestCaseExecutor.doExecute(TestCaseExecutor.java:433)
	at com.kms.katalon.core.main.TestCaseExecutor.processExecutionPhase(TestCaseExecutor.java:412)
	at com.kms.katalon.core.main.TestCaseExecutor.accessMainPhase(TestCaseExecutor.java:404)
	at com.kms.katalon.core.main.TestCaseExecutor.execute(TestCaseExecutor.java:281)
	at com.kms.katalon.core.main.TestSuiteExecutor.accessTestCaseMainPhase(TestSuiteExecutor.java:202)
	at com.kms.katalon.core.main.TestSuiteExecutor.accessTestSuiteMainPhase(TestSuiteExecutor.java:164)
	at com.kms.katalon.core.main.TestSuiteExecutor.execute(TestSuiteExecutor.java:105)
	at com.kms.katalon.core.main.TestCaseMain.startTestSuite(TestCaseMain.java:185)
	at com.kms.katalon.core.main.TestCaseMain$startTestSuite$0.call(Unknown Source)
	at TempTestSuite1645768435326.run(TempTestSuite1645768435326.groovy:36)
Caused by: com.kms.katalon.core.webui.exception.WebElementNotFoundException: Web element with id: 'Object Repository/Avangard New/Object (Администратор)/Case (Психофиз)/exstraversi' located by '//p[(text() = 'Экстраверсия' or . = 'Экстраверсия')]' not found
	at com.kms.katalon.core.webui.common.WebUiCommonHelper.findWebElement(WebUiCommonHelper.java:1370)
	at com.kms.katalon.core.webui.keyword.internal.WebUIAbstractKeyword.findWebElement(WebUIAbstractKeyword.groovy:27)
	at com.kms.katalon.core.webui.keyword.internal.WebUIAbstractKeyword.findWebElement(WebUIAbstractKeyword.groovy:26)
	at com.kms.katalon.core.webui.keyword.builtin.ScrollToElementKeyword$_scrollToElement_closure1.doCall(ScrollToElementKeyword.groovy:79)
	at com.kms.katalon.core.webui.keyword.builtin.ScrollToElementKeyword$_scrollToElement_closure1.call(ScrollToElementKeyword.groovy)
	at com.kms.katalon.core.webui.keyword.internal.WebUIKeywordMain.runKeyword(WebUIKeywordMain.groovy:20)
	at com.kms.katalon.core.webui.keyword.builtin.ScrollToElementKeyword.scrollToElement(ScrollToElementKeyword.groovy:88)
	at com.kms.katalon.core.webui.keyword.builtin.ScrollToElementKeyword.execute(ScrollToElementKeyword.groovy:68)
	at com.kms.katalon.core.keyword.internal.KeywordExecutor.executeKeywordForPlatform(KeywordExecutor.groovy:74)
	at com.kms.katalon.core.webui.keyword.WebUiBuiltInKeywords.scrollToElement(WebUiBuiltInKeywords.groovy:4061)
	at com.kms.katalon.core.webui.keyword.WebUiBuiltInKeywords$scrollToElement$5.call(Unknown Source)
	at Script1645083258462.run(Script1645083258462.groovy:70)
	... 13 more
)

2022-02-25 09:14:58 - [MESSAGE][WARNING] - Timeout '0' is invalid. Using default page load timeout: '30'

2022-02-25 09:15:29 - [MESSAGE][INFO] - Unable to find the element located by 'By.xpath: //p[(text() = 'Экстраверсия' or . = 'Экстраверсия')]'. Please recheck the objects properties to make sure the desired element is located. 

2022-02-25 09:15:29 - [MESSAGE][WARNING] - [SELF-HEALING] Failed to find element with id 'Object Repository/Avangard New/Object (Администратор)/Case (Психофиз)/exstraversi'. Try using Self-healing.

2022-02-25 09:15:31 - [MESSAGE][INFO] - [SELF-HEALING] Failed Locator: '//div[@id='rc-tabs-0-panel-1']/div[2]/div[2]/div/div/div/div/div[2]/p[2]'.

2022-02-25 09:15:32 - [MESSAGE][INFO] - [SELF-HEALING] Failed Locator: '(.//*[normalize-space(text()) and normalize-space(.)='Индивидуально-типологический'])[1]/following::p[17]'.

2022-02-25 09:15:34 - [MESSAGE][INFO] - [SELF-HEALING] Failed Locator: '(.//*[normalize-space(text()) and normalize-space(.)='Психологический'])[1]/following::p[17]'.

2022-02-25 09:15:35 - [MESSAGE][INFO] - [SELF-HEALING] Failed Locator: '(.//*[normalize-space(text()) and normalize-space(.)='Редактирование профиля'])[1]/preceding::p[29]'.

2022-02-25 09:15:36 - [MESSAGE][INFO] - [SELF-HEALING] Failed Locator: '//*/text()[normalize-space(.)='Экстраверсия']/parent::*'.

2022-02-25 09:15:38 - [MESSAGE][INFO] - [SELF-HEALING] Failed Locator: '//div[2]/div/div/div/div/div[2]/p[2]'.

2022-02-25 09:15:39 - [MESSAGE][INFO] - [SELF-HEALING] Failed Locator: '//p[(text() = 'Экстраверсия' or . = 'Экстраверсия')]'.

2022-02-25 09:15:40 - [MESSAGE][INFO] - Unable to find the element located by 'By.xpath: //*[(text() = 'Экстраверсия' or . = 'Экстраверсия')]'. Please recheck the objects properties to make sure the desired element is located. 

2022-02-25 09:15:42 - [MESSAGE][INFO] - Unable to find the element located by 'By.cssSelector: p.styles__SkillName-sc-8xsnvi-9.fxKVA'. Please recheck the objects properties to make sure the desired element is located. 

2022-02-25 09:15:44 - [MESSAGE][FAILED] - Unable to scroll to object 'Object Repository/Avangard New/Object (Администратор)/Case (Психофиз)/exstraversi' (Root cause: com.kms.katalon.core.exception.StepFailedException: Unable to scroll to object 'Object Repository/Avangard New/Object (Администратор)/Case (Психофиз)/exstraversi'
	at com.kms.katalon.core.webui.keyword.internal.WebUIKeywordMain.stepFailed(WebUIKeywordMain.groovy:64)
	at com.kms.katalon.core.webui.keyword.internal.WebUIKeywordMain.runKeyword(WebUIKeywordMain.groovy:26)
	at com.kms.katalon.core.webui.keyword.builtin.ScrollToElementKeyword.scrollToElement(ScrollToElementKeyword.groovy:88)
	at com.kms.katalon.core.webui.keyword.builtin.ScrollToElementKeyword.execute(ScrollToElementKeyword.groovy:68)
	at com.kms.katalon.core.keyword.internal.KeywordExecutor.executeKeywordForPlatform(KeywordExecutor.groovy:74)
	at com.kms.katalon.core.webui.keyword.WebUiBuiltInKeywords.scrollToElement(WebUiBuiltInKeywords.groovy:4061)
	at com.kms.katalon.core.webui.keyword.WebUiBuiltInKeywords$scrollToElement$5.call(Unknown Source)
	at Отчет психофиз.run(Отчет психофиз:70)
	at com.kms.katalon.core.main.ScriptEngine.run(ScriptEngine.java:194)
	at com.kms.katalon.core.main.ScriptEngine.runScriptAsRawText(ScriptEngine.java:119)
	at com.kms.katalon.core.main.TestCaseExecutor.runScript(TestCaseExecutor.java:442)
	at com.kms.katalon.core.main.TestCaseExecutor.doExecute(TestCaseExecutor.java:433)
	at com.kms.katalon.core.main.TestCaseExecutor.processExecutionPhase(TestCaseExecutor.java:412)
	at com.kms.katalon.core.main.TestCaseExecutor.accessMainPhase(TestCaseExecutor.java:404)
	at com.kms.katalon.core.main.TestCaseExecutor.execute(TestCaseExecutor.java:281)
	at com.kms.katalon.core.main.TestSuiteExecutor.accessTestCaseMainPhase(TestSuiteExecutor.java:202)
	at com.kms.katalon.core.main.TestSuiteExecutor.accessTestSuiteMainPhase(TestSuiteExecutor.java:164)
	at com.kms.katalon.core.main.TestSuiteExecutor.execute(TestSuiteExecutor.java:105)
	at com.kms.katalon.core.main.TestCaseMain.startTestSuite(TestCaseMain.java:185)
	at com.kms.katalon.core.main.TestCaseMain$startTestSuite$0.call(Unknown Source)
	at TempTestSuite1645768435326.run(TempTestSuite1645768435326.groovy:36)
Caused by: com.kms.katalon.core.webui.exception.WebElementNotFoundException: Web element with id: 'Object Repository/Avangard New/Object (Администратор)/Case (Психофиз)/exstraversi' located by '//p[(text() = 'Экстраверсия' or . = 'Экстраверсия')]' not found
	at com.kms.katalon.core.webui.common.WebUiCommonHelper.findWebElement(WebUiCommonHelper.java:1370)
	at com.kms.katalon.core.webui.keyword.internal.WebUIAbstractKeyword.findWebElement(WebUIAbstractKeyword.groovy:27)
	at com.kms.katalon.core.webui.keyword.internal.WebUIAbstractKeyword.findWebElement(WebUIAbstractKeyword.groovy:26)
	at com.kms.katalon.core.webui.keyword.builtin.ScrollToElementKeyword$_scrollToElement_closure1.doCall(ScrollToElementKeyword.groovy:79)
	at com.kms.katalon.core.webui.keyword.builtin.ScrollToElementKeyword$_scrollToElement_closure1.call(ScrollToElementKeyword.groovy)
	at com.kms.katalon.core.webui.keyword.internal.WebUIKeywordMain.runKeyword(WebUIKeywordMain.groovy:20)
	at com.kms.katalon.core.webui.keyword.builtin.ScrollToElementKeyword.scrollToElement(ScrollToElementKeyword.groovy:88)
	at com.kms.katalon.core.webui.keyword.builtin.ScrollToElementKeyword.execute(ScrollToElementKeyword.groovy:68)
	at com.kms.katalon.core.keyword.internal.KeywordExecutor.executeKeywordForPlatform(KeywordExecutor.groovy:74)
	at com.kms.katalon.core.webui.keyword.WebUiBuiltInKeywords.scrollToElement(WebUiBuiltInKeywords.groovy:4061)
	at com.kms.katalon.core.webui.keyword.WebUiBuiltInKeywords$scrollToElement$5.call(Unknown Source)
	at Script1645083258462.run(Script1645083258462.groovy:70)
	... 13 more
)
[[ATTACHMENT|C:\\Users\\LENOVO\\Katalon Studio\\Avangard\\Reports\\20220225_085350\\\u0410\u0434\u043C\u0438\u043D\u0438\u0441\u0442\u0440\u0430\u0442\u043E\u0440\\20220225_085355\\1645769742059.png]]]]></system-out>
         <system-err><![CDATA[2022-02-25 09:12:45 - [TEST_CASE][FAILED] - Test Cases/Администратор/ОТЧЕТЫ функциональные тесты/Отчет психофиз: Test Cases/Администратор/ОТЧЕТЫ функциональные тесты/Отчет психофиз FAILED.
Reason:
com.kms.katalon.core.exception.StepFailedException: Unable to scroll to object 'Object Repository/Avangard New/Object (Администратор)/Case (Психофиз)/exstraversi'
	at com.kms.katalon.core.webui.keyword.internal.WebUIKeywordMain.stepFailed(WebUIKeywordMain.groovy:64)
	at com.kms.katalon.core.webui.keyword.internal.WebUIKeywordMain.runKeyword(WebUIKeywordMain.groovy:26)
	at com.kms.katalon.core.webui.keyword.builtin.ScrollToElementKeyword.scrollToElement(ScrollToElementKeyword.groovy:88)
	at com.kms.katalon.core.webui.keyword.builtin.ScrollToElementKeyword.execute(ScrollToElementKeyword.groovy:68)
	at com.kms.katalon.core.keyword.internal.KeywordExecutor.executeKeywordForPlatform(KeywordExecutor.groovy:74)
	at com.kms.katalon.core.webui.keyword.WebUiBuiltInKeywords.scrollToElement(WebUiBuiltInKeywords.groovy:4061)
	at com.kms.katalon.core.webui.keyword.WebUiBuiltInKeywords$scrollToElement$5.call(Unknown Source)
	at Отчет психофиз.run(Отчет психофиз:70)
	at com.kms.katalon.core.main.ScriptEngine.run(ScriptEngine.java:194)
	at com.kms.katalon.core.main.ScriptEngine.runScriptAsRawText(ScriptEngine.java:119)
	at com.kms.katalon.core.main.TestCaseExecutor.runScript(TestCaseExecutor.java:442)
	at com.kms.katalon.core.main.TestCaseExecutor.doExecute(TestCaseExecutor.java:433)
	at com.kms.katalon.core.main.TestCaseExecutor.processExecutionPhase(TestCaseExecutor.java:412)
	at com.kms.katalon.core.main.TestCaseExecutor.accessMainPhase(TestCaseExecutor.java:404)
	at com.kms.katalon.core.main.TestCaseExecutor.execute(TestCaseExecutor.java:281)
	at com.kms.katalon.core.main.TestSuiteExecutor.accessTestCaseMainPhase(TestSuiteExecutor.java:202)
	at com.kms.katalon.core.main.TestSuiteExecutor.accessTestSuiteMainPhase(TestSuiteExecutor.java:164)
	at com.kms.katalon.core.main.TestSuiteExecutor.execute(TestSuiteExecutor.java:105)
	at com.kms.katalon.core.main.TestCaseMain.startTestSuite(TestCaseMain.java:185)
	at com.kms.katalon.core.main.TestCaseMain$startTestSuite$0.call(Unknown Source)
	at TempTestSuite1645768435326.run(TempTestSuite1645768435326.groovy:36)
Caused by: com.kms.katalon.core.webui.exception.WebElementNotFoundException: Web element with id: 'Object Repository/Avangard New/Object (Администратор)/Case (Психофиз)/exstraversi' located by '//p[(text() = 'Экстраверсия' or . = 'Экстраверсия')]' not found
	at com.kms.katalon.core.webui.common.WebUiCommonHelper.findWebElement(WebUiCommonHelper.java:1370)
	at com.kms.katalon.core.webui.keyword.internal.WebUIAbstractKeyword.findWebElement(WebUIAbstractKeyword.groovy:27)
	at com.kms.katalon.core.webui.keyword.internal.WebUIAbstractKeyword.findWebElement(WebUIAbstractKeyword.groovy:26)
	at com.kms.katalon.core.webui.keyword.builtin.ScrollToElementKeyword$_scrollToElement_closure1.doCall(ScrollToElementKeyword.groovy:79)
	at com.kms.katalon.core.webui.keyword.builtin.ScrollToElementKeyword$_scrollToElement_closure1.call(ScrollToElementKeyword.groovy)
	at com.kms.katalon.core.webui.keyword.internal.WebUIKeywordMain.runKeyword(WebUIKeywordMain.groovy:20)
	... 19 more]]></system-err>
      </testcase>
      <testcase name="Test Cases/Администратор/ОТЧЕТЫ функциональные тесты/Отчет по играм за период" time="134.509" classname="Test Cases/Администратор/ОТЧЕТЫ функциональные тесты/Отчет по играм за период" status="PASSED">
         <system-out><![CDATA[2022-02-25 09:15:47 - [TEST_CASE][PASSED] - Test Cases/Администратор/ОТЧЕТЫ функциональные тесты/Отчет по играм за период: Test Cases/Администратор/ОТЧЕТЫ функциональные тесты/Отчет по играм за период

2022-02-25 09:15:48 - [TEST_STEP][PASSED] - callTestCase(findTestCase("Администратор/Отчет для тк"), [:], STOP_ON_FAILURE): Call Test Case 'Test Cases/Администратор/Отчет для тк' successfully

2022-02-25 09:15:48 - [TEST_CASE][PASSED] - Test Cases/Администратор/Отчет для тк: Test Cases/Администратор/Отчет для тк

2022-02-25 09:15:48 - [TEST_STEP][PASSED] - callTestCase(findTestCase("Администратор/Авторизация"), [:], STOP_ON_FAILURE): Call Test Case 'Test Cases/Администратор/Авторизация' successfully

2022-02-25 09:15:48 - [TEST_CASE][PASSED] - Test Cases/Администратор/Авторизация: Test Cases/Администратор/Авторизация

2022-02-25 09:15:48 - [TEST_STEP][PASSED] - openBrowser(""): Browser is opened with url: ''

2022-02-25 09:15:48 - [MESSAGE][WARNING] - A browser is already opened. Closing browser and opening a new one

2022-02-25 09:15:48 - [MESSAGE][INFO] - User set preference: ['os', 'linux']

2022-02-25 09:15:48 - [MESSAGE][INFO] - User set preference: ['browserName', 'chrome']

2022-02-25 09:15:48 - [MESSAGE][INFO] - User set preference: ['browserVersion', '97']

2022-02-25 09:15:48 - [MESSAGE][INFO] - User set preference: ['katalon:option', '{organizationId=564672, tunnelId=, usingTunnel=false}']

2022-02-25 09:15:48 - [MESSAGE][INFO] - Connecting to remote web server 'testcloud.katalon.com/hub' with type 'Selenium'

2022-02-25 09:15:48 - [MESSAGE][INFO] - Action delay is set to 100 milliseconds

2022-02-25 09:16:25 - [MESSAGE][PASSED] - Browser is opened with url: ''

2022-02-25 09:16:25 - [TEST_STEP][PASSED] - maximizeWindow(): Current window maximized

2022-02-25 09:16:26 - [MESSAGE][PASSED] - Current window maximized

2022-02-25 09:16:26 - [TEST_STEP][PASSED] - navigateToUrl(url): Navigate to 'https://stars-stage.hawk.ru:8080' successfully

2022-02-25 09:16:32 - [MESSAGE][PASSED] - Navigate to 'https://stars-stage.hawk.ru:8080' successfully

2022-02-25 09:16:32 - [TEST_STEP][PASSED] - setText(findTestObject("Object Repository/Page_/input__sc-lnrBVv eqPACj"), admin_login): Text 'TestAdmin@test.ru' is set on object 'Object Repository/Page_/input__sc-lnrBVv eqPACj'

2022-02-25 09:16:36 - [MESSAGE][PASSED] - Text 'TestAdmin@test.ru' is set on object 'Object Repository/Page_/input__sc-lnrBVv eqPACj'

2022-02-25 09:16:36 - [TEST_STEP][PASSED] - setText(findTestObject("Object Repository/Page_/input__sc-lnrBVv eqPACj_1"), admin_password): Text 'TestAdmin@test.ru' is set on object 'Object Repository/Page_/input__sc-lnrBVv eqPACj_1'

2022-02-25 09:16:40 - [MESSAGE][PASSED] - Text 'TestAdmin@test.ru' is set on object 'Object Repository/Page_/input__sc-lnrBVv eqPACj_1'

2022-02-25 09:16:40 - [TEST_STEP][PASSED] - click(findTestObject("Object Repository/Page_/go")): Object: 'Object Repository/Page_/go' is clicked on

2022-02-25 09:16:42 - [MESSAGE][PASSED] - Object: 'Object Repository/Page_/go' is clicked on

2022-02-25 09:16:42 - [MESSAGE][PASSED] - Call Test Case 'Test Cases/Администратор/Авторизация' successfully

2022-02-25 09:16:42 - [TEST_STEP][PASSED] - click(findTestObject("admin/reports/keys/reports/report")): Object: 'Object Repository/admin/reports/keys/reports/report' is clicked on

2022-02-25 09:17:03 - [MESSAGE][PASSED] - Object: 'Object Repository/admin/reports/keys/reports/report' is clicked on

2022-02-25 09:17:03 - [MESSAGE][PASSED] - Call Test Case 'Test Cases/Администратор/Отчет для тк' successfully

2022-02-25 09:17:03 - [TEST_STEP][PASSED] - click(findTestObject("Object Repository/admin/reports/period/Page_/div_")): Object: 'Object Repository/admin/reports/period/Page_/div_' is clicked on

2022-02-25 09:17:06 - [MESSAGE][PASSED] - Object: 'Object Repository/admin/reports/period/Page_/div_' is clicked on

2022-02-25 09:17:06 - [TEST_STEP][PASSED] - verifyTextPresent("ОТЧЕТ ПО ИГРАМ ЗА ПЕРИОД", true): Text 'ОТЧЕТ ПО ИГРАМ ЗА ПЕРИОД' is present on page  using regular expression

2022-02-25 09:17:08 - [MESSAGE][PASSED] - Text 'ОТЧЕТ ПО ИГРАМ ЗА ПЕРИОД' is present on page  using regular expression

2022-02-25 09:17:08 - [TEST_STEP][PASSED] - setText(findTestObject("Object Repository/admin/reports/period/Page_/input__react-select-2-input"), "академия"): Text 'академия' is set on object 'Object Repository/admin/reports/period/Page_/input__react-select-2-input'

2022-02-25 09:17:12 - [MESSAGE][PASSED] - Text 'академия' is set on object 'Object Repository/admin/reports/period/Page_/input__react-select-2-input'

2022-02-25 09:17:12 - [TEST_STEP][PASSED] - sendKeys(findTestObject("Object Repository/admin/reports/period/Page_/input__react-select-2-input"), Keys.chord(ENTER)): Keys 'ENTER + ' sent to object: 'Object Repository/admin/reports/period/Page_/input__react-select-2-input'

2022-02-25 09:17:14 - [MESSAGE][PASSED] - Keys 'ENTER + ' sent to object: 'Object Repository/admin/reports/period/Page_/input__react-select-2-input'

2022-02-25 09:17:14 - [TEST_STEP][PASSED] - setText(findTestObject("Object Repository/admin/reports/period/Page_/input__react-select-3-input"), school): Text 'Авангард-2005' is set on object 'Object Repository/admin/reports/period/Page_/input__react-select-3-input'

2022-02-25 09:17:18 - [MESSAGE][PASSED] - Text 'Авангард-2005' is set on object 'Object Repository/admin/reports/period/Page_/input__react-select-3-input'

2022-02-25 09:17:18 - [TEST_STEP][PASSED] - sendKeys(findTestObject("Object Repository/admin/reports/period/Page_/input__react-select-3-input"), Keys.chord(ENTER)): Keys 'ENTER + ' sent to object: 'Object Repository/admin/reports/period/Page_/input__react-select-3-input'

2022-02-25 09:17:20 - [MESSAGE][PASSED] - Keys 'ENTER + ' sent to object: 'Object Repository/admin/reports/period/Page_/input__react-select-3-input'

2022-02-25 09:17:20 - [TEST_STEP][PASSED] - setText(findTestObject("Object Repository/admin/reports/period/Page_/input_._year"), "2020"): Text '2020' is set on object 'Object Repository/admin/reports/period/Page_/input_._year'

2022-02-25 09:17:27 - [MESSAGE][PASSED] - Text '2020' is set on object 'Object Repository/admin/reports/period/Page_/input_._year'

2022-02-25 09:17:27 - [TEST_STEP][PASSED] - waitForElementNotPresent(findTestObject("Object Repository/admin/reports/period/Page_/img_ _sc-cMljjf KiCqS"), 0): Web element with id: 'Object Repository/admin/reports/period/Page_/img_ _sc-cMljjf KiCqS' located by 'By.xpath: //div[@id='root']/div/div/div[2]/div/div[2]/div/div/div/img' is not present after '30' second(s)

2022-02-25 09:17:28 - [MESSAGE][WARNING] - Timeout '0' is invalid. Using default page load timeout: '30'

2022-02-25 09:17:38 - [MESSAGE][PASSED] - Web element with id: 'Object Repository/admin/reports/period/Page_/img_ _sc-cMljjf KiCqS' located by 'By.xpath: //div[@id='root']/div/div/div[2]/div/div[2]/div/div/div/img' is not present after '30' second(s)

2022-02-25 09:17:38 - [TEST_STEP][PASSED] - verifyTextPresent("Управление командой со скамейки", true): Text 'Управление командой со скамейки' is present on page  using regular expression

2022-02-25 09:17:41 - [MESSAGE][PASSED] - Text 'Управление командой со скамейки' is present on page  using regular expression

2022-02-25 09:17:41 - [TEST_STEP][PASSED] - verifyTextPresent("Самоотверженность / воля к победе", true): Text 'Самоотверженность / воля к победе' is present on page  using regular expression

2022-02-25 09:17:44 - [MESSAGE][PASSED] - Text 'Самоотверженность / воля к победе' is present on page  using regular expression

2022-02-25 09:17:44 - [TEST_STEP][PASSED] - verifyTextPresent("СРЕДНЯЯ ОЦЕНКА", false): Text 'СРЕДНЯЯ ОЦЕНКА' is present on page 

2022-02-25 09:17:47 - [MESSAGE][PASSED] - Text 'СРЕДНЯЯ ОЦЕНКА' is present on page 

2022-02-25 09:17:47 - [TEST_STEP][PASSED] - verifyTextPresent("АТАКУЮЩИЕ ДЕЙСТВИЯ", false): Text 'АТАКУЮЩИЕ ДЕЙСТВИЯ' is present on page 

2022-02-25 09:17:50 - [MESSAGE][PASSED] - Text 'АТАКУЮЩИЕ ДЕЙСТВИЯ' is present on page 

2022-02-25 09:17:50 - [TEST_STEP][PASSED] - verifyTextPresent("ОБОРОНИТЕЛЬНЫЕ ДЕЙСТВИЯ", false): Text 'ОБОРОНИТЕЛЬНЫЕ ДЕЙСТВИЯ' is present on page 

2022-02-25 09:17:53 - [MESSAGE][PASSED] - Text 'ОБОРОНИТЕЛЬНЫЕ ДЕЙСТВИЯ' is present on page 

2022-02-25 09:17:53 - [TEST_STEP][PASSED] - verifyTextPresent("Защитник", false): Text 'Защитник' is present on page 

2022-02-25 09:17:56 - [MESSAGE][PASSED] - Text 'Защитник' is present on page 

2022-02-25 09:17:56 - [TEST_STEP][PASSED] - verifyTextPresent("Нападающий", false): Text 'Нападающий' is present on page 

2022-02-25 09:17:59 - [MESSAGE][PASSED] - Text 'Нападающий' is present on page 

2022-02-25 09:17:59 - [TEST_STEP][PASSED] - click(findTestObject("Object Repository/admin/reports/period/Page_/root")): Object: 'Object Repository/admin/reports/period/Page_/root' is clicked on

2022-02-25 09:18:01 - [MESSAGE][PASSED] - Object: 'Object Repository/admin/reports/period/Page_/root' is clicked on

2022-02-25 09:18:01 - [TEST_STEP][PASSED] - closeBrowser(): Browser is closed

2022-02-25 09:18:01 - [MESSAGE][PASSED] - Browser is closed]]></system-out>
         <system-err><![CDATA[]]></system-err>
      </testcase>
      <testcase name="Test Cases/Администратор/ОТЧЕТЫ функциональные тесты/Игровая статистика" time="97.775" classname="Test Cases/Администратор/ОТЧЕТЫ функциональные тесты/Игровая статистика" status="PASSED">
         <system-out><![CDATA[2022-02-25 09:18:01 - [TEST_CASE][PASSED] - Test Cases/Администратор/ОТЧЕТЫ функциональные тесты/Игровая статистика: Test Cases/Администратор/ОТЧЕТЫ функциональные тесты/Игровая статистика

2022-02-25 09:18:02 - [TEST_STEP][PASSED] - callTestCase(findTestCase("Администратор/Авторизация"), [:], STOP_ON_FAILURE): Call Test Case 'Test Cases/Администратор/Авторизация' successfully

2022-02-25 09:18:02 - [TEST_CASE][PASSED] - Test Cases/Администратор/Авторизация: Test Cases/Администратор/Авторизация

2022-02-25 09:18:02 - [TEST_STEP][PASSED] - openBrowser(""): Browser is opened with url: ''

2022-02-25 09:18:03 - [MESSAGE][INFO] - User set preference: ['os', 'linux']

2022-02-25 09:18:03 - [MESSAGE][INFO] - User set preference: ['browserName', 'chrome']

2022-02-25 09:18:03 - [MESSAGE][INFO] - User set preference: ['browserVersion', '97']

2022-02-25 09:18:03 - [MESSAGE][INFO] - User set preference: ['katalon:option', '{organizationId=564672, tunnelId=, usingTunnel=false}']

2022-02-25 09:18:03 - [MESSAGE][INFO] - Connecting to remote web server 'testcloud.katalon.com/hub' with type 'Selenium'

2022-02-25 09:18:03 - [MESSAGE][INFO] - Action delay is set to 100 milliseconds

2022-02-25 09:18:21 - [MESSAGE][PASSED] - Browser is opened with url: ''

2022-02-25 09:18:21 - [TEST_STEP][PASSED] - maximizeWindow(): Current window maximized

2022-02-25 09:18:21 - [MESSAGE][PASSED] - Current window maximized

2022-02-25 09:18:21 - [TEST_STEP][PASSED] - navigateToUrl(url): Navigate to 'https://stars-stage.hawk.ru:8080' successfully

2022-02-25 09:18:27 - [MESSAGE][PASSED] - Navigate to 'https://stars-stage.hawk.ru:8080' successfully

2022-02-25 09:18:27 - [TEST_STEP][PASSED] - setText(findTestObject("Object Repository/Page_/input__sc-lnrBVv eqPACj"), admin_login): Text 'TestAdmin@test.ru' is set on object 'Object Repository/Page_/input__sc-lnrBVv eqPACj'

2022-02-25 09:18:31 - [MESSAGE][PASSED] - Text 'TestAdmin@test.ru' is set on object 'Object Repository/Page_/input__sc-lnrBVv eqPACj'

2022-02-25 09:18:31 - [TEST_STEP][PASSED] - setText(findTestObject("Object Repository/Page_/input__sc-lnrBVv eqPACj_1"), admin_password): Text 'TestAdmin@test.ru' is set on object 'Object Repository/Page_/input__sc-lnrBVv eqPACj_1'

2022-02-25 09:18:35 - [MESSAGE][PASSED] - Text 'TestAdmin@test.ru' is set on object 'Object Repository/Page_/input__sc-lnrBVv eqPACj_1'

2022-02-25 09:18:35 - [TEST_STEP][PASSED] - click(findTestObject("Object Repository/Page_/go")): Object: 'Object Repository/Page_/go' is clicked on

2022-02-25 09:18:37 - [MESSAGE][PASSED] - Object: 'Object Repository/Page_/go' is clicked on

2022-02-25 09:18:37 - [MESSAGE][PASSED] - Call Test Case 'Test Cases/Администратор/Авторизация' successfully

2022-02-25 09:18:37 - [TEST_STEP][PASSED] - click(findTestObject("Object Repository/admin/reports/gamestat/reports/report")): Object: 'Object Repository/admin/reports/gamestat/reports/report' is clicked on

2022-02-25 09:18:54 - [MESSAGE][PASSED] - Object: 'Object Repository/admin/reports/gamestat/reports/report' is clicked on

2022-02-25 09:18:54 - [TEST_STEP][PASSED] - click(findTestObject("Object Repository/admin/reports/gamestat/Page_/stats_report")): Object: 'Object Repository/admin/reports/gamestat/Page_/stats_report' is clicked on

2022-02-25 09:18:57 - [MESSAGE][PASSED] - Object: 'Object Repository/admin/reports/gamestat/Page_/stats_report' is clicked on

2022-02-25 09:18:57 - [TEST_STEP][PASSED] - verifyTextPresent("ИГРОВАЯ СТАТИСТИКА", true): Text 'ИГРОВАЯ СТАТИСТИКА' is present on page  using regular expression

2022-02-25 09:18:58 - [MESSAGE][PASSED] - Text 'ИГРОВАЯ СТАТИСТИКА' is present on page  using regular expression

2022-02-25 09:18:58 - [TEST_STEP][PASSED] - click(findTestObject("Object Repository/admin/reports/gamestat/Page_/school")): Object: 'Object Repository/admin/reports/gamestat/Page_/school' is clicked on

2022-02-25 09:19:00 - [MESSAGE][PASSED] - Object: 'Object Repository/admin/reports/gamestat/Page_/school' is clicked on

2022-02-25 09:19:00 - [TEST_STEP][PASSED] - click(findTestObject("Object Repository/admin/reports/gamestat/Page_/Academy")): Object: 'Object Repository/admin/reports/gamestat/Page_/Academy' is clicked on

2022-02-25 09:19:02 - [MESSAGE][PASSED] - Object: 'Object Repository/admin/reports/gamestat/Page_/Academy' is clicked on

2022-02-25 09:19:02 - [TEST_STEP][PASSED] - click(findTestObject("Object Repository/admin/reports/gamestat/Page_/team")): Object: 'Object Repository/admin/reports/gamestat/Page_/team' is clicked on

2022-02-25 09:19:05 - [MESSAGE][PASSED] - Object: 'Object Repository/admin/reports/gamestat/Page_/team' is clicked on

2022-02-25 09:19:05 - [TEST_STEP][PASSED] - click(findTestObject("Object Repository/admin/reports/gamestat/Page_/varteam")): Object: 'Object Repository/admin/reports/gamestat/Page_/varteam' is clicked on

2022-02-25 09:19:07 - [MESSAGE][PASSED] - Object: 'Object Repository/admin/reports/gamestat/Page_/varteam' is clicked on

2022-02-25 09:19:07 - [TEST_STEP][PASSED] - click(findTestObject("Object Repository/admin/reports/gamestat/Page_/choseSeason")): Object: 'Object Repository/admin/reports/gamestat/Page_/choseSeason' is clicked on

2022-02-25 09:19:10 - [MESSAGE][PASSED] - Object: 'Object Repository/admin/reports/gamestat/Page_/choseSeason' is clicked on

2022-02-25 09:19:10 - [TEST_STEP][PASSED] - click(findTestObject("Object Repository/admin/reports/gamestat/Page_/div_21-22_1")): Object: 'Object Repository/admin/reports/gamestat/Page_/div_21-22_1' is clicked on

2022-02-25 09:19:13 - [MESSAGE][PASSED] - Object: 'Object Repository/admin/reports/gamestat/Page_/div_21-22_1' is clicked on

2022-02-25 09:19:13 - [TEST_STEP][PASSED] - takeFullPageScreenshot("C:\scr\" + school + "10.jpg"): Taking screenshot successfully

2022-02-25 09:19:18 - [MESSAGE][INFO] - 0 hidden object(s)

2022-02-25 09:19:18 - [MESSAGE][PASSED] - Taking screenshot successfully
[[ATTACHMENT|C:\scr\Авангард-200510.jpg]]

2022-02-25 09:19:18 - [TEST_STEP][PASSED] - verifyTextPresent("Матчи", true): Text 'Матчи' is present on page  using regular expression

2022-02-25 09:19:25 - [MESSAGE][PASSED] - Text 'Матчи' is present on page  using regular expression

2022-02-25 09:19:25 - [TEST_STEP][PASSED] - verifyTextPresent("Смены", true): Text 'Смены' is present on page  using regular expression

2022-02-25 09:19:27 - [MESSAGE][PASSED] - Text 'Смены' is present on page  using regular expression

2022-02-25 09:19:27 - [TEST_STEP][PASSED] - verifyTextPresent("Голы за", false): Text 'Голы за' is present on page 

2022-02-25 09:19:29 - [MESSAGE][PASSED] - Text 'Голы за' is present on page 

2022-02-25 09:19:29 - [TEST_STEP][PASSED] - verifyTextPresent("Голы против", false): Text 'Голы против' is present on page 

2022-02-25 09:19:31 - [MESSAGE][PASSED] - Text 'Голы против' is present on page 

2022-02-25 09:19:31 - [TEST_STEP][PASSED] - takeFullPageScreenshot("C:\scr\" + school + "11.jpg"): Taking screenshot successfully

2022-02-25 09:19:36 - [MESSAGE][INFO] - 0 hidden object(s)

2022-02-25 09:19:36 - [MESSAGE][PASSED] - Taking screenshot successfully
[[ATTACHMENT|C:\scr\Авангард-200511.jpg]]

2022-02-25 09:19:36 - [TEST_STEP][PASSED] - click(findTestObject("Object Repository/admin/reports/gamestat/Page_/root")): Object: 'Object Repository/admin/reports/gamestat/Page_/root' is clicked on

2022-02-25 09:19:39 - [MESSAGE][PASSED] - Object: 'Object Repository/admin/reports/gamestat/Page_/root' is clicked on

2022-02-25 09:19:39 - [TEST_STEP][PASSED] - closeBrowser(): Browser is closed

2022-02-25 09:19:39 - [MESSAGE][PASSED] - Browser is closed]]></system-out>
         <system-err><![CDATA[]]></system-err>
      </testcase>
      <testcase name="Test Cases/Администратор/Отчет для тк" time="61.115" classname="Test Cases/Администратор/Отчет для тк" status="PASSED">
         <system-out><![CDATA[2022-02-25 09:19:39 - [TEST_CASE][PASSED] - Test Cases/Администратор/Отчет для тк: Test Cases/Администратор/Отчет для тк

2022-02-25 09:19:39 - [TEST_STEP][PASSED] - callTestCase(findTestCase("Администратор/Авторизация"), [:], STOP_ON_FAILURE): Call Test Case 'Test Cases/Администратор/Авторизация' successfully

2022-02-25 09:19:39 - [TEST_CASE][PASSED] - Test Cases/Администратор/Авторизация: Test Cases/Администратор/Авторизация

2022-02-25 09:19:39 - [TEST_STEP][PASSED] - openBrowser(""): Browser is opened with url: ''

2022-02-25 09:19:39 - [MESSAGE][INFO] - User set preference: ['os', 'linux']

2022-02-25 09:19:39 - [MESSAGE][INFO] - User set preference: ['browserName', 'chrome']

2022-02-25 09:19:39 - [MESSAGE][INFO] - User set preference: ['browserVersion', '97']

2022-02-25 09:19:39 - [MESSAGE][INFO] - User set preference: ['katalon:option', '{organizationId=564672, tunnelId=, usingTunnel=false}']

2022-02-25 09:19:39 - [MESSAGE][INFO] - Connecting to remote web server 'testcloud.katalon.com/hub' with type 'Selenium'

2022-02-25 09:19:39 - [MESSAGE][INFO] - Action delay is set to 100 milliseconds

2022-02-25 09:20:06 - [MESSAGE][PASSED] - Browser is opened with url: ''

2022-02-25 09:20:06 - [TEST_STEP][PASSED] - maximizeWindow(): Current window maximized

2022-02-25 09:20:07 - [MESSAGE][PASSED] - Current window maximized

2022-02-25 09:20:07 - [TEST_STEP][PASSED] - navigateToUrl(url): Navigate to 'https://stars-stage.hawk.ru:8080' successfully

2022-02-25 09:20:13 - [MESSAGE][PASSED] - Navigate to 'https://stars-stage.hawk.ru:8080' successfully

2022-02-25 09:20:13 - [TEST_STEP][PASSED] - setText(findTestObject("Object Repository/Page_/input__sc-lnrBVv eqPACj"), admin_login): Text 'TestAdmin@test.ru' is set on object 'Object Repository/Page_/input__sc-lnrBVv eqPACj'

2022-02-25 09:20:17 - [MESSAGE][PASSED] - Text 'TestAdmin@test.ru' is set on object 'Object Repository/Page_/input__sc-lnrBVv eqPACj'

2022-02-25 09:20:17 - [TEST_STEP][PASSED] - setText(findTestObject("Object Repository/Page_/input__sc-lnrBVv eqPACj_1"), admin_password): Text 'TestAdmin@test.ru' is set on object 'Object Repository/Page_/input__sc-lnrBVv eqPACj_1'

2022-02-25 09:20:21 - [MESSAGE][PASSED] - Text 'TestAdmin@test.ru' is set on object 'Object Repository/Page_/input__sc-lnrBVv eqPACj_1'

2022-02-25 09:20:21 - [TEST_STEP][PASSED] - click(findTestObject("Object Repository/Page_/go")): Object: 'Object Repository/Page_/go' is clicked on

2022-02-25 09:20:23 - [MESSAGE][PASSED] - Object: 'Object Repository/Page_/go' is clicked on

2022-02-25 09:20:23 - [MESSAGE][PASSED] - Call Test Case 'Test Cases/Администратор/Авторизация' successfully

2022-02-25 09:20:23 - [TEST_STEP][PASSED] - click(findTestObject("admin/reports/keys/reports/report")): Object: 'Object Repository/admin/reports/keys/reports/report' is clicked on

2022-02-25 09:20:40 - [MESSAGE][PASSED] - Object: 'Object Repository/admin/reports/keys/reports/report' is clicked on]]></system-out>
         <system-err><![CDATA[]]></system-err>
      </testcase>
      <testcase name="Test Cases/Администратор/Команды" time="94.309" classname="Test Cases/Администратор/Команды" status="PASSED">
         <system-out><![CDATA[2022-02-25 09:20:40 - [TEST_CASE][PASSED] - Test Cases/Администратор/Команды: Test Cases/Администратор/Команды

2022-02-25 09:20:41 - [TEST_STEP][PASSED] - callTestCase(findTestCase("Администратор/Авторизация"), [:], STOP_ON_FAILURE): Call Test Case 'Test Cases/Администратор/Авторизация' successfully

2022-02-25 09:20:41 - [TEST_CASE][PASSED] - Test Cases/Администратор/Авторизация: Test Cases/Администратор/Авторизация

2022-02-25 09:20:41 - [TEST_STEP][PASSED] - openBrowser(""): Browser is opened with url: ''

2022-02-25 09:20:41 - [MESSAGE][WARNING] - A browser is already opened. Closing browser and opening a new one

2022-02-25 09:20:42 - [MESSAGE][INFO] - User set preference: ['os', 'linux']

2022-02-25 09:20:42 - [MESSAGE][INFO] - User set preference: ['browserName', 'chrome']

2022-02-25 09:20:42 - [MESSAGE][INFO] - User set preference: ['browserVersion', '97']

2022-02-25 09:20:42 - [MESSAGE][INFO] - User set preference: ['katalon:option', '{organizationId=564672, tunnelId=, usingTunnel=false}']

2022-02-25 09:20:42 - [MESSAGE][INFO] - Connecting to remote web server 'testcloud.katalon.com/hub' with type 'Selenium'

2022-02-25 09:20:42 - [MESSAGE][INFO] - Action delay is set to 100 milliseconds

2022-02-25 09:21:06 - [MESSAGE][PASSED] - Browser is opened with url: ''

2022-02-25 09:21:06 - [TEST_STEP][PASSED] - maximizeWindow(): Current window maximized

2022-02-25 09:21:07 - [MESSAGE][PASSED] - Current window maximized

2022-02-25 09:21:07 - [TEST_STEP][PASSED] - navigateToUrl(url): Navigate to 'https://stars-stage.hawk.ru:8080' successfully

2022-02-25 09:21:13 - [MESSAGE][PASSED] - Navigate to 'https://stars-stage.hawk.ru:8080' successfully

2022-02-25 09:21:13 - [TEST_STEP][PASSED] - setText(findTestObject("Object Repository/Page_/input__sc-lnrBVv eqPACj"), admin_login): Text 'TestAdmin@test.ru' is set on object 'Object Repository/Page_/input__sc-lnrBVv eqPACj'

2022-02-25 09:21:17 - [MESSAGE][PASSED] - Text 'TestAdmin@test.ru' is set on object 'Object Repository/Page_/input__sc-lnrBVv eqPACj'

2022-02-25 09:21:17 - [TEST_STEP][PASSED] - setText(findTestObject("Object Repository/Page_/input__sc-lnrBVv eqPACj_1"), admin_password): Text 'TestAdmin@test.ru' is set on object 'Object Repository/Page_/input__sc-lnrBVv eqPACj_1'

2022-02-25 09:21:20 - [MESSAGE][PASSED] - Text 'TestAdmin@test.ru' is set on object 'Object Repository/Page_/input__sc-lnrBVv eqPACj_1'

2022-02-25 09:21:20 - [TEST_STEP][PASSED] - click(findTestObject("Object Repository/Page_/go")): Object: 'Object Repository/Page_/go' is clicked on

2022-02-25 09:21:22 - [MESSAGE][PASSED] - Object: 'Object Repository/Page_/go' is clicked on

2022-02-25 09:21:22 - [MESSAGE][PASSED] - Call Test Case 'Test Cases/Администратор/Авторизация' successfully

2022-02-25 09:21:22 - [TEST_STEP][PASSED] - click(findTestObject("Object Repository/admin/school/Page_/Page_/teams")): Object: 'Object Repository/admin/school/Page_/Page_/teams' is clicked on

2022-02-25 09:21:41 - [MESSAGE][PASSED] - Object: 'Object Repository/admin/school/Page_/Page_/teams' is clicked on

2022-02-25 09:21:41 - [TEST_STEP][PASSED] - takeFullPageScreenshot("C:\scr\" + school + "4.jpg"): Taking screenshot successfully

2022-02-25 09:21:46 - [MESSAGE][INFO] - 0 hidden object(s)

2022-02-25 09:21:46 - [MESSAGE][PASSED] - Taking screenshot successfully
[[ATTACHMENT|C:\scr\Авангард-20054.jpg]]

2022-02-25 09:21:46 - [TEST_STEP][PASSED] - scrollToElement(findTestObject("Object Repository/admin/school/Page_/Page_/td_"), 0): Scroll to object 'Object Repository/admin/school/Page_/Page_/td_' successfully

2022-02-25 09:21:46 - [MESSAGE][WARNING] - Timeout '0' is invalid. Using default page load timeout: '30'

2022-02-25 09:21:48 - [MESSAGE][PASSED] - Scroll to object 'Object Repository/admin/school/Page_/Page_/td_' successfully

2022-02-25 09:21:48 - [TEST_STEP][PASSED] - click(findTestObject("Object Repository/admin/school/Page_/Page_/td_")): Object: 'Object Repository/admin/school/Page_/Page_/td_' is clicked on

2022-02-25 09:21:50 - [MESSAGE][PASSED] - Object: 'Object Repository/admin/school/Page_/Page_/td_' is clicked on

2022-02-25 09:21:50 - [TEST_STEP][PASSED] - takeFullPageScreenshot("C:\scr\" + school + "5.jpg"): Taking screenshot successfully

2022-02-25 09:21:55 - [MESSAGE][INFO] - 0 hidden object(s)

2022-02-25 09:21:55 - [MESSAGE][PASSED] - Taking screenshot successfully
[[ATTACHMENT|C:\scr\Авангард-20055.jpg]]

2022-02-25 09:21:55 - [TEST_STEP][PASSED] - verifyTextPresent("ИНФОРМАЦИЯ О КОМАНДЕ", false): Text 'ИНФОРМАЦИЯ О КОМАНДЕ' is present on page 

2022-02-25 09:21:57 - [MESSAGE][PASSED] - Text 'ИНФОРМАЦИЯ О КОМАНДЕ' is present on page 

2022-02-25 09:21:57 - [TEST_STEP][PASSED] - click(findTestObject("Object Repository/admin/school/Page_/Page_/all")): Object: 'Object Repository/admin/school/Page_/Page_/all' is clicked on

2022-02-25 09:21:59 - [MESSAGE][PASSED] - Object: 'Object Repository/admin/school/Page_/Page_/all' is clicked on

2022-02-25 09:21:59 - [TEST_STEP][PASSED] - click(findTestObject("Object Repository/admin/school/Page_/Page_/game-estimation")): Object: 'Object Repository/admin/school/Page_/Page_/game-estimation' is clicked on

2022-02-25 09:22:01 - [MESSAGE][PASSED] - Object: 'Object Repository/admin/school/Page_/Page_/game-estimation' is clicked on

2022-02-25 09:22:01 - [TEST_STEP][PASSED] - verifyTextPresent("ОЦЕНКА ИГРЫ ПО АМПЛУА", false): Text 'ОЦЕНКА ИГРЫ ПО АМПЛУА' is present on page 

2022-02-25 09:22:04 - [MESSAGE][PASSED] - Text 'ОЦЕНКА ИГРЫ ПО АМПЛУА' is present on page 

2022-02-25 09:22:04 - [TEST_STEP][PASSED] - verifyTextPresent("ОЦЕНКА ИГРЫ ПО КОМАНДЕ", false): Text 'ОЦЕНКА ИГРЫ ПО КОМАНДЕ' is present on page 

2022-02-25 09:22:06 - [MESSAGE][PASSED] - Text 'ОЦЕНКА ИГРЫ ПО КОМАНДЕ' is present on page 

2022-02-25 09:22:06 - [TEST_STEP][PASSED] - click(findTestObject("Object Repository/admin/school/Page_/Page_/lesson")): Object: 'Object Repository/admin/school/Page_/Page_/lesson' is clicked on

2022-02-25 09:22:09 - [MESSAGE][PASSED] - Object: 'Object Repository/admin/school/Page_/Page_/lesson' is clicked on

2022-02-25 09:22:09 - [TEST_STEP][PASSED] - verifyTextPresent("ДОБАВИТЬ МЕРОПРИЯТИЕ", false): Text 'ДОБАВИТЬ МЕРОПРИЯТИЕ' is present on page 

2022-02-25 09:22:12 - [MESSAGE][PASSED] - Text 'ДОБАВИТЬ МЕРОПРИЯТИЕ' is present on page 

2022-02-25 09:22:12 - [TEST_STEP][PASSED] - click(findTestObject("Object Repository/admin/school/Page_/Page_/div_")): Object: 'Object Repository/admin/school/Page_/Page_/div_' is clicked on

2022-02-25 09:22:14 - [MESSAGE][PASSED] - Object: 'Object Repository/admin/school/Page_/Page_/div_' is clicked on

2022-02-25 09:22:14 - [TEST_STEP][PASSED] - closeBrowser(): Browser is closed

2022-02-25 09:22:15 - [MESSAGE][PASSED] - Browser is closed]]></system-out>
         <system-err><![CDATA[]]></system-err>
      </testcase>
      <testcase name="Test Cases/Администратор/Документы (возможна проверка и под аккаунтом Менеджера)" time="73.303" classname="Test Cases/Администратор/Документы (возможна проверка и под аккаунтом Менеджера)" status="PASSED">
         <system-out><![CDATA[2022-02-25 09:22:15 - [TEST_CASE][PASSED] - Test Cases/Администратор/Документы (возможна проверка и под аккаунтом Менеджера): Test Cases/Администратор/Документы (возможна проверка и под аккаунтом Менеджера)

2022-02-25 09:22:15 - [TEST_STEP][PASSED] - callTestCase(findTestCase("Администратор/Авторизация"), [:], STOP_ON_FAILURE): Call Test Case 'Test Cases/Администратор/Авторизация' successfully

2022-02-25 09:22:16 - [TEST_CASE][PASSED] - Test Cases/Администратор/Авторизация: Test Cases/Администратор/Авторизация

2022-02-25 09:22:16 - [TEST_STEP][PASSED] - openBrowser(""): Browser is opened with url: ''

2022-02-25 09:22:16 - [MESSAGE][INFO] - User set preference: ['os', 'linux']

2022-02-25 09:22:16 - [MESSAGE][INFO] - User set preference: ['browserName', 'chrome']

2022-02-25 09:22:16 - [MESSAGE][INFO] - User set preference: ['browserVersion', '97']

2022-02-25 09:22:16 - [MESSAGE][INFO] - User set preference: ['katalon:option', '{organizationId=564672, tunnelId=, usingTunnel=false}']

2022-02-25 09:22:16 - [MESSAGE][INFO] - Connecting to remote web server 'testcloud.katalon.com/hub' with type 'Selenium'

2022-02-25 09:22:16 - [MESSAGE][INFO] - Action delay is set to 100 milliseconds

2022-02-25 09:22:36 - [MESSAGE][PASSED] - Browser is opened with url: ''

2022-02-25 09:22:36 - [TEST_STEP][PASSED] - maximizeWindow(): Current window maximized

2022-02-25 09:22:37 - [MESSAGE][PASSED] - Current window maximized

2022-02-25 09:22:37 - [TEST_STEP][PASSED] - navigateToUrl(url): Navigate to 'https://stars-stage.hawk.ru:8080' successfully

2022-02-25 09:22:43 - [MESSAGE][PASSED] - Navigate to 'https://stars-stage.hawk.ru:8080' successfully

2022-02-25 09:22:43 - [TEST_STEP][PASSED] - setText(findTestObject("Object Repository/Page_/input__sc-lnrBVv eqPACj"), admin_login): Text 'TestAdmin@test.ru' is set on object 'Object Repository/Page_/input__sc-lnrBVv eqPACj'

2022-02-25 09:22:46 - [MESSAGE][PASSED] - Text 'TestAdmin@test.ru' is set on object 'Object Repository/Page_/input__sc-lnrBVv eqPACj'

2022-02-25 09:22:46 - [TEST_STEP][PASSED] - setText(findTestObject("Object Repository/Page_/input__sc-lnrBVv eqPACj_1"), admin_password): Text 'TestAdmin@test.ru' is set on object 'Object Repository/Page_/input__sc-lnrBVv eqPACj_1'

2022-02-25 09:22:50 - [MESSAGE][PASSED] - Text 'TestAdmin@test.ru' is set on object 'Object Repository/Page_/input__sc-lnrBVv eqPACj_1'

2022-02-25 09:22:50 - [TEST_STEP][PASSED] - click(findTestObject("Object Repository/Page_/go")): Object: 'Object Repository/Page_/go' is clicked on

2022-02-25 09:22:52 - [MESSAGE][PASSED] - Object: 'Object Repository/Page_/go' is clicked on

2022-02-25 09:22:52 - [MESSAGE][PASSED] - Call Test Case 'Test Cases/Администратор/Авторизация' successfully

2022-02-25 09:22:52 - [TEST_STEP][PASSED] - click(findTestObject("Avangard New/Object (Администратор)/documents (вкладка документы)")): Object: 'Object Repository/Avangard New/Object (Администратор)/documents (вкладка документы)' is clicked on

2022-02-25 09:23:09 - [MESSAGE][PASSED] - Object: 'Object Repository/Avangard New/Object (Администратор)/documents (вкладка документы)' is clicked on

2022-02-25 09:23:09 - [TEST_STEP][PASSED] - waitForPageLoad(10): Wait for page load successfully

2022-02-25 09:23:10 - [MESSAGE][PASSED] - Wait for page load successfully

2022-02-25 09:23:10 - [TEST_STEP][PASSED] - click(findTestObject("Avangard New/Object (Администратор)/document (нажать на документ)")): Object: 'Object Repository/Avangard New/Object (Администратор)/document (нажать на документ)' is clicked on

2022-02-25 09:23:13 - [MESSAGE][PASSED] - Object: 'Object Repository/Avangard New/Object (Администратор)/document (нажать на документ)' is clicked on

2022-02-25 09:23:13 - [TEST_STEP][PASSED] - verifyElementClickable(findTestObject("Avangard New/Object (Администратор)/button download")): Object 'Object Repository/Avangard New/Object (Администратор)/button download' is clickable

2022-02-25 09:23:15 - [MESSAGE][PASSED] - Object 'Object Repository/Avangard New/Object (Администратор)/button download' is clickable

2022-02-25 09:23:15 - [TEST_STEP][PASSED] - sendKeys(findTestObject("Avangard New/Object (Администратор)/button download"), Keys.chord(ESCAPE)): Keys 'ESCAPE + ' sent to object: 'Object Repository/Avangard New/Object (Администратор)/button download'

2022-02-25 09:23:17 - [MESSAGE][PASSED] - Keys 'ESCAPE + ' sent to object: 'Object Repository/Avangard New/Object (Администратор)/button download'

2022-02-25 09:23:17 - [TEST_STEP][PASSED] - scrollToElement(findTestObject("admin/documents/documents (4)/add"), 0, OPTIONAL): Scroll to object 'Object Repository/admin/documents/documents (4)/add' successfully

2022-02-25 09:23:17 - [MESSAGE][WARNING] - Timeout '0' is invalid. Using default page load timeout: '30'

2022-02-25 09:23:18 - [MESSAGE][PASSED] - Scroll to object 'Object Repository/admin/documents/documents (4)/add' successfully

2022-02-25 09:23:18 - [TEST_STEP][PASSED] - while (verifyElementVisible(findTestObject("admin/documents/Page_/add"), OPTIONAL) == true): null

2022-02-25 09:23:20 - [MESSAGE][PASSED] - Object 'Object Repository/admin/documents/Page_/add' is visible

2022-02-25 09:23:20 - [TEST_STEP][PASSED] - click(findTestObject("admin/documents/documents (4)/add")): Object: 'Object Repository/admin/documents/documents (4)/add' is clicked on

2022-02-25 09:23:22 - [MESSAGE][PASSED] - Object: 'Object Repository/admin/documents/documents (4)/add' is clicked on

2022-02-25 09:23:22 - [TEST_STEP][PASSED] - verifyElementVisible(findTestObject("admin/documents/Page_/div_    05.02.21")): Object 'Object Repository/admin/documents/Page_/div_    05.02.21' is visible

2022-02-25 09:23:24 - [MESSAGE][PASSED] - Object 'Object Repository/admin/documents/Page_/div_    05.02.21' is visible

2022-02-25 09:23:24 - [TEST_STEP][PASSED] - click(findTestObject("admin/documents/Page_/div_ _sidebar__overlay sidebar__overlay_visible")): Object: 'Object Repository/admin/documents/Page_/div_ _sidebar__overlay sidebar__overlay_visible' is clicked on

2022-02-25 09:23:26 - [MESSAGE][PASSED] - Object: 'Object Repository/admin/documents/Page_/div_ _sidebar__overlay sidebar__overlay_visible' is clicked on

2022-02-25 09:23:26 - [TEST_STEP][PASSED] - break: null

2022-02-25 09:23:26 - [TEST_STEP][PASSED] - click(findTestObject("Avangard New/Object (Администратор)/home (вкладка главная)")): Object: 'Object Repository/Avangard New/Object (Администратор)/home (вкладка главная)' is clicked on

2022-02-25 09:23:28 - [MESSAGE][PASSED] - Object: 'Object Repository/Avangard New/Object (Администратор)/home (вкладка главная)' is clicked on

2022-02-25 09:23:28 - [TEST_STEP][PASSED] - closeBrowser(): Browser is closed

2022-02-25 09:23:28 - [MESSAGE][PASSED] - Browser is closed]]></system-out>
         <system-err><![CDATA[]]></system-err>
      </testcase>
      <testcase name="Test Cases/Администратор/Авторизация" time="39.471" classname="Test Cases/Администратор/Авторизация" status="PASSED">
         <system-out><![CDATA[2022-02-25 09:23:28 - [TEST_CASE][PASSED] - Test Cases/Администратор/Авторизация: Test Cases/Администратор/Авторизация

2022-02-25 09:23:28 - [TEST_STEP][PASSED] - openBrowser(""): Browser is opened with url: ''

2022-02-25 09:23:28 - [MESSAGE][INFO] - User set preference: ['os', 'linux']

2022-02-25 09:23:28 - [MESSAGE][INFO] - User set preference: ['browserName', 'chrome']

2022-02-25 09:23:28 - [MESSAGE][INFO] - User set preference: ['browserVersion', '97']

2022-02-25 09:23:28 - [MESSAGE][INFO] - User set preference: ['katalon:option', '{organizationId=564672, tunnelId=, usingTunnel=false}']

2022-02-25 09:23:28 - [MESSAGE][INFO] - Connecting to remote web server 'testcloud.katalon.com/hub' with type 'Selenium'

2022-02-25 09:23:28 - [MESSAGE][INFO] - Action delay is set to 100 milliseconds

2022-02-25 09:23:51 - [MESSAGE][PASSED] - Browser is opened with url: ''

2022-02-25 09:23:51 - [TEST_STEP][PASSED] - maximizeWindow(): Current window maximized

2022-02-25 09:23:52 - [MESSAGE][PASSED] - Current window maximized

2022-02-25 09:23:52 - [TEST_STEP][PASSED] - navigateToUrl(url): Navigate to 'https://stars-stage.hawk.ru:8080' successfully

2022-02-25 09:23:58 - [MESSAGE][PASSED] - Navigate to 'https://stars-stage.hawk.ru:8080' successfully

2022-02-25 09:23:58 - [TEST_STEP][PASSED] - setText(findTestObject("Object Repository/Page_/input__sc-lnrBVv eqPACj"), admin_login): Text 'TestAdmin@test.ru' is set on object 'Object Repository/Page_/input__sc-lnrBVv eqPACj'

2022-02-25 09:24:02 - [MESSAGE][PASSED] - Text 'TestAdmin@test.ru' is set on object 'Object Repository/Page_/input__sc-lnrBVv eqPACj'

2022-02-25 09:24:02 - [TEST_STEP][PASSED] - setText(findTestObject("Object Repository/Page_/input__sc-lnrBVv eqPACj_1"), admin_password): Text 'TestAdmin@test.ru' is set on object 'Object Repository/Page_/input__sc-lnrBVv eqPACj_1'

2022-02-25 09:24:06 - [MESSAGE][PASSED] - Text 'TestAdmin@test.ru' is set on object 'Object Repository/Page_/input__sc-lnrBVv eqPACj_1'

2022-02-25 09:24:06 - [TEST_STEP][PASSED] - click(findTestObject("Object Repository/Page_/go")): Object: 'Object Repository/Page_/go' is clicked on

2022-02-25 09:24:07 - [MESSAGE][PASSED] - Object: 'Object Repository/Page_/go' is clicked on]]></system-out>
         <system-err><![CDATA[]]></system-err>
      </testcase>
      <system-out><![CDATA[2022-02-25 08:54:22 - [TEST_SUITE][FAILED] - Администратор: Test Cases/Администратор/ОТЧЕТЫ функциональные тесты/Отчет психофиз FAILED.
Reason:
com.kms.katalon.core.exception.StepFailedException: Unable to scroll to object 'Object Repository/Avangard New/Object (Администратор)/Case (Психофиз)/exstraversi'
	at com.kms.katalon.core.webui.keyword.internal.WebUIKeywordMain.stepFailed(WebUIKeywordMain.groovy:64)
	at com.kms.katalon.core.webui.keyword.internal.WebUIKeywordMain.runKeyword(WebUIKeywordMain.groovy:26)
	at com.kms.katalon.core.webui.keyword.builtin.ScrollToElementKeyword.scrollToElement(ScrollToElementKeyword.groovy:88)
	at com.kms.katalon.core.webui.keyword.builtin.ScrollToElementKeyword.execute(ScrollToElementKeyword.groovy:68)
	at com.kms.katalon.core.keyword.internal.KeywordExecutor.executeKeywordForPlatform(KeywordExecutor.groovy:74)
	at com.kms.katalon.core.webui.keyword.WebUiBuiltInKeywords.scrollToElement(WebUiBuiltInKeywords.groovy:4061)
	at com.kms.katalon.core.webui.keyword.WebUiBuiltInKeywords$scrollToElement$5.call(Unknown Source)
	at Отчет психофиз.run(Отчет психофиз:70)
	at com.kms.katalon.core.main.ScriptEngine.run(ScriptEngine.java:194)
	at com.kms.katalon.core.main.ScriptEngine.runScriptAsRawText(ScriptEngine.java:119)
	at com.kms.katalon.core.main.TestCaseExecutor.runScript(TestCaseExecutor.java:442)
	at com.kms.katalon.core.main.TestCaseExecutor.doExecute(TestCaseExecutor.java:433)
	at com.kms.katalon.core.main.TestCaseExecutor.processExecutionPhase(TestCaseExecutor.java:412)
	at com.kms.katalon.core.main.TestCaseExecutor.accessMainPhase(TestCaseExecutor.java:404)
	at com.kms.katalon.core.main.TestCaseExecutor.execute(TestCaseExecutor.java:281)
	at com.kms.katalon.core.main.TestSuiteExecutor.accessTestCaseMainPhase(TestSuiteExecutor.java:202)
	at com.kms.katalon.core.main.TestSuiteExecutor.accessTestSuiteMainPhase(TestSuiteExecutor.java:164)
	at com.kms.katalon.core.main.TestSuiteExecutor.execute(TestSuiteExecutor.java:105)
	at com.kms.katalon.core.main.TestCaseMain.startTestSuite(TestCaseMain.java:185)
	at com.kms.katalon.core.main.TestCaseMain$startTestSuite$0.call(Unknown Source)
	at TempTestSuite1645768435326.run(TempTestSuite1645768435326.groovy:36)
Caused by: com.kms.katalon.core.webui.exception.WebElementNotFoundException: Web element with id: 'Object Repository/Avangard New/Object (Администратор)/Case (Психофиз)/exstraversi' located by '//p[(text() = 'Экстраверсия' or . = 'Экстраверсия')]' not found
	at com.kms.katalon.core.webui.common.WebUiCommonHelper.findWebElement(WebUiCommonHelper.java:1370)
	at com.kms.katalon.core.webui.keyword.internal.WebUIAbstractKeyword.findWebElement(WebUIAbstractKeyword.groovy:27)
	at com.kms.katalon.core.webui.keyword.internal.WebUIAbstractKeyword.findWebElement(WebUIAbstractKeyword.groovy:26)
	at com.kms.katalon.core.webui.keyword.builtin.ScrollToElementKeyword$_scrollToElement_closure1.doCall(ScrollToElementKeyword.groovy:79)
	at com.kms.katalon.core.webui.keyword.builtin.ScrollToElementKeyword$_scrollToElement_closure1.call(ScrollToElementKeyword.groovy)
	at com.kms.katalon.core.webui.keyword.internal.WebUIKeywordMain.runKeyword(WebUIKeywordMain.groovy:20)
	... 19 more]]></system-out>
      <system-err><![CDATA[2022-02-25 08:54:22 - [TEST_SUITE][FAILED] - Администратор: Test Cases/Администратор/ОТЧЕТЫ функциональные тесты/Отчет психофиз FAILED.
Reason:
com.kms.katalon.core.exception.StepFailedException: Unable to scroll to object 'Object Repository/Avangard New/Object (Администратор)/Case (Психофиз)/exstraversi'
	at com.kms.katalon.core.webui.keyword.internal.WebUIKeywordMain.stepFailed(WebUIKeywordMain.groovy:64)
	at com.kms.katalon.core.webui.keyword.internal.WebUIKeywordMain.runKeyword(WebUIKeywordMain.groovy:26)
	at com.kms.katalon.core.webui.keyword.builtin.ScrollToElementKeyword.scrollToElement(ScrollToElementKeyword.groovy:88)
	at com.kms.katalon.core.webui.keyword.builtin.ScrollToElementKeyword.execute(ScrollToElementKeyword.groovy:68)
	at com.kms.katalon.core.keyword.internal.KeywordExecutor.executeKeywordForPlatform(KeywordExecutor.groovy:74)
	at com.kms.katalon.core.webui.keyword.WebUiBuiltInKeywords.scrollToElement(WebUiBuiltInKeywords.groovy:4061)
	at com.kms.katalon.core.webui.keyword.WebUiBuiltInKeywords$scrollToElement$5.call(Unknown Source)
	at Отчет психофиз.run(Отчет психофиз:70)
	at com.kms.katalon.core.main.ScriptEngine.run(ScriptEngine.java:194)
	at com.kms.katalon.core.main.ScriptEngine.runScriptAsRawText(ScriptEngine.java:119)
	at com.kms.katalon.core.main.TestCaseExecutor.runScript(TestCaseExecutor.java:442)
	at com.kms.katalon.core.main.TestCaseExecutor.doExecute(TestCaseExecutor.java:433)
	at com.kms.katalon.core.main.TestCaseExecutor.processExecutionPhase(TestCaseExecutor.java:412)
	at com.kms.katalon.core.main.TestCaseExecutor.accessMainPhase(TestCaseExecutor.java:404)
	at com.kms.katalon.core.main.TestCaseExecutor.execute(TestCaseExecutor.java:281)
	at com.kms.katalon.core.main.TestSuiteExecutor.accessTestCaseMainPhase(TestSuiteExecutor.java:202)
	at com.kms.katalon.core.main.TestSuiteExecutor.accessTestSuiteMainPhase(TestSuiteExecutor.java:164)
	at com.kms.katalon.core.main.TestSuiteExecutor.execute(TestSuiteExecutor.java:105)
	at com.kms.katalon.core.main.TestCaseMain.startTestSuite(TestCaseMain.java:185)
	at com.kms.katalon.core.main.TestCaseMain$startTestSuite$0.call(Unknown Source)
	at TempTestSuite1645768435326.run(TempTestSuite1645768435326.groovy:36)
Caused by: com.kms.katalon.core.webui.exception.WebElementNotFoundException: Web element with id: 'Object Repository/Avangard New/Object (Администратор)/Case (Психофиз)/exstraversi' located by '//p[(text() = 'Экстраверсия' or . = 'Экстраверсия')]' not found
	at com.kms.katalon.core.webui.common.WebUiCommonHelper.findWebElement(WebUiCommonHelper.java:1370)
	at com.kms.katalon.core.webui.keyword.internal.WebUIAbstractKeyword.findWebElement(WebUIAbstractKeyword.groovy:27)
	at com.kms.katalon.core.webui.keyword.internal.WebUIAbstractKeyword.findWebElement(WebUIAbstractKeyword.groovy:26)
	at com.kms.katalon.core.webui.keyword.builtin.ScrollToElementKeyword$_scrollToElement_closure1.doCall(ScrollToElementKeyword.groovy:79)
	at com.kms.katalon.core.webui.keyword.builtin.ScrollToElementKeyword$_scrollToElement_closure1.call(ScrollToElementKeyword.groovy)
	at com.kms.katalon.core.webui.keyword.internal.WebUIKeywordMain.runKeyword(WebUIKeywordMain.groovy:20)
	... 19 more]]></system-err>
   </testsuite>
</testsuites>
