<?xml version="1.0" encoding="UTF-8"?>
<testsuites name="Доктор" time="1112.797" tests="4" failures="1" errors="0">
   <testsuite name="Доктор" tests="4" failures="1" errors="0" time="1112.797" skipped="0" timestamp="2022-02-21 12:30:23" hostname="LENOVO - DESKTOP-KNHN0AA" id="Test Suites/Доктор">
      <properties>
         <property name="deviceName" value=""/>
         <property name="devicePlatform" value=""/>
         <property name="logFolder" value="C:\\Users\\LENOVO\\Katalon Studio\\Project Avangard\\Reports\\20220221_122957\\\u0414\u043E\u043A\u0442\u043E\u0440\\20220221_123002"/>
         <property name="logFiles" value="C:\\Users\\LENOVO\\Katalon Studio\\Project Avangard\\Reports\\20220221_122957\\\u0414\u043E\u043A\u0442\u043E\u0440\\20220221_123002\\execution0.log"/>
         <property name="attachments" value="C:\\Users\\LENOVO\\Katalon Studio\\Project Avangard\\Reports\\20220221_122957\\\u0414\u043E\u043A\u0442\u043E\u0440\\20220221_123002\\1645436032242.png"/>
         <property name="hostName" value="LENOVO - DESKTOP-KNHN0AA"/>
         <property name="remoteDriverUrl" value="testcloud.katalon.com/hub"/>
         <property name="desiredCapabilities" value="{
  &quot;acceptInsecureCerts&quot;: false,
  &quot;browserName&quot;: &quot;chrome&quot;,
  &quot;browserVersion&quot;: &quot;97.0.4692.71&quot;,
  &quot;chrome&quot;: {
    &quot;chromedriverVersion&quot;: &quot;97.0.4692.71 (adefa7837d02a07a604c1e6eff0b3a09422ab88d-refs/branch-heads/4692@{#1247})&quot;,
    &quot;userDataDir&quot;: &quot;/tmp/.com.google.Chrome.UPRMih&quot;
  },
  &quot;goog:chromeOptions&quot;: {
    &quot;debuggerAddress&quot;: &quot;localhost:44765&quot;
  },
  &quot;javascriptEnabled&quot;: true,
  &quot;networkConnectionEnabled&quot;: false,
  &quot;pageLoadStrategy&quot;: &quot;normal&quot;,
  &quot;platform&quot;: &quot;LINUX&quot;,
  &quot;platformName&quot;: &quot;LINUX&quot;,
  &quot;proxy&quot;: {
    &quot;proxyType&quot;: &quot;DIRECT&quot;,
    &quot;autodetect&quot;: false
  },
  &quot;se:cdp&quot;: &quot;ws://172.48.72.136:4444/session/3ff137764ae6d4ee567e95864ba96392/se/cdp&quot;,
  &quot;se:cdpVersion&quot;: &quot;97.0.4692.71&quot;,
  &quot;se:vnc&quot;: &quot;ws://172.48.72.136:4444/session/3ff137764ae6d4ee567e95864ba96392/se/vnc&quot;,
  &quot;se:vncEnabled&quot;: true,
  &quot;se:vncLocalAddress&quot;: &quot;ws://172.48.72.136:7900&quot;,
  &quot;setWindowRect&quot;: true,
  &quot;strictFileInteractability&quot;: false,
  &quot;timeouts&quot;: {
    &quot;implicit&quot;: 0,
    &quot;pageLoad&quot;: 300000,
    &quot;script&quot;: 30000
  },
  &quot;unhandledPromptBehavior&quot;: &quot;dismiss and notify&quot;,
  &quot;webauthn:extension:credBlob&quot;: true,
  &quot;webauthn:extension:largeBlob&quot;: true,
  &quot;webauthn:virtualAuthenticators&quot;: true
}"/>
         <property name="os" value="Windows 10 64bit"/>
         <property name="remoteOS" value="Linux"/>
         <property name="katalonVersion" value="8.2.5.208"/>
         <property name="browser" value="Chrome 97.0.4692.71"/>
         <property name="hostAddress" value="192.168.2.113"/>
         <property name="sessionId" value="3ff137764ae6d4ee567e95864ba96392"/>
         <property name="seleniumVersion" value="3.141.59"/>
         <property name="proxyInformation" value="ProxyInformation { proxyOption=NO_PROXY, proxyServerType=HTTP, username=, password=********, proxyServerAddress=, proxyServerPort=0, executionList=&quot;&quot;, isApplyToDesiredCapabilities=true }"/>
         <property name="platform" value="Windows 10"/>
      </properties>
      <testcase name="Test Cases/Доктор/Проверка вкладки Питание" time="211.644" classname="Test Cases/Доктор/Проверка вкладки Питание" status="FAILED">
         <failure type="FAILED" message="Test Cases/Доктор/Проверка вкладки Питание FAILED.
Reason:
com.kms.katalon.core.exception.StepFailedException: Unable to set text 'автотест проверка ИМТ' of object 'Object Repository/vrach/imt/Page_/input_ _sc-eqIVtm fYABJt'
	at com.kms.katalon.core.webui.keyword.internal.WebUIKeywordMain.stepFailed(WebUIKeywordMain.groovy:64)
	at com.kms.katalon.core.webui.keyword.internal.WebUIKeywordMain.runKeyword(WebUIKeywordMain.groovy:26)
	at com.kms.katalon.core.webui.keyword.builtin.SetTextKeyword.setText(SetTextKeyword.groovy:66)
	at com.kms.katalon.core.webui.keyword.builtin.SetTextKeyword.execute(SetTextKeyword.groovy:37)
	at com.kms.katalon.core.keyword.internal.KeywordExecutor.executeKeywordForPlatform(KeywordExecutor.groovy:74)
	at com.kms.katalon.core.webui.keyword.WebUiBuiltInKeywords.setText(WebUiBuiltInKeywords.groovy:980)
	at com.kms.katalon.core.webui.keyword.WebUiBuiltInKeywords$setText$2.call(Unknown Source)
	at Проверка вкладки Питание.run(Проверка вкладки Питание:44)
	at com.kms.katalon.core.main.ScriptEngine.run(ScriptEngine.java:194)
	at com.kms.katalon.core.main.ScriptEngine.runScriptAsRawText(ScriptEngine.java:119)
	at com.kms.katalon.core.main.TestCaseExecutor.runScript(TestCaseExecutor.java:442)
	at com.kms.katalon.core.main.TestCaseExecutor.doExecute(TestCaseExecutor.java:433)
	at com.kms.katalon.core.main.TestCaseExecutor.processExecutionPhase(TestCaseExecutor.java:412)
	at com.kms.katalon.core.main.TestCaseExecutor.accessMainPhase(TestCaseExecutor.java:404)
	at com.kms.katalon.core.main.TestCaseExecutor.execute(TestCaseExecutor.java:281)
	at com.kms.katalon.core.main.TestSuiteExecutor.accessTestCaseMainPhase(TestSuiteExecutor.java:202)
	at com.kms.katalon.core.main.TestSuiteExecutor.accessTestSuiteMainPhase(TestSuiteExecutor.java:164)
	at com.kms.katalon.core.main.TestSuiteExecutor.execute(TestSuiteExecutor.java:105)
	at com.kms.katalon.core.main.TestCaseMain.startTestSuite(TestCaseMain.java:185)
	at com.kms.katalon.core.main.TestCaseMain$startTestSuite$0.call(Unknown Source)
	at TempTestSuite1645435802527.run(TempTestSuite1645435802527.groovy:36)
Caused by: com.kms.katalon.core.webui.exception.WebElementNotFoundException: Web element with id: 'Object Repository/vrach/imt/Page_/input_ _sc-eqIVtm fYABJt' located by '//input[@placeholder = 'Введите название задачи']' not found
	at com.kms.katalon.core.webui.common.WebUiCommonHelper.findWebElement(WebUiCommonHelper.java:1370)
	at com.kms.katalon.core.webui.keyword.internal.WebUIAbstractKeyword.findWebElement(WebUIAbstractKeyword.groovy:27)
	at com.kms.katalon.core.webui.keyword.internal.WebUIAbstractKeyword.findWebElement(WebUIAbstractKeyword.groovy:26)
	at com.kms.katalon.core.webui.keyword.builtin.SetTextKeyword$_setText_closure1.doCall(SetTextKeyword.groovy:51)
	at com.kms.katalon.core.webui.keyword.builtin.SetTextKeyword$_setText_closure1.call(SetTextKeyword.groovy)
	at com.kms.katalon.core.webui.keyword.internal.WebUIKeywordMain.runKeyword(WebUIKeywordMain.groovy:20)
	... 19 more
"/>
         <system-out><![CDATA[2022-02-21 12:30:25 - [TEST_CASE][FAILED] - Test Cases/Доктор/Проверка вкладки Питание: Test Cases/Доктор/Проверка вкладки Питание FAILED.
Reason:
com.kms.katalon.core.exception.StepFailedException: Unable to set text 'автотест проверка ИМТ' of object 'Object Repository/vrach/imt/Page_/input_ _sc-eqIVtm fYABJt'
	at com.kms.katalon.core.webui.keyword.internal.WebUIKeywordMain.stepFailed(WebUIKeywordMain.groovy:64)
	at com.kms.katalon.core.webui.keyword.internal.WebUIKeywordMain.runKeyword(WebUIKeywordMain.groovy:26)
	at com.kms.katalon.core.webui.keyword.builtin.SetTextKeyword.setText(SetTextKeyword.groovy:66)
	at com.kms.katalon.core.webui.keyword.builtin.SetTextKeyword.execute(SetTextKeyword.groovy:37)
	at com.kms.katalon.core.keyword.internal.KeywordExecutor.executeKeywordForPlatform(KeywordExecutor.groovy:74)
	at com.kms.katalon.core.webui.keyword.WebUiBuiltInKeywords.setText(WebUiBuiltInKeywords.groovy:980)
	at com.kms.katalon.core.webui.keyword.WebUiBuiltInKeywords$setText$2.call(Unknown Source)
	at Проверка вкладки Питание.run(Проверка вкладки Питание:44)
	at com.kms.katalon.core.main.ScriptEngine.run(ScriptEngine.java:194)
	at com.kms.katalon.core.main.ScriptEngine.runScriptAsRawText(ScriptEngine.java:119)
	at com.kms.katalon.core.main.TestCaseExecutor.runScript(TestCaseExecutor.java:442)
	at com.kms.katalon.core.main.TestCaseExecutor.doExecute(TestCaseExecutor.java:433)
	at com.kms.katalon.core.main.TestCaseExecutor.processExecutionPhase(TestCaseExecutor.java:412)
	at com.kms.katalon.core.main.TestCaseExecutor.accessMainPhase(TestCaseExecutor.java:404)
	at com.kms.katalon.core.main.TestCaseExecutor.execute(TestCaseExecutor.java:281)
	at com.kms.katalon.core.main.TestSuiteExecutor.accessTestCaseMainPhase(TestSuiteExecutor.java:202)
	at com.kms.katalon.core.main.TestSuiteExecutor.accessTestSuiteMainPhase(TestSuiteExecutor.java:164)
	at com.kms.katalon.core.main.TestSuiteExecutor.execute(TestSuiteExecutor.java:105)
	at com.kms.katalon.core.main.TestCaseMain.startTestSuite(TestCaseMain.java:185)
	at com.kms.katalon.core.main.TestCaseMain$startTestSuite$0.call(Unknown Source)
	at TempTestSuite1645435802527.run(TempTestSuite1645435802527.groovy:36)
Caused by: com.kms.katalon.core.webui.exception.WebElementNotFoundException: Web element with id: 'Object Repository/vrach/imt/Page_/input_ _sc-eqIVtm fYABJt' located by '//input[@placeholder = 'Введите название задачи']' not found
	at com.kms.katalon.core.webui.common.WebUiCommonHelper.findWebElement(WebUiCommonHelper.java:1370)
	at com.kms.katalon.core.webui.keyword.internal.WebUIAbstractKeyword.findWebElement(WebUIAbstractKeyword.groovy:27)
	at com.kms.katalon.core.webui.keyword.internal.WebUIAbstractKeyword.findWebElement(WebUIAbstractKeyword.groovy:26)
	at com.kms.katalon.core.webui.keyword.builtin.SetTextKeyword$_setText_closure1.doCall(SetTextKeyword.groovy:51)
	at com.kms.katalon.core.webui.keyword.builtin.SetTextKeyword$_setText_closure1.call(SetTextKeyword.groovy)
	at com.kms.katalon.core.webui.keyword.internal.WebUIKeywordMain.runKeyword(WebUIKeywordMain.groovy:20)
	... 19 more


2022-02-21 12:30:30 - [TEST_STEP][PASSED] - callTestCase(findTestCase("Доктор/Авторизация врач"), [:], STOP_ON_FAILURE): Call Test Case 'Test Cases/Доктор/Авторизация врач' successfully

2022-02-21 12:30:30 - [TEST_CASE][PASSED] - Test Cases/Доктор/Авторизация врач: Test Cases/Доктор/Авторизация врач

2022-02-21 12:30:33 - [TEST_STEP][PASSED] - openBrowser(""): Browser is opened with url: ''

2022-02-21 12:30:34 - [MESSAGE][INFO] - User set preference: ['os', 'linux']

2022-02-21 12:30:34 - [MESSAGE][INFO] - User set preference: ['browserName', 'chrome']

2022-02-21 12:30:34 - [MESSAGE][INFO] - User set preference: ['browserVersion', '97']

2022-02-21 12:30:34 - [MESSAGE][INFO] - User set preference: ['katalon:option', '{organizationId=551240, tunnelId=, usingTunnel=false}']

2022-02-21 12:30:34 - [MESSAGE][INFO] - Connecting to remote web server 'testcloud.katalon.com/hub' with type 'Selenium'

2022-02-21 12:30:36 - [MESSAGE][INFO] - Action delay is set to 100 milliseconds

2022-02-21 12:31:47 - [MESSAGE][PASSED] - Browser is opened with url: ''

2022-02-21 12:31:47 - [TEST_STEP][PASSED] - maximizeWindow(): Current window maximized

2022-02-21 12:31:47 - [MESSAGE][PASSED] - Current window maximized

2022-02-21 12:31:47 - [TEST_STEP][PASSED] - navigateToUrl(url): Navigate to 'https://stars-stage.hawk.ru:8080' successfully

2022-02-21 12:31:54 - [MESSAGE][PASSED] - Navigate to 'https://stars-stage.hawk.ru:8080' successfully

2022-02-21 12:31:54 - [TEST_STEP][PASSED] - setText(findTestObject("Object Repository/vra/Page_/input__sc-lnrBVv eqPACj"), doktor_login): Text 'TestDoctor@mail.ru' is set on object 'Object Repository/vra/Page_/input__sc-lnrBVv eqPACj'

2022-02-21 12:31:58 - [MESSAGE][PASSED] - Text 'TestDoctor@mail.ru' is set on object 'Object Repository/vra/Page_/input__sc-lnrBVv eqPACj'

2022-02-21 12:31:58 - [TEST_STEP][PASSED] - setText(findTestObject("Object Repository/vra/Page_/input__sc-lnrBVv eqPACj_1"), doktor_password, STOP_ON_FAILURE): Text 'TestDoctor@mail.ru' is set on object 'Object Repository/vra/Page_/input__sc-lnrBVv eqPACj_1'

2022-02-21 12:32:03 - [MESSAGE][PASSED] - Text 'TestDoctor@mail.ru' is set on object 'Object Repository/vra/Page_/input__sc-lnrBVv eqPACj_1'

2022-02-21 12:32:03 - [TEST_STEP][PASSED] - click(findTestObject("Object Repository/vrach/Page_/Page_/go")): Object: 'Object Repository/vrach/Page_/Page_/go' is clicked on

2022-02-21 12:32:05 - [MESSAGE][PASSED] - Object: 'Object Repository/vrach/Page_/Page_/go' is clicked on

2022-02-21 12:32:05 - [MESSAGE][PASSED] - Call Test Case 'Test Cases/Доктор/Авторизация врач' successfully

2022-02-21 12:32:05 - [TEST_STEP][PASSED] - click(findTestObject("Object Repository/vrach/imt/Page_/IMT")): Object: 'Object Repository/vrach/imt/Page_/IMT' is clicked on

2022-02-21 12:32:13 - [MESSAGE][PASSED] - Object: 'Object Repository/vrach/imt/Page_/IMT' is clicked on

2022-02-21 12:32:13 - [TEST_STEP][PASSED] - click(findTestObject("Object Repository/vrach/imt/Page_/school")): Object: 'Object Repository/vrach/imt/Page_/school' is clicked on

2022-02-21 12:32:17 - [MESSAGE][PASSED] - Object: 'Object Repository/vrach/imt/Page_/school' is clicked on

2022-02-21 12:32:17 - [TEST_STEP][PASSED] - click(findTestObject("Object Repository/vrach/imt/Page_/div_ (2)")): Object: 'Object Repository/vrach/imt/Page_/div_ (2)' is clicked on

2022-02-21 12:32:19 - [MESSAGE][PASSED] - Object: 'Object Repository/vrach/imt/Page_/div_ (2)' is clicked on

2022-02-21 12:32:19 - [TEST_STEP][PASSED] - click(findTestObject("Object Repository/vrach/imt/Page_/team")): Object: 'Object Repository/vrach/imt/Page_/team' is clicked on

2022-02-21 12:32:21 - [MESSAGE][PASSED] - Object: 'Object Repository/vrach/imt/Page_/team' is clicked on

2022-02-21 12:32:21 - [TEST_STEP][PASSED] - click(findTestObject("Object Repository/vrach/imt/Page_/OYA")): Object: 'Object Repository/vrach/imt/Page_/OYA' is clicked on

2022-02-21 12:32:24 - [MESSAGE][PASSED] - Object: 'Object Repository/vrach/imt/Page_/OYA' is clicked on

2022-02-21 12:32:24 - [TEST_STEP][PASSED] - click(findTestObject("Object Repository/vrach/imt/Page_/edit")): Object: 'Object Repository/vrach/imt/Page_/edit' is clicked on

2022-02-21 12:32:29 - [MESSAGE][PASSED] - Object: 'Object Repository/vrach/imt/Page_/edit' is clicked on

2022-02-21 12:32:29 - [TEST_STEP][NOT_RUN] - scrollToElement(findTestObject("Object Repository/vrach/imt/Page_/trikozov"), 0): NOT_RUN: scrollToElement(findTestObject("Object Repository/vrach/imt/Page_/trikozov"), 0)

2022-02-21 12:32:29 - [MESSAGE][NOT_RUN] - NOT_RUN: scrollToElement(findTestObject("Object Repository/vrach/imt/Page_/trikozov"), 0)

2022-02-21 12:32:29 - [TEST_STEP][PASSED] - click(findTestObject("Object Repository/vrach/imt/Page_/trikozov")): Object: 'Object Repository/vrach/imt/Page_/trikozov' is clicked on

2022-02-21 12:32:31 - [MESSAGE][PASSED] - Object: 'Object Repository/vrach/imt/Page_/trikozov' is clicked on

2022-02-21 12:32:31 - [TEST_STEP][PASSED] - click(findTestObject("Object Repository/vrach/imt/Page_/recomend")): Object: 'Object Repository/vrach/imt/Page_/recomend' is clicked on

2022-02-21 12:33:04 - [MESSAGE][INFO] - Unable to find the element located by 'By.xpath: //*[(text() = 'Выберите тип рекомендации' or . = 'Выберите тип рекомендации')]'. Please recheck the objects properties to make sure the desired element is located. 

2022-02-21 12:33:04 - [MESSAGE][WARNING] - [SELF-HEALING] Failed to find element with id 'Object Repository/vrach/imt/Page_/recomend'. Try using Self-healing.

2022-02-21 12:33:05 - [MESSAGE][WARNING] - [SELF-HEALING] The current locator of test object 'Object Repository/vrach/imt/Page_/recomend' was broken. Propose an alternative one: '//label/div/div/div/div'.

2022-02-21 12:33:06 - [MESSAGE][PASSED] - Object: 'Object Repository/vrach/imt/Page_/recomend' is clicked on

2022-02-21 12:33:06 - [TEST_STEP][PASSED] - click(findTestObject("Object Repository/vrach/imt/Page_/tiprecomend")): Object: 'Object Repository/vrach/imt/Page_/tiprecomend' is clicked on

2022-02-21 12:33:09 - [MESSAGE][PASSED] - Object: 'Object Repository/vrach/imt/Page_/tiprecomend' is clicked on

2022-02-21 12:33:09 - [TEST_STEP][PASSED] - click(findTestObject("Object Repository/vrach/imt/Page_/addtask")): Object: 'Object Repository/vrach/imt/Page_/addtask' is clicked on

2022-02-21 12:33:11 - [MESSAGE][PASSED] - Object: 'Object Repository/vrach/imt/Page_/addtask' is clicked on

2022-02-21 12:33:11 - [TEST_STEP][FAILED] - setText(findTestObject("Object Repository/vrach/imt/Page_/input_ _sc-eqIVtm fYABJt"), "автотест проверка ИМТ"): Unable to set text 'автотест проверка ИМТ' of object 'Object Repository/vrach/imt/Page_/input_ _sc-eqIVtm fYABJt' (Root cause: com.kms.katalon.core.exception.StepFailedException: Unable to set text 'автотест проверка ИМТ' of object 'Object Repository/vrach/imt/Page_/input_ _sc-eqIVtm fYABJt'
	at com.kms.katalon.core.webui.keyword.internal.WebUIKeywordMain.stepFailed(WebUIKeywordMain.groovy:64)
	at com.kms.katalon.core.webui.keyword.internal.WebUIKeywordMain.runKeyword(WebUIKeywordMain.groovy:26)
	at com.kms.katalon.core.webui.keyword.builtin.SetTextKeyword.setText(SetTextKeyword.groovy:66)
	at com.kms.katalon.core.webui.keyword.builtin.SetTextKeyword.execute(SetTextKeyword.groovy:37)
	at com.kms.katalon.core.keyword.internal.KeywordExecutor.executeKeywordForPlatform(KeywordExecutor.groovy:74)
	at com.kms.katalon.core.webui.keyword.WebUiBuiltInKeywords.setText(WebUiBuiltInKeywords.groovy:980)
	at com.kms.katalon.core.webui.keyword.WebUiBuiltInKeywords$setText$2.call(Unknown Source)
	at Проверка вкладки Питание.run(Проверка вкладки Питание:44)
	at com.kms.katalon.core.main.ScriptEngine.run(ScriptEngine.java:194)
	at com.kms.katalon.core.main.ScriptEngine.runScriptAsRawText(ScriptEngine.java:119)
	at com.kms.katalon.core.main.TestCaseExecutor.runScript(TestCaseExecutor.java:442)
	at com.kms.katalon.core.main.TestCaseExecutor.doExecute(TestCaseExecutor.java:433)
	at com.kms.katalon.core.main.TestCaseExecutor.processExecutionPhase(TestCaseExecutor.java:412)
	at com.kms.katalon.core.main.TestCaseExecutor.accessMainPhase(TestCaseExecutor.java:404)
	at com.kms.katalon.core.main.TestCaseExecutor.execute(TestCaseExecutor.java:281)
	at com.kms.katalon.core.main.TestSuiteExecutor.accessTestCaseMainPhase(TestSuiteExecutor.java:202)
	at com.kms.katalon.core.main.TestSuiteExecutor.accessTestSuiteMainPhase(TestSuiteExecutor.java:164)
	at com.kms.katalon.core.main.TestSuiteExecutor.execute(TestSuiteExecutor.java:105)
	at com.kms.katalon.core.main.TestCaseMain.startTestSuite(TestCaseMain.java:185)
	at com.kms.katalon.core.main.TestCaseMain$startTestSuite$0.call(Unknown Source)
	at TempTestSuite1645435802527.run(TempTestSuite1645435802527.groovy:36)
Caused by: com.kms.katalon.core.webui.exception.WebElementNotFoundException: Web element with id: 'Object Repository/vrach/imt/Page_/input_ _sc-eqIVtm fYABJt' located by '//input[@placeholder = 'Введите название задачи']' not found
	at com.kms.katalon.core.webui.common.WebUiCommonHelper.findWebElement(WebUiCommonHelper.java:1370)
	at com.kms.katalon.core.webui.keyword.internal.WebUIAbstractKeyword.findWebElement(WebUIAbstractKeyword.groovy:27)
	at com.kms.katalon.core.webui.keyword.internal.WebUIAbstractKeyword.findWebElement(WebUIAbstractKeyword.groovy:26)
	at com.kms.katalon.core.webui.keyword.builtin.SetTextKeyword$_setText_closure1.doCall(SetTextKeyword.groovy:51)
	at com.kms.katalon.core.webui.keyword.builtin.SetTextKeyword$_setText_closure1.call(SetTextKeyword.groovy)
	at com.kms.katalon.core.webui.keyword.internal.WebUIKeywordMain.runKeyword(WebUIKeywordMain.groovy:20)
	at com.kms.katalon.core.webui.keyword.builtin.SetTextKeyword.setText(SetTextKeyword.groovy:66)
	at com.kms.katalon.core.webui.keyword.builtin.SetTextKeyword.execute(SetTextKeyword.groovy:37)
	at com.kms.katalon.core.keyword.internal.KeywordExecutor.executeKeywordForPlatform(KeywordExecutor.groovy:74)
	at com.kms.katalon.core.webui.keyword.WebUiBuiltInKeywords.setText(WebUiBuiltInKeywords.groovy:980)
	at com.kms.katalon.core.webui.keyword.WebUiBuiltInKeywords$setText$2.call(Unknown Source)
	at Script1645089906055.run(Script1645089906055.groovy:44)
	... 13 more
)

2022-02-21 12:33:43 - [MESSAGE][INFO] - Unable to find the element located by 'By.xpath: //input[@placeholder = 'Введите название задачи']'. Please recheck the objects properties to make sure the desired element is located. 

2022-02-21 12:33:43 - [MESSAGE][WARNING] - [SELF-HEALING] Failed to find element with id 'Object Repository/vrach/imt/Page_/input_ _sc-eqIVtm fYABJt'. Try using Self-healing.

2022-02-21 12:33:44 - [MESSAGE][INFO] - Unable to find the element located by 'By.xpath: //*[@id="root"]/div[1]/div/div[2]/div/div[2]/div/div[2]/div/div/div[2]/div/div/div[2]/div[3]/div/div/div/div/div/input'. Please recheck the objects properties to make sure the desired element is located. 

2022-02-21 12:33:46 - [MESSAGE][INFO] - [SELF-HEALING] Failed Locator: '(//input[@value=''])[4]'.

2022-02-21 12:33:48 - [MESSAGE][INFO] - [SELF-HEALING] Failed Locator: '//div[@id='root']/div/div/div[2]/div/div[2]/div/div[2]/div/div/div[2]/div/div/div[2]/div[3]/div/div/div/div/div/input'.

2022-02-21 12:33:50 - [MESSAGE][INFO] - [SELF-HEALING] Failed Locator: '//div[3]/div/div/div/div/div/input'.

2022-02-21 12:33:52 - [MESSAGE][INFO] - Unable to find the element located by 'By.cssSelector: input.sc-eqIVtm.fYABJt'. Please recheck the objects properties to make sure the desired element is located. 

2022-02-21 12:33:54 - [MESSAGE][FAILED] - Unable to set text 'автотест проверка ИМТ' of object 'Object Repository/vrach/imt/Page_/input_ _sc-eqIVtm fYABJt' (Root cause: com.kms.katalon.core.exception.StepFailedException: Unable to set text 'автотест проверка ИМТ' of object 'Object Repository/vrach/imt/Page_/input_ _sc-eqIVtm fYABJt'
	at com.kms.katalon.core.webui.keyword.internal.WebUIKeywordMain.stepFailed(WebUIKeywordMain.groovy:64)
	at com.kms.katalon.core.webui.keyword.internal.WebUIKeywordMain.runKeyword(WebUIKeywordMain.groovy:26)
	at com.kms.katalon.core.webui.keyword.builtin.SetTextKeyword.setText(SetTextKeyword.groovy:66)
	at com.kms.katalon.core.webui.keyword.builtin.SetTextKeyword.execute(SetTextKeyword.groovy:37)
	at com.kms.katalon.core.keyword.internal.KeywordExecutor.executeKeywordForPlatform(KeywordExecutor.groovy:74)
	at com.kms.katalon.core.webui.keyword.WebUiBuiltInKeywords.setText(WebUiBuiltInKeywords.groovy:980)
	at com.kms.katalon.core.webui.keyword.WebUiBuiltInKeywords$setText$2.call(Unknown Source)
	at Проверка вкладки Питание.run(Проверка вкладки Питание:44)
	at com.kms.katalon.core.main.ScriptEngine.run(ScriptEngine.java:194)
	at com.kms.katalon.core.main.ScriptEngine.runScriptAsRawText(ScriptEngine.java:119)
	at com.kms.katalon.core.main.TestCaseExecutor.runScript(TestCaseExecutor.java:442)
	at com.kms.katalon.core.main.TestCaseExecutor.doExecute(TestCaseExecutor.java:433)
	at com.kms.katalon.core.main.TestCaseExecutor.processExecutionPhase(TestCaseExecutor.java:412)
	at com.kms.katalon.core.main.TestCaseExecutor.accessMainPhase(TestCaseExecutor.java:404)
	at com.kms.katalon.core.main.TestCaseExecutor.execute(TestCaseExecutor.java:281)
	at com.kms.katalon.core.main.TestSuiteExecutor.accessTestCaseMainPhase(TestSuiteExecutor.java:202)
	at com.kms.katalon.core.main.TestSuiteExecutor.accessTestSuiteMainPhase(TestSuiteExecutor.java:164)
	at com.kms.katalon.core.main.TestSuiteExecutor.execute(TestSuiteExecutor.java:105)
	at com.kms.katalon.core.main.TestCaseMain.startTestSuite(TestCaseMain.java:185)
	at com.kms.katalon.core.main.TestCaseMain$startTestSuite$0.call(Unknown Source)
	at TempTestSuite1645435802527.run(TempTestSuite1645435802527.groovy:36)
Caused by: com.kms.katalon.core.webui.exception.WebElementNotFoundException: Web element with id: 'Object Repository/vrach/imt/Page_/input_ _sc-eqIVtm fYABJt' located by '//input[@placeholder = 'Введите название задачи']' not found
	at com.kms.katalon.core.webui.common.WebUiCommonHelper.findWebElement(WebUiCommonHelper.java:1370)
	at com.kms.katalon.core.webui.keyword.internal.WebUIAbstractKeyword.findWebElement(WebUIAbstractKeyword.groovy:27)
	at com.kms.katalon.core.webui.keyword.internal.WebUIAbstractKeyword.findWebElement(WebUIAbstractKeyword.groovy:26)
	at com.kms.katalon.core.webui.keyword.builtin.SetTextKeyword$_setText_closure1.doCall(SetTextKeyword.groovy:51)
	at com.kms.katalon.core.webui.keyword.builtin.SetTextKeyword$_setText_closure1.call(SetTextKeyword.groovy)
	at com.kms.katalon.core.webui.keyword.internal.WebUIKeywordMain.runKeyword(WebUIKeywordMain.groovy:20)
	at com.kms.katalon.core.webui.keyword.builtin.SetTextKeyword.setText(SetTextKeyword.groovy:66)
	at com.kms.katalon.core.webui.keyword.builtin.SetTextKeyword.execute(SetTextKeyword.groovy:37)
	at com.kms.katalon.core.keyword.internal.KeywordExecutor.executeKeywordForPlatform(KeywordExecutor.groovy:74)
	at com.kms.katalon.core.webui.keyword.WebUiBuiltInKeywords.setText(WebUiBuiltInKeywords.groovy:980)
	at com.kms.katalon.core.webui.keyword.WebUiBuiltInKeywords$setText$2.call(Unknown Source)
	at Script1645089906055.run(Script1645089906055.groovy:44)
	... 13 more
)
[[ATTACHMENT|C:\\Users\\LENOVO\\Katalon Studio\\Project Avangard\\Reports\\20220221_122957\\\u0414\u043E\u043A\u0442\u043E\u0440\\20220221_123002\\1645436032242.png]]]]></system-out>
         <system-err><![CDATA[2022-02-21 12:30:25 - [TEST_CASE][FAILED] - Test Cases/Доктор/Проверка вкладки Питание: Test Cases/Доктор/Проверка вкладки Питание FAILED.
Reason:
com.kms.katalon.core.exception.StepFailedException: Unable to set text 'автотест проверка ИМТ' of object 'Object Repository/vrach/imt/Page_/input_ _sc-eqIVtm fYABJt'
	at com.kms.katalon.core.webui.keyword.internal.WebUIKeywordMain.stepFailed(WebUIKeywordMain.groovy:64)
	at com.kms.katalon.core.webui.keyword.internal.WebUIKeywordMain.runKeyword(WebUIKeywordMain.groovy:26)
	at com.kms.katalon.core.webui.keyword.builtin.SetTextKeyword.setText(SetTextKeyword.groovy:66)
	at com.kms.katalon.core.webui.keyword.builtin.SetTextKeyword.execute(SetTextKeyword.groovy:37)
	at com.kms.katalon.core.keyword.internal.KeywordExecutor.executeKeywordForPlatform(KeywordExecutor.groovy:74)
	at com.kms.katalon.core.webui.keyword.WebUiBuiltInKeywords.setText(WebUiBuiltInKeywords.groovy:980)
	at com.kms.katalon.core.webui.keyword.WebUiBuiltInKeywords$setText$2.call(Unknown Source)
	at Проверка вкладки Питание.run(Проверка вкладки Питание:44)
	at com.kms.katalon.core.main.ScriptEngine.run(ScriptEngine.java:194)
	at com.kms.katalon.core.main.ScriptEngine.runScriptAsRawText(ScriptEngine.java:119)
	at com.kms.katalon.core.main.TestCaseExecutor.runScript(TestCaseExecutor.java:442)
	at com.kms.katalon.core.main.TestCaseExecutor.doExecute(TestCaseExecutor.java:433)
	at com.kms.katalon.core.main.TestCaseExecutor.processExecutionPhase(TestCaseExecutor.java:412)
	at com.kms.katalon.core.main.TestCaseExecutor.accessMainPhase(TestCaseExecutor.java:404)
	at com.kms.katalon.core.main.TestCaseExecutor.execute(TestCaseExecutor.java:281)
	at com.kms.katalon.core.main.TestSuiteExecutor.accessTestCaseMainPhase(TestSuiteExecutor.java:202)
	at com.kms.katalon.core.main.TestSuiteExecutor.accessTestSuiteMainPhase(TestSuiteExecutor.java:164)
	at com.kms.katalon.core.main.TestSuiteExecutor.execute(TestSuiteExecutor.java:105)
	at com.kms.katalon.core.main.TestCaseMain.startTestSuite(TestCaseMain.java:185)
	at com.kms.katalon.core.main.TestCaseMain$startTestSuite$0.call(Unknown Source)
	at TempTestSuite1645435802527.run(TempTestSuite1645435802527.groovy:36)
Caused by: com.kms.katalon.core.webui.exception.WebElementNotFoundException: Web element with id: 'Object Repository/vrach/imt/Page_/input_ _sc-eqIVtm fYABJt' located by '//input[@placeholder = 'Введите название задачи']' not found
	at com.kms.katalon.core.webui.common.WebUiCommonHelper.findWebElement(WebUiCommonHelper.java:1370)
	at com.kms.katalon.core.webui.keyword.internal.WebUIAbstractKeyword.findWebElement(WebUIAbstractKeyword.groovy:27)
	at com.kms.katalon.core.webui.keyword.internal.WebUIAbstractKeyword.findWebElement(WebUIAbstractKeyword.groovy:26)
	at com.kms.katalon.core.webui.keyword.builtin.SetTextKeyword$_setText_closure1.doCall(SetTextKeyword.groovy:51)
	at com.kms.katalon.core.webui.keyword.builtin.SetTextKeyword$_setText_closure1.call(SetTextKeyword.groovy)
	at com.kms.katalon.core.webui.keyword.internal.WebUIKeywordMain.runKeyword(WebUIKeywordMain.groovy:20)
	... 19 more]]></system-err>
      </testcase>
      <testcase name="Test Cases/Доктор/Просмотр профиля" time="134.176" classname="Test Cases/Доктор/Просмотр профиля" status="PASSED">
         <system-out><![CDATA[2022-02-21 12:33:57 - [TEST_CASE][PASSED] - Test Cases/Доктор/Просмотр профиля: Test Cases/Доктор/Просмотр профиля

2022-02-21 12:33:57 - [TEST_STEP][PASSED] - callTestCase(findTestCase("Доктор/Авторизация врач"), [:], STOP_ON_FAILURE): Call Test Case 'Test Cases/Доктор/Авторизация врач' successfully

2022-02-21 12:33:57 - [TEST_CASE][PASSED] - Test Cases/Доктор/Авторизация врач: Test Cases/Доктор/Авторизация врач

2022-02-21 12:33:57 - [TEST_STEP][PASSED] - openBrowser(""): Browser is opened with url: ''

2022-02-21 12:33:57 - [MESSAGE][WARNING] - A browser is already opened. Closing browser and opening a new one

2022-02-21 12:33:58 - [MESSAGE][INFO] - User set preference: ['os', 'linux']

2022-02-21 12:33:58 - [MESSAGE][INFO] - User set preference: ['browserName', 'chrome']

2022-02-21 12:33:58 - [MESSAGE][INFO] - User set preference: ['browserVersion', '97']

2022-02-21 12:33:58 - [MESSAGE][INFO] - User set preference: ['katalon:option', '{organizationId=551240, tunnelId=, usingTunnel=false}']

2022-02-21 12:33:58 - [MESSAGE][INFO] - Connecting to remote web server 'testcloud.katalon.com/hub' with type 'Selenium'

2022-02-21 12:33:58 - [MESSAGE][INFO] - Action delay is set to 100 milliseconds

2022-02-21 12:35:34 - [MESSAGE][PASSED] - Browser is opened with url: ''

2022-02-21 12:35:34 - [TEST_STEP][PASSED] - maximizeWindow(): Current window maximized

2022-02-21 12:35:34 - [MESSAGE][PASSED] - Current window maximized

2022-02-21 12:35:34 - [TEST_STEP][PASSED] - navigateToUrl(url): Navigate to 'https://stars-stage.hawk.ru:8080' successfully

2022-02-21 12:35:41 - [MESSAGE][PASSED] - Navigate to 'https://stars-stage.hawk.ru:8080' successfully

2022-02-21 12:35:41 - [TEST_STEP][PASSED] - setText(findTestObject("Object Repository/vra/Page_/input__sc-lnrBVv eqPACj"), doktor_login): Text 'TestDoctor@mail.ru' is set on object 'Object Repository/vra/Page_/input__sc-lnrBVv eqPACj'

2022-02-21 12:35:47 - [MESSAGE][PASSED] - Text 'TestDoctor@mail.ru' is set on object 'Object Repository/vra/Page_/input__sc-lnrBVv eqPACj'

2022-02-21 12:35:47 - [TEST_STEP][PASSED] - setText(findTestObject("Object Repository/vra/Page_/input__sc-lnrBVv eqPACj_1"), doktor_password, STOP_ON_FAILURE): Text 'TestDoctor@mail.ru' is set on object 'Object Repository/vra/Page_/input__sc-lnrBVv eqPACj_1'

2022-02-21 12:35:51 - [MESSAGE][PASSED] - Text 'TestDoctor@mail.ru' is set on object 'Object Repository/vra/Page_/input__sc-lnrBVv eqPACj_1'

2022-02-21 12:35:51 - [TEST_STEP][PASSED] - click(findTestObject("Object Repository/vrach/Page_/Page_/go")): Object: 'Object Repository/vrach/Page_/Page_/go' is clicked on

2022-02-21 12:35:54 - [MESSAGE][PASSED] - Object: 'Object Repository/vrach/Page_/Page_/go' is clicked on

2022-02-21 12:35:54 - [MESSAGE][PASSED] - Call Test Case 'Test Cases/Доктор/Авторизация врач' successfully

2022-02-21 12:35:54 - [TEST_STEP][PASSED] - click(findTestObject("Object Repository/vrach/profile/Page_/span_TestDoctormail.ru")): Object: 'Object Repository/vrach/profile/Page_/span_TestDoctormail.ru' is clicked on

2022-02-21 12:36:03 - [MESSAGE][PASSED] - Object: 'Object Repository/vrach/profile/Page_/span_TestDoctormail.ru' is clicked on

2022-02-21 12:36:03 - [TEST_STEP][PASSED] - click(findTestObject("Object Repository/vrach/profile/Page_/save")): Object: 'Object Repository/vrach/profile/Page_/save' is clicked on

2022-02-21 12:36:05 - [MESSAGE][PASSED] - Object: 'Object Repository/vrach/profile/Page_/save' is clicked on

2022-02-21 12:36:05 - [TEST_STEP][PASSED] - verifyTextPresent("Пользователь сохранен", true): Text 'Пользователь сохранен' is present on page  using regular expression

2022-02-21 12:36:08 - [MESSAGE][PASSED] - Text 'Пользователь сохранен' is present on page  using regular expression

2022-02-21 12:36:08 - [TEST_STEP][PASSED] - click(findTestObject("Object Repository/vrach/profile/Page_/exit")): Object: 'Object Repository/vrach/profile/Page_/exit' is clicked on

2022-02-21 12:36:10 - [MESSAGE][PASSED] - Object: 'Object Repository/vrach/profile/Page_/exit' is clicked on

2022-02-21 12:36:10 - [TEST_STEP][PASSED] - closeBrowser(): Browser is closed

2022-02-21 12:36:11 - [MESSAGE][PASSED] - Browser is closed]]></system-out>
         <system-err><![CDATA[]]></system-err>
      </testcase>
      <testcase name="Test Cases/Доктор/Психотест (психолог)" time="169.204" classname="Test Cases/Доктор/Психотест (психолог)" status="PASSED">
         <system-out><![CDATA[2022-02-21 12:36:11 - [TEST_CASE][PASSED] - Test Cases/Доктор/Психотест (психолог): Test Cases/Доктор/Психотест (психолог)

2022-02-21 12:36:11 - [TEST_STEP][PASSED] - openBrowser(""): Browser is opened with url: ''

2022-02-21 12:36:11 - [MESSAGE][INFO] - User set preference: ['os', 'linux']

2022-02-21 12:36:11 - [MESSAGE][INFO] - User set preference: ['browserName', 'chrome']

2022-02-21 12:36:11 - [MESSAGE][INFO] - User set preference: ['browserVersion', '97']

2022-02-21 12:36:11 - [MESSAGE][INFO] - User set preference: ['katalon:option', '{organizationId=551240, tunnelId=, usingTunnel=false}']

2022-02-21 12:36:11 - [MESSAGE][INFO] - Connecting to remote web server 'testcloud.katalon.com/hub' with type 'Selenium'

2022-02-21 12:36:11 - [MESSAGE][INFO] - Action delay is set to 100 milliseconds

2022-02-21 12:37:30 - [MESSAGE][PASSED] - Browser is opened with url: ''

2022-02-21 12:37:30 - [TEST_STEP][PASSED] - maximizeWindow(): Current window maximized

2022-02-21 12:37:31 - [MESSAGE][PASSED] - Current window maximized

2022-02-21 12:37:31 - [TEST_STEP][PASSED] - navigateToUrl("https://stars-stage.hawk.ru:8080/"): Navigate to 'https://stars-stage.hawk.ru:8080/' successfully

2022-02-21 12:37:43 - [MESSAGE][PASSED] - Navigate to 'https://stars-stage.hawk.ru:8080/' successfully

2022-02-21 12:37:43 - [TEST_STEP][PASSED] - setText(findTestObject("Avangard New/Object (Психолог)/login (Логин Психолог)"), "psychoTEST@mail.ru"): Text 'psychoTEST@mail.ru' is set on object 'Object Repository/Avangard New/Object (Психолог)/login (Логин Психолог)'

2022-02-21 12:37:47 - [MESSAGE][PASSED] - Text 'psychoTEST@mail.ru' is set on object 'Object Repository/Avangard New/Object (Психолог)/login (Логин Психолог)'

2022-02-21 12:37:47 - [TEST_STEP][PASSED] - setText(findTestObject("Avangard New/Object (Психолог)/password (Пароль Психолог)"), "psychoTEST@mail.ru", STOP_ON_FAILURE): Text 'psychoTEST@mail.ru' is set on object 'Object Repository/Avangard New/Object (Психолог)/password (Пароль Психолог)'

2022-02-21 12:37:52 - [MESSAGE][PASSED] - Text 'psychoTEST@mail.ru' is set on object 'Object Repository/Avangard New/Object (Психолог)/password (Пароль Психолог)'

2022-02-21 12:37:52 - [TEST_STEP][PASSED] - click(findTestObject("Object Repository/vrach/psychotest/Page_/go")): Object: 'Object Repository/vrach/psychotest/Page_/go' is clicked on

2022-02-21 12:37:55 - [MESSAGE][PASSED] - Object: 'Object Repository/vrach/psychotest/Page_/go' is clicked on

2022-02-21 12:37:55 - [TEST_STEP][PASSED] - click(findTestObject("Object Repository/vrach/psychotest/Page_/psychotest")): Object: 'Object Repository/vrach/psychotest/Page_/psychotest' is clicked on

2022-02-21 12:38:15 - [MESSAGE][PASSED] - Object: 'Object Repository/vrach/psychotest/Page_/psychotest' is clicked on

2022-02-21 12:38:15 - [TEST_STEP][PASSED] - verifyTextPresent("Психологический профиль", false): Text 'Психологический профиль' is present on page 

2022-02-21 12:38:18 - [MESSAGE][PASSED] - Text 'Психологический профиль' is present on page 

2022-02-21 12:38:18 - [TEST_STEP][PASSED] - click(findTestObject("Object Repository/vrach/psychotest/Page_/school")): Object: 'Object Repository/vrach/psychotest/Page_/school' is clicked on

2022-02-21 12:38:20 - [MESSAGE][PASSED] - Object: 'Object Repository/vrach/psychotest/Page_/school' is clicked on

2022-02-21 12:38:20 - [TEST_STEP][PASSED] - click(findTestObject("Object Repository/vrach/psychotest/Page_/avanguard")): Object: 'Object Repository/vrach/psychotest/Page_/avanguard' is clicked on

2022-02-21 12:38:26 - [MESSAGE][PASSED] - Object: 'Object Repository/vrach/psychotest/Page_/avanguard' is clicked on

2022-02-21 12:38:26 - [TEST_STEP][PASSED] - click(findTestObject("Object Repository/vrach/psychotest/Page_/team")): Object: 'Object Repository/vrach/psychotest/Page_/team' is clicked on

2022-02-21 12:38:30 - [MESSAGE][PASSED] - Object: 'Object Repository/vrach/psychotest/Page_/team' is clicked on

2022-02-21 12:38:30 - [TEST_STEP][PASSED] - click(findTestObject("Object Repository/vrach/psychotest/Page_/varteam")): Object: 'Object Repository/vrach/psychotest/Page_/varteam' is clicked on

2022-02-21 12:38:32 - [MESSAGE][PASSED] - Object: 'Object Repository/vrach/psychotest/Page_/varteam' is clicked on

2022-02-21 12:38:32 - [TEST_STEP][PASSED] - click(findTestObject("Object Repository/vrach/psychotest/Page_/player")): Object: 'Object Repository/vrach/psychotest/Page_/player' is clicked on

2022-02-21 12:38:38 - [MESSAGE][PASSED] - Object: 'Object Repository/vrach/psychotest/Page_/player' is clicked on

2022-02-21 12:38:38 - [TEST_STEP][PASSED] - click(findTestObject("Object Repository/vrach/psychotest/Page_/varplayer")): Object: 'Object Repository/vrach/psychotest/Page_/varplayer' is clicked on

2022-02-21 12:38:41 - [MESSAGE][PASSED] - Object: 'Object Repository/vrach/psychotest/Page_/varplayer' is clicked on

2022-02-21 12:38:41 - [TEST_STEP][PASSED] - click(findTestObject("Object Repository/vrach/psychotest/Page_/date")): Object: 'Object Repository/vrach/psychotest/Page_/date' is clicked on

2022-02-21 12:38:46 - [MESSAGE][PASSED] - Object: 'Object Repository/vrach/psychotest/Page_/date' is clicked on

2022-02-21 12:38:46 - [TEST_STEP][PASSED] - click(findTestObject("Object Repository/vrach/psychotest/Page_/enter_date")): Object: 'Object Repository/vrach/psychotest/Page_/enter_date' is clicked on

2022-02-21 12:38:49 - [MESSAGE][PASSED] - Object: 'Object Repository/vrach/psychotest/Page_/enter_date' is clicked on

2022-02-21 12:38:49 - [TEST_STEP][PASSED] - verifyTextPresent("Реакция на простой стимул", false): Text 'Реакция на простой стимул' is present on page 

2022-02-21 12:38:51 - [MESSAGE][PASSED] - Text 'Реакция на простой стимул' is present on page 

2022-02-21 12:38:51 - [TEST_STEP][PASSED] - scrollToElement(findTestObject("Object Repository/vrach/psychotest/Page_/thinking"), 0): Scroll to object 'Object Repository/vrach/psychotest/Page_/thinking' successfully

2022-02-21 12:38:51 - [MESSAGE][WARNING] - Timeout '0' is invalid. Using default page load timeout: '30'

2022-02-21 12:38:53 - [MESSAGE][PASSED] - Scroll to object 'Object Repository/vrach/psychotest/Page_/thinking' successfully

2022-02-21 12:38:53 - [TEST_STEP][PASSED] - setText(findTestObject("Object Repository/vrach/psychotest/Page_/thinking"), "9"): Text '9' is set on object 'Object Repository/vrach/psychotest/Page_/thinking'

2022-02-21 12:38:58 - [MESSAGE][PASSED] - Text '9' is set on object 'Object Repository/vrach/psychotest/Page_/thinking'

2022-02-21 12:38:58 - [TEST_STEP][PASSED] - click(findTestObject("Object Repository/vrach/psychotest/Page_/button_save")): Object: 'Object Repository/vrach/psychotest/Page_/button_save' is clicked on

2022-02-21 12:39:00 - [MESSAGE][PASSED] - Object: 'Object Repository/vrach/psychotest/Page_/button_save' is clicked on]]></system-out>
         <system-err><![CDATA[]]></system-err>
      </testcase>
      <testcase name="Test Cases/Доктор/создание карточки болезни" time="596.068" classname="Test Cases/Доктор/создание карточки болезни" status="PASSED">
         <system-out><![CDATA[2022-02-21 12:39:00 - [TEST_CASE][PASSED] - Test Cases/Доктор/создание карточки болезни: Test Cases/Доктор/создание карточки болезни

2022-02-21 12:39:00 - [TEST_STEP][PASSED] - callTestCase(findTestCase("Доктор/Авторизация врач"), [:], STOP_ON_FAILURE): Call Test Case 'Test Cases/Доктор/Авторизация врач' successfully

2022-02-21 12:39:00 - [TEST_CASE][PASSED] - Test Cases/Доктор/Авторизация врач: Test Cases/Доктор/Авторизация врач

2022-02-21 12:39:00 - [TEST_STEP][PASSED] - openBrowser(""): Browser is opened with url: ''

2022-02-21 12:39:00 - [MESSAGE][WARNING] - A browser is already opened. Closing browser and opening a new one

2022-02-21 12:39:01 - [MESSAGE][INFO] - User set preference: ['os', 'linux']

2022-02-21 12:39:01 - [MESSAGE][INFO] - User set preference: ['browserName', 'chrome']

2022-02-21 12:39:01 - [MESSAGE][INFO] - User set preference: ['browserVersion', '97']

2022-02-21 12:39:01 - [MESSAGE][INFO] - User set preference: ['katalon:option', '{organizationId=551240, tunnelId=, usingTunnel=false}']

2022-02-21 12:39:01 - [MESSAGE][INFO] - Connecting to remote web server 'testcloud.katalon.com/hub' with type 'Selenium'

2022-02-21 12:39:01 - [MESSAGE][INFO] - Action delay is set to 100 milliseconds

2022-02-21 12:40:00 - [MESSAGE][PASSED] - Browser is opened with url: ''

2022-02-21 12:40:00 - [TEST_STEP][PASSED] - maximizeWindow(): Current window maximized

2022-02-21 12:40:00 - [MESSAGE][PASSED] - Current window maximized

2022-02-21 12:40:00 - [TEST_STEP][PASSED] - navigateToUrl(url): Navigate to 'https://stars-stage.hawk.ru:8080' successfully

2022-02-21 12:40:07 - [MESSAGE][PASSED] - Navigate to 'https://stars-stage.hawk.ru:8080' successfully

2022-02-21 12:40:07 - [TEST_STEP][PASSED] - setText(findTestObject("Object Repository/vra/Page_/input__sc-lnrBVv eqPACj"), doktor_login): Text 'TestDoctor@mail.ru' is set on object 'Object Repository/vra/Page_/input__sc-lnrBVv eqPACj'

2022-02-21 12:40:11 - [MESSAGE][PASSED] - Text 'TestDoctor@mail.ru' is set on object 'Object Repository/vra/Page_/input__sc-lnrBVv eqPACj'

2022-02-21 12:40:11 - [TEST_STEP][PASSED] - setText(findTestObject("Object Repository/vra/Page_/input__sc-lnrBVv eqPACj_1"), doktor_password, STOP_ON_FAILURE): Text 'TestDoctor@mail.ru' is set on object 'Object Repository/vra/Page_/input__sc-lnrBVv eqPACj_1'

2022-02-21 12:40:16 - [MESSAGE][PASSED] - Text 'TestDoctor@mail.ru' is set on object 'Object Repository/vra/Page_/input__sc-lnrBVv eqPACj_1'

2022-02-21 12:40:16 - [TEST_STEP][PASSED] - click(findTestObject("Object Repository/vrach/Page_/Page_/go")): Object: 'Object Repository/vrach/Page_/Page_/go' is clicked on

2022-02-21 12:40:18 - [MESSAGE][PASSED] - Object: 'Object Repository/vrach/Page_/Page_/go' is clicked on

2022-02-21 12:40:18 - [MESSAGE][PASSED] - Call Test Case 'Test Cases/Доктор/Авторизация врач' successfully

2022-02-21 12:40:18 - [TEST_STEP][PASSED] - click(findTestObject("Avangard New/Object (Доктор)/doctor case (создание карточки и удаление)/button_add")): Object: 'Object Repository/Avangard New/Object (Доктор)/doctor case (создание карточки и удаление)/button_add' is clicked on

2022-02-21 12:40:26 - [MESSAGE][PASSED] - Object: 'Object Repository/Avangard New/Object (Доктор)/doctor case (создание карточки и удаление)/button_add' is clicked on

2022-02-21 12:40:26 - [TEST_STEP][PASSED] - click(findTestObject("Avangard New/Object (Доктор)/doctor case (создание карточки и удаление)/school")): Object: 'Object Repository/Avangard New/Object (Доктор)/doctor case (создание карточки и удаление)/school' is clicked on

2022-02-21 12:40:29 - [MESSAGE][PASSED] - Object: 'Object Repository/Avangard New/Object (Доктор)/doctor case (создание карточки и удаление)/school' is clicked on

2022-02-21 12:40:29 - [TEST_STEP][PASSED] - click(findTestObject("Avangard New/Object (Доктор)/doctor case (создание карточки и удаление)/avanguard")): Object: 'Object Repository/Avangard New/Object (Доктор)/doctor case (создание карточки и удаление)/avanguard' is clicked on

2022-02-21 12:40:32 - [MESSAGE][PASSED] - Object: 'Object Repository/Avangard New/Object (Доктор)/doctor case (создание карточки и удаление)/avanguard' is clicked on

2022-02-21 12:40:32 - [TEST_STEP][PASSED] - click(findTestObject("Avangard New/Object (Доктор)/doctor case (создание карточки и удаление)/team")): Object: 'Object Repository/Avangard New/Object (Доктор)/doctor case (создание карточки и удаление)/team' is clicked on

2022-02-21 12:40:34 - [MESSAGE][PASSED] - Object: 'Object Repository/Avangard New/Object (Доктор)/doctor case (создание карточки и удаление)/team' is clicked on

2022-02-21 12:40:34 - [TEST_STEP][PASSED] - click(findTestObject("Avangard New/Object (Доктор)/doctor case (создание карточки и удаление)/var_team")): Object: 'Object Repository/Avangard New/Object (Доктор)/doctor case (создание карточки и удаление)/var_team' is clicked on

2022-02-21 12:40:36 - [MESSAGE][PASSED] - Object: 'Object Repository/Avangard New/Object (Доктор)/doctor case (создание карточки и удаление)/var_team' is clicked on

2022-02-21 12:40:36 - [TEST_STEP][PASSED] - click(findTestObject("Avangard New/Object (Доктор)/doctor case (создание карточки и удаление)/player")): Object: 'Object Repository/Avangard New/Object (Доктор)/doctor case (создание карточки и удаление)/player' is clicked on

2022-02-21 12:40:38 - [MESSAGE][PASSED] - Object: 'Object Repository/Avangard New/Object (Доктор)/doctor case (создание карточки и удаление)/player' is clicked on

2022-02-21 12:40:38 - [TEST_STEP][PASSED] - click(findTestObject("Avangard New/Object (Доктор)/doctor case (создание карточки и удаление)/var_player")): Object: 'Object Repository/Avangard New/Object (Доктор)/doctor case (создание карточки и удаление)/var_player' is clicked on

2022-02-21 12:40:41 - [MESSAGE][PASSED] - Object: 'Object Repository/Avangard New/Object (Доктор)/doctor case (создание карточки и удаление)/var_player' is clicked on

2022-02-21 12:40:41 - [TEST_STEP][PASSED] - click(findTestObject("Avangard New/Object (Доктор)/doctor case (создание карточки и удаление)/tip")): Object: 'Object Repository/Avangard New/Object (Доктор)/doctor case (создание карточки и удаление)/tip' is clicked on

2022-02-21 12:40:43 - [MESSAGE][PASSED] - Object: 'Object Repository/Avangard New/Object (Доктор)/doctor case (создание карточки и удаление)/tip' is clicked on

2022-02-21 12:40:43 - [TEST_STEP][PASSED] - click(findTestObject("Avangard New/Object (Доктор)/doctor case (создание карточки и удаление)/travma")): Object: 'Object Repository/Avangard New/Object (Доктор)/doctor case (создание карточки и удаление)/travma' is clicked on

2022-02-21 12:40:45 - [MESSAGE][PASSED] - Object: 'Object Repository/Avangard New/Object (Доктор)/doctor case (создание карточки и удаление)/travma' is clicked on

2022-02-21 12:40:45 - [TEST_STEP][PASSED] - click(findTestObject("Avangard New/Object (Доктор)/doctor case (создание карточки и удаление)/stady 1")): Object: 'Object Repository/Avangard New/Object (Доктор)/doctor case (создание карточки и удаление)/stady 1' is clicked on

2022-02-21 12:40:47 - [MESSAGE][PASSED] - Object: 'Object Repository/Avangard New/Object (Доктор)/doctor case (создание карточки и удаление)/stady 1' is clicked on

2022-02-21 12:40:47 - [TEST_STEP][PASSED] - click(findTestObject("Avangard New/Object (Доктор)/doctor case (создание карточки и удаление)/choise_stady")): Object: 'Object Repository/Avangard New/Object (Доктор)/doctor case (создание карточки и удаление)/choise_stady' is clicked on

2022-02-21 12:40:49 - [MESSAGE][PASSED] - Object: 'Object Repository/Avangard New/Object (Доктор)/doctor case (создание карточки и удаление)/choise_stady' is clicked on

2022-02-21 12:40:49 - [TEST_STEP][PASSED] - click(findTestObject("Avangard New/Object (Доктор)/doctor case (создание карточки и удаление)/tip travm")): Object: 'Object Repository/Avangard New/Object (Доктор)/doctor case (создание карточки и удаление)/tip travm' is clicked on

2022-02-21 12:40:51 - [MESSAGE][PASSED] - Object: 'Object Repository/Avangard New/Object (Доктор)/doctor case (создание карточки и удаление)/tip travm' is clicked on

2022-02-21 12:40:51 - [TEST_STEP][PASSED] - click(findTestObject("Avangard New/Object (Доктор)/doctor case (создание карточки и удаление)/choise_travm")): Object: 'Object Repository/Avangard New/Object (Доктор)/doctor case (создание карточки и удаление)/choise_travm' is clicked on

2022-02-21 12:40:53 - [MESSAGE][PASSED] - Object: 'Object Repository/Avangard New/Object (Доктор)/doctor case (создание карточки и удаление)/choise_travm' is clicked on

2022-02-21 12:40:53 - [TEST_STEP][PASSED] - setText(findTestObject("Avangard New/Object (Доктор)/doctor case (создание карточки и удаление)/dop opisanie"), "автотестирование "): Text 'автотестирование ' is set on object 'Object Repository/Avangard New/Object (Доктор)/doctor case (создание карточки и удаление)/dop opisanie'

2022-02-21 12:40:58 - [MESSAGE][PASSED] - Text 'автотестирование ' is set on object 'Object Repository/Avangard New/Object (Доктор)/doctor case (создание карточки и удаление)/dop opisanie'

2022-02-21 12:40:58 - [TEST_STEP][PASSED] - click(findTestObject("Avangard New/Object (Доктор)/doctor case (создание карточки и удаление)/button_save")): Object: 'Object Repository/Avangard New/Object (Доктор)/doctor case (создание карточки и удаление)/button_save' is clicked on

2022-02-21 12:41:00 - [MESSAGE][PASSED] - Object: 'Object Repository/Avangard New/Object (Доктор)/doctor case (создание карточки и удаление)/button_save' is clicked on

2022-02-21 12:41:00 - [TEST_STEP][PASSED] - verifyTextPresent("Карточка успешно сохранена", false): Text 'Карточка успешно сохранена' is present on page 

2022-02-21 12:41:15 - [MESSAGE][PASSED] - Text 'Карточка успешно сохранена' is present on page 

2022-02-21 12:41:15 - [TEST_STEP][PASSED] - callTestCase(findTestCase("Доктор/проверка в профиле статуса"), [:], STOP_ON_FAILURE): Call Test Case 'Test Cases/Доктор/проверка в профиле статуса' successfully

2022-02-21 12:41:15 - [TEST_CASE][PASSED] - Test Cases/Доктор/проверка в профиле статуса: Test Cases/Доктор/проверка в профиле статуса

2022-02-21 12:41:16 - [TEST_STEP][PASSED] - callTestCase(findTestCase("Доктор/Авторизация врач"), [:], STOP_ON_FAILURE): Call Test Case 'Test Cases/Доктор/Авторизация врач' successfully

2022-02-21 12:41:16 - [TEST_CASE][PASSED] - Test Cases/Доктор/Авторизация врач: Test Cases/Доктор/Авторизация врач

2022-02-21 12:41:16 - [TEST_STEP][PASSED] - openBrowser(""): Browser is opened with url: ''

2022-02-21 12:41:16 - [MESSAGE][WARNING] - A browser is already opened. Closing browser and opening a new one

2022-02-21 12:41:16 - [MESSAGE][INFO] - User set preference: ['os', 'linux']

2022-02-21 12:41:16 - [MESSAGE][INFO] - User set preference: ['browserName', 'chrome']

2022-02-21 12:41:16 - [MESSAGE][INFO] - User set preference: ['browserVersion', '97']

2022-02-21 12:41:16 - [MESSAGE][INFO] - User set preference: ['katalon:option', '{organizationId=551240, tunnelId=, usingTunnel=false}']

2022-02-21 12:41:16 - [MESSAGE][INFO] - Connecting to remote web server 'testcloud.katalon.com/hub' with type 'Selenium'

2022-02-21 12:41:16 - [MESSAGE][INFO] - Action delay is set to 100 milliseconds

2022-02-21 12:42:16 - [MESSAGE][PASSED] - Browser is opened with url: ''

2022-02-21 12:42:16 - [TEST_STEP][PASSED] - maximizeWindow(): Current window maximized

2022-02-21 12:42:16 - [MESSAGE][PASSED] - Current window maximized

2022-02-21 12:42:16 - [TEST_STEP][PASSED] - navigateToUrl(url): Navigate to 'https://stars-stage.hawk.ru:8080' successfully

2022-02-21 12:42:22 - [MESSAGE][PASSED] - Navigate to 'https://stars-stage.hawk.ru:8080' successfully

2022-02-21 12:42:22 - [TEST_STEP][PASSED] - setText(findTestObject("Object Repository/vra/Page_/input__sc-lnrBVv eqPACj"), doktor_login): Text 'TestDoctor@mail.ru' is set on object 'Object Repository/vra/Page_/input__sc-lnrBVv eqPACj'

2022-02-21 12:42:27 - [MESSAGE][PASSED] - Text 'TestDoctor@mail.ru' is set on object 'Object Repository/vra/Page_/input__sc-lnrBVv eqPACj'

2022-02-21 12:42:27 - [TEST_STEP][PASSED] - setText(findTestObject("Object Repository/vra/Page_/input__sc-lnrBVv eqPACj_1"), doktor_password, STOP_ON_FAILURE): Text 'TestDoctor@mail.ru' is set on object 'Object Repository/vra/Page_/input__sc-lnrBVv eqPACj_1'

2022-02-21 12:42:32 - [MESSAGE][PASSED] - Text 'TestDoctor@mail.ru' is set on object 'Object Repository/vra/Page_/input__sc-lnrBVv eqPACj_1'

2022-02-21 12:42:32 - [TEST_STEP][PASSED] - click(findTestObject("Object Repository/vrach/Page_/Page_/go")): Object: 'Object Repository/vrach/Page_/Page_/go' is clicked on

2022-02-21 12:42:34 - [MESSAGE][PASSED] - Object: 'Object Repository/vrach/Page_/Page_/go' is clicked on

2022-02-21 12:42:34 - [MESSAGE][PASSED] - Call Test Case 'Test Cases/Доктор/Авторизация врач' successfully

2022-02-21 12:42:34 - [TEST_STEP][PASSED] - click(findTestObject("Avangard New/Object (Доктор)/doctor case (создание карточки и удаление)/player_menu")): Object: 'Object Repository/Avangard New/Object (Доктор)/doctor case (создание карточки и удаление)/player_menu' is clicked on

2022-02-21 12:42:44 - [MESSAGE][PASSED] - Object: 'Object Repository/Avangard New/Object (Доктор)/doctor case (создание карточки и удаление)/player_menu' is clicked on

2022-02-21 12:42:44 - [TEST_STEP][PASSED] - setText(findTestObject("Avangard New/Object (Доктор)/doctor case (создание карточки и удаление)/input__Search"), player_for_test_1): Text 'Ганин' is set on object 'Object Repository/Avangard New/Object (Доктор)/doctor case (создание карточки и удаление)/input__Search'

2022-02-21 12:42:49 - [MESSAGE][PASSED] - Text 'Ганин' is set on object 'Object Repository/Avangard New/Object (Доктор)/doctor case (создание карточки и удаление)/input__Search'

2022-02-21 12:42:49 - [TEST_STEP][PASSED] - click(findTestObject("Avangard New/Object (Доктор)/doctor case (создание карточки и удаление)/var_player")): Object: 'Object Repository/Avangard New/Object (Доктор)/doctor case (создание карточки и удаление)/var_player' is clicked on

2022-02-21 12:42:53 - [MESSAGE][PASSED] - Object: 'Object Repository/Avangard New/Object (Доктор)/doctor case (создание карточки и удаление)/var_player' is clicked on

2022-02-21 12:42:53 - [TEST_STEP][PASSED] - verifyElementText(findTestObject("Avangard New/Object (Доктор)/doctor case (создание карточки и удаление)/chek_stat"), "Травмирован"): Actual text and expected text of test object 'Object Repository/Avangard New/Object (Доктор)/doctor case (создание карточки и удаление)/chek_stat' are matched.

2022-02-21 12:42:59 - [MESSAGE][PASSED] - Actual text and expected text of test object 'Object Repository/Avangard New/Object (Доктор)/doctor case (создание карточки и удаление)/chek_stat' are matched.

2022-02-21 12:42:59 - [MESSAGE][PASSED] - Call Test Case 'Test Cases/Доктор/проверка в профиле статуса' successfully

2022-02-21 12:42:59 - [TEST_STEP][PASSED] - callTestCase(findTestCase("Доктор/вкладки удаление (переиспользуется)"), [:], STOP_ON_FAILURE): Call Test Case 'Test Cases/Доктор/вкладки удаление (переиспользуется)' successfully

2022-02-21 12:42:59 - [TEST_CASE][PASSED] - Test Cases/Доктор/вкладки удаление (переиспользуется): Test Cases/Доктор/вкладки удаление (переиспользуется)

2022-02-21 12:42:59 - [TEST_STEP][PASSED] - callTestCase(findTestCase("Доктор/Авторизация врач"), [:], STOP_ON_FAILURE): Call Test Case 'Test Cases/Доктор/Авторизация врач' successfully

2022-02-21 12:42:59 - [TEST_CASE][PASSED] - Test Cases/Доктор/Авторизация врач: Test Cases/Доктор/Авторизация врач

2022-02-21 12:42:59 - [TEST_STEP][PASSED] - openBrowser(""): Browser is opened with url: ''

2022-02-21 12:42:59 - [MESSAGE][WARNING] - A browser is already opened. Closing browser and opening a new one

2022-02-21 12:43:00 - [MESSAGE][INFO] - User set preference: ['os', 'linux']

2022-02-21 12:43:00 - [MESSAGE][INFO] - User set preference: ['browserName', 'chrome']

2022-02-21 12:43:00 - [MESSAGE][INFO] - User set preference: ['browserVersion', '97']

2022-02-21 12:43:00 - [MESSAGE][INFO] - User set preference: ['katalon:option', '{organizationId=551240, tunnelId=, usingTunnel=false}']

2022-02-21 12:43:00 - [MESSAGE][INFO] - Connecting to remote web server 'testcloud.katalon.com/hub' with type 'Selenium'

2022-02-21 12:43:00 - [MESSAGE][INFO] - Action delay is set to 100 milliseconds

2022-02-21 12:44:46 - [MESSAGE][PASSED] - Browser is opened with url: ''

2022-02-21 12:44:46 - [TEST_STEP][PASSED] - maximizeWindow(): Current window maximized

2022-02-21 12:44:47 - [MESSAGE][PASSED] - Current window maximized

2022-02-21 12:44:47 - [TEST_STEP][PASSED] - navigateToUrl(url): Navigate to 'https://stars-stage.hawk.ru:8080' successfully

2022-02-21 12:44:53 - [MESSAGE][PASSED] - Navigate to 'https://stars-stage.hawk.ru:8080' successfully

2022-02-21 12:44:53 - [TEST_STEP][PASSED] - setText(findTestObject("Object Repository/vra/Page_/input__sc-lnrBVv eqPACj"), doktor_login): Text 'TestDoctor@mail.ru' is set on object 'Object Repository/vra/Page_/input__sc-lnrBVv eqPACj'

2022-02-21 12:44:57 - [MESSAGE][PASSED] - Text 'TestDoctor@mail.ru' is set on object 'Object Repository/vra/Page_/input__sc-lnrBVv eqPACj'

2022-02-21 12:44:57 - [TEST_STEP][PASSED] - setText(findTestObject("Object Repository/vra/Page_/input__sc-lnrBVv eqPACj_1"), doktor_password, STOP_ON_FAILURE): Text 'TestDoctor@mail.ru' is set on object 'Object Repository/vra/Page_/input__sc-lnrBVv eqPACj_1'

2022-02-21 12:45:02 - [MESSAGE][PASSED] - Text 'TestDoctor@mail.ru' is set on object 'Object Repository/vra/Page_/input__sc-lnrBVv eqPACj_1'

2022-02-21 12:45:02 - [TEST_STEP][PASSED] - click(findTestObject("Object Repository/vrach/Page_/Page_/go")): Object: 'Object Repository/vrach/Page_/Page_/go' is clicked on

2022-02-21 12:45:04 - [MESSAGE][PASSED] - Object: 'Object Repository/vrach/Page_/Page_/go' is clicked on

2022-02-21 12:45:04 - [MESSAGE][PASSED] - Call Test Case 'Test Cases/Доктор/Авторизация врач' successfully

2022-02-21 12:45:04 - [TEST_STEP][PASSED] - click(findTestObject("Object Repository/vra/Page_/school")): Object: 'Object Repository/vra/Page_/school' is clicked on

2022-02-21 12:45:12 - [MESSAGE][PASSED] - Object: 'Object Repository/vra/Page_/school' is clicked on

2022-02-21 12:45:12 - [TEST_STEP][PASSED] - click(findTestObject("Object Repository/vra/Page_/var_school")): Object: 'Object Repository/vra/Page_/var_school' is clicked on

2022-02-21 12:45:14 - [MESSAGE][PASSED] - Object: 'Object Repository/vra/Page_/var_school' is clicked on

2022-02-21 12:45:14 - [TEST_STEP][PASSED] - click(findTestObject("Object Repository/vra/Page_/team")): Object: 'Object Repository/vra/Page_/team' is clicked on

2022-02-21 12:45:17 - [MESSAGE][PASSED] - Object: 'Object Repository/vra/Page_/team' is clicked on

2022-02-21 12:45:17 - [TEST_STEP][PASSED] - click(findTestObject("Avangard New/Object (Доктор)/doctor case (создание карточки и удаление)/Global school")): Object: 'Object Repository/Avangard New/Object (Доктор)/doctor case (создание карточки и удаление)/Global school' is clicked on

2022-02-21 12:45:20 - [MESSAGE][PASSED] - Object: 'Object Repository/Avangard New/Object (Доктор)/doctor case (создание карточки и удаление)/Global school' is clicked on

2022-02-21 12:45:20 - [TEST_STEP][PASSED] - click(findTestObject("Object Repository/vra/Page_/p_1")): Object: 'Object Repository/vra/Page_/p_1' is clicked on

2022-02-21 12:45:38 - [MESSAGE][PASSED] - Object: 'Object Repository/vra/Page_/p_1' is clicked on

2022-02-21 12:45:38 - [TEST_STEP][PASSED] - setText(findTestObject("Avangard New/Object (Доктор)/doctor case (создание карточки и удаление)/stady"), "Допуск на игру"): Text 'Допуск на игру' is set on object 'Object Repository/Avangard New/Object (Доктор)/doctor case (создание карточки и удаление)/stady'

2022-02-21 12:45:44 - [MESSAGE][PASSED] - Text 'Допуск на игру' is set on object 'Object Repository/Avangard New/Object (Доктор)/doctor case (создание карточки и удаление)/stady'

2022-02-21 12:45:44 - [TEST_STEP][PASSED] - sendKeys(findTestObject("Avangard New/Object (Доктор)/doctor case (создание карточки и удаление)/stady"), Keys.chord(ENTER)): Keys 'ENTER + ' sent to object: 'Object Repository/Avangard New/Object (Доктор)/doctor case (создание карточки и удаление)/stady'

2022-02-21 12:45:46 - [MESSAGE][PASSED] - Keys 'ENTER + ' sent to object: 'Object Repository/Avangard New/Object (Доктор)/doctor case (создание карточки и удаление)/stady'

2022-02-21 12:45:46 - [TEST_STEP][PASSED] - click(findTestObject("Avangard New/Object (Доктор)/doctor case (создание карточки и удаление)/button_save")): Object: 'Object Repository/Avangard New/Object (Доктор)/doctor case (создание карточки и удаление)/button_save' is clicked on

2022-02-21 12:45:48 - [MESSAGE][PASSED] - Object: 'Object Repository/Avangard New/Object (Доктор)/doctor case (создание карточки и удаление)/button_save' is clicked on

2022-02-21 12:45:48 - [TEST_STEP][PASSED] - click(findTestObject("Object Repository/vra/Page_/p_1")): Object: 'Object Repository/vra/Page_/p_1' is clicked on

2022-02-21 12:45:57 - [MESSAGE][PASSED] - Object: 'Object Repository/vra/Page_/p_1' is clicked on

2022-02-21 12:45:57 - [TEST_STEP][PASSED] - click(findTestObject("Object Repository/vra/Page_/button_delete")): Object: 'Object Repository/vra/Page_/button_delete' is clicked on

2022-02-21 12:46:00 - [MESSAGE][PASSED] - Object: 'Object Repository/vra/Page_/button_delete' is clicked on

2022-02-21 12:46:00 - [TEST_STEP][PASSED] - click(findTestObject("Object Repository/vra/Page_/confirm")): Object: 'Object Repository/vra/Page_/confirm' is clicked on

2022-02-21 12:46:02 - [MESSAGE][PASSED] - Object: 'Object Repository/vra/Page_/confirm' is clicked on

2022-02-21 12:46:02 - [TEST_STEP][PASSED] - verifyTextPresent("Карточка успешно удалена", false): Text 'Карточка успешно удалена' is present on page 

2022-02-21 12:46:08 - [MESSAGE][PASSED] - Text 'Карточка успешно удалена' is present on page 

2022-02-21 12:46:08 - [TEST_STEP][PASSED] - closeBrowser(): Browser is closed

2022-02-21 12:46:08 - [MESSAGE][PASSED] - Browser is closed

2022-02-21 12:46:08 - [MESSAGE][PASSED] - Call Test Case 'Test Cases/Доктор/вкладки удаление (переиспользуется)' successfully

2022-02-21 12:46:08 - [TEST_STEP][PASSED] - callTestCase(findTestCase("Доктор/проверка доступности игрока"), [:], STOP_ON_FAILURE): Call Test Case 'Test Cases/Доктор/проверка доступности игрока' successfully

2022-02-21 12:46:09 - [TEST_CASE][PASSED] - Test Cases/Доктор/проверка доступности игрока: Test Cases/Доктор/проверка доступности игрока

2022-02-21 12:46:09 - [TEST_STEP][PASSED] - callTestCase(findTestCase("Доктор/Авторизация врач"), [:], STOP_ON_FAILURE): Call Test Case 'Test Cases/Доктор/Авторизация врач' successfully

2022-02-21 12:46:09 - [TEST_CASE][PASSED] - Test Cases/Доктор/Авторизация врач: Test Cases/Доктор/Авторизация врач

2022-02-21 12:46:09 - [TEST_STEP][PASSED] - openBrowser(""): Browser is opened with url: ''

2022-02-21 12:46:09 - [MESSAGE][INFO] - User set preference: ['os', 'linux']

2022-02-21 12:46:09 - [MESSAGE][INFO] - User set preference: ['browserName', 'chrome']

2022-02-21 12:46:09 - [MESSAGE][INFO] - User set preference: ['browserVersion', '97']

2022-02-21 12:46:09 - [MESSAGE][INFO] - User set preference: ['katalon:option', '{organizationId=551240, tunnelId=, usingTunnel=false}']

2022-02-21 12:46:09 - [MESSAGE][INFO] - Connecting to remote web server 'testcloud.katalon.com/hub' with type 'Selenium'

2022-02-21 12:46:09 - [MESSAGE][INFO] - Action delay is set to 100 milliseconds

2022-02-21 12:48:02 - [MESSAGE][PASSED] - Browser is opened with url: ''

2022-02-21 12:48:02 - [TEST_STEP][PASSED] - maximizeWindow(): Current window maximized

2022-02-21 12:48:02 - [MESSAGE][PASSED] - Current window maximized

2022-02-21 12:48:02 - [TEST_STEP][PASSED] - navigateToUrl(url): Navigate to 'https://stars-stage.hawk.ru:8080' successfully

2022-02-21 12:48:08 - [MESSAGE][PASSED] - Navigate to 'https://stars-stage.hawk.ru:8080' successfully

2022-02-21 12:48:08 - [TEST_STEP][PASSED] - setText(findTestObject("Object Repository/vra/Page_/input__sc-lnrBVv eqPACj"), doktor_login): Text 'TestDoctor@mail.ru' is set on object 'Object Repository/vra/Page_/input__sc-lnrBVv eqPACj'

2022-02-21 12:48:13 - [MESSAGE][PASSED] - Text 'TestDoctor@mail.ru' is set on object 'Object Repository/vra/Page_/input__sc-lnrBVv eqPACj'

2022-02-21 12:48:13 - [TEST_STEP][PASSED] - setText(findTestObject("Object Repository/vra/Page_/input__sc-lnrBVv eqPACj_1"), doktor_password, STOP_ON_FAILURE): Text 'TestDoctor@mail.ru' is set on object 'Object Repository/vra/Page_/input__sc-lnrBVv eqPACj_1'

2022-02-21 12:48:17 - [MESSAGE][PASSED] - Text 'TestDoctor@mail.ru' is set on object 'Object Repository/vra/Page_/input__sc-lnrBVv eqPACj_1'

2022-02-21 12:48:17 - [TEST_STEP][PASSED] - click(findTestObject("Object Repository/vrach/Page_/Page_/go")): Object: 'Object Repository/vrach/Page_/Page_/go' is clicked on

2022-02-21 12:48:19 - [MESSAGE][PASSED] - Object: 'Object Repository/vrach/Page_/Page_/go' is clicked on

2022-02-21 12:48:19 - [MESSAGE][PASSED] - Call Test Case 'Test Cases/Доктор/Авторизация врач' successfully

2022-02-21 12:48:19 - [TEST_STEP][PASSED] - click(findTestObject("Avangard New/Object (Доктор)/doctor case (создание карточки и удаление)/player_menu")): Object: 'Object Repository/Avangard New/Object (Доктор)/doctor case (создание карточки и удаление)/player_menu' is clicked on

2022-02-21 12:48:44 - [MESSAGE][PASSED] - Object: 'Object Repository/Avangard New/Object (Доктор)/doctor case (создание карточки и удаление)/player_menu' is clicked on

2022-02-21 12:48:44 - [TEST_STEP][PASSED] - setText(findTestObject("Avangard New/Object (Доктор)/doctor case (создание карточки и удаление)/input__Search"), player_for_test_1): Text 'Ганин' is set on object 'Object Repository/Avangard New/Object (Доктор)/doctor case (создание карточки и удаление)/input__Search'

2022-02-21 12:48:49 - [MESSAGE][PASSED] - Text 'Ганин' is set on object 'Object Repository/Avangard New/Object (Доктор)/doctor case (создание карточки и удаление)/input__Search'

2022-02-21 12:48:49 - [TEST_STEP][PASSED] - click(findTestObject("Avangard New/Object (Доктор)/doctor case (создание карточки и удаление)/var_player")): Object: 'Object Repository/Avangard New/Object (Доктор)/doctor case (создание карточки и удаление)/var_player' is clicked on

2022-02-21 12:48:53 - [MESSAGE][PASSED] - Object: 'Object Repository/Avangard New/Object (Доктор)/doctor case (создание карточки и удаление)/var_player' is clicked on

2022-02-21 12:48:53 - [TEST_STEP][PASSED] - verifyElementText(findTestObject("Avangard New/Object (Доктор)/doctor case (создание карточки и удаление)/chek_stat"), "Доступен"): Actual text and expected text of test object 'Object Repository/Avangard New/Object (Доктор)/doctor case (создание карточки и удаление)/chek_stat' are matched.

2022-02-21 12:48:56 - [MESSAGE][PASSED] - Actual text and expected text of test object 'Object Repository/Avangard New/Object (Доктор)/doctor case (создание карточки и удаление)/chek_stat' are matched.

2022-02-21 12:48:56 - [MESSAGE][PASSED] - Call Test Case 'Test Cases/Доктор/проверка доступности игрока' successfully

2022-02-21 12:48:56 - [TEST_STEP][PASSED] - closeBrowser(): Browser is closed

2022-02-21 12:48:56 - [MESSAGE][PASSED] - Browser is closed]]></system-out>
         <system-err><![CDATA[]]></system-err>
      </testcase>
      <system-out><![CDATA[2022-02-21 12:30:23 - [TEST_SUITE][FAILED] - Доктор: Test Cases/Доктор/Проверка вкладки Питание FAILED.
Reason:
com.kms.katalon.core.exception.StepFailedException: Unable to set text 'автотест проверка ИМТ' of object 'Object Repository/vrach/imt/Page_/input_ _sc-eqIVtm fYABJt'
	at com.kms.katalon.core.webui.keyword.internal.WebUIKeywordMain.stepFailed(WebUIKeywordMain.groovy:64)
	at com.kms.katalon.core.webui.keyword.internal.WebUIKeywordMain.runKeyword(WebUIKeywordMain.groovy:26)
	at com.kms.katalon.core.webui.keyword.builtin.SetTextKeyword.setText(SetTextKeyword.groovy:66)
	at com.kms.katalon.core.webui.keyword.builtin.SetTextKeyword.execute(SetTextKeyword.groovy:37)
	at com.kms.katalon.core.keyword.internal.KeywordExecutor.executeKeywordForPlatform(KeywordExecutor.groovy:74)
	at com.kms.katalon.core.webui.keyword.WebUiBuiltInKeywords.setText(WebUiBuiltInKeywords.groovy:980)
	at com.kms.katalon.core.webui.keyword.WebUiBuiltInKeywords$setText$2.call(Unknown Source)
	at Проверка вкладки Питание.run(Проверка вкладки Питание:44)
	at com.kms.katalon.core.main.ScriptEngine.run(ScriptEngine.java:194)
	at com.kms.katalon.core.main.ScriptEngine.runScriptAsRawText(ScriptEngine.java:119)
	at com.kms.katalon.core.main.TestCaseExecutor.runScript(TestCaseExecutor.java:442)
	at com.kms.katalon.core.main.TestCaseExecutor.doExecute(TestCaseExecutor.java:433)
	at com.kms.katalon.core.main.TestCaseExecutor.processExecutionPhase(TestCaseExecutor.java:412)
	at com.kms.katalon.core.main.TestCaseExecutor.accessMainPhase(TestCaseExecutor.java:404)
	at com.kms.katalon.core.main.TestCaseExecutor.execute(TestCaseExecutor.java:281)
	at com.kms.katalon.core.main.TestSuiteExecutor.accessTestCaseMainPhase(TestSuiteExecutor.java:202)
	at com.kms.katalon.core.main.TestSuiteExecutor.accessTestSuiteMainPhase(TestSuiteExecutor.java:164)
	at com.kms.katalon.core.main.TestSuiteExecutor.execute(TestSuiteExecutor.java:105)
	at com.kms.katalon.core.main.TestCaseMain.startTestSuite(TestCaseMain.java:185)
	at com.kms.katalon.core.main.TestCaseMain$startTestSuite$0.call(Unknown Source)
	at TempTestSuite1645435802527.run(TempTestSuite1645435802527.groovy:36)
Caused by: com.kms.katalon.core.webui.exception.WebElementNotFoundException: Web element with id: 'Object Repository/vrach/imt/Page_/input_ _sc-eqIVtm fYABJt' located by '//input[@placeholder = 'Введите название задачи']' not found
	at com.kms.katalon.core.webui.common.WebUiCommonHelper.findWebElement(WebUiCommonHelper.java:1370)
	at com.kms.katalon.core.webui.keyword.internal.WebUIAbstractKeyword.findWebElement(WebUIAbstractKeyword.groovy:27)
	at com.kms.katalon.core.webui.keyword.internal.WebUIAbstractKeyword.findWebElement(WebUIAbstractKeyword.groovy:26)
	at com.kms.katalon.core.webui.keyword.builtin.SetTextKeyword$_setText_closure1.doCall(SetTextKeyword.groovy:51)
	at com.kms.katalon.core.webui.keyword.builtin.SetTextKeyword$_setText_closure1.call(SetTextKeyword.groovy)
	at com.kms.katalon.core.webui.keyword.internal.WebUIKeywordMain.runKeyword(WebUIKeywordMain.groovy:20)
	... 19 more]]></system-out>
      <system-err><![CDATA[2022-02-21 12:30:23 - [TEST_SUITE][FAILED] - Доктор: Test Cases/Доктор/Проверка вкладки Питание FAILED.
Reason:
com.kms.katalon.core.exception.StepFailedException: Unable to set text 'автотест проверка ИМТ' of object 'Object Repository/vrach/imt/Page_/input_ _sc-eqIVtm fYABJt'
	at com.kms.katalon.core.webui.keyword.internal.WebUIKeywordMain.stepFailed(WebUIKeywordMain.groovy:64)
	at com.kms.katalon.core.webui.keyword.internal.WebUIKeywordMain.runKeyword(WebUIKeywordMain.groovy:26)
	at com.kms.katalon.core.webui.keyword.builtin.SetTextKeyword.setText(SetTextKeyword.groovy:66)
	at com.kms.katalon.core.webui.keyword.builtin.SetTextKeyword.execute(SetTextKeyword.groovy:37)
	at com.kms.katalon.core.keyword.internal.KeywordExecutor.executeKeywordForPlatform(KeywordExecutor.groovy:74)
	at com.kms.katalon.core.webui.keyword.WebUiBuiltInKeywords.setText(WebUiBuiltInKeywords.groovy:980)
	at com.kms.katalon.core.webui.keyword.WebUiBuiltInKeywords$setText$2.call(Unknown Source)
	at Проверка вкладки Питание.run(Проверка вкладки Питание:44)
	at com.kms.katalon.core.main.ScriptEngine.run(ScriptEngine.java:194)
	at com.kms.katalon.core.main.ScriptEngine.runScriptAsRawText(ScriptEngine.java:119)
	at com.kms.katalon.core.main.TestCaseExecutor.runScript(TestCaseExecutor.java:442)
	at com.kms.katalon.core.main.TestCaseExecutor.doExecute(TestCaseExecutor.java:433)
	at com.kms.katalon.core.main.TestCaseExecutor.processExecutionPhase(TestCaseExecutor.java:412)
	at com.kms.katalon.core.main.TestCaseExecutor.accessMainPhase(TestCaseExecutor.java:404)
	at com.kms.katalon.core.main.TestCaseExecutor.execute(TestCaseExecutor.java:281)
	at com.kms.katalon.core.main.TestSuiteExecutor.accessTestCaseMainPhase(TestSuiteExecutor.java:202)
	at com.kms.katalon.core.main.TestSuiteExecutor.accessTestSuiteMainPhase(TestSuiteExecutor.java:164)
	at com.kms.katalon.core.main.TestSuiteExecutor.execute(TestSuiteExecutor.java:105)
	at com.kms.katalon.core.main.TestCaseMain.startTestSuite(TestCaseMain.java:185)
	at com.kms.katalon.core.main.TestCaseMain$startTestSuite$0.call(Unknown Source)
	at TempTestSuite1645435802527.run(TempTestSuite1645435802527.groovy:36)
Caused by: com.kms.katalon.core.webui.exception.WebElementNotFoundException: Web element with id: 'Object Repository/vrach/imt/Page_/input_ _sc-eqIVtm fYABJt' located by '//input[@placeholder = 'Введите название задачи']' not found
	at com.kms.katalon.core.webui.common.WebUiCommonHelper.findWebElement(WebUiCommonHelper.java:1370)
	at com.kms.katalon.core.webui.keyword.internal.WebUIAbstractKeyword.findWebElement(WebUIAbstractKeyword.groovy:27)
	at com.kms.katalon.core.webui.keyword.internal.WebUIAbstractKeyword.findWebElement(WebUIAbstractKeyword.groovy:26)
	at com.kms.katalon.core.webui.keyword.builtin.SetTextKeyword$_setText_closure1.doCall(SetTextKeyword.groovy:51)
	at com.kms.katalon.core.webui.keyword.builtin.SetTextKeyword$_setText_closure1.call(SetTextKeyword.groovy)
	at com.kms.katalon.core.webui.keyword.internal.WebUIKeywordMain.runKeyword(WebUIKeywordMain.groovy:20)
	... 19 more]]></system-err>
   </testsuite>
</testsuites>
