<?xml version="1.0" encoding="UTF-8"?>
<testsuites name="Менеждер" time="1585.1" tests="10" failures="0" errors="0">
   <testsuite name="Менеждер" tests="10" failures="0" errors="0" time="1585.1" skipped="0" timestamp="2022-02-21 12:30:35" hostname="LENOVO - DESKTOP-KNHN0AA" id="Test Suites/Менеждер">
      <properties>
         <property name="deviceName" value=""/>
         <property name="devicePlatform" value=""/>
         <property name="logFolder" value="C:\\Users\\LENOVO\\Katalon Studio\\Project Avangard\\Reports\\20220221_122957\\\u041C\u0435\u043D\u0435\u0436\u0434\u0435\u0440\\20220221_123014"/>
         <property name="logFiles" value="C:\\Users\\LENOVO\\Katalon Studio\\Project Avangard\\Reports\\20220221_122957\\\u041C\u0435\u043D\u0435\u0436\u0434\u0435\u0440\\20220221_123014\\execution0.log"/>
         <property name="attachments" value="C:\scr\Омские Ястребы43.jpg, C:\scr\Омские Ястребы44.jpg, C:\scr\Омские Ястребы45.jpg, C:\scr\Омские Ястребы47.jpg, C:\scr\Омские Ястребы48.jpg, C:\scr\Омские Ястребы34.jpg, C:\scr\Омские Ястребы37.jpg, C:\scr\Омские Ястребы39.jpg, C:\scr\Омские Ястребы40.jpg, C:\scr\Омские Ястребы38.jpg, C:\scr\Омские Ястребы29.jpg, C:\scr\Омские Ястребы30.jpg, C:\scr\Омские Ястребы27.jpg, C:\scr\Омские Ястребы28.jpg, C:\scr\Омские Ястребы50.jpg, C:\scr\Омские Ястребы10.jpg, C:\scr\Омские Ястребы11.jpg"/>
         <property name="hostName" value="LENOVO - DESKTOP-KNHN0AA"/>
         <property name="remoteDriverUrl" value="testcloud.katalon.com/hub"/>
         <property name="desiredCapabilities" value="{
  &quot;acceptInsecureCerts&quot;: false,
  &quot;browserName&quot;: &quot;chrome&quot;,
  &quot;browserVersion&quot;: &quot;97.0.4692.71&quot;,
  &quot;chrome&quot;: {
    &quot;chromedriverVersion&quot;: &quot;97.0.4692.71 (adefa7837d02a07a604c1e6eff0b3a09422ab88d-refs/branch-heads/4692@{#1247})&quot;,
    &quot;userDataDir&quot;: &quot;/tmp/.com.google.Chrome.79Qn27&quot;
  },
  &quot;goog:chromeOptions&quot;: {
    &quot;debuggerAddress&quot;: &quot;localhost:44979&quot;
  },
  &quot;javascriptEnabled&quot;: true,
  &quot;networkConnectionEnabled&quot;: false,
  &quot;pageLoadStrategy&quot;: &quot;normal&quot;,
  &quot;platform&quot;: &quot;LINUX&quot;,
  &quot;platformName&quot;: &quot;LINUX&quot;,
  &quot;proxy&quot;: {
    &quot;proxyType&quot;: &quot;DIRECT&quot;,
    &quot;autodetect&quot;: false
  },
  &quot;se:cdp&quot;: &quot;ws://172.48.124.152:4444/session/4c9f55d41955b83b47d860229c7aab3e/se/cdp&quot;,
  &quot;se:cdpVersion&quot;: &quot;97.0.4692.71&quot;,
  &quot;se:vnc&quot;: &quot;ws://172.48.124.152:4444/session/4c9f55d41955b83b47d860229c7aab3e/se/vnc&quot;,
  &quot;se:vncEnabled&quot;: true,
  &quot;se:vncLocalAddress&quot;: &quot;ws://172.48.124.152:7900&quot;,
  &quot;setWindowRect&quot;: true,
  &quot;strictFileInteractability&quot;: false,
  &quot;timeouts&quot;: {
    &quot;implicit&quot;: 0,
    &quot;pageLoad&quot;: 300000,
    &quot;script&quot;: 30000
  },
  &quot;unhandledPromptBehavior&quot;: &quot;dismiss and notify&quot;,
  &quot;webauthn:extension:credBlob&quot;: true,
  &quot;webauthn:extension:largeBlob&quot;: true,
  &quot;webauthn:virtualAuthenticators&quot;: true
}"/>
         <property name="os" value="Windows 10 64bit"/>
         <property name="remoteOS" value="Linux"/>
         <property name="katalonVersion" value="8.2.5.208"/>
         <property name="browser" value="Chrome 97.0.4692.71"/>
         <property name="hostAddress" value="192.168.2.113"/>
         <property name="sessionId" value="4c9f55d41955b83b47d860229c7aab3e"/>
         <property name="seleniumVersion" value="3.141.59"/>
         <property name="proxyInformation" value="ProxyInformation { proxyOption=NO_PROXY, proxyServerType=HTTP, username=, password=********, proxyServerAddress=, proxyServerPort=0, executionList=&quot;&quot;, isApplyToDesiredCapabilities=true }"/>
         <property name="platform" value="Windows 10"/>
      </properties>
      <testcase name="Test Cases/Администратор/Школы" time="243.296" classname="Test Cases/Администратор/Школы" status="PASSED">
         <system-out><![CDATA[2022-02-21 12:30:36 - [TEST_CASE][PASSED] - Test Cases/Администратор/Школы: Test Cases/Администратор/Школы

2022-02-21 12:30:37 - [TEST_STEP][PASSED] - callTestCase(findTestCase("Администратор/Авторизация"), [:], STOP_ON_FAILURE): Call Test Case 'Test Cases/Администратор/Авторизация' successfully

2022-02-21 12:30:37 - [TEST_CASE][PASSED] - Test Cases/Администратор/Авторизация: Test Cases/Администратор/Авторизация

2022-02-21 12:30:38 - [TEST_STEP][PASSED] - openBrowser(""): Browser is opened with url: ''

2022-02-21 12:30:38 - [MESSAGE][INFO] - User set preference: ['os', 'linux']

2022-02-21 12:30:38 - [MESSAGE][INFO] - User set preference: ['browserName', 'chrome']

2022-02-21 12:30:38 - [MESSAGE][INFO] - User set preference: ['browserVersion', '97']

2022-02-21 12:30:38 - [MESSAGE][INFO] - User set preference: ['katalon:option', '{organizationId=551240, tunnelId=, usingTunnel=false}']

2022-02-21 12:30:38 - [MESSAGE][INFO] - Connecting to remote web server 'testcloud.katalon.com/hub' with type 'Selenium'

2022-02-21 12:30:39 - [MESSAGE][INFO] - Action delay is set to 100 milliseconds

2022-02-21 12:32:47 - [MESSAGE][PASSED] - Browser is opened with url: ''

2022-02-21 12:32:47 - [TEST_STEP][PASSED] - maximizeWindow(): Current window maximized

2022-02-21 12:32:48 - [MESSAGE][PASSED] - Current window maximized

2022-02-21 12:32:48 - [TEST_STEP][PASSED] - navigateToUrl(url): Navigate to 'https://stars-stage.hawk.ru:8080' successfully

2022-02-21 12:32:54 - [MESSAGE][PASSED] - Navigate to 'https://stars-stage.hawk.ru:8080' successfully

2022-02-21 12:32:54 - [TEST_STEP][PASSED] - setText(findTestObject("Object Repository/Page_/input__sc-lnrBVv eqPACj"), admin_login): Text 'eronko.i@hc-avangard.com' is set on object 'Object Repository/Page_/input__sc-lnrBVv eqPACj'

2022-02-21 12:32:59 - [MESSAGE][PASSED] - Text 'eronko.i@hc-avangard.com' is set on object 'Object Repository/Page_/input__sc-lnrBVv eqPACj'

2022-02-21 12:32:59 - [TEST_STEP][PASSED] - setText(findTestObject("Object Repository/Page_/input__sc-lnrBVv eqPACj_1"), admin_password): Text 'eronko.i' is set on object 'Object Repository/Page_/input__sc-lnrBVv eqPACj_1'

2022-02-21 12:33:03 - [MESSAGE][PASSED] - Text 'eronko.i' is set on object 'Object Repository/Page_/input__sc-lnrBVv eqPACj_1'

2022-02-21 12:33:03 - [TEST_STEP][PASSED] - click(findTestObject("Object Repository/Page_/go")): Object: 'Object Repository/Page_/go' is clicked on

2022-02-21 12:33:05 - [MESSAGE][PASSED] - Object: 'Object Repository/Page_/go' is clicked on

2022-02-21 12:33:05 - [MESSAGE][PASSED] - Call Test Case 'Test Cases/Администратор/Авторизация' successfully

2022-02-21 12:33:05 - [TEST_STEP][PASSED] - click(findTestObject("Object Repository/admin/school/schools/schools")): Object: 'Object Repository/admin/school/schools/schools' is clicked on

2022-02-21 12:33:26 - [MESSAGE][PASSED] - Object: 'Object Repository/admin/school/schools/schools' is clicked on

2022-02-21 12:33:26 - [TEST_STEP][PASSED] - takeFullPageScreenshot("C:\scr\" + school + "43.jpg"): Taking screenshot successfully

2022-02-21 12:33:34 - [MESSAGE][INFO] - 0 hidden object(s)

2022-02-21 12:33:35 - [MESSAGE][PASSED] - Taking screenshot successfully
[[ATTACHMENT|C:\scr\Омские Ястребы43.jpg]]

2022-02-21 12:33:35 - [TEST_STEP][PASSED] - click(findTestObject("Object Repository/admin/school/Page_/div_")): Object: 'Object Repository/admin/school/Page_/div_' is clicked on

2022-02-21 12:33:37 - [MESSAGE][PASSED] - Object: 'Object Repository/admin/school/Page_/div_' is clicked on

2022-02-21 12:33:37 - [TEST_STEP][PASSED] - scrollToElement(findTestObject("Object Repository/admin/school/Page_/players"), 0): Scroll to object 'Object Repository/admin/school/Page_/players' successfully

2022-02-21 12:33:37 - [MESSAGE][WARNING] - Timeout '0' is invalid. Using default page load timeout: '30'

2022-02-21 12:33:46 - [MESSAGE][PASSED] - Scroll to object 'Object Repository/admin/school/Page_/players' successfully

2022-02-21 12:33:46 - [TEST_STEP][PASSED] - click(findTestObject("Object Repository/admin/school/Page_/players")): Object: 'Object Repository/admin/school/Page_/players' is clicked on

2022-02-21 12:33:49 - [MESSAGE][PASSED] - Object: 'Object Repository/admin/school/Page_/players' is clicked on

2022-02-21 12:33:49 - [TEST_STEP][PASSED] - takeFullPageScreenshot("C:\scr\" + school + "44.jpg"): Taking screenshot successfully

2022-02-21 12:33:56 - [MESSAGE][INFO] - 0 hidden object(s)

2022-02-21 12:33:56 - [MESSAGE][PASSED] - Taking screenshot successfully
[[ATTACHMENT|C:\scr\Омские Ястребы44.jpg]]

2022-02-21 12:33:56 - [TEST_STEP][PASSED] - click(findTestObject("Object Repository/admin/school/Page_/team")): Object: 'Object Repository/admin/school/Page_/team' is clicked on

2022-02-21 12:33:58 - [MESSAGE][PASSED] - Object: 'Object Repository/admin/school/Page_/team' is clicked on

2022-02-21 12:33:58 - [TEST_STEP][PASSED] - takeFullPageScreenshot("C:\scr\" + school + "45.jpg"): Taking screenshot successfully

2022-02-21 12:34:05 - [MESSAGE][INFO] - 0 hidden object(s)

2022-02-21 12:34:05 - [MESSAGE][PASSED] - Taking screenshot successfully
[[ATTACHMENT|C:\scr\Омские Ястребы45.jpg]]

2022-02-21 12:34:05 - [TEST_STEP][PASSED] - click(findTestObject("Object Repository/admin/school/Page_/omsk")): Object: 'Object Repository/admin/school/Page_/omsk' is clicked on

2022-02-21 12:34:07 - [MESSAGE][PASSED] - Object: 'Object Repository/admin/school/Page_/omsk' is clicked on

2022-02-21 12:34:07 - [TEST_STEP][PASSED] - click(findTestObject("Object Repository/admin/school/Page_/edit")): Object: 'Object Repository/admin/school/Page_/edit' is clicked on

2022-02-21 12:34:13 - [MESSAGE][PASSED] - Object: 'Object Repository/admin/school/Page_/edit' is clicked on

2022-02-21 12:34:13 - [TEST_STEP][PASSED] - takeFullPageScreenshot("C:\scr\" + school + "47.jpg"): Taking screenshot successfully

2022-02-21 12:34:20 - [MESSAGE][INFO] - 0 hidden object(s)

2022-02-21 12:34:20 - [MESSAGE][PASSED] - Taking screenshot successfully
[[ATTACHMENT|C:\scr\Омские Ястребы47.jpg]]

2022-02-21 12:34:20 - [TEST_STEP][PASSED] - click(findTestObject("Object Repository/admin/school/Page_/allplayer")): Object: 'Object Repository/admin/school/Page_/allplayer' is clicked on

2022-02-21 12:34:22 - [MESSAGE][PASSED] - Object: 'Object Repository/admin/school/Page_/allplayer' is clicked on

2022-02-21 12:34:22 - [TEST_STEP][PASSED] - takeFullPageScreenshot("C:\scr\" + school + "48.jpg"): Taking screenshot successfully

2022-02-21 12:34:28 - [MESSAGE][INFO] - 0 hidden object(s)

2022-02-21 12:34:28 - [MESSAGE][PASSED] - Taking screenshot successfully
[[ATTACHMENT|C:\scr\Омские Ястребы48.jpg]]

2022-02-21 12:34:28 - [TEST_STEP][PASSED] - click(findTestObject("Object Repository/admin/school/Page_/groups")): Object: 'Object Repository/admin/school/Page_/groups' is clicked on

2022-02-21 12:34:31 - [MESSAGE][PASSED] - Object: 'Object Repository/admin/school/Page_/groups' is clicked on

2022-02-21 12:34:31 - [TEST_STEP][PASSED] - click(findTestObject("manager/schools/overlay"), CONTINUE_ON_FAILURE): Object: 'Object Repository/manager/schools/overlay' is clicked on

2022-02-21 12:34:36 - [MESSAGE][PASSED] - Object: 'Object Repository/manager/schools/overlay' is clicked on

2022-02-21 12:34:36 - [TEST_STEP][PASSED] - click(findTestObject("Object Repository/admin/school/Page_/root")): Object: 'Object Repository/admin/school/Page_/root' is clicked on

2022-02-21 12:34:39 - [MESSAGE][PASSED] - Object: 'Object Repository/admin/school/Page_/root' is clicked on

2022-02-21 12:34:39 - [TEST_STEP][PASSED] - closeBrowser(): Browser is closed

2022-02-21 12:34:39 - [MESSAGE][PASSED] - Browser is closed]]></system-out>
         <system-err><![CDATA[]]></system-err>
      </testcase>
      <testcase name="Test Cases/Администратор/Рейтинг" time="266.703" classname="Test Cases/Администратор/Рейтинг" status="PASSED">
         <system-out><![CDATA[2022-02-21 12:34:39 - [TEST_CASE][PASSED] - Test Cases/Администратор/Рейтинг: Test Cases/Администратор/Рейтинг

2022-02-21 12:34:40 - [TEST_STEP][PASSED] - callTestCase(findTestCase("Администратор/Авторизация"), [:], STOP_ON_FAILURE): Call Test Case 'Test Cases/Администратор/Авторизация' successfully

2022-02-21 12:34:40 - [TEST_CASE][PASSED] - Test Cases/Администратор/Авторизация: Test Cases/Администратор/Авторизация

2022-02-21 12:34:40 - [TEST_STEP][PASSED] - openBrowser(""): Browser is opened with url: ''

2022-02-21 12:34:40 - [MESSAGE][INFO] - User set preference: ['os', 'linux']

2022-02-21 12:34:40 - [MESSAGE][INFO] - User set preference: ['browserName', 'chrome']

2022-02-21 12:34:40 - [MESSAGE][INFO] - User set preference: ['browserVersion', '97']

2022-02-21 12:34:40 - [MESSAGE][INFO] - User set preference: ['katalon:option', '{organizationId=551240, tunnelId=, usingTunnel=false}']

2022-02-21 12:34:40 - [MESSAGE][INFO] - Connecting to remote web server 'testcloud.katalon.com/hub' with type 'Selenium'

2022-02-21 12:34:40 - [MESSAGE][INFO] - Action delay is set to 100 milliseconds

2022-02-21 12:36:52 - [MESSAGE][PASSED] - Browser is opened with url: ''

2022-02-21 12:36:52 - [TEST_STEP][PASSED] - maximizeWindow(): Current window maximized

2022-02-21 12:36:53 - [MESSAGE][PASSED] - Current window maximized

2022-02-21 12:36:53 - [TEST_STEP][PASSED] - navigateToUrl(url): Navigate to 'https://stars-stage.hawk.ru:8080' successfully

2022-02-21 12:36:59 - [MESSAGE][PASSED] - Navigate to 'https://stars-stage.hawk.ru:8080' successfully

2022-02-21 12:36:59 - [TEST_STEP][PASSED] - setText(findTestObject("Object Repository/Page_/input__sc-lnrBVv eqPACj"), admin_login): Text 'eronko.i@hc-avangard.com' is set on object 'Object Repository/Page_/input__sc-lnrBVv eqPACj'

2022-02-21 12:37:04 - [MESSAGE][PASSED] - Text 'eronko.i@hc-avangard.com' is set on object 'Object Repository/Page_/input__sc-lnrBVv eqPACj'

2022-02-21 12:37:04 - [TEST_STEP][PASSED] - setText(findTestObject("Object Repository/Page_/input__sc-lnrBVv eqPACj_1"), admin_password): Text 'eronko.i' is set on object 'Object Repository/Page_/input__sc-lnrBVv eqPACj_1'

2022-02-21 12:37:08 - [MESSAGE][PASSED] - Text 'eronko.i' is set on object 'Object Repository/Page_/input__sc-lnrBVv eqPACj_1'

2022-02-21 12:37:08 - [TEST_STEP][PASSED] - click(findTestObject("Object Repository/Page_/go")): Object: 'Object Repository/Page_/go' is clicked on

2022-02-21 12:37:10 - [MESSAGE][PASSED] - Object: 'Object Repository/Page_/go' is clicked on

2022-02-21 12:37:10 - [MESSAGE][PASSED] - Call Test Case 'Test Cases/Администратор/Авторизация' successfully

2022-02-21 12:37:10 - [TEST_STEP][PASSED] - click(findTestObject("Object Repository/admin/rating/grating")): Object: 'Object Repository/admin/rating/grating' is clicked on

2022-02-21 12:37:23 - [MESSAGE][PASSED] - Object: 'Object Repository/admin/rating/grating' is clicked on

2022-02-21 12:37:23 - [TEST_STEP][PASSED] - takeFullPageScreenshot("C:\scr\" + school + "34.jpg"): Taking screenshot successfully

2022-02-21 12:37:33 - [MESSAGE][INFO] - 0 hidden object(s)

2022-02-21 12:37:33 - [MESSAGE][PASSED] - Taking screenshot successfully
[[ATTACHMENT|C:\scr\Омские Ястребы34.jpg]]

2022-02-21 12:37:33 - [TEST_STEP][PASSED] - click(findTestObject("Object Repository/admin/Page_/shkool")): Object: 'Object Repository/admin/Page_/shkool' is clicked on

2022-02-21 12:37:36 - [MESSAGE][PASSED] - Object: 'Object Repository/admin/Page_/shkool' is clicked on

2022-02-21 12:37:36 - [TEST_STEP][PASSED] - click(findTestObject("Object Repository/admin/Page_/div_ (2)")): Object: 'Object Repository/admin/Page_/div_ (2)' is clicked on

2022-02-21 12:37:38 - [MESSAGE][PASSED] - Object: 'Object Repository/admin/Page_/div_ (2)' is clicked on

2022-02-21 12:37:38 - [TEST_STEP][PASSED] - click(findTestObject("Object Repository/admin/Page_/team")): Object: 'Object Repository/admin/Page_/team' is clicked on

2022-02-21 12:37:43 - [MESSAGE][PASSED] - Object: 'Object Repository/admin/Page_/team' is clicked on

2022-02-21 12:37:43 - [TEST_STEP][PASSED] - click(findTestObject("Object Repository/admin/Page_/omsk")): Object: 'Object Repository/admin/Page_/omsk' is clicked on

2022-02-21 12:37:45 - [MESSAGE][PASSED] - Object: 'Object Repository/admin/Page_/omsk' is clicked on

2022-02-21 12:37:45 - [TEST_STEP][PASSED] - scrollToElement(findTestObject("Object Repository/admin/Page_/top1"), 0): Scroll to object 'Object Repository/admin/Page_/top1' successfully

2022-02-21 12:37:45 - [MESSAGE][WARNING] - Timeout '0' is invalid. Using default page load timeout: '30'

2022-02-21 12:37:48 - [MESSAGE][PASSED] - Scroll to object 'Object Repository/admin/Page_/top1' successfully

2022-02-21 12:37:48 - [TEST_STEP][PASSED] - click(findTestObject("Object Repository/admin/Page_/top1")): Object: 'Object Repository/admin/Page_/top1' is clicked on

2022-02-21 12:37:51 - [MESSAGE][PASSED] - Object: 'Object Repository/admin/Page_/top1' is clicked on

2022-02-21 12:37:51 - [TEST_STEP][PASSED] - takeFullPageScreenshot("C:\scr\" + school + "37.jpg", CONTINUE_ON_FAILURE): Taking screenshot successfully

2022-02-21 12:38:04 - [MESSAGE][INFO] - 0 hidden object(s)

2022-02-21 12:38:04 - [MESSAGE][PASSED] - Taking screenshot successfully
[[ATTACHMENT|C:\scr\Омские Ястребы37.jpg]]

2022-02-21 12:38:04 - [TEST_STEP][PASSED] - click(findTestObject("Object Repository/admin/Page_/skill")): Object: 'Object Repository/admin/Page_/skill' is clicked on

2022-02-21 12:38:06 - [MESSAGE][PASSED] - Object: 'Object Repository/admin/Page_/skill' is clicked on

2022-02-21 12:38:06 - [TEST_STEP][PASSED] - verifyTextPresent("Ускорение", true): Text 'Ускорение' is present on page  using regular expression

2022-02-21 12:38:10 - [MESSAGE][PASSED] - Text 'Ускорение' is present on page  using regular expression

2022-02-21 12:38:10 - [TEST_STEP][PASSED] - verifyTextPresent("Скорость", true): Text 'Скорость' is present on page  using regular expression

2022-02-21 12:38:13 - [MESSAGE][PASSED] - Text 'Скорость' is present on page  using regular expression

2022-02-21 12:38:13 - [TEST_STEP][PASSED] - takeFullPageScreenshot("C:\scr\" + school + "39.jpg", CONTINUE_ON_FAILURE): Taking screenshot successfully

2022-02-21 12:38:24 - [MESSAGE][INFO] - 0 hidden object(s)

2022-02-21 12:38:24 - [MESSAGE][PASSED] - Taking screenshot successfully
[[ATTACHMENT|C:\scr\Омские Ястребы39.jpg]]

2022-02-21 12:38:24 - [TEST_STEP][PASSED] - click(findTestObject("Object Repository/admin/Page_/stat")): Object: 'Object Repository/admin/Page_/stat' is clicked on

2022-02-21 12:38:30 - [MESSAGE][PASSED] - Object: 'Object Repository/admin/Page_/stat' is clicked on

2022-02-21 12:38:30 - [TEST_STEP][PASSED] - verifyTextPresent("Матчи", true, CONTINUE_ON_FAILURE): Text 'Матчи' is present on page  using regular expression

2022-02-21 12:38:38 - [MESSAGE][PASSED] - Text 'Матчи' is present on page  using regular expression

2022-02-21 12:38:38 - [TEST_STEP][PASSED] - verifyTextPresent("Ранг", true, CONTINUE_ON_FAILURE): Text 'Ранг' is present on page  using regular expression

2022-02-21 12:38:40 - [MESSAGE][PASSED] - Text 'Ранг' is present on page  using regular expression

2022-02-21 12:38:40 - [TEST_STEP][PASSED] - takeFullPageScreenshot("C:\scr\" + school + "40.jpg", CONTINUE_ON_FAILURE): Taking screenshot successfully

2022-02-21 12:38:50 - [MESSAGE][INFO] - 0 hidden object(s)

2022-02-21 12:38:51 - [MESSAGE][PASSED] - Taking screenshot successfully
[[ATTACHMENT|C:\scr\Омские Ястребы40.jpg]]

2022-02-21 12:38:51 - [TEST_STEP][PASSED] - click(findTestObject("Object Repository/admin/Page_/ptest")): Object: 'Object Repository/admin/Page_/ptest' is clicked on

2022-02-21 12:38:53 - [MESSAGE][PASSED] - Object: 'Object Repository/admin/Page_/ptest' is clicked on

2022-02-21 12:38:53 - [TEST_STEP][PASSED] - verifyTextPresent("СРЕДНЯЯ ОЦЕНКА", true): Text 'СРЕДНЯЯ ОЦЕНКА' is present on page  using regular expression

2022-02-21 12:38:55 - [MESSAGE][PASSED] - Text 'СРЕДНЯЯ ОЦЕНКА' is present on page  using regular expression

2022-02-21 12:38:55 - [TEST_STEP][PASSED] - verifyTextPresent("Список навыков и характеристики", true): Text 'Список навыков и характеристики' is present on page  using regular expression

2022-02-21 12:38:57 - [MESSAGE][PASSED] - Text 'Список навыков и характеристики' is present on page  using regular expression

2022-02-21 12:38:57 - [TEST_STEP][PASSED] - takeFullPageScreenshot("C:\scr\" + school + "38.jpg", CONTINUE_ON_FAILURE): Taking screenshot successfully

2022-02-21 12:39:03 - [MESSAGE][INFO] - 0 hidden object(s)

2022-02-21 12:39:03 - [MESSAGE][PASSED] - Taking screenshot successfully
[[ATTACHMENT|C:\scr\Омские Ястребы38.jpg]]

2022-02-21 12:39:03 - [TEST_STEP][PASSED] - click(findTestObject("Object Repository/admin/Page_/root")): Object: 'Object Repository/admin/Page_/root' is clicked on

2022-02-21 12:39:06 - [MESSAGE][PASSED] - Object: 'Object Repository/admin/Page_/root' is clicked on

2022-02-21 12:39:06 - [TEST_STEP][PASSED] - closeBrowser(): Browser is closed

2022-02-21 12:39:06 - [MESSAGE][PASSED] - Browser is closed]]></system-out>
         <system-err><![CDATA[]]></system-err>
      </testcase>
      <testcase name="Test Cases/Администратор/ОТЧЕТЫ функциональные тесты/Список участников без оценки" time="183.012" classname="Test Cases/Администратор/ОТЧЕТЫ функциональные тесты/Список участников без оценки" status="PASSED">
         <system-out><![CDATA[2022-02-21 12:39:06 - [TEST_CASE][PASSED] - Test Cases/Администратор/ОТЧЕТЫ функциональные тесты/Список участников без оценки: Test Cases/Администратор/ОТЧЕТЫ функциональные тесты/Список участников без оценки

2022-02-21 12:39:06 - [TEST_STEP][PASSED] - callTestCase(findTestCase("Администратор/Отчет для тк"), [:], STOP_ON_FAILURE): Call Test Case 'Test Cases/Администратор/Отчет для тк' successfully

2022-02-21 12:39:07 - [TEST_CASE][PASSED] - Test Cases/Администратор/Отчет для тк: Test Cases/Администратор/Отчет для тк

2022-02-21 12:39:07 - [TEST_STEP][PASSED] - callTestCase(findTestCase("Администратор/Авторизация"), [:], STOP_ON_FAILURE): Call Test Case 'Test Cases/Администратор/Авторизация' successfully

2022-02-21 12:39:07 - [TEST_CASE][PASSED] - Test Cases/Администратор/Авторизация: Test Cases/Администратор/Авторизация

2022-02-21 12:39:07 - [TEST_STEP][PASSED] - openBrowser(""): Browser is opened with url: ''

2022-02-21 12:39:07 - [MESSAGE][INFO] - User set preference: ['os', 'linux']

2022-02-21 12:39:07 - [MESSAGE][INFO] - User set preference: ['browserName', 'chrome']

2022-02-21 12:39:07 - [MESSAGE][INFO] - User set preference: ['browserVersion', '97']

2022-02-21 12:39:07 - [MESSAGE][INFO] - User set preference: ['katalon:option', '{organizationId=551240, tunnelId=, usingTunnel=false}']

2022-02-21 12:39:07 - [MESSAGE][INFO] - Connecting to remote web server 'testcloud.katalon.com/hub' with type 'Selenium'

2022-02-21 12:39:07 - [MESSAGE][INFO] - Action delay is set to 100 milliseconds

2022-02-21 12:40:36 - [MESSAGE][PASSED] - Browser is opened with url: ''

2022-02-21 12:40:36 - [TEST_STEP][PASSED] - maximizeWindow(): Current window maximized

2022-02-21 12:40:37 - [MESSAGE][PASSED] - Current window maximized

2022-02-21 12:40:37 - [TEST_STEP][PASSED] - navigateToUrl(url): Navigate to 'https://stars-stage.hawk.ru:8080' successfully

2022-02-21 12:40:43 - [MESSAGE][PASSED] - Navigate to 'https://stars-stage.hawk.ru:8080' successfully

2022-02-21 12:40:43 - [TEST_STEP][PASSED] - setText(findTestObject("Object Repository/Page_/input__sc-lnrBVv eqPACj"), admin_login): Text 'eronko.i@hc-avangard.com' is set on object 'Object Repository/Page_/input__sc-lnrBVv eqPACj'

2022-02-21 12:40:47 - [MESSAGE][PASSED] - Text 'eronko.i@hc-avangard.com' is set on object 'Object Repository/Page_/input__sc-lnrBVv eqPACj'

2022-02-21 12:40:47 - [TEST_STEP][PASSED] - setText(findTestObject("Object Repository/Page_/input__sc-lnrBVv eqPACj_1"), admin_password): Text 'eronko.i' is set on object 'Object Repository/Page_/input__sc-lnrBVv eqPACj_1'

2022-02-21 12:40:51 - [MESSAGE][PASSED] - Text 'eronko.i' is set on object 'Object Repository/Page_/input__sc-lnrBVv eqPACj_1'

2022-02-21 12:40:51 - [TEST_STEP][PASSED] - click(findTestObject("Object Repository/Page_/go")): Object: 'Object Repository/Page_/go' is clicked on

2022-02-21 12:40:53 - [MESSAGE][PASSED] - Object: 'Object Repository/Page_/go' is clicked on

2022-02-21 12:40:53 - [MESSAGE][PASSED] - Call Test Case 'Test Cases/Администратор/Авторизация' successfully

2022-02-21 12:40:53 - [TEST_STEP][PASSED] - click(findTestObject("admin/reports/keys/reports/report")): Object: 'Object Repository/admin/reports/keys/reports/report' is clicked on

2022-02-21 12:41:23 - [MESSAGE][PASSED] - Object: 'Object Repository/admin/reports/keys/reports/report' is clicked on

2022-02-21 12:41:23 - [MESSAGE][PASSED] - Call Test Case 'Test Cases/Администратор/Отчет для тк' successfully

2022-02-21 12:41:23 - [TEST_STEP][PASSED] - click(findTestObject("Object Repository/admin/reports/not/Page_/not")): Object: 'Object Repository/admin/reports/not/Page_/not' is clicked on

2022-02-21 12:41:25 - [MESSAGE][PASSED] - Object: 'Object Repository/admin/reports/not/Page_/not' is clicked on

2022-02-21 12:41:25 - [TEST_STEP][PASSED] - verifyTextPresent("СПИСОК УЧАСТНИКОВ БЕЗ ОЦЕНКИ", true): Text 'СПИСОК УЧАСТНИКОВ БЕЗ ОЦЕНКИ' is present on page  using regular expression

2022-02-21 12:41:34 - [MESSAGE][PASSED] - Text 'СПИСОК УЧАСТНИКОВ БЕЗ ОЦЕНКИ' is present on page  using regular expression

2022-02-21 12:41:34 - [TEST_STEP][PASSED] - takeFullPageScreenshot("C:\scr\" + school + "29.jpg"): Taking screenshot successfully

2022-02-21 12:41:41 - [MESSAGE][INFO] - 0 hidden object(s)

2022-02-21 12:41:41 - [MESSAGE][PASSED] - Taking screenshot successfully
[[ATTACHMENT|C:\scr\Омские Ястребы29.jpg]]

2022-02-21 12:41:41 - [TEST_STEP][PASSED] - setText(findTestObject("Object Repository/admin/reports/not/Page_/input__react-select-2-input"), "ака"): Text 'ака' is set on object 'Object Repository/admin/reports/not/Page_/input__react-select-2-input'

2022-02-21 12:41:45 - [MESSAGE][PASSED] - Text 'ака' is set on object 'Object Repository/admin/reports/not/Page_/input__react-select-2-input'

2022-02-21 12:41:45 - [TEST_STEP][PASSED] - sendKeys(findTestObject("Object Repository/admin/reports/not/Page_/input__react-select-2-input"), Keys.chord(ENTER)): Keys 'ENTER + ' sent to object: 'Object Repository/admin/reports/not/Page_/input__react-select-2-input'

2022-02-21 12:41:47 - [MESSAGE][PASSED] - Keys 'ENTER + ' sent to object: 'Object Repository/admin/reports/not/Page_/input__react-select-2-input'

2022-02-21 12:41:47 - [TEST_STEP][PASSED] - setText(findTestObject("Object Repository/admin/reports/not/Page_/input__react-select-3-input"), school): Text 'Омские Ястребы' is set on object 'Object Repository/admin/reports/not/Page_/input__react-select-3-input'

2022-02-21 12:41:52 - [MESSAGE][PASSED] - Text 'Омские Ястребы' is set on object 'Object Repository/admin/reports/not/Page_/input__react-select-3-input'

2022-02-21 12:41:52 - [TEST_STEP][PASSED] - sendKeys(findTestObject("Object Repository/admin/reports/not/Page_/input__react-select-3-input"), Keys.chord(ENTER)): Keys 'ENTER + ' sent to object: 'Object Repository/admin/reports/not/Page_/input__react-select-3-input'

2022-02-21 12:41:54 - [MESSAGE][PASSED] - Keys 'ENTER + ' sent to object: 'Object Repository/admin/reports/not/Page_/input__react-select-3-input'

2022-02-21 12:41:54 - [TEST_STEP][PASSED] - setText(findTestObject("Object Repository/admin/reports/not/Page_/input__react-select-4-input"), "26.8"): Text '26.8' is set on object 'Object Repository/admin/reports/not/Page_/input__react-select-4-input'

2022-02-21 12:41:59 - [MESSAGE][PASSED] - Text '26.8' is set on object 'Object Repository/admin/reports/not/Page_/input__react-select-4-input'

2022-02-21 12:41:59 - [TEST_STEP][PASSED] - sendKeys(findTestObject("Object Repository/admin/reports/not/Page_/input__react-select-4-input"), Keys.chord(ENTER)): Keys 'ENTER + ' sent to object: 'Object Repository/admin/reports/not/Page_/input__react-select-4-input'

2022-02-21 12:42:01 - [MESSAGE][PASSED] - Keys 'ENTER + ' sent to object: 'Object Repository/admin/reports/not/Page_/input__react-select-4-input'

2022-02-21 12:42:01 - [TEST_STEP][PASSED] - takeFullPageScreenshot("C:\scr\" + school + "30.jpg"): Taking screenshot successfully

2022-02-21 12:42:06 - [MESSAGE][INFO] - 0 hidden object(s)

2022-02-21 12:42:06 - [MESSAGE][PASSED] - Taking screenshot successfully
[[ATTACHMENT|C:\scr\Омские Ястребы30.jpg]]

2022-02-21 12:42:06 - [TEST_STEP][PASSED] - click(findTestObject("Object Repository/manager/kale/Page_/root")): Object: 'Object Repository/manager/kale/Page_/root' is clicked on

2022-02-21 12:42:09 - [MESSAGE][PASSED] - Object: 'Object Repository/manager/kale/Page_/root' is clicked on

2022-02-21 12:42:09 - [TEST_STEP][PASSED] - closeBrowser(): Browser is closed

2022-02-21 12:42:09 - [MESSAGE][PASSED] - Browser is closed]]></system-out>
         <system-err><![CDATA[]]></system-err>
      </testcase>
      <testcase name="Test Cases/Администратор/ОТЧЕТЫ функциональные тесты/Отчет психофиз" time="201.386" classname="Test Cases/Администратор/ОТЧЕТЫ функциональные тесты/Отчет психофиз" status="PASSED">
         <system-out><![CDATA[2022-02-21 12:42:09 - [TEST_CASE][PASSED] - Test Cases/Администратор/ОТЧЕТЫ функциональные тесты/Отчет психофиз: Test Cases/Администратор/ОТЧЕТЫ функциональные тесты/Отчет психофиз

2022-02-21 12:42:09 - [TEST_STEP][PASSED] - callTestCase(findTestCase("Администратор/Отчет для тк"), [:], STOP_ON_FAILURE): Call Test Case 'Test Cases/Администратор/Отчет для тк' successfully

2022-02-21 12:42:10 - [TEST_CASE][PASSED] - Test Cases/Администратор/Отчет для тк: Test Cases/Администратор/Отчет для тк

2022-02-21 12:42:10 - [TEST_STEP][PASSED] - callTestCase(findTestCase("Администратор/Авторизация"), [:], STOP_ON_FAILURE): Call Test Case 'Test Cases/Администратор/Авторизация' successfully

2022-02-21 12:42:10 - [TEST_CASE][PASSED] - Test Cases/Администратор/Авторизация: Test Cases/Администратор/Авторизация

2022-02-21 12:42:10 - [TEST_STEP][PASSED] - openBrowser(""): Browser is opened with url: ''

2022-02-21 12:42:10 - [MESSAGE][INFO] - User set preference: ['os', 'linux']

2022-02-21 12:42:10 - [MESSAGE][INFO] - User set preference: ['browserName', 'chrome']

2022-02-21 12:42:10 - [MESSAGE][INFO] - User set preference: ['browserVersion', '97']

2022-02-21 12:42:10 - [MESSAGE][INFO] - User set preference: ['katalon:option', '{organizationId=551240, tunnelId=, usingTunnel=false}']

2022-02-21 12:42:10 - [MESSAGE][INFO] - Connecting to remote web server 'testcloud.katalon.com/hub' with type 'Selenium'

2022-02-21 12:42:10 - [MESSAGE][INFO] - Action delay is set to 100 milliseconds

2022-02-21 12:43:01 - [MESSAGE][PASSED] - Browser is opened with url: ''

2022-02-21 12:43:01 - [TEST_STEP][PASSED] - maximizeWindow(): Current window maximized

2022-02-21 12:43:01 - [MESSAGE][PASSED] - Current window maximized

2022-02-21 12:43:01 - [TEST_STEP][PASSED] - navigateToUrl(url): Navigate to 'https://stars-stage.hawk.ru:8080' successfully

2022-02-21 12:43:08 - [MESSAGE][PASSED] - Navigate to 'https://stars-stage.hawk.ru:8080' successfully

2022-02-21 12:43:08 - [TEST_STEP][PASSED] - setText(findTestObject("Object Repository/Page_/input__sc-lnrBVv eqPACj"), admin_login): Text 'eronko.i@hc-avangard.com' is set on object 'Object Repository/Page_/input__sc-lnrBVv eqPACj'

2022-02-21 12:43:12 - [MESSAGE][PASSED] - Text 'eronko.i@hc-avangard.com' is set on object 'Object Repository/Page_/input__sc-lnrBVv eqPACj'

2022-02-21 12:43:12 - [TEST_STEP][PASSED] - setText(findTestObject("Object Repository/Page_/input__sc-lnrBVv eqPACj_1"), admin_password): Text 'eronko.i' is set on object 'Object Repository/Page_/input__sc-lnrBVv eqPACj_1'

2022-02-21 12:43:16 - [MESSAGE][PASSED] - Text 'eronko.i' is set on object 'Object Repository/Page_/input__sc-lnrBVv eqPACj_1'

2022-02-21 12:43:16 - [TEST_STEP][PASSED] - click(findTestObject("Object Repository/Page_/go")): Object: 'Object Repository/Page_/go' is clicked on

2022-02-21 12:43:18 - [MESSAGE][PASSED] - Object: 'Object Repository/Page_/go' is clicked on

2022-02-21 12:43:18 - [MESSAGE][PASSED] - Call Test Case 'Test Cases/Администратор/Авторизация' successfully

2022-02-21 12:43:18 - [TEST_STEP][PASSED] - click(findTestObject("admin/reports/keys/reports/report")): Object: 'Object Repository/admin/reports/keys/reports/report' is clicked on

2022-02-21 12:43:37 - [MESSAGE][PASSED] - Object: 'Object Repository/admin/reports/keys/reports/report' is clicked on

2022-02-21 12:43:37 - [MESSAGE][PASSED] - Call Test Case 'Test Cases/Администратор/Отчет для тк' successfully

2022-02-21 12:43:37 - [TEST_STEP][PASSED] - click(findTestObject("Object Repository/admin/reports/psyhotest/Page_/psychotest")): Object: 'Object Repository/admin/reports/psyhotest/Page_/psychotest' is clicked on

2022-02-21 12:44:09 - [MESSAGE][INFO] - Unable to find the element located by 'By.xpath: //*[(text() = 'Отчет психофизического профиля' or . = 'Отчет психофизического профиля')]'. Please recheck the objects properties to make sure the desired element is located. 

2022-02-21 12:44:09 - [MESSAGE][WARNING] - [SELF-HEALING] Failed to find element with id 'Object Repository/admin/reports/psyhotest/Page_/psychotest'. Try using Self-healing.

2022-02-21 12:44:11 - [MESSAGE][WARNING] - [SELF-HEALING] The current locator of test object 'Object Repository/admin/reports/psyhotest/Page_/psychotest' was broken. Propose an alternative one: '(.//*[normalize-space(text()) and normalize-space(.)='Отчет по играм за период'])[1]/following::div[6]'.

2022-02-21 12:44:12 - [MESSAGE][PASSED] - Object: 'Object Repository/admin/reports/psyhotest/Page_/psychotest' is clicked on

2022-02-21 12:44:12 - [TEST_STEP][PASSED] - verifyTextPresent("ОТЧЕТ ПСИХОЛОГИЧЕСКОГО ПРОФИЛЯ", true): Text 'ОТЧЕТ ПСИХОЛОГИЧЕСКОГО ПРОФИЛЯ' is present on page  using regular expression

2022-02-21 12:44:17 - [MESSAGE][PASSED] - Text 'ОТЧЕТ ПСИХОЛОГИЧЕСКОГО ПРОФИЛЯ' is present on page  using regular expression

2022-02-21 12:44:17 - [TEST_STEP][PASSED] - takeFullPageScreenshot("C:\scr\" + school + "27.jpg"): Taking screenshot successfully

2022-02-21 12:44:25 - [MESSAGE][INFO] - 0 hidden object(s)

2022-02-21 12:44:25 - [MESSAGE][PASSED] - Taking screenshot successfully
[[ATTACHMENT|C:\scr\Омские Ястребы27.jpg]]

2022-02-21 12:44:25 - [TEST_STEP][PASSED] - click(findTestObject("Object Repository/admin/reports/psyhotest/Page_/scool")): Object: 'Object Repository/admin/reports/psyhotest/Page_/scool' is clicked on

2022-02-21 12:44:27 - [MESSAGE][PASSED] - Object: 'Object Repository/admin/reports/psyhotest/Page_/scool' is clicked on

2022-02-21 12:44:27 - [TEST_STEP][PASSED] - click(findTestObject("Object Repository/admin/reports/psyhotest/Page_/div_")): Object: 'Object Repository/admin/reports/psyhotest/Page_/div_' is clicked on

2022-02-21 12:44:29 - [MESSAGE][PASSED] - Object: 'Object Repository/admin/reports/psyhotest/Page_/div_' is clicked on

2022-02-21 12:44:29 - [TEST_STEP][PASSED] - click(findTestObject("Object Repository/admin/reports/psyhotest/Page_/team")): Object: 'Object Repository/admin/reports/psyhotest/Page_/team' is clicked on

2022-02-21 12:44:32 - [MESSAGE][PASSED] - Object: 'Object Repository/admin/reports/psyhotest/Page_/team' is clicked on

2022-02-21 12:44:32 - [TEST_STEP][PASSED] - click(findTestObject("Object Repository/admin/reports/psyhotest/Page_/oya")): Object: 'Object Repository/admin/reports/psyhotest/Page_/oya' is clicked on

2022-02-21 12:44:34 - [MESSAGE][PASSED] - Object: 'Object Repository/admin/reports/psyhotest/Page_/oya' is clicked on

2022-02-21 12:44:34 - [TEST_STEP][PASSED] - setText(findTestObject("Object Repository/admin/reports/psyhotest/Page_/aplayer"), player_for_test): Text 'Ганин Данила' is set on object 'Object Repository/admin/reports/psyhotest/Page_/aplayer'

2022-02-21 12:44:38 - [MESSAGE][PASSED] - Text 'Ганин Данила' is set on object 'Object Repository/admin/reports/psyhotest/Page_/aplayer'

2022-02-21 12:44:38 - [TEST_STEP][PASSED] - sendKeys(findTestObject("admin/Global player"), Keys.chord(ENTER)): Keys 'ENTER + ' sent to object: 'Object Repository/admin/Global player'

2022-02-21 12:44:40 - [MESSAGE][PASSED] - Keys 'ENTER + ' sent to object: 'Object Repository/admin/Global player'

2022-02-21 12:44:40 - [TEST_STEP][PASSED] - click(findTestObject("Object Repository/admin/reports/psyhotest/Page_/season")): Object: 'Object Repository/admin/reports/psyhotest/Page_/season' is clicked on

2022-02-21 12:44:45 - [MESSAGE][PASSED] - Object: 'Object Repository/admin/reports/psyhotest/Page_/season' is clicked on

2022-02-21 12:44:45 - [TEST_STEP][PASSED] - click(findTestObject("Object Repository/admin/reports/psyhotest/Page_/div_21-22")): Object: 'Object Repository/admin/reports/psyhotest/Page_/div_21-22' is clicked on

2022-02-21 12:44:47 - [MESSAGE][PASSED] - Object: 'Object Repository/admin/reports/psyhotest/Page_/div_21-22' is clicked on

2022-02-21 12:44:47 - [TEST_STEP][PASSED] - scrollToElement(findTestObject("Avangard New/Object (Администратор)/name (Реакция на сложный стимул)"), 0): Scroll to object 'Object Repository/Avangard New/Object (Администратор)/name (Реакция на сложный стимул)' successfully

2022-02-21 12:44:48 - [MESSAGE][WARNING] - Timeout '0' is invalid. Using default page load timeout: '30'

2022-02-21 12:44:52 - [MESSAGE][PASSED] - Scroll to object 'Object Repository/Avangard New/Object (Администратор)/name (Реакция на сложный стимул)' successfully

2022-02-21 12:44:52 - [TEST_STEP][PASSED] - verifyTextPresent("Реакция на сложный стимул", false): Text 'Реакция на сложный стимул' is present on page 

2022-02-21 12:44:54 - [MESSAGE][PASSED] - Text 'Реакция на сложный стимул' is present on page 

2022-02-21 12:44:54 - [TEST_STEP][PASSED] - verifyTextPresent("Реакция на простой стимул", false): Text 'Реакция на простой стимул' is present on page 

2022-02-21 12:44:56 - [MESSAGE][PASSED] - Text 'Реакция на простой стимул' is present on page 

2022-02-21 12:44:56 - [TEST_STEP][NOT_RUN] - scrollToElement(findTestObject("Object Repository/admin/reports/psyhotest/Page_/p_"), 0): NOT_RUN: scrollToElement(findTestObject("Object Repository/admin/reports/psyhotest/Page_/p_"), 0)

2022-02-21 12:44:56 - [MESSAGE][NOT_RUN] - NOT_RUN: scrollToElement(findTestObject("Object Repository/admin/reports/psyhotest/Page_/p_"), 0)

2022-02-21 12:44:56 - [TEST_STEP][PASSED] - takeFullPageScreenshot("C:\scr\" + school + "28.jpg"): Taking screenshot successfully

2022-02-21 12:45:03 - [MESSAGE][INFO] - 0 hidden object(s)

2022-02-21 12:45:03 - [MESSAGE][PASSED] - Taking screenshot successfully
[[ATTACHMENT|C:\scr\Омские Ястребы28.jpg]]

2022-02-21 12:45:03 - [TEST_STEP][PASSED] - scrollToElement(findTestObject("Object Repository/admin/reports/psyhotest/Page_/season (1)"), 0): Scroll to object 'Object Repository/admin/reports/psyhotest/Page_/season (1)' successfully

2022-02-21 12:45:03 - [MESSAGE][WARNING] - Timeout '0' is invalid. Using default page load timeout: '30'

2022-02-21 12:45:05 - [MESSAGE][PASSED] - Scroll to object 'Object Repository/admin/reports/psyhotest/Page_/season (1)' successfully

2022-02-21 12:45:05 - [TEST_STEP][PASSED] - click(findTestObject("Object Repository/admin/reports/psyhotest/Page_/topologic")): Object: 'Object Repository/admin/reports/psyhotest/Page_/topologic' is clicked on

2022-02-21 12:45:07 - [MESSAGE][PASSED] - Object: 'Object Repository/admin/reports/psyhotest/Page_/topologic' is clicked on

2022-02-21 12:45:07 - [TEST_STEP][PASSED] - click(findTestObject("Object Repository/admin/reports/psyhotest/Page_/season (1)")): Object: 'Object Repository/admin/reports/psyhotest/Page_/season (1)' is clicked on

2022-02-21 12:45:10 - [MESSAGE][PASSED] - Object: 'Object Repository/admin/reports/psyhotest/Page_/season (1)' is clicked on

2022-02-21 12:45:10 - [TEST_STEP][PASSED] - click(findTestObject("Object Repository/admin/reports/psyhotest/Page_/20-21")): Object: 'Object Repository/admin/reports/psyhotest/Page_/20-21' is clicked on

2022-02-21 12:45:12 - [MESSAGE][PASSED] - Object: 'Object Repository/admin/reports/psyhotest/Page_/20-21' is clicked on

2022-02-21 12:45:12 - [TEST_STEP][PASSED] - scrollToElement(findTestObject("Avangard New/Object (Администратор)/name (Спонтанность)"), 0): Scroll to object 'Object Repository/Avangard New/Object (Администратор)/name (Спонтанность)' successfully

2022-02-21 12:45:12 - [MESSAGE][WARNING] - Timeout '0' is invalid. Using default page load timeout: '30'

2022-02-21 12:45:16 - [MESSAGE][PASSED] - Scroll to object 'Object Repository/Avangard New/Object (Администратор)/name (Спонтанность)' successfully

2022-02-21 12:45:16 - [TEST_STEP][PASSED] - verifyTextPresent("Спонтанность", false): Text 'Спонтанность' is present on page 

2022-02-21 12:45:18 - [MESSAGE][PASSED] - Text 'Спонтанность' is present on page 

2022-02-21 12:45:18 - [TEST_STEP][PASSED] - verifyTextPresent("Стеничность", false): Text 'Стеничность' is present on page 

2022-02-21 12:45:19 - [MESSAGE][PASSED] - Text 'Стеничность' is present on page 

2022-02-21 12:45:19 - [TEST_STEP][PASSED] - verifyTextPresent("Экстраверсия", false): Text 'Экстраверсия' is present on page 

2022-02-21 12:45:22 - [MESSAGE][PASSED] - Text 'Экстраверсия' is present on page 

2022-02-21 12:45:22 - [TEST_STEP][PASSED] - takeFullPageScreenshot("C:\scr\" + school + "50.jpg"): Taking screenshot successfully

2022-02-21 12:45:28 - [MESSAGE][INFO] - 0 hidden object(s)

2022-02-21 12:45:28 - [MESSAGE][PASSED] - Taking screenshot successfully
[[ATTACHMENT|C:\scr\Омские Ястребы50.jpg]]

2022-02-21 12:45:28 - [TEST_STEP][PASSED] - click(findTestObject("Object Repository/admin/reports/psyhotest/Page_/root")): Object: 'Object Repository/admin/reports/psyhotest/Page_/root' is clicked on

2022-02-21 12:45:30 - [MESSAGE][PASSED] - Object: 'Object Repository/admin/reports/psyhotest/Page_/root' is clicked on

2022-02-21 12:45:30 - [TEST_STEP][PASSED] - closeBrowser(): Browser is closed

2022-02-21 12:45:31 - [MESSAGE][PASSED] - Browser is closed]]></system-out>
         <system-err><![CDATA[]]></system-err>
      </testcase>
      <testcase name="Test Cases/Администратор/ОТЧЕТЫ функциональные тесты/Отчет по играм за период" time="181.131" classname="Test Cases/Администратор/ОТЧЕТЫ функциональные тесты/Отчет по играм за период" status="PASSED">
         <system-out><![CDATA[2022-02-21 12:45:31 - [TEST_CASE][PASSED] - Test Cases/Администратор/ОТЧЕТЫ функциональные тесты/Отчет по играм за период: Test Cases/Администратор/ОТЧЕТЫ функциональные тесты/Отчет по играм за период

2022-02-21 12:45:31 - [TEST_STEP][PASSED] - callTestCase(findTestCase("Администратор/Отчет для тк"), [:], STOP_ON_FAILURE): Call Test Case 'Test Cases/Администратор/Отчет для тк' successfully

2022-02-21 12:45:31 - [TEST_CASE][PASSED] - Test Cases/Администратор/Отчет для тк: Test Cases/Администратор/Отчет для тк

2022-02-21 12:45:31 - [TEST_STEP][PASSED] - callTestCase(findTestCase("Администратор/Авторизация"), [:], STOP_ON_FAILURE): Call Test Case 'Test Cases/Администратор/Авторизация' successfully

2022-02-21 12:45:31 - [TEST_CASE][PASSED] - Test Cases/Администратор/Авторизация: Test Cases/Администратор/Авторизация

2022-02-21 12:45:31 - [TEST_STEP][PASSED] - openBrowser(""): Browser is opened with url: ''

2022-02-21 12:45:31 - [MESSAGE][INFO] - User set preference: ['os', 'linux']

2022-02-21 12:45:31 - [MESSAGE][INFO] - User set preference: ['browserName', 'chrome']

2022-02-21 12:45:31 - [MESSAGE][INFO] - User set preference: ['browserVersion', '97']

2022-02-21 12:45:31 - [MESSAGE][INFO] - User set preference: ['katalon:option', '{organizationId=551240, tunnelId=, usingTunnel=false}']

2022-02-21 12:45:31 - [MESSAGE][INFO] - Connecting to remote web server 'testcloud.katalon.com/hub' with type 'Selenium'

2022-02-21 12:45:31 - [MESSAGE][INFO] - Action delay is set to 100 milliseconds

2022-02-21 12:46:31 - [MESSAGE][PASSED] - Browser is opened with url: ''

2022-02-21 12:46:31 - [TEST_STEP][PASSED] - maximizeWindow(): Current window maximized

2022-02-21 12:46:32 - [MESSAGE][PASSED] - Current window maximized

2022-02-21 12:46:32 - [TEST_STEP][PASSED] - navigateToUrl(url): Navigate to 'https://stars-stage.hawk.ru:8080' successfully

2022-02-21 12:46:38 - [MESSAGE][PASSED] - Navigate to 'https://stars-stage.hawk.ru:8080' successfully

2022-02-21 12:46:38 - [TEST_STEP][PASSED] - setText(findTestObject("Object Repository/Page_/input__sc-lnrBVv eqPACj"), admin_login): Text 'eronko.i@hc-avangard.com' is set on object 'Object Repository/Page_/input__sc-lnrBVv eqPACj'

2022-02-21 12:46:42 - [MESSAGE][PASSED] - Text 'eronko.i@hc-avangard.com' is set on object 'Object Repository/Page_/input__sc-lnrBVv eqPACj'

2022-02-21 12:46:42 - [TEST_STEP][PASSED] - setText(findTestObject("Object Repository/Page_/input__sc-lnrBVv eqPACj_1"), admin_password): Text 'eronko.i' is set on object 'Object Repository/Page_/input__sc-lnrBVv eqPACj_1'

2022-02-21 12:46:46 - [MESSAGE][PASSED] - Text 'eronko.i' is set on object 'Object Repository/Page_/input__sc-lnrBVv eqPACj_1'

2022-02-21 12:46:46 - [TEST_STEP][PASSED] - click(findTestObject("Object Repository/Page_/go")): Object: 'Object Repository/Page_/go' is clicked on

2022-02-21 12:46:48 - [MESSAGE][PASSED] - Object: 'Object Repository/Page_/go' is clicked on

2022-02-21 12:46:48 - [MESSAGE][PASSED] - Call Test Case 'Test Cases/Администратор/Авторизация' successfully

2022-02-21 12:46:48 - [TEST_STEP][PASSED] - click(findTestObject("admin/reports/keys/reports/report")): Object: 'Object Repository/admin/reports/keys/reports/report' is clicked on

2022-02-21 12:47:17 - [MESSAGE][PASSED] - Object: 'Object Repository/admin/reports/keys/reports/report' is clicked on

2022-02-21 12:47:17 - [MESSAGE][PASSED] - Call Test Case 'Test Cases/Администратор/Отчет для тк' successfully

2022-02-21 12:47:17 - [TEST_STEP][PASSED] - click(findTestObject("Object Repository/admin/reports/period/Page_/div_")): Object: 'Object Repository/admin/reports/period/Page_/div_' is clicked on

2022-02-21 12:47:20 - [MESSAGE][PASSED] - Object: 'Object Repository/admin/reports/period/Page_/div_' is clicked on

2022-02-21 12:47:20 - [TEST_STEP][PASSED] - verifyTextPresent("ОТЧЕТ ПО ИГРАМ ЗА ПЕРИОД", true): Text 'ОТЧЕТ ПО ИГРАМ ЗА ПЕРИОД' is present on page  using regular expression

2022-02-21 12:47:22 - [MESSAGE][PASSED] - Text 'ОТЧЕТ ПО ИГРАМ ЗА ПЕРИОД' is present on page  using regular expression

2022-02-21 12:47:22 - [TEST_STEP][PASSED] - setText(findTestObject("Object Repository/admin/reports/period/Page_/input__react-select-2-input"), "академия"): Text 'академия' is set on object 'Object Repository/admin/reports/period/Page_/input__react-select-2-input'

2022-02-21 12:47:27 - [MESSAGE][PASSED] - Text 'академия' is set on object 'Object Repository/admin/reports/period/Page_/input__react-select-2-input'

2022-02-21 12:47:27 - [TEST_STEP][PASSED] - sendKeys(findTestObject("Object Repository/admin/reports/period/Page_/input__react-select-2-input"), Keys.chord(ENTER)): Keys 'ENTER + ' sent to object: 'Object Repository/admin/reports/period/Page_/input__react-select-2-input'

2022-02-21 12:47:29 - [MESSAGE][PASSED] - Keys 'ENTER + ' sent to object: 'Object Repository/admin/reports/period/Page_/input__react-select-2-input'

2022-02-21 12:47:29 - [TEST_STEP][PASSED] - setText(findTestObject("Object Repository/admin/reports/period/Page_/input__react-select-3-input"), school): Text 'Омские Ястребы' is set on object 'Object Repository/admin/reports/period/Page_/input__react-select-3-input'

2022-02-21 12:47:33 - [MESSAGE][PASSED] - Text 'Омские Ястребы' is set on object 'Object Repository/admin/reports/period/Page_/input__react-select-3-input'

2022-02-21 12:47:33 - [TEST_STEP][PASSED] - sendKeys(findTestObject("Object Repository/admin/reports/period/Page_/input__react-select-3-input"), Keys.chord(ENTER)): Keys 'ENTER + ' sent to object: 'Object Repository/admin/reports/period/Page_/input__react-select-3-input'

2022-02-21 12:47:35 - [MESSAGE][PASSED] - Keys 'ENTER + ' sent to object: 'Object Repository/admin/reports/period/Page_/input__react-select-3-input'

2022-02-21 12:47:35 - [TEST_STEP][PASSED] - setText(findTestObject("Object Repository/admin/reports/period/Page_/input_._year"), "2020"): Text '2020' is set on object 'Object Repository/admin/reports/period/Page_/input_._year'

2022-02-21 12:47:47 - [MESSAGE][PASSED] - Text '2020' is set on object 'Object Repository/admin/reports/period/Page_/input_._year'

2022-02-21 12:47:47 - [TEST_STEP][PASSED] - waitForElementNotPresent(findTestObject("Object Repository/admin/reports/period/Page_/img_ _sc-cMljjf KiCqS"), 0): Web element with id: 'Object Repository/admin/reports/period/Page_/img_ _sc-cMljjf KiCqS' located by 'By.xpath: //div[@id='root']/div/div/div[2]/div/div[2]/div/div/div/img' is not present after '30' second(s)

2022-02-21 12:47:47 - [MESSAGE][WARNING] - Timeout '0' is invalid. Using default page load timeout: '30'

2022-02-21 12:48:00 - [MESSAGE][PASSED] - Web element with id: 'Object Repository/admin/reports/period/Page_/img_ _sc-cMljjf KiCqS' located by 'By.xpath: //div[@id='root']/div/div/div[2]/div/div[2]/div/div/div/img' is not present after '30' second(s)

2022-02-21 12:48:00 - [TEST_STEP][PASSED] - verifyTextPresent("Управление командой со скамейки", true): Text 'Управление командой со скамейки' is present on page  using regular expression

2022-02-21 12:48:05 - [MESSAGE][PASSED] - Text 'Управление командой со скамейки' is present on page  using regular expression

2022-02-21 12:48:05 - [TEST_STEP][PASSED] - verifyTextPresent("Самоотверженность / воля к победе", true): Text 'Самоотверженность / воля к победе' is present on page  using regular expression

2022-02-21 12:48:09 - [MESSAGE][PASSED] - Text 'Самоотверженность / воля к победе' is present on page  using regular expression

2022-02-21 12:48:09 - [TEST_STEP][PASSED] - verifyTextPresent("СРЕДНЯЯ ОЦЕНКА", false): Text 'СРЕДНЯЯ ОЦЕНКА' is present on page 

2022-02-21 12:48:13 - [MESSAGE][PASSED] - Text 'СРЕДНЯЯ ОЦЕНКА' is present on page 

2022-02-21 12:48:13 - [TEST_STEP][PASSED] - verifyTextPresent("АТАКУЮЩИЕ ДЕЙСТВИЯ", false): Text 'АТАКУЮЩИЕ ДЕЙСТВИЯ' is present on page 

2022-02-21 12:48:17 - [MESSAGE][PASSED] - Text 'АТАКУЮЩИЕ ДЕЙСТВИЯ' is present on page 

2022-02-21 12:48:17 - [TEST_STEP][PASSED] - verifyTextPresent("ОБОРОНИТЕЛЬНЫЕ ДЕЙСТВИЯ", false): Text 'ОБОРОНИТЕЛЬНЫЕ ДЕЙСТВИЯ' is present on page 

2022-02-21 12:48:21 - [MESSAGE][PASSED] - Text 'ОБОРОНИТЕЛЬНЫЕ ДЕЙСТВИЯ' is present on page 

2022-02-21 12:48:21 - [TEST_STEP][PASSED] - verifyTextPresent("Защитник", false): Text 'Защитник' is present on page 

2022-02-21 12:48:25 - [MESSAGE][PASSED] - Text 'Защитник' is present on page 

2022-02-21 12:48:25 - [TEST_STEP][PASSED] - verifyTextPresent("Нападающий", false): Text 'Нападающий' is present on page 

2022-02-21 12:48:29 - [MESSAGE][PASSED] - Text 'Нападающий' is present on page 

2022-02-21 12:48:29 - [TEST_STEP][PASSED] - click(findTestObject("Object Repository/admin/reports/period/Page_/root")): Object: 'Object Repository/admin/reports/period/Page_/root' is clicked on

2022-02-21 12:48:31 - [MESSAGE][PASSED] - Object: 'Object Repository/admin/reports/period/Page_/root' is clicked on

2022-02-21 12:48:31 - [TEST_STEP][PASSED] - closeBrowser(): Browser is closed

2022-02-21 12:48:32 - [MESSAGE][PASSED] - Browser is closed]]></system-out>
         <system-err><![CDATA[]]></system-err>
      </testcase>
      <testcase name="Test Cases/Администратор/ОТЧЕТЫ функциональные тесты/Игровая статистика" time="156.116" classname="Test Cases/Администратор/ОТЧЕТЫ функциональные тесты/Игровая статистика" status="PASSED">
         <system-out><![CDATA[2022-02-21 12:48:32 - [TEST_CASE][PASSED] - Test Cases/Администратор/ОТЧЕТЫ функциональные тесты/Игровая статистика: Test Cases/Администратор/ОТЧЕТЫ функциональные тесты/Игровая статистика

2022-02-21 12:48:32 - [TEST_STEP][PASSED] - callTestCase(findTestCase("Администратор/Авторизация"), [:], STOP_ON_FAILURE): Call Test Case 'Test Cases/Администратор/Авторизация' successfully

2022-02-21 12:48:32 - [TEST_CASE][PASSED] - Test Cases/Администратор/Авторизация: Test Cases/Администратор/Авторизация

2022-02-21 12:48:32 - [TEST_STEP][PASSED] - openBrowser(""): Browser is opened with url: ''

2022-02-21 12:48:32 - [MESSAGE][INFO] - User set preference: ['os', 'linux']

2022-02-21 12:48:32 - [MESSAGE][INFO] - User set preference: ['browserName', 'chrome']

2022-02-21 12:48:32 - [MESSAGE][INFO] - User set preference: ['browserVersion', '97']

2022-02-21 12:48:32 - [MESSAGE][INFO] - User set preference: ['katalon:option', '{organizationId=551240, tunnelId=, usingTunnel=false}']

2022-02-21 12:48:32 - [MESSAGE][INFO] - Connecting to remote web server 'testcloud.katalon.com/hub' with type 'Selenium'

2022-02-21 12:48:32 - [MESSAGE][INFO] - Action delay is set to 100 milliseconds

2022-02-21 12:49:17 - [MESSAGE][PASSED] - Browser is opened with url: ''

2022-02-21 12:49:17 - [TEST_STEP][PASSED] - maximizeWindow(): Current window maximized

2022-02-21 12:49:18 - [MESSAGE][PASSED] - Current window maximized

2022-02-21 12:49:18 - [TEST_STEP][PASSED] - navigateToUrl(url): Navigate to 'https://stars-stage.hawk.ru:8080' successfully

2022-02-21 12:49:27 - [MESSAGE][PASSED] - Navigate to 'https://stars-stage.hawk.ru:8080' successfully

2022-02-21 12:49:27 - [TEST_STEP][PASSED] - setText(findTestObject("Object Repository/Page_/input__sc-lnrBVv eqPACj"), admin_login): Text 'eronko.i@hc-avangard.com' is set on object 'Object Repository/Page_/input__sc-lnrBVv eqPACj'

2022-02-21 12:49:31 - [MESSAGE][PASSED] - Text 'eronko.i@hc-avangard.com' is set on object 'Object Repository/Page_/input__sc-lnrBVv eqPACj'

2022-02-21 12:49:31 - [TEST_STEP][PASSED] - setText(findTestObject("Object Repository/Page_/input__sc-lnrBVv eqPACj_1"), admin_password): Text 'eronko.i' is set on object 'Object Repository/Page_/input__sc-lnrBVv eqPACj_1'

2022-02-21 12:49:35 - [MESSAGE][PASSED] - Text 'eronko.i' is set on object 'Object Repository/Page_/input__sc-lnrBVv eqPACj_1'

2022-02-21 12:49:35 - [TEST_STEP][PASSED] - click(findTestObject("Object Repository/Page_/go")): Object: 'Object Repository/Page_/go' is clicked on

2022-02-21 12:49:37 - [MESSAGE][PASSED] - Object: 'Object Repository/Page_/go' is clicked on

2022-02-21 12:49:37 - [MESSAGE][PASSED] - Call Test Case 'Test Cases/Администратор/Авторизация' successfully

2022-02-21 12:49:37 - [TEST_STEP][PASSED] - click(findTestObject("Object Repository/admin/reports/gamestat/reports/report")): Object: 'Object Repository/admin/reports/gamestat/reports/report' is clicked on

2022-02-21 12:49:50 - [MESSAGE][PASSED] - Object: 'Object Repository/admin/reports/gamestat/reports/report' is clicked on

2022-02-21 12:49:50 - [TEST_STEP][PASSED] - click(findTestObject("Object Repository/admin/reports/gamestat/Page_/stats_report")): Object: 'Object Repository/admin/reports/gamestat/Page_/stats_report' is clicked on

2022-02-21 12:49:53 - [MESSAGE][PASSED] - Object: 'Object Repository/admin/reports/gamestat/Page_/stats_report' is clicked on

2022-02-21 12:49:53 - [TEST_STEP][PASSED] - verifyTextPresent("ИГРОВАЯ СТАТИСТИКА", true): Text 'ИГРОВАЯ СТАТИСТИКА' is present on page  using regular expression

2022-02-21 12:49:55 - [MESSAGE][PASSED] - Text 'ИГРОВАЯ СТАТИСТИКА' is present on page  using regular expression

2022-02-21 12:49:55 - [TEST_STEP][PASSED] - click(findTestObject("Object Repository/admin/reports/gamestat/Page_/school")): Object: 'Object Repository/admin/reports/gamestat/Page_/school' is clicked on

2022-02-21 12:50:26 - [MESSAGE][INFO] - Unable to find the element located by 'By.xpath: //div[(text() = 'Школа' or . = 'Школа')]'. Please recheck the objects properties to make sure the desired element is located. 

2022-02-21 12:50:26 - [MESSAGE][WARNING] - [SELF-HEALING] Failed to find element with id 'Object Repository/admin/reports/gamestat/Page_/school'. Try using Self-healing.

2022-02-21 12:50:28 - [MESSAGE][WARNING] - [SELF-HEALING] The current locator of test object 'Object Repository/admin/reports/gamestat/Page_/school' was broken. Propose an alternative one: '//div[@id='root']/div/div/div[2]/div/div/div/div[2]/div/div/div/div'.

2022-02-21 12:50:28 - [MESSAGE][PASSED] - Object: 'Object Repository/admin/reports/gamestat/Page_/school' is clicked on

2022-02-21 12:50:28 - [TEST_STEP][PASSED] - click(findTestObject("Object Repository/admin/reports/gamestat/Page_/Academy")): Object: 'Object Repository/admin/reports/gamestat/Page_/Academy' is clicked on

2022-02-21 12:50:30 - [MESSAGE][PASSED] - Object: 'Object Repository/admin/reports/gamestat/Page_/Academy' is clicked on

2022-02-21 12:50:30 - [TEST_STEP][PASSED] - click(findTestObject("Object Repository/admin/reports/gamestat/Page_/team")): Object: 'Object Repository/admin/reports/gamestat/Page_/team' is clicked on

2022-02-21 12:50:32 - [MESSAGE][PASSED] - Object: 'Object Repository/admin/reports/gamestat/Page_/team' is clicked on

2022-02-21 12:50:32 - [TEST_STEP][PASSED] - click(findTestObject("Object Repository/admin/reports/gamestat/Page_/varteam")): Object: 'Object Repository/admin/reports/gamestat/Page_/varteam' is clicked on

2022-02-21 12:50:34 - [MESSAGE][PASSED] - Object: 'Object Repository/admin/reports/gamestat/Page_/varteam' is clicked on

2022-02-21 12:50:34 - [TEST_STEP][PASSED] - click(findTestObject("Object Repository/admin/reports/gamestat/Page_/choseSeason")): Object: 'Object Repository/admin/reports/gamestat/Page_/choseSeason' is clicked on

2022-02-21 12:50:42 - [MESSAGE][PASSED] - Object: 'Object Repository/admin/reports/gamestat/Page_/choseSeason' is clicked on

2022-02-21 12:50:42 - [TEST_STEP][PASSED] - click(findTestObject("Object Repository/admin/reports/gamestat/Page_/div_21-22_1")): Object: 'Object Repository/admin/reports/gamestat/Page_/div_21-22_1' is clicked on

2022-02-21 12:50:44 - [MESSAGE][PASSED] - Object: 'Object Repository/admin/reports/gamestat/Page_/div_21-22_1' is clicked on

2022-02-21 12:50:44 - [TEST_STEP][PASSED] - takeFullPageScreenshot("C:\scr\" + school + "10.jpg"): Taking screenshot successfully

2022-02-21 12:50:50 - [MESSAGE][INFO] - 0 hidden object(s)

2022-02-21 12:50:51 - [MESSAGE][PASSED] - Taking screenshot successfully
[[ATTACHMENT|C:\scr\Омские Ястребы10.jpg]]

2022-02-21 12:50:51 - [TEST_STEP][PASSED] - verifyTextPresent("Матчи", true): Text 'Матчи' is present on page  using regular expression

2022-02-21 12:50:53 - [MESSAGE][PASSED] - Text 'Матчи' is present on page  using regular expression

2022-02-21 12:50:53 - [TEST_STEP][PASSED] - verifyTextPresent("Смены", true): Text 'Смены' is present on page  using regular expression

2022-02-21 12:50:55 - [MESSAGE][PASSED] - Text 'Смены' is present on page  using regular expression

2022-02-21 12:50:55 - [TEST_STEP][PASSED] - verifyTextPresent("Голы за", false): Text 'Голы за' is present on page 

2022-02-21 12:50:57 - [MESSAGE][PASSED] - Text 'Голы за' is present on page 

2022-02-21 12:50:57 - [TEST_STEP][PASSED] - verifyTextPresent("Голы против", false): Text 'Голы против' is present on page 

2022-02-21 12:50:59 - [MESSAGE][PASSED] - Text 'Голы против' is present on page 

2022-02-21 12:50:59 - [TEST_STEP][PASSED] - takeFullPageScreenshot("C:\scr\" + school + "11.jpg"): Taking screenshot successfully

2022-02-21 12:51:05 - [MESSAGE][INFO] - 0 hidden object(s)

2022-02-21 12:51:05 - [MESSAGE][PASSED] - Taking screenshot successfully
[[ATTACHMENT|C:\scr\Омские Ястребы11.jpg]]

2022-02-21 12:51:05 - [TEST_STEP][PASSED] - click(findTestObject("Object Repository/admin/reports/gamestat/Page_/root")): Object: 'Object Repository/admin/reports/gamestat/Page_/root' is clicked on

2022-02-21 12:51:07 - [MESSAGE][PASSED] - Object: 'Object Repository/admin/reports/gamestat/Page_/root' is clicked on

2022-02-21 12:51:07 - [TEST_STEP][PASSED] - closeBrowser(): Browser is closed

2022-02-21 12:51:08 - [MESSAGE][PASSED] - Browser is closed]]></system-out>
         <system-err><![CDATA[]]></system-err>
      </testcase>
      <testcase name="Test Cases/Администратор/Отчет для тк" time="61.685" classname="Test Cases/Администратор/Отчет для тк" status="PASSED">
         <system-out><![CDATA[2022-02-21 12:51:08 - [TEST_CASE][PASSED] - Test Cases/Администратор/Отчет для тк: Test Cases/Администратор/Отчет для тк

2022-02-21 12:51:08 - [TEST_STEP][PASSED] - callTestCase(findTestCase("Администратор/Авторизация"), [:], STOP_ON_FAILURE): Call Test Case 'Test Cases/Администратор/Авторизация' successfully

2022-02-21 12:51:08 - [TEST_CASE][PASSED] - Test Cases/Администратор/Авторизация: Test Cases/Администратор/Авторизация

2022-02-21 12:51:08 - [TEST_STEP][PASSED] - openBrowser(""): Browser is opened with url: ''

2022-02-21 12:51:08 - [MESSAGE][INFO] - User set preference: ['os', 'linux']

2022-02-21 12:51:08 - [MESSAGE][INFO] - User set preference: ['browserName', 'chrome']

2022-02-21 12:51:08 - [MESSAGE][INFO] - User set preference: ['browserVersion', '97']

2022-02-21 12:51:08 - [MESSAGE][INFO] - User set preference: ['katalon:option', '{organizationId=551240, tunnelId=, usingTunnel=false}']

2022-02-21 12:51:08 - [MESSAGE][INFO] - Connecting to remote web server 'testcloud.katalon.com/hub' with type 'Selenium'

2022-02-21 12:51:08 - [MESSAGE][INFO] - Action delay is set to 100 milliseconds

2022-02-21 12:51:35 - [MESSAGE][PASSED] - Browser is opened with url: ''

2022-02-21 12:51:35 - [TEST_STEP][PASSED] - maximizeWindow(): Current window maximized

2022-02-21 12:51:36 - [MESSAGE][PASSED] - Current window maximized

2022-02-21 12:51:36 - [TEST_STEP][PASSED] - navigateToUrl(url): Navigate to 'https://stars-stage.hawk.ru:8080' successfully

2022-02-21 12:51:42 - [MESSAGE][PASSED] - Navigate to 'https://stars-stage.hawk.ru:8080' successfully

2022-02-21 12:51:42 - [TEST_STEP][PASSED] - setText(findTestObject("Object Repository/Page_/input__sc-lnrBVv eqPACj"), admin_login): Text 'eronko.i@hc-avangard.com' is set on object 'Object Repository/Page_/input__sc-lnrBVv eqPACj'

2022-02-21 12:51:46 - [MESSAGE][PASSED] - Text 'eronko.i@hc-avangard.com' is set on object 'Object Repository/Page_/input__sc-lnrBVv eqPACj'

2022-02-21 12:51:46 - [TEST_STEP][PASSED] - setText(findTestObject("Object Repository/Page_/input__sc-lnrBVv eqPACj_1"), admin_password): Text 'eronko.i' is set on object 'Object Repository/Page_/input__sc-lnrBVv eqPACj_1'

2022-02-21 12:51:51 - [MESSAGE][PASSED] - Text 'eronko.i' is set on object 'Object Repository/Page_/input__sc-lnrBVv eqPACj_1'

2022-02-21 12:51:51 - [TEST_STEP][PASSED] - click(findTestObject("Object Repository/Page_/go")): Object: 'Object Repository/Page_/go' is clicked on

2022-02-21 12:51:53 - [MESSAGE][PASSED] - Object: 'Object Repository/Page_/go' is clicked on

2022-02-21 12:51:53 - [MESSAGE][PASSED] - Call Test Case 'Test Cases/Администратор/Авторизация' successfully

2022-02-21 12:51:53 - [TEST_STEP][PASSED] - click(findTestObject("admin/reports/keys/reports/report")): Object: 'Object Repository/admin/reports/keys/reports/report' is clicked on

2022-02-21 12:52:10 - [MESSAGE][PASSED] - Object: 'Object Repository/admin/reports/keys/reports/report' is clicked on]]></system-out>
         <system-err><![CDATA[]]></system-err>
      </testcase>
      <testcase name="Test Cases/Менеджер/Менеджер Документы" time="75.977" classname="Test Cases/Менеджер/Менеджер Документы" status="PASSED">
         <system-out><![CDATA[2022-02-21 12:52:10 - [TEST_CASE][PASSED] - Test Cases/Менеджер/Менеджер Документы: Test Cases/Менеджер/Менеджер Документы

2022-02-21 12:52:10 - [TEST_STEP][PASSED] - callTestCase(findTestCase("Администратор/Авторизация"), [:], STOP_ON_FAILURE): Call Test Case 'Test Cases/Администратор/Авторизация' successfully

2022-02-21 12:52:10 - [TEST_CASE][PASSED] - Test Cases/Администратор/Авторизация: Test Cases/Администратор/Авторизация

2022-02-21 12:52:10 - [TEST_STEP][PASSED] - openBrowser(""): Browser is opened with url: ''

2022-02-21 12:52:10 - [MESSAGE][WARNING] - A browser is already opened. Closing browser and opening a new one

2022-02-21 12:52:10 - [MESSAGE][INFO] - User set preference: ['os', 'linux']

2022-02-21 12:52:10 - [MESSAGE][INFO] - User set preference: ['browserName', 'chrome']

2022-02-21 12:52:10 - [MESSAGE][INFO] - User set preference: ['browserVersion', '97']

2022-02-21 12:52:10 - [MESSAGE][INFO] - User set preference: ['katalon:option', '{organizationId=551240, tunnelId=, usingTunnel=false}']

2022-02-21 12:52:10 - [MESSAGE][INFO] - Connecting to remote web server 'testcloud.katalon.com/hub' with type 'Selenium'

2022-02-21 12:52:10 - [MESSAGE][INFO] - Action delay is set to 100 milliseconds

2022-02-21 12:52:44 - [MESSAGE][PASSED] - Browser is opened with url: ''

2022-02-21 12:52:44 - [TEST_STEP][PASSED] - maximizeWindow(): Current window maximized

2022-02-21 12:52:44 - [MESSAGE][PASSED] - Current window maximized

2022-02-21 12:52:44 - [TEST_STEP][PASSED] - navigateToUrl(url): Navigate to 'https://stars-stage.hawk.ru:8080' successfully

2022-02-21 12:52:50 - [MESSAGE][PASSED] - Navigate to 'https://stars-stage.hawk.ru:8080' successfully

2022-02-21 12:52:50 - [TEST_STEP][PASSED] - setText(findTestObject("Object Repository/Page_/input__sc-lnrBVv eqPACj"), admin_login): Text 'eronko.i@hc-avangard.com' is set on object 'Object Repository/Page_/input__sc-lnrBVv eqPACj'

2022-02-21 12:52:55 - [MESSAGE][PASSED] - Text 'eronko.i@hc-avangard.com' is set on object 'Object Repository/Page_/input__sc-lnrBVv eqPACj'

2022-02-21 12:52:55 - [TEST_STEP][PASSED] - setText(findTestObject("Object Repository/Page_/input__sc-lnrBVv eqPACj_1"), admin_password): Text 'eronko.i' is set on object 'Object Repository/Page_/input__sc-lnrBVv eqPACj_1'

2022-02-21 12:52:59 - [MESSAGE][PASSED] - Text 'eronko.i' is set on object 'Object Repository/Page_/input__sc-lnrBVv eqPACj_1'

2022-02-21 12:52:59 - [TEST_STEP][PASSED] - click(findTestObject("Object Repository/Page_/go")): Object: 'Object Repository/Page_/go' is clicked on

2022-02-21 12:53:01 - [MESSAGE][PASSED] - Object: 'Object Repository/Page_/go' is clicked on

2022-02-21 12:53:01 - [MESSAGE][PASSED] - Call Test Case 'Test Cases/Администратор/Авторизация' successfully

2022-02-21 12:53:01 - [TEST_STEP][PASSED] - click(findTestObject("Avangard New/Object (Менеджер)/documents (Вкладка)")): Object: 'Object Repository/Avangard New/Object (Менеджер)/documents (Вкладка)' is clicked on

2022-02-21 12:53:15 - [MESSAGE][PASSED] - Object: 'Object Repository/Avangard New/Object (Менеджер)/documents (Вкладка)' is clicked on

2022-02-21 12:53:15 - [TEST_STEP][PASSED] - waitForPageLoad(10): Wait for page load successfully

2022-02-21 12:53:15 - [MESSAGE][PASSED] - Wait for page load successfully

2022-02-21 12:53:15 - [TEST_STEP][PASSED] - click(findTestObject("Avangard New/Object (Менеджер)/document (Сам документ)")): Object: 'Object Repository/Avangard New/Object (Менеджер)/document (Сам документ)' is clicked on

2022-02-21 12:53:19 - [MESSAGE][PASSED] - Object: 'Object Repository/Avangard New/Object (Менеджер)/document (Сам документ)' is clicked on

2022-02-21 12:53:19 - [TEST_STEP][PASSED] - verifyElementClickable(findTestObject("Avangard New/Object (Менеджер)/button download")): Object 'Object Repository/Avangard New/Object (Менеджер)/button download' is clickable

2022-02-21 12:53:21 - [MESSAGE][PASSED] - Object 'Object Repository/Avangard New/Object (Менеджер)/button download' is clickable

2022-02-21 12:53:21 - [TEST_STEP][NOT_RUN] - sendKeys(findTestObject("Avangard New/Object (Менеджер)/button download"), Keys.chord(ESCAPE)): NOT_RUN: sendKeys(findTestObject("Avangard New/Object (Менеджер)/button download"), Keys.chord(ESCAPE))

2022-02-21 12:53:21 - [MESSAGE][NOT_RUN] - NOT_RUN: sendKeys(findTestObject("Avangard New/Object (Менеджер)/button download"), Keys.chord(ESCAPE))

2022-02-21 12:53:21 - [TEST_STEP][PASSED] - click(findTestObject("Avangard New/Object (Менеджер)/exit (Выход с формы)")): Object: 'Object Repository/Avangard New/Object (Менеджер)/exit (Выход с формы)' is clicked on

2022-02-21 12:53:23 - [MESSAGE][PASSED] - Object: 'Object Repository/Avangard New/Object (Менеджер)/exit (Выход с формы)' is clicked on

2022-02-21 12:53:23 - [TEST_STEP][PASSED] - click(findTestObject("Avangard New/Object (Менеджер)/home (Главная)")): Object: 'Object Repository/Avangard New/Object (Менеджер)/home (Главная)' is clicked on

2022-02-21 12:53:25 - [MESSAGE][PASSED] - Object: 'Object Repository/Avangard New/Object (Менеджер)/home (Главная)' is clicked on

2022-02-21 12:53:25 - [TEST_STEP][PASSED] - closeBrowser(): Browser is closed

2022-02-21 12:53:26 - [MESSAGE][PASSED] - Browser is closed]]></system-out>
         <system-err><![CDATA[]]></system-err>
      </testcase>
      <testcase name="Test Cases/Менеджер/Профиль Менеджера" time="81.751" classname="Test Cases/Менеджер/Профиль Менеджера" status="PASSED">
         <system-out><![CDATA[2022-02-21 12:53:26 - [TEST_CASE][PASSED] - Test Cases/Менеджер/Профиль Менеджера: Test Cases/Менеджер/Профиль Менеджера

2022-02-21 12:53:26 - [TEST_STEP][PASSED] - callTestCase(findTestCase("Администратор/Авторизация"), [:], STOP_ON_FAILURE): Call Test Case 'Test Cases/Администратор/Авторизация' successfully

2022-02-21 12:53:26 - [TEST_CASE][PASSED] - Test Cases/Администратор/Авторизация: Test Cases/Администратор/Авторизация

2022-02-21 12:53:26 - [TEST_STEP][PASSED] - openBrowser(""): Browser is opened with url: ''

2022-02-21 12:53:26 - [MESSAGE][INFO] - User set preference: ['os', 'linux']

2022-02-21 12:53:26 - [MESSAGE][INFO] - User set preference: ['browserName', 'chrome']

2022-02-21 12:53:26 - [MESSAGE][INFO] - User set preference: ['browserVersion', '97']

2022-02-21 12:53:26 - [MESSAGE][INFO] - User set preference: ['katalon:option', '{organizationId=551240, tunnelId=, usingTunnel=false}']

2022-02-21 12:53:26 - [MESSAGE][INFO] - Connecting to remote web server 'testcloud.katalon.com/hub' with type 'Selenium'

2022-02-21 12:53:26 - [MESSAGE][INFO] - Action delay is set to 100 milliseconds

2022-02-21 12:53:59 - [MESSAGE][PASSED] - Browser is opened with url: ''

2022-02-21 12:53:59 - [TEST_STEP][PASSED] - maximizeWindow(): Current window maximized

2022-02-21 12:54:00 - [MESSAGE][PASSED] - Current window maximized

2022-02-21 12:54:00 - [TEST_STEP][PASSED] - navigateToUrl(url): Navigate to 'https://stars-stage.hawk.ru:8080' successfully

2022-02-21 12:54:06 - [MESSAGE][PASSED] - Navigate to 'https://stars-stage.hawk.ru:8080' successfully

2022-02-21 12:54:06 - [TEST_STEP][PASSED] - setText(findTestObject("Object Repository/Page_/input__sc-lnrBVv eqPACj"), admin_login): Text 'eronko.i@hc-avangard.com' is set on object 'Object Repository/Page_/input__sc-lnrBVv eqPACj'

2022-02-21 12:54:11 - [MESSAGE][PASSED] - Text 'eronko.i@hc-avangard.com' is set on object 'Object Repository/Page_/input__sc-lnrBVv eqPACj'

2022-02-21 12:54:11 - [TEST_STEP][PASSED] - setText(findTestObject("Object Repository/Page_/input__sc-lnrBVv eqPACj_1"), admin_password): Text 'eronko.i' is set on object 'Object Repository/Page_/input__sc-lnrBVv eqPACj_1'

2022-02-21 12:54:16 - [MESSAGE][PASSED] - Text 'eronko.i' is set on object 'Object Repository/Page_/input__sc-lnrBVv eqPACj_1'

2022-02-21 12:54:16 - [TEST_STEP][PASSED] - click(findTestObject("Object Repository/Page_/go")): Object: 'Object Repository/Page_/go' is clicked on

2022-02-21 12:54:19 - [MESSAGE][PASSED] - Object: 'Object Repository/Page_/go' is clicked on

2022-02-21 12:54:19 - [MESSAGE][PASSED] - Call Test Case 'Test Cases/Администратор/Авторизация' successfully

2022-02-21 12:54:19 - [TEST_STEP][PASSED] - scrollToElement(findTestObject("Object Repository/Avangard New/Object (Менеджер)/Eronko"), 0): Scroll to object 'Object Repository/Avangard New/Object (Менеджер)/Eronko' successfully

2022-02-21 12:54:19 - [MESSAGE][WARNING] - Timeout '0' is invalid. Using default page load timeout: '30'

2022-02-21 12:54:36 - [MESSAGE][PASSED] - Scroll to object 'Object Repository/Avangard New/Object (Менеджер)/Eronko' successfully

2022-02-21 12:54:36 - [TEST_STEP][PASSED] - click(findTestObject("Object Repository/Avangard New/Object (Менеджер)/Eronko")): Object: 'Object Repository/Avangard New/Object (Менеджер)/Eronko' is clicked on

2022-02-21 12:54:38 - [MESSAGE][PASSED] - Object: 'Object Repository/Avangard New/Object (Менеджер)/Eronko' is clicked on

2022-02-21 12:54:38 - [TEST_STEP][PASSED] - verifyTextPresent("РЕДАКТИРОВАНИЕ ПРОФИЛЯ", true): Text 'РЕДАКТИРОВАНИЕ ПРОФИЛЯ' is present on page  using regular expression

2022-02-21 12:54:40 - [MESSAGE][PASSED] - Text 'РЕДАКТИРОВАНИЕ ПРОФИЛЯ' is present on page  using regular expression

2022-02-21 12:54:40 - [TEST_STEP][NOT_RUN] - takeFullPageScreenshot("C:\scr\" + school + "33.jpg"): NOT_RUN: takeFullPageScreenshot("C:\scr\" + school + "33.jpg")

2022-02-21 12:54:40 - [MESSAGE][NOT_RUN] - NOT_RUN: takeFullPageScreenshot("C:\scr\" + school + "33.jpg")

2022-02-21 12:54:40 - [TEST_STEP][PASSED] - click(findTestObject("Avangard New/Object (Менеджер)/save (кнопка)")): Object: 'Object Repository/Avangard New/Object (Менеджер)/save (кнопка)' is clicked on

2022-02-21 12:54:42 - [MESSAGE][PASSED] - Object: 'Object Repository/Avangard New/Object (Менеджер)/save (кнопка)' is clicked on

2022-02-21 12:54:42 - [TEST_STEP][PASSED] - verifyTextPresent("Пользователь сохранен", false): Text 'Пользователь сохранен' is present on page 

2022-02-21 12:54:47 - [MESSAGE][PASSED] - Text 'Пользователь сохранен' is present on page 

2022-02-21 12:54:47 - [TEST_STEP][PASSED] - closeBrowser(): Browser is closed

2022-02-21 12:54:47 - [MESSAGE][PASSED] - Browser is closed]]></system-out>
         <system-err><![CDATA[]]></system-err>
      </testcase>
      <testcase name="Test Cases/Менеджер/Менеджер Профиль игрока" time="132.705" classname="Test Cases/Менеджер/Менеджер Профиль игрока" status="PASSED">
         <system-out><![CDATA[2022-02-21 12:54:47 - [TEST_CASE][PASSED] - Test Cases/Менеджер/Менеджер Профиль игрока: Test Cases/Менеджер/Менеджер Профиль игрока

2022-02-21 12:54:48 - [TEST_STEP][PASSED] - callTestCase(findTestCase("Администратор/Авторизация"), [:], STOP_ON_FAILURE): Call Test Case 'Test Cases/Администратор/Авторизация' successfully

2022-02-21 12:54:48 - [TEST_CASE][PASSED] - Test Cases/Администратор/Авторизация: Test Cases/Администратор/Авторизация

2022-02-21 12:54:48 - [TEST_STEP][PASSED] - openBrowser(""): Browser is opened with url: ''

2022-02-21 12:54:48 - [MESSAGE][INFO] - User set preference: ['os', 'linux']

2022-02-21 12:54:48 - [MESSAGE][INFO] - User set preference: ['browserName', 'chrome']

2022-02-21 12:54:48 - [MESSAGE][INFO] - User set preference: ['browserVersion', '97']

2022-02-21 12:54:48 - [MESSAGE][INFO] - User set preference: ['katalon:option', '{organizationId=551240, tunnelId=, usingTunnel=false}']

2022-02-21 12:54:48 - [MESSAGE][INFO] - Connecting to remote web server 'testcloud.katalon.com/hub' with type 'Selenium'

2022-02-21 12:54:48 - [MESSAGE][INFO] - Action delay is set to 100 milliseconds

2022-02-21 12:55:16 - [MESSAGE][PASSED] - Browser is opened with url: ''

2022-02-21 12:55:16 - [TEST_STEP][PASSED] - maximizeWindow(): Current window maximized

2022-02-21 12:55:16 - [MESSAGE][PASSED] - Current window maximized

2022-02-21 12:55:16 - [TEST_STEP][PASSED] - navigateToUrl(url): Navigate to 'https://stars-stage.hawk.ru:8080' successfully

2022-02-21 12:55:22 - [MESSAGE][PASSED] - Navigate to 'https://stars-stage.hawk.ru:8080' successfully

2022-02-21 12:55:22 - [TEST_STEP][PASSED] - setText(findTestObject("Object Repository/Page_/input__sc-lnrBVv eqPACj"), admin_login): Text 'eronko.i@hc-avangard.com' is set on object 'Object Repository/Page_/input__sc-lnrBVv eqPACj'

2022-02-21 12:55:26 - [MESSAGE][PASSED] - Text 'eronko.i@hc-avangard.com' is set on object 'Object Repository/Page_/input__sc-lnrBVv eqPACj'

2022-02-21 12:55:26 - [TEST_STEP][PASSED] - setText(findTestObject("Object Repository/Page_/input__sc-lnrBVv eqPACj_1"), admin_password): Text 'eronko.i' is set on object 'Object Repository/Page_/input__sc-lnrBVv eqPACj_1'

2022-02-21 12:55:30 - [MESSAGE][PASSED] - Text 'eronko.i' is set on object 'Object Repository/Page_/input__sc-lnrBVv eqPACj_1'

2022-02-21 12:55:30 - [TEST_STEP][PASSED] - click(findTestObject("Object Repository/Page_/go")): Object: 'Object Repository/Page_/go' is clicked on

2022-02-21 12:55:32 - [MESSAGE][PASSED] - Object: 'Object Repository/Page_/go' is clicked on

2022-02-21 12:55:32 - [MESSAGE][PASSED] - Call Test Case 'Test Cases/Администратор/Авторизация' successfully

2022-02-21 12:55:32 - [TEST_STEP][PASSED] - click(findTestObject("Object Repository/admin/students/Page_/students")): Object: 'Object Repository/admin/students/Page_/students' is clicked on

2022-02-21 12:56:02 - [MESSAGE][PASSED] - Object: 'Object Repository/admin/students/Page_/students' is clicked on

2022-02-21 12:56:02 - [TEST_STEP][PASSED] - setText(findTestObject("Object Repository/admin/students/input"), player_for_test_1): Text 'Ганин' is set on object 'Object Repository/admin/students/input'

2022-02-21 12:56:07 - [MESSAGE][PASSED] - Text 'Ганин' is set on object 'Object Repository/admin/students/input'

2022-02-21 12:56:07 - [TEST_STEP][PASSED] - click(findTestObject("Object Repository/admin/students/Page_/artur")): Object: 'Object Repository/admin/students/Page_/artur' is clicked on

2022-02-21 12:56:10 - [MESSAGE][PASSED] - Object: 'Object Repository/admin/students/Page_/artur' is clicked on

2022-02-21 12:56:10 - [TEST_STEP][PASSED] - num = getText(findTestObject("Object Repository/admin/students/Page_/player_num")): Text of object 'Object Repository/admin/students/Page_/player_num' is: '88'

2022-02-21 12:56:12 - [MESSAGE][PASSED] - Text of object 'Object Repository/admin/students/Page_/player_num' is: '88'

2022-02-21 12:56:12 - [TEST_STEP][PASSED] - verifyElementText(findTestObject("Object Repository/admin/students/Page_/player_num1"), num): Actual text and expected text of test object 'Object Repository/admin/students/Page_/player_num1' are matched.

2022-02-21 12:56:14 - [MESSAGE][PASSED] - Actual text and expected text of test object 'Object Repository/admin/students/Page_/player_num1' are matched.

2022-02-21 12:56:14 - [TEST_STEP][PASSED] - click(findTestObject("Object Repository/admin/students/Page_/family")): Object: 'Object Repository/admin/students/Page_/family' is clicked on

2022-02-21 12:56:16 - [MESSAGE][PASSED] - Object: 'Object Repository/admin/students/Page_/family' is clicked on

2022-02-21 12:56:16 - [TEST_STEP][PASSED] - verifyElementPresent(findTestObject("admin/panel"), 0): Object 'Object Repository/admin/panel' is present

2022-02-21 12:56:16 - [MESSAGE][WARNING] - Timeout '0' is invalid. Using default page load timeout: '30'

2022-02-21 12:56:18 - [MESSAGE][PASSED] - Object 'Object Repository/admin/panel' is present

2022-02-21 12:56:18 - [TEST_STEP][PASSED] - click(findTestObject("Object Repository/admin/students/Page_/Status")): Object: 'Object Repository/admin/students/Page_/Status' is clicked on

2022-02-21 12:56:20 - [MESSAGE][PASSED] - Object: 'Object Repository/admin/students/Page_/Status' is clicked on

2022-02-21 12:56:20 - [TEST_STEP][PASSED] - click(findTestObject("admin/zveno")): Object: 'Object Repository/admin/zveno' is clicked on

2022-02-21 12:56:23 - [MESSAGE][PASSED] - Object: 'Object Repository/admin/zveno' is clicked on

2022-02-21 12:56:23 - [TEST_STEP][PASSED] - verifyElementPresent(findTestObject("Object Repository/admin/students/Page_/zveno"), 0): Object 'Object Repository/admin/students/Page_/zveno' is present

2022-02-21 12:56:23 - [MESSAGE][WARNING] - Timeout '0' is invalid. Using default page load timeout: '30'

2022-02-21 12:56:25 - [MESSAGE][PASSED] - Object 'Object Repository/admin/students/Page_/zveno' is present

2022-02-21 12:56:25 - [TEST_STEP][PASSED] - verifyElementPresent(findTestObject("Object Repository/admin/students/Page_/zveno1"), 0): Object 'Object Repository/admin/students/Page_/zveno1' is present

2022-02-21 12:56:25 - [MESSAGE][WARNING] - Timeout '0' is invalid. Using default page load timeout: '30'

2022-02-21 12:56:27 - [MESSAGE][PASSED] - Object 'Object Repository/admin/students/Page_/zveno1' is present

2022-02-21 12:56:27 - [TEST_STEP][PASSED] - click(findTestObject("Object Repository/admin/students/Page_/button_stats")): Object: 'Object Repository/admin/students/Page_/button_stats' is clicked on

2022-02-21 12:56:29 - [MESSAGE][PASSED] - Object: 'Object Repository/admin/students/Page_/button_stats' is clicked on

2022-02-21 12:56:29 - [TEST_STEP][PASSED] - verifyTextPresent("Матчи", false): Text 'Матчи' is present on page 

2022-02-21 12:56:31 - [MESSAGE][PASSED] - Text 'Матчи' is present on page 

2022-02-21 12:56:31 - [TEST_STEP][PASSED] - verifyTextPresent("Ранг", false): Text 'Ранг' is present on page 

2022-02-21 12:56:33 - [MESSAGE][PASSED] - Text 'Ранг' is present on page 

2022-02-21 12:56:33 - [TEST_STEP][PASSED] - verifyTextPresent("Игр. время", false): Text 'Игр. время' is present on page 

2022-02-21 12:56:35 - [MESSAGE][PASSED] - Text 'Игр. время' is present on page 

2022-02-21 12:56:35 - [TEST_STEP][PASSED] - click(findTestObject("Object Repository/admin/students/Page_/button_estamition")): Object: 'Object Repository/admin/students/Page_/button_estamition' is clicked on

2022-02-21 12:56:37 - [MESSAGE][PASSED] - Object: 'Object Repository/admin/students/Page_/button_estamition' is clicked on

2022-02-21 12:56:37 - [TEST_STEP][PASSED] - verifyTextPresent("АТАКУЮЩИЕ ДЕЙСТВИЯ", false): Text 'АТАКУЮЩИЕ ДЕЙСТВИЯ' is present on page 

2022-02-21 12:56:44 - [MESSAGE][PASSED] - Text 'АТАКУЮЩИЕ ДЕЙСТВИЯ' is present on page 

2022-02-21 12:56:44 - [TEST_STEP][PASSED] - verifyTextPresent("ОБОРОНИТЕЛЬНЫЕ ДЕЙСТВИЯ", false): Text 'ОБОРОНИТЕЛЬНЫЕ ДЕЙСТВИЯ' is present on page 

2022-02-21 12:56:46 - [MESSAGE][PASSED] - Text 'ОБОРОНИТЕЛЬНЫЕ ДЕЙСТВИЯ' is present on page 

2022-02-21 12:56:46 - [TEST_STEP][PASSED] - click(findTestObject("Object Repository/admin/students/Page_/button_skill")): Object: 'Object Repository/admin/students/Page_/button_skill' is clicked on

2022-02-21 12:56:48 - [MESSAGE][PASSED] - Object: 'Object Repository/admin/students/Page_/button_skill' is clicked on

2022-02-21 12:56:48 - [TEST_STEP][PASSED] - verifyTextPresent("Ускорение", false): Text 'Ускорение' is present on page 

2022-02-21 12:56:52 - [MESSAGE][PASSED] - Text 'Ускорение' is present on page 

2022-02-21 12:56:52 - [TEST_STEP][PASSED] - verifyTextPresent("Катание", false): Text 'Катание' is present on page 

2022-02-21 12:56:55 - [MESSAGE][PASSED] - Text 'Катание' is present on page 

2022-02-21 12:56:55 - [TEST_STEP][PASSED] - verifyTextPresent("Скорость", false): Text 'Скорость' is present on page 

2022-02-21 12:56:57 - [MESSAGE][PASSED] - Text 'Скорость' is present on page 

2022-02-21 12:56:57 - [TEST_STEP][PASSED] - verifyTextPresent("Баланс", false): Text 'Баланс' is present on page 

2022-02-21 12:56:59 - [MESSAGE][PASSED] - Text 'Баланс' is present on page 

2022-02-21 12:56:59 - [TEST_STEP][PASSED] - closeBrowser(): Browser is closed

2022-02-21 12:57:00 - [MESSAGE][PASSED] - Browser is closed]]></system-out>
         <system-err><![CDATA[]]></system-err>
      </testcase>
      <system-out><![CDATA[2022-02-21 12:30:35 - [TEST_SUITE][PASSED] - Менеждер: Test Cases/Менеджер/Менеджер Профиль игрока]]></system-out>
      <system-err><![CDATA[]]></system-err>
   </testsuite>
</testsuites>
