<?xml version="1.0" encoding="UTF-8"?>
<testsuites name="Администратор" time="1762.057" tests="13" failures="1" errors="0">
   <testsuite name="Администратор" tests="13" failures="1" errors="0" time="1762.057" skipped="0" timestamp="2022-02-21 12:30:23" hostname="LENOVO - DESKTOP-KNHN0AA" id="Test Suites/Администратор">
      <properties>
         <property name="deviceName" value=""/>
         <property name="devicePlatform" value=""/>
         <property name="logFolder" value="C:\\Users\\LENOVO\\Katalon Studio\\Project Avangard\\Reports\\20220221_122957\\\u0410\u0434\u043C\u0438\u043D\u0438\u0441\u0442\u0440\u0430\u0442\u043E\u0440\\20220221_122958"/>
         <property name="logFiles" value="C:\\Users\\LENOVO\\Katalon Studio\\Project Avangard\\Reports\\20220221_122957\\\u0410\u0434\u043C\u0438\u043D\u0438\u0441\u0442\u0440\u0430\u0442\u043E\u0440\\20220221_122958\\execution0.log"/>
         <property name="attachments" value="C:\scr\Омские Ястребы43.jpg, C:\scr\Омские Ястребы44.jpg, C:\scr\Омские Ястребы45.jpg, C:\scr\Омские Ястребы47.jpg, C:\scr\Омские Ястребы48.jpg, C:\scr\Омские Ястребы41.jpg, C:\scr\Омские Ястребы42.jpg, C:\scr\Омские Ястребы34.jpg, C:\scr\Омские Ястребы37.jpg, C:\scr\Омские Ястребы39.jpg, C:\scr\Омские Ястребы40.jpg, C:\scr\Омские Ястребы38.jpg, C:\scr\Омские Ястребы33.jpg, C:\scr\Омские Ястребы29.jpg, C:\scr\Омские Ястребы30.jpg, C:\\Users\\LENOVO\\Katalon Studio\\Project Avangard\\Reports\\20220221_122957\\\u0410\u0434\u043C\u0438\u043D\u0438\u0441\u0442\u0440\u0430\u0442\u043E\u0440\\20220221_122958\\1645437006180.png, C:\scr\Омские Ястребы10.jpg, C:\scr\Омские Ястребы11.jpg, C:\scr\Омские Ястребы4.jpg, C:\scr\Омские Ястребы5.jpg"/>
         <property name="hostName" value="LENOVO - DESKTOP-KNHN0AA"/>
         <property name="remoteDriverUrl" value="testcloud.katalon.com/hub"/>
         <property name="desiredCapabilities" value="{
  &quot;acceptInsecureCerts&quot;: false,
  &quot;browserName&quot;: &quot;chrome&quot;,
  &quot;browserVersion&quot;: &quot;97.0.4692.71&quot;,
  &quot;chrome&quot;: {
    &quot;chromedriverVersion&quot;: &quot;97.0.4692.71 (adefa7837d02a07a604c1e6eff0b3a09422ab88d-refs/branch-heads/4692@{#1247})&quot;,
    &quot;userDataDir&quot;: &quot;/tmp/.com.google.Chrome.hI1jd5&quot;
  },
  &quot;goog:chromeOptions&quot;: {
    &quot;debuggerAddress&quot;: &quot;localhost:41983&quot;
  },
  &quot;javascriptEnabled&quot;: true,
  &quot;networkConnectionEnabled&quot;: false,
  &quot;pageLoadStrategy&quot;: &quot;normal&quot;,
  &quot;platform&quot;: &quot;LINUX&quot;,
  &quot;platformName&quot;: &quot;LINUX&quot;,
  &quot;proxy&quot;: {
    &quot;proxyType&quot;: &quot;DIRECT&quot;,
    &quot;autodetect&quot;: false
  },
  &quot;se:cdp&quot;: &quot;ws://172.48.70.254:4444/session/2cdbd9ec6ad5038e99641fb8bd2c6b94/se/cdp&quot;,
  &quot;se:cdpVersion&quot;: &quot;97.0.4692.71&quot;,
  &quot;se:vnc&quot;: &quot;ws://172.48.70.254:4444/session/2cdbd9ec6ad5038e99641fb8bd2c6b94/se/vnc&quot;,
  &quot;se:vncEnabled&quot;: true,
  &quot;se:vncLocalAddress&quot;: &quot;ws://172.48.70.254:7900&quot;,
  &quot;setWindowRect&quot;: true,
  &quot;strictFileInteractability&quot;: false,
  &quot;timeouts&quot;: {
    &quot;implicit&quot;: 0,
    &quot;pageLoad&quot;: 300000,
    &quot;script&quot;: 30000
  },
  &quot;unhandledPromptBehavior&quot;: &quot;dismiss and notify&quot;,
  &quot;webauthn:extension:credBlob&quot;: true,
  &quot;webauthn:extension:largeBlob&quot;: true,
  &quot;webauthn:virtualAuthenticators&quot;: true
}"/>
         <property name="os" value="Windows 10 64bit"/>
         <property name="remoteOS" value="Linux"/>
         <property name="katalonVersion" value="8.2.5.208"/>
         <property name="browser" value="Chrome 97.0.4692.71"/>
         <property name="hostAddress" value="192.168.2.113"/>
         <property name="sessionId" value="2cdbd9ec6ad5038e99641fb8bd2c6b94"/>
         <property name="seleniumVersion" value="3.141.59"/>
         <property name="proxyInformation" value="ProxyInformation { proxyOption=NO_PROXY, proxyServerType=HTTP, username=, password=********, proxyServerAddress=, proxyServerPort=0, executionList=&quot;&quot;, isApplyToDesiredCapabilities=true }"/>
         <property name="platform" value="Windows 10"/>
      </properties>
      <testcase name="Test Cases/Администратор/Школы" time="168.376" classname="Test Cases/Администратор/Школы" status="PASSED">
         <system-out><![CDATA[2022-02-21 12:30:25 - [TEST_CASE][PASSED] - Test Cases/Администратор/Школы: Test Cases/Администратор/Школы

2022-02-21 12:30:28 - [TEST_STEP][PASSED] - callTestCase(findTestCase("Администратор/Авторизация"), [:], STOP_ON_FAILURE): Call Test Case 'Test Cases/Администратор/Авторизация' successfully

2022-02-21 12:30:29 - [TEST_CASE][PASSED] - Test Cases/Администратор/Авторизация: Test Cases/Администратор/Авторизация

2022-02-21 12:30:31 - [TEST_STEP][PASSED] - openBrowser(""): Browser is opened with url: ''

2022-02-21 12:30:33 - [MESSAGE][INFO] - User set preference: ['os', 'linux']

2022-02-21 12:30:33 - [MESSAGE][INFO] - User set preference: ['browserName', 'chrome']

2022-02-21 12:30:33 - [MESSAGE][INFO] - User set preference: ['browserVersion', '97']

2022-02-21 12:30:33 - [MESSAGE][INFO] - User set preference: ['katalon:option', '{organizationId=551240, tunnelId=, usingTunnel=false}']

2022-02-21 12:30:33 - [MESSAGE][INFO] - Connecting to remote web server 'testcloud.katalon.com/hub' with type 'Selenium'

2022-02-21 12:30:35 - [MESSAGE][INFO] - Action delay is set to 100 milliseconds

2022-02-21 12:31:10 - [MESSAGE][PASSED] - Browser is opened with url: ''

2022-02-21 12:31:10 - [TEST_STEP][PASSED] - maximizeWindow(): Current window maximized

2022-02-21 12:31:11 - [MESSAGE][PASSED] - Current window maximized

2022-02-21 12:31:11 - [TEST_STEP][PASSED] - navigateToUrl(url): Navigate to 'https://stars-stage.hawk.ru:8080' successfully

2022-02-21 12:31:17 - [MESSAGE][PASSED] - Navigate to 'https://stars-stage.hawk.ru:8080' successfully

2022-02-21 12:31:17 - [TEST_STEP][PASSED] - setText(findTestObject("Object Repository/Page_/input__sc-lnrBVv eqPACj"), admin_login): Text 'TestAdmin@test.ru' is set on object 'Object Repository/Page_/input__sc-lnrBVv eqPACj'

2022-02-21 12:31:21 - [MESSAGE][PASSED] - Text 'TestAdmin@test.ru' is set on object 'Object Repository/Page_/input__sc-lnrBVv eqPACj'

2022-02-21 12:31:21 - [TEST_STEP][PASSED] - setText(findTestObject("Object Repository/Page_/input__sc-lnrBVv eqPACj_1"), admin_password): Text 'TestAdmin@test.ru' is set on object 'Object Repository/Page_/input__sc-lnrBVv eqPACj_1'

2022-02-21 12:31:26 - [MESSAGE][PASSED] - Text 'TestAdmin@test.ru' is set on object 'Object Repository/Page_/input__sc-lnrBVv eqPACj_1'

2022-02-21 12:31:26 - [TEST_STEP][PASSED] - click(findTestObject("Object Repository/Page_/go")): Object: 'Object Repository/Page_/go' is clicked on

2022-02-21 12:31:28 - [MESSAGE][PASSED] - Object: 'Object Repository/Page_/go' is clicked on

2022-02-21 12:31:28 - [MESSAGE][PASSED] - Call Test Case 'Test Cases/Администратор/Авторизация' successfully

2022-02-21 12:31:28 - [TEST_STEP][PASSED] - click(findTestObject("Object Repository/admin/school/schools/schools")): Object: 'Object Repository/admin/school/schools/schools' is clicked on

2022-02-21 12:31:57 - [MESSAGE][PASSED] - Object: 'Object Repository/admin/school/schools/schools' is clicked on

2022-02-21 12:31:57 - [TEST_STEP][PASSED] - takeFullPageScreenshot("C:\scr\" + school + "43.jpg"): Taking screenshot successfully

2022-02-21 12:32:05 - [MESSAGE][INFO] - 0 hidden object(s)

2022-02-21 12:32:05 - [MESSAGE][PASSED] - Taking screenshot successfully
[[ATTACHMENT|C:\scr\Омские Ястребы43.jpg]]

2022-02-21 12:32:05 - [TEST_STEP][PASSED] - click(findTestObject("Object Repository/admin/school/Page_/div_")): Object: 'Object Repository/admin/school/Page_/div_' is clicked on

2022-02-21 12:32:08 - [MESSAGE][PASSED] - Object: 'Object Repository/admin/school/Page_/div_' is clicked on

2022-02-21 12:32:08 - [TEST_STEP][PASSED] - scrollToElement(findTestObject("Object Repository/admin/school/Page_/players"), 0): Scroll to object 'Object Repository/admin/school/Page_/players' successfully

2022-02-21 12:32:08 - [MESSAGE][WARNING] - Timeout '0' is invalid. Using default page load timeout: '30'

2022-02-21 12:32:13 - [MESSAGE][PASSED] - Scroll to object 'Object Repository/admin/school/Page_/players' successfully

2022-02-21 12:32:13 - [TEST_STEP][PASSED] - click(findTestObject("Object Repository/admin/school/Page_/players")): Object: 'Object Repository/admin/school/Page_/players' is clicked on

2022-02-21 12:32:16 - [MESSAGE][PASSED] - Object: 'Object Repository/admin/school/Page_/players' is clicked on

2022-02-21 12:32:16 - [TEST_STEP][PASSED] - takeFullPageScreenshot("C:\scr\" + school + "44.jpg"): Taking screenshot successfully

2022-02-21 12:32:25 - [MESSAGE][INFO] - 0 hidden object(s)

2022-02-21 12:32:25 - [MESSAGE][PASSED] - Taking screenshot successfully
[[ATTACHMENT|C:\scr\Омские Ястребы44.jpg]]

2022-02-21 12:32:25 - [TEST_STEP][PASSED] - click(findTestObject("Object Repository/admin/school/Page_/team")): Object: 'Object Repository/admin/school/Page_/team' is clicked on

2022-02-21 12:32:35 - [MESSAGE][PASSED] - Object: 'Object Repository/admin/school/Page_/team' is clicked on

2022-02-21 12:32:35 - [TEST_STEP][PASSED] - takeFullPageScreenshot("C:\scr\" + school + "45.jpg"): Taking screenshot successfully

2022-02-21 12:32:42 - [MESSAGE][INFO] - 0 hidden object(s)

2022-02-21 12:32:42 - [MESSAGE][PASSED] - Taking screenshot successfully
[[ATTACHMENT|C:\scr\Омские Ястребы45.jpg]]

2022-02-21 12:32:42 - [TEST_STEP][PASSED] - click(findTestObject("Object Repository/admin/school/Page_/omsk")): Object: 'Object Repository/admin/school/Page_/omsk' is clicked on

2022-02-21 12:32:44 - [MESSAGE][PASSED] - Object: 'Object Repository/admin/school/Page_/omsk' is clicked on

2022-02-21 12:32:44 - [TEST_STEP][PASSED] - click(findTestObject("Object Repository/admin/school/Page_/edit")): Object: 'Object Repository/admin/school/Page_/edit' is clicked on

2022-02-21 12:32:48 - [MESSAGE][PASSED] - Object: 'Object Repository/admin/school/Page_/edit' is clicked on

2022-02-21 12:32:48 - [TEST_STEP][PASSED] - takeFullPageScreenshot("C:\scr\" + school + "47.jpg"): Taking screenshot successfully

2022-02-21 12:32:54 - [MESSAGE][INFO] - 0 hidden object(s)

2022-02-21 12:32:54 - [MESSAGE][PASSED] - Taking screenshot successfully
[[ATTACHMENT|C:\scr\Омские Ястребы47.jpg]]

2022-02-21 12:32:54 - [TEST_STEP][PASSED] - click(findTestObject("Object Repository/admin/school/Page_/allplayer")): Object: 'Object Repository/admin/school/Page_/allplayer' is clicked on

2022-02-21 12:32:56 - [MESSAGE][PASSED] - Object: 'Object Repository/admin/school/Page_/allplayer' is clicked on

2022-02-21 12:32:56 - [TEST_STEP][PASSED] - takeFullPageScreenshot("C:\scr\" + school + "48.jpg"): Taking screenshot successfully

2022-02-21 12:33:03 - [MESSAGE][INFO] - 0 hidden object(s)

2022-02-21 12:33:04 - [MESSAGE][PASSED] - Taking screenshot successfully
[[ATTACHMENT|C:\scr\Омские Ястребы48.jpg]]

2022-02-21 12:33:04 - [TEST_STEP][PASSED] - click(findTestObject("Object Repository/admin/school/Page_/groups")): Object: 'Object Repository/admin/school/Page_/groups' is clicked on

2022-02-21 12:33:06 - [MESSAGE][PASSED] - Object: 'Object Repository/admin/school/Page_/groups' is clicked on

2022-02-21 12:33:06 - [TEST_STEP][PASSED] - click(findTestObject("manager/schools/overlay"), CONTINUE_ON_FAILURE): Object: 'Object Repository/manager/schools/overlay' is clicked on

2022-02-21 12:33:10 - [MESSAGE][PASSED] - Object: 'Object Repository/manager/schools/overlay' is clicked on

2022-02-21 12:33:10 - [TEST_STEP][PASSED] - click(findTestObject("Object Repository/admin/school/Page_/root")): Object: 'Object Repository/admin/school/Page_/root' is clicked on

2022-02-21 12:33:13 - [MESSAGE][PASSED] - Object: 'Object Repository/admin/school/Page_/root' is clicked on

2022-02-21 12:33:13 - [TEST_STEP][PASSED] - closeBrowser(): Browser is closed

2022-02-21 12:33:14 - [MESSAGE][PASSED] - Browser is closed]]></system-out>
         <system-err><![CDATA[]]></system-err>
      </testcase>
      <testcase name="Test Cases/Администратор/Тренеры" time="186.442" classname="Test Cases/Администратор/Тренеры" status="PASSED">
         <system-out><![CDATA[2022-02-21 12:33:14 - [TEST_CASE][PASSED] - Test Cases/Администратор/Тренеры: Test Cases/Администратор/Тренеры

2022-02-21 12:33:14 - [TEST_STEP][PASSED] - callTestCase(findTestCase("Администратор/Авторизация"), [:], STOP_ON_FAILURE): Call Test Case 'Test Cases/Администратор/Авторизация' successfully

2022-02-21 12:33:14 - [TEST_CASE][PASSED] - Test Cases/Администратор/Авторизация: Test Cases/Администратор/Авторизация

2022-02-21 12:33:14 - [TEST_STEP][PASSED] - openBrowser(""): Browser is opened with url: ''

2022-02-21 12:33:14 - [MESSAGE][INFO] - User set preference: ['os', 'linux']

2022-02-21 12:33:14 - [MESSAGE][INFO] - User set preference: ['browserName', 'chrome']

2022-02-21 12:33:14 - [MESSAGE][INFO] - User set preference: ['browserVersion', '97']

2022-02-21 12:33:14 - [MESSAGE][INFO] - User set preference: ['katalon:option', '{organizationId=551240, tunnelId=, usingTunnel=false}']

2022-02-21 12:33:14 - [MESSAGE][INFO] - Connecting to remote web server 'testcloud.katalon.com/hub' with type 'Selenium'

2022-02-21 12:33:14 - [MESSAGE][INFO] - Action delay is set to 100 milliseconds

2022-02-21 12:35:04 - [MESSAGE][PASSED] - Browser is opened with url: ''

2022-02-21 12:35:04 - [TEST_STEP][PASSED] - maximizeWindow(): Current window maximized

2022-02-21 12:35:04 - [MESSAGE][PASSED] - Current window maximized

2022-02-21 12:35:04 - [TEST_STEP][PASSED] - navigateToUrl(url): Navigate to 'https://stars-stage.hawk.ru:8080' successfully

2022-02-21 12:35:10 - [MESSAGE][PASSED] - Navigate to 'https://stars-stage.hawk.ru:8080' successfully

2022-02-21 12:35:10 - [TEST_STEP][PASSED] - setText(findTestObject("Object Repository/Page_/input__sc-lnrBVv eqPACj"), admin_login): Text 'TestAdmin@test.ru' is set on object 'Object Repository/Page_/input__sc-lnrBVv eqPACj'

2022-02-21 12:35:15 - [MESSAGE][PASSED] - Text 'TestAdmin@test.ru' is set on object 'Object Repository/Page_/input__sc-lnrBVv eqPACj'

2022-02-21 12:35:15 - [TEST_STEP][PASSED] - setText(findTestObject("Object Repository/Page_/input__sc-lnrBVv eqPACj_1"), admin_password): Text 'TestAdmin@test.ru' is set on object 'Object Repository/Page_/input__sc-lnrBVv eqPACj_1'

2022-02-21 12:35:19 - [MESSAGE][PASSED] - Text 'TestAdmin@test.ru' is set on object 'Object Repository/Page_/input__sc-lnrBVv eqPACj_1'

2022-02-21 12:35:19 - [TEST_STEP][PASSED] - click(findTestObject("Object Repository/Page_/go")): Object: 'Object Repository/Page_/go' is clicked on

2022-02-21 12:35:21 - [MESSAGE][PASSED] - Object: 'Object Repository/Page_/go' is clicked on

2022-02-21 12:35:21 - [MESSAGE][PASSED] - Call Test Case 'Test Cases/Администратор/Авторизация' successfully

2022-02-21 12:35:21 - [TEST_STEP][PASSED] - click(findTestObject("Object Repository/admin/teachers/Page_/teach")): Object: 'Object Repository/admin/teachers/Page_/teach' is clicked on

2022-02-21 12:35:50 - [MESSAGE][PASSED] - Object: 'Object Repository/admin/teachers/Page_/teach' is clicked on

2022-02-21 12:35:50 - [TEST_STEP][PASSED] - click(findTestObject("Object Repository/admin/teachers/Page_/span_")): Object: 'Object Repository/admin/teachers/Page_/span_' is clicked on

2022-02-21 12:35:52 - [MESSAGE][PASSED] - Object: 'Object Repository/admin/teachers/Page_/span_' is clicked on

2022-02-21 12:35:52 - [TEST_STEP][PASSED] - verifyTextPresent("ПРОФИЛЬ ПРЕПОДАВАТЕЛЯ", false): Text 'ПРОФИЛЬ ПРЕПОДАВАТЕЛЯ' is present on page 

2022-02-21 12:35:55 - [MESSAGE][PASSED] - Text 'ПРОФИЛЬ ПРЕПОДАВАТЕЛЯ' is present on page 

2022-02-21 12:35:55 - [TEST_STEP][PASSED] - takeFullPageScreenshot("C:\scr\" + school + "41.jpg"): Taking screenshot successfully

2022-02-21 12:36:01 - [MESSAGE][INFO] - 0 hidden object(s)

2022-02-21 12:36:01 - [MESSAGE][PASSED] - Taking screenshot successfully
[[ATTACHMENT|C:\scr\Омские Ястребы41.jpg]]

2022-02-21 12:36:01 - [TEST_STEP][PASSED] - click(findTestObject("Object Repository/admin/teachers/Page_/career")): Object: 'Object Repository/admin/teachers/Page_/career' is clicked on

2022-02-21 12:36:04 - [MESSAGE][PASSED] - Object: 'Object Repository/admin/teachers/Page_/career' is clicked on

2022-02-21 12:36:04 - [TEST_STEP][PASSED] - verifyTextPresent("КАРЬЕРА ТРЕНЕРА", false): Text 'КАРЬЕРА ТРЕНЕРА' is present on page 

2022-02-21 12:36:06 - [MESSAGE][PASSED] - Text 'КАРЬЕРА ТРЕНЕРА' is present on page 

2022-02-21 12:36:06 - [TEST_STEP][PASSED] - takeFullPageScreenshot("C:\scr\" + school + "42.jpg"): Taking screenshot successfully

2022-02-21 12:36:13 - [MESSAGE][INFO] - 0 hidden object(s)

2022-02-21 12:36:13 - [MESSAGE][PASSED] - Taking screenshot successfully
[[ATTACHMENT|C:\scr\Омские Ястребы42.jpg]]

2022-02-21 12:36:13 - [TEST_STEP][PASSED] - click(findTestObject("Object Repository/admin/teachers/Page_/button_")): Object: 'Object Repository/admin/teachers/Page_/button_' is clicked on

2022-02-21 12:36:15 - [MESSAGE][PASSED] - Object: 'Object Repository/admin/teachers/Page_/button_' is clicked on

2022-02-21 12:36:15 - [TEST_STEP][PASSED] - verifyTextPresent("Пользователь сохранен", false): Text 'Пользователь сохранен' is present on page 

2022-02-21 12:36:17 - [MESSAGE][PASSED] - Text 'Пользователь сохранен' is present on page 

2022-02-21 12:36:17 - [TEST_STEP][PASSED] - click(findTestObject("Object Repository/admin/teachers/Page_/root")): Object: 'Object Repository/admin/teachers/Page_/root' is clicked on

2022-02-21 12:36:19 - [MESSAGE][PASSED] - Object: 'Object Repository/admin/teachers/Page_/root' is clicked on

2022-02-21 12:36:19 - [TEST_STEP][PASSED] - closeBrowser(): Browser is closed

2022-02-21 12:36:20 - [MESSAGE][PASSED] - Browser is closed]]></system-out>
         <system-err><![CDATA[]]></system-err>
      </testcase>
      <testcase name="Test Cases/Администратор/Рейтинг" time="195.116" classname="Test Cases/Администратор/Рейтинг" status="PASSED">
         <system-out><![CDATA[2022-02-21 12:36:20 - [TEST_CASE][PASSED] - Test Cases/Администратор/Рейтинг: Test Cases/Администратор/Рейтинг

2022-02-21 12:36:20 - [TEST_STEP][PASSED] - callTestCase(findTestCase("Администратор/Авторизация"), [:], STOP_ON_FAILURE): Call Test Case 'Test Cases/Администратор/Авторизация' successfully

2022-02-21 12:36:20 - [TEST_CASE][PASSED] - Test Cases/Администратор/Авторизация: Test Cases/Администратор/Авторизация

2022-02-21 12:36:20 - [TEST_STEP][PASSED] - openBrowser(""): Browser is opened with url: ''

2022-02-21 12:36:20 - [MESSAGE][INFO] - User set preference: ['os', 'linux']

2022-02-21 12:36:20 - [MESSAGE][INFO] - User set preference: ['browserName', 'chrome']

2022-02-21 12:36:20 - [MESSAGE][INFO] - User set preference: ['browserVersion', '97']

2022-02-21 12:36:20 - [MESSAGE][INFO] - User set preference: ['katalon:option', '{organizationId=551240, tunnelId=, usingTunnel=false}']

2022-02-21 12:36:20 - [MESSAGE][INFO] - Connecting to remote web server 'testcloud.katalon.com/hub' with type 'Selenium'

2022-02-21 12:36:20 - [MESSAGE][INFO] - Action delay is set to 100 milliseconds

2022-02-21 12:37:31 - [MESSAGE][PASSED] - Browser is opened with url: ''

2022-02-21 12:37:31 - [TEST_STEP][PASSED] - maximizeWindow(): Current window maximized

2022-02-21 12:37:32 - [MESSAGE][PASSED] - Current window maximized

2022-02-21 12:37:32 - [TEST_STEP][PASSED] - navigateToUrl(url): Navigate to 'https://stars-stage.hawk.ru:8080' successfully

2022-02-21 12:37:38 - [MESSAGE][PASSED] - Navigate to 'https://stars-stage.hawk.ru:8080' successfully

2022-02-21 12:37:38 - [TEST_STEP][PASSED] - setText(findTestObject("Object Repository/Page_/input__sc-lnrBVv eqPACj"), admin_login): Text 'TestAdmin@test.ru' is set on object 'Object Repository/Page_/input__sc-lnrBVv eqPACj'

2022-02-21 12:37:45 - [MESSAGE][PASSED] - Text 'TestAdmin@test.ru' is set on object 'Object Repository/Page_/input__sc-lnrBVv eqPACj'

2022-02-21 12:37:45 - [TEST_STEP][PASSED] - setText(findTestObject("Object Repository/Page_/input__sc-lnrBVv eqPACj_1"), admin_password): Text 'TestAdmin@test.ru' is set on object 'Object Repository/Page_/input__sc-lnrBVv eqPACj_1'

2022-02-21 12:37:50 - [MESSAGE][PASSED] - Text 'TestAdmin@test.ru' is set on object 'Object Repository/Page_/input__sc-lnrBVv eqPACj_1'

2022-02-21 12:37:50 - [TEST_STEP][PASSED] - click(findTestObject("Object Repository/Page_/go")): Object: 'Object Repository/Page_/go' is clicked on

2022-02-21 12:37:53 - [MESSAGE][PASSED] - Object: 'Object Repository/Page_/go' is clicked on

2022-02-21 12:37:53 - [MESSAGE][PASSED] - Call Test Case 'Test Cases/Администратор/Авторизация' successfully

2022-02-21 12:37:53 - [TEST_STEP][PASSED] - click(findTestObject("Object Repository/admin/rating/grating")): Object: 'Object Repository/admin/rating/grating' is clicked on

2022-02-21 12:38:14 - [MESSAGE][PASSED] - Object: 'Object Repository/admin/rating/grating' is clicked on

2022-02-21 12:38:14 - [TEST_STEP][PASSED] - takeFullPageScreenshot("C:\scr\" + school + "34.jpg"): Taking screenshot successfully

2022-02-21 12:38:32 - [MESSAGE][INFO] - 0 hidden object(s)

2022-02-21 12:38:32 - [MESSAGE][PASSED] - Taking screenshot successfully
[[ATTACHMENT|C:\scr\Омские Ястребы34.jpg]]

2022-02-21 12:38:32 - [TEST_STEP][PASSED] - click(findTestObject("Object Repository/admin/Page_/shkool")): Object: 'Object Repository/admin/Page_/shkool' is clicked on

2022-02-21 12:38:34 - [MESSAGE][PASSED] - Object: 'Object Repository/admin/Page_/shkool' is clicked on

2022-02-21 12:38:34 - [TEST_STEP][PASSED] - click(findTestObject("Object Repository/admin/Page_/div_ (2)")): Object: 'Object Repository/admin/Page_/div_ (2)' is clicked on

2022-02-21 12:38:36 - [MESSAGE][PASSED] - Object: 'Object Repository/admin/Page_/div_ (2)' is clicked on

2022-02-21 12:38:36 - [TEST_STEP][PASSED] - click(findTestObject("Object Repository/admin/Page_/team")): Object: 'Object Repository/admin/Page_/team' is clicked on

2022-02-21 12:38:39 - [MESSAGE][PASSED] - Object: 'Object Repository/admin/Page_/team' is clicked on

2022-02-21 12:38:39 - [TEST_STEP][PASSED] - click(findTestObject("Object Repository/admin/Page_/omsk")): Object: 'Object Repository/admin/Page_/omsk' is clicked on

2022-02-21 12:38:41 - [MESSAGE][PASSED] - Object: 'Object Repository/admin/Page_/omsk' is clicked on

2022-02-21 12:38:41 - [TEST_STEP][PASSED] - scrollToElement(findTestObject("Object Repository/admin/Page_/top1"), 0): Scroll to object 'Object Repository/admin/Page_/top1' successfully

2022-02-21 12:38:41 - [MESSAGE][WARNING] - Timeout '0' is invalid. Using default page load timeout: '30'

2022-02-21 12:38:44 - [MESSAGE][PASSED] - Scroll to object 'Object Repository/admin/Page_/top1' successfully

2022-02-21 12:38:44 - [TEST_STEP][PASSED] - click(findTestObject("Object Repository/admin/Page_/top1")): Object: 'Object Repository/admin/Page_/top1' is clicked on

2022-02-21 12:38:47 - [MESSAGE][PASSED] - Object: 'Object Repository/admin/Page_/top1' is clicked on

2022-02-21 12:38:47 - [TEST_STEP][PASSED] - takeFullPageScreenshot("C:\scr\" + school + "37.jpg", CONTINUE_ON_FAILURE): Taking screenshot successfully

2022-02-21 12:38:54 - [MESSAGE][INFO] - 0 hidden object(s)

2022-02-21 12:38:54 - [MESSAGE][PASSED] - Taking screenshot successfully
[[ATTACHMENT|C:\scr\Омские Ястребы37.jpg]]

2022-02-21 12:38:54 - [TEST_STEP][PASSED] - click(findTestObject("Object Repository/admin/Page_/skill")): Object: 'Object Repository/admin/Page_/skill' is clicked on

2022-02-21 12:38:56 - [MESSAGE][PASSED] - Object: 'Object Repository/admin/Page_/skill' is clicked on

2022-02-21 12:38:56 - [TEST_STEP][PASSED] - verifyTextPresent("Ускорение", true): Text 'Ускорение' is present on page  using regular expression

2022-02-21 12:38:59 - [MESSAGE][PASSED] - Text 'Ускорение' is present on page  using regular expression

2022-02-21 12:38:59 - [TEST_STEP][PASSED] - verifyTextPresent("Скорость", true): Text 'Скорость' is present on page  using regular expression

2022-02-21 12:39:02 - [MESSAGE][PASSED] - Text 'Скорость' is present on page  using regular expression

2022-02-21 12:39:02 - [TEST_STEP][PASSED] - takeFullPageScreenshot("C:\scr\" + school + "39.jpg", CONTINUE_ON_FAILURE): Taking screenshot successfully

2022-02-21 12:39:07 - [MESSAGE][INFO] - 0 hidden object(s)

2022-02-21 12:39:07 - [MESSAGE][PASSED] - Taking screenshot successfully
[[ATTACHMENT|C:\scr\Омские Ястребы39.jpg]]

2022-02-21 12:39:07 - [TEST_STEP][PASSED] - click(findTestObject("Object Repository/admin/Page_/stat")): Object: 'Object Repository/admin/Page_/stat' is clicked on

2022-02-21 12:39:09 - [MESSAGE][PASSED] - Object: 'Object Repository/admin/Page_/stat' is clicked on

2022-02-21 12:39:09 - [TEST_STEP][PASSED] - verifyTextPresent("Матчи", true, CONTINUE_ON_FAILURE): Text 'Матчи' is present on page  using regular expression

2022-02-21 12:39:12 - [MESSAGE][PASSED] - Text 'Матчи' is present on page  using regular expression

2022-02-21 12:39:12 - [TEST_STEP][PASSED] - verifyTextPresent("Ранг", true, CONTINUE_ON_FAILURE): Text 'Ранг' is present on page  using regular expression

2022-02-21 12:39:14 - [MESSAGE][PASSED] - Text 'Ранг' is present on page  using regular expression

2022-02-21 12:39:14 - [TEST_STEP][PASSED] - takeFullPageScreenshot("C:\scr\" + school + "40.jpg", CONTINUE_ON_FAILURE): Taking screenshot successfully

2022-02-21 12:39:19 - [MESSAGE][INFO] - 0 hidden object(s)

2022-02-21 12:39:19 - [MESSAGE][PASSED] - Taking screenshot successfully
[[ATTACHMENT|C:\scr\Омские Ястребы40.jpg]]

2022-02-21 12:39:19 - [TEST_STEP][PASSED] - click(findTestObject("Object Repository/admin/Page_/ptest")): Object: 'Object Repository/admin/Page_/ptest' is clicked on

2022-02-21 12:39:21 - [MESSAGE][PASSED] - Object: 'Object Repository/admin/Page_/ptest' is clicked on

2022-02-21 12:39:21 - [TEST_STEP][PASSED] - verifyTextPresent("СРЕДНЯЯ ОЦЕНКА", true): Text 'СРЕДНЯЯ ОЦЕНКА' is present on page  using regular expression

2022-02-21 12:39:24 - [MESSAGE][PASSED] - Text 'СРЕДНЯЯ ОЦЕНКА' is present on page  using regular expression

2022-02-21 12:39:24 - [TEST_STEP][PASSED] - verifyTextPresent("Список навыков и характеристики", true): Text 'Список навыков и характеристики' is present on page  using regular expression

2022-02-21 12:39:26 - [MESSAGE][PASSED] - Text 'Список навыков и характеристики' is present on page  using regular expression

2022-02-21 12:39:26 - [TEST_STEP][PASSED] - takeFullPageScreenshot("C:\scr\" + school + "38.jpg", CONTINUE_ON_FAILURE): Taking screenshot successfully

2022-02-21 12:39:32 - [MESSAGE][INFO] - 0 hidden object(s)

2022-02-21 12:39:32 - [MESSAGE][PASSED] - Taking screenshot successfully
[[ATTACHMENT|C:\scr\Омские Ястребы38.jpg]]

2022-02-21 12:39:32 - [TEST_STEP][PASSED] - click(findTestObject("Object Repository/admin/Page_/root")): Object: 'Object Repository/admin/Page_/root' is clicked on

2022-02-21 12:39:35 - [MESSAGE][PASSED] - Object: 'Object Repository/admin/Page_/root' is clicked on

2022-02-21 12:39:35 - [TEST_STEP][PASSED] - closeBrowser(): Browser is closed

2022-02-21 12:39:35 - [MESSAGE][PASSED] - Browser is closed]]></system-out>
         <system-err><![CDATA[]]></system-err>
      </testcase>
      <testcase name="Test Cases/Администратор/Профиль" time="117.151" classname="Test Cases/Администратор/Профиль" status="PASSED">
         <system-out><![CDATA[2022-02-21 12:39:35 - [TEST_CASE][PASSED] - Test Cases/Администратор/Профиль: Test Cases/Администратор/Профиль

2022-02-21 12:39:35 - [TEST_STEP][PASSED] - callTestCase(findTestCase("Администратор/Авторизация"), [:], STOP_ON_FAILURE): Call Test Case 'Test Cases/Администратор/Авторизация' successfully

2022-02-21 12:39:36 - [TEST_CASE][PASSED] - Test Cases/Администратор/Авторизация: Test Cases/Администратор/Авторизация

2022-02-21 12:39:36 - [TEST_STEP][PASSED] - openBrowser(""): Browser is opened with url: ''

2022-02-21 12:39:36 - [MESSAGE][INFO] - User set preference: ['os', 'linux']

2022-02-21 12:39:36 - [MESSAGE][INFO] - User set preference: ['browserName', 'chrome']

2022-02-21 12:39:36 - [MESSAGE][INFO] - User set preference: ['browserVersion', '97']

2022-02-21 12:39:36 - [MESSAGE][INFO] - User set preference: ['katalon:option', '{organizationId=551240, tunnelId=, usingTunnel=false}']

2022-02-21 12:39:36 - [MESSAGE][INFO] - Connecting to remote web server 'testcloud.katalon.com/hub' with type 'Selenium'

2022-02-21 12:39:36 - [MESSAGE][INFO] - Action delay is set to 100 milliseconds

2022-02-21 12:40:37 - [MESSAGE][PASSED] - Browser is opened with url: ''

2022-02-21 12:40:37 - [TEST_STEP][PASSED] - maximizeWindow(): Current window maximized

2022-02-21 12:40:37 - [MESSAGE][PASSED] - Current window maximized

2022-02-21 12:40:37 - [TEST_STEP][PASSED] - navigateToUrl(url): Navigate to 'https://stars-stage.hawk.ru:8080' successfully

2022-02-21 12:40:44 - [MESSAGE][PASSED] - Navigate to 'https://stars-stage.hawk.ru:8080' successfully

2022-02-21 12:40:44 - [TEST_STEP][PASSED] - setText(findTestObject("Object Repository/Page_/input__sc-lnrBVv eqPACj"), admin_login): Text 'TestAdmin@test.ru' is set on object 'Object Repository/Page_/input__sc-lnrBVv eqPACj'

2022-02-21 12:40:48 - [MESSAGE][PASSED] - Text 'TestAdmin@test.ru' is set on object 'Object Repository/Page_/input__sc-lnrBVv eqPACj'

2022-02-21 12:40:48 - [TEST_STEP][PASSED] - setText(findTestObject("Object Repository/Page_/input__sc-lnrBVv eqPACj_1"), admin_password): Text 'TestAdmin@test.ru' is set on object 'Object Repository/Page_/input__sc-lnrBVv eqPACj_1'

2022-02-21 12:40:52 - [MESSAGE][PASSED] - Text 'TestAdmin@test.ru' is set on object 'Object Repository/Page_/input__sc-lnrBVv eqPACj_1'

2022-02-21 12:40:52 - [TEST_STEP][PASSED] - click(findTestObject("Object Repository/Page_/go")): Object: 'Object Repository/Page_/go' is clicked on

2022-02-21 12:40:54 - [MESSAGE][PASSED] - Object: 'Object Repository/Page_/go' is clicked on

2022-02-21 12:40:54 - [MESSAGE][PASSED] - Call Test Case 'Test Cases/Администратор/Авторизация' successfully

2022-02-21 12:40:54 - [TEST_STEP][PASSED] - click(findTestObject("Object Repository/admin/Page_/div_Admin Admin")): Object: 'Object Repository/admin/Page_/div_Admin Admin' is clicked on

2022-02-21 12:41:16 - [MESSAGE][PASSED] - Object: 'Object Repository/admin/Page_/div_Admin Admin' is clicked on

2022-02-21 12:41:16 - [TEST_STEP][PASSED] - verifyTextPresent("РЕДАКТИРОВАНИЕ ПРОФИЛЯ", true): Text 'РЕДАКТИРОВАНИЕ ПРОФИЛЯ' is present on page  using regular expression

2022-02-21 12:41:18 - [MESSAGE][PASSED] - Text 'РЕДАКТИРОВАНИЕ ПРОФИЛЯ' is present on page  using regular expression

2022-02-21 12:41:18 - [TEST_STEP][PASSED] - takeFullPageScreenshot("C:\scr\" + school + "33.jpg"): Taking screenshot successfully

2022-02-21 12:41:23 - [MESSAGE][INFO] - 0 hidden object(s)

2022-02-21 12:41:23 - [MESSAGE][PASSED] - Taking screenshot successfully
[[ATTACHMENT|C:\scr\Омские Ястребы33.jpg]]

2022-02-21 12:41:23 - [TEST_STEP][PASSED] - click(findTestObject("Object Repository/admin/Page_/save")): Object: 'Object Repository/admin/Page_/save' is clicked on

2022-02-21 12:41:25 - [MESSAGE][PASSED] - Object: 'Object Repository/admin/Page_/save' is clicked on

2022-02-21 12:41:25 - [TEST_STEP][PASSED] - click(findTestObject("admin/Page_/root")): Object: 'Object Repository/admin/Page_/root' is clicked on

2022-02-21 12:41:32 - [MESSAGE][PASSED] - Object: 'Object Repository/admin/Page_/root' is clicked on

2022-02-21 12:41:32 - [TEST_STEP][PASSED] - closeBrowser(): Browser is closed

2022-02-21 12:41:32 - [MESSAGE][PASSED] - Browser is closed]]></system-out>
         <system-err><![CDATA[]]></system-err>
      </testcase>
      <testcase name="Test Cases/Администратор/ОТЧЕТЫ функциональные тесты/Физическое тестирование (Поменяется в спринте)" time="162.615" classname="Test Cases/Администратор/ОТЧЕТЫ функциональные тесты/Физическое тестирование (Поменяется в спринте)" status="PASSED">
         <system-out><![CDATA[2022-02-21 12:41:32 - [TEST_CASE][PASSED] - Test Cases/Администратор/ОТЧЕТЫ функциональные тесты/Физическое тестирование (Поменяется в спринте): Test Cases/Администратор/ОТЧЕТЫ функциональные тесты/Физическое тестирование (Поменяется в спринте)

2022-02-21 12:41:33 - [TEST_STEP][PASSED] - callTestCase(findTestCase("Администратор/Отчет для тк"), [:], STOP_ON_FAILURE): Call Test Case 'Test Cases/Администратор/Отчет для тк' successfully

2022-02-21 12:41:33 - [TEST_CASE][PASSED] - Test Cases/Администратор/Отчет для тк: Test Cases/Администратор/Отчет для тк

2022-02-21 12:41:33 - [TEST_STEP][PASSED] - callTestCase(findTestCase("Администратор/Авторизация"), [:], STOP_ON_FAILURE): Call Test Case 'Test Cases/Администратор/Авторизация' successfully

2022-02-21 12:41:33 - [TEST_CASE][PASSED] - Test Cases/Администратор/Авторизация: Test Cases/Администратор/Авторизация

2022-02-21 12:41:33 - [TEST_STEP][PASSED] - openBrowser(""): Browser is opened with url: ''

2022-02-21 12:41:33 - [MESSAGE][INFO] - User set preference: ['os', 'linux']

2022-02-21 12:41:33 - [MESSAGE][INFO] - User set preference: ['browserName', 'chrome']

2022-02-21 12:41:33 - [MESSAGE][INFO] - User set preference: ['browserVersion', '97']

2022-02-21 12:41:33 - [MESSAGE][INFO] - User set preference: ['katalon:option', '{organizationId=551240, tunnelId=, usingTunnel=false}']

2022-02-21 12:41:33 - [MESSAGE][INFO] - Connecting to remote web server 'testcloud.katalon.com/hub' with type 'Selenium'

2022-02-21 12:41:33 - [MESSAGE][INFO] - Action delay is set to 100 milliseconds

2022-02-21 12:42:31 - [MESSAGE][PASSED] - Browser is opened with url: ''

2022-02-21 12:42:31 - [TEST_STEP][PASSED] - maximizeWindow(): Current window maximized

2022-02-21 12:42:31 - [MESSAGE][PASSED] - Current window maximized

2022-02-21 12:42:31 - [TEST_STEP][PASSED] - navigateToUrl(url): Navigate to 'https://stars-stage.hawk.ru:8080' successfully

2022-02-21 12:42:37 - [MESSAGE][PASSED] - Navigate to 'https://stars-stage.hawk.ru:8080' successfully

2022-02-21 12:42:37 - [TEST_STEP][PASSED] - setText(findTestObject("Object Repository/Page_/input__sc-lnrBVv eqPACj"), admin_login): Text 'TestAdmin@test.ru' is set on object 'Object Repository/Page_/input__sc-lnrBVv eqPACj'

2022-02-21 12:42:41 - [MESSAGE][PASSED] - Text 'TestAdmin@test.ru' is set on object 'Object Repository/Page_/input__sc-lnrBVv eqPACj'

2022-02-21 12:42:41 - [TEST_STEP][PASSED] - setText(findTestObject("Object Repository/Page_/input__sc-lnrBVv eqPACj_1"), admin_password): Text 'TestAdmin@test.ru' is set on object 'Object Repository/Page_/input__sc-lnrBVv eqPACj_1'

2022-02-21 12:42:45 - [MESSAGE][PASSED] - Text 'TestAdmin@test.ru' is set on object 'Object Repository/Page_/input__sc-lnrBVv eqPACj_1'

2022-02-21 12:42:45 - [TEST_STEP][PASSED] - click(findTestObject("Object Repository/Page_/go")): Object: 'Object Repository/Page_/go' is clicked on

2022-02-21 12:42:47 - [MESSAGE][PASSED] - Object: 'Object Repository/Page_/go' is clicked on

2022-02-21 12:42:47 - [MESSAGE][PASSED] - Call Test Case 'Test Cases/Администратор/Авторизация' successfully

2022-02-21 12:42:47 - [TEST_STEP][PASSED] - click(findTestObject("admin/reports/keys/reports/report")): Object: 'Object Repository/admin/reports/keys/reports/report' is clicked on

2022-02-21 12:43:08 - [MESSAGE][PASSED] - Object: 'Object Repository/admin/reports/keys/reports/report' is clicked on

2022-02-21 12:43:08 - [MESSAGE][PASSED] - Call Test Case 'Test Cases/Администратор/Отчет для тк' successfully

2022-02-21 12:43:08 - [TEST_STEP][PASSED] - click(findTestObject("Object Repository/admin/phyz/Page_/phys")): Object: 'Object Repository/admin/phyz/Page_/phys' is clicked on

2022-02-21 12:43:11 - [MESSAGE][PASSED] - Object: 'Object Repository/admin/phyz/Page_/phys' is clicked on

2022-02-21 12:43:11 - [TEST_STEP][PASSED] - click(findTestObject("Object Repository/admin/phyz/Page_/school")): Object: 'Object Repository/admin/phyz/Page_/school' is clicked on

2022-02-21 12:43:13 - [MESSAGE][PASSED] - Object: 'Object Repository/admin/phyz/Page_/school' is clicked on

2022-02-21 12:43:13 - [TEST_STEP][PASSED] - click(findTestObject("Object Repository/admin/phyz/Page_/div_")): Object: 'Object Repository/admin/phyz/Page_/div_' is clicked on

2022-02-21 12:43:15 - [MESSAGE][PASSED] - Object: 'Object Repository/admin/phyz/Page_/div_' is clicked on

2022-02-21 12:43:15 - [TEST_STEP][PASSED] - click(findTestObject("Object Repository/admin/phyz/Page_/div_31.07.2020")): Object: 'Object Repository/admin/phyz/Page_/div_31.07.2020' is clicked on

2022-02-21 12:43:17 - [MESSAGE][PASSED] - Object: 'Object Repository/admin/phyz/Page_/div_31.07.2020' is clicked on

2022-02-21 12:43:17 - [TEST_STEP][PASSED] - click(findTestObject("Object Repository/admin/phyz/Page_/div_31.12.2020")): Object: 'Object Repository/admin/phyz/Page_/div_31.12.2020' is clicked on

2022-02-21 12:43:19 - [MESSAGE][PASSED] - Object: 'Object Repository/admin/phyz/Page_/div_31.12.2020' is clicked on

2022-02-21 12:43:19 - [TEST_STEP][PASSED] - click(findTestObject("Object Repository/admin/phyz/Page_/team")): Object: 'Object Repository/admin/phyz/Page_/team' is clicked on

2022-02-21 12:43:21 - [MESSAGE][PASSED] - Object: 'Object Repository/admin/phyz/Page_/team' is clicked on

2022-02-21 12:43:21 - [TEST_STEP][PASSED] - click(findTestObject("Object Repository/admin/phyz/Page_/oya")): Object: 'Object Repository/admin/phyz/Page_/oya' is clicked on

2022-02-21 12:43:23 - [MESSAGE][PASSED] - Object: 'Object Repository/admin/phyz/Page_/oya' is clicked on

2022-02-21 12:43:23 - [TEST_STEP][PASSED] - verifyTextPresent("Жим штанги лежа", true): Text 'Жим штанги лежа' is present on page  using regular expression

2022-02-21 12:43:27 - [MESSAGE][PASSED] - Text 'Жим штанги лежа' is present on page  using regular expression

2022-02-21 12:43:27 - [TEST_STEP][PASSED] - verifyTextPresent("Подтягивание из виса на перекладине", true): Text 'Подтягивание из виса на перекладине' is present on page  using regular expression

2022-02-21 12:43:29 - [MESSAGE][PASSED] - Text 'Подтягивание из виса на перекладине' is present on page  using regular expression

2022-02-21 12:43:29 - [TEST_STEP][PASSED] - verifyTextPresent("Уголок из виса на турнике", true): Text 'Уголок из виса на турнике' is present on page  using regular expression

2022-02-21 12:43:32 - [MESSAGE][PASSED] - Text 'Уголок из виса на турнике' is present on page  using regular expression

2022-02-21 12:43:32 - [TEST_STEP][PASSED] - click(findTestObject("Object Repository/admin/phyz/Page_/individ")): Object: 'Object Repository/admin/phyz/Page_/individ' is clicked on

2022-02-21 12:43:34 - [MESSAGE][PASSED] - Object: 'Object Repository/admin/phyz/Page_/individ' is clicked on

2022-02-21 12:43:34 - [TEST_STEP][PASSED] - click(findTestObject("Object Repository/admin/phyz/Page_/school")): Object: 'Object Repository/admin/phyz/Page_/school' is clicked on

2022-02-21 12:43:35 - [MESSAGE][PASSED] - Object: 'Object Repository/admin/phyz/Page_/school' is clicked on

2022-02-21 12:43:35 - [TEST_STEP][PASSED] - click(findTestObject("Object Repository/admin/phyz/Page_/div_   . _1")): Object: 'Object Repository/admin/phyz/Page_/div_   . _1' is clicked on

2022-02-21 12:43:38 - [MESSAGE][PASSED] - Object: 'Object Repository/admin/phyz/Page_/div_   . _1' is clicked on

2022-02-21 12:43:38 - [TEST_STEP][PASSED] - click(findTestObject("Object Repository/admin/phyz/Page_/team")): Object: 'Object Repository/admin/phyz/Page_/team' is clicked on

2022-02-21 12:43:39 - [MESSAGE][PASSED] - Object: 'Object Repository/admin/phyz/Page_/team' is clicked on

2022-02-21 12:43:39 - [TEST_STEP][PASSED] - click(findTestObject("Object Repository/admin/phyz/Page_/omsk")): Object: 'Object Repository/admin/phyz/Page_/omsk' is clicked on

2022-02-21 12:43:41 - [MESSAGE][PASSED] - Object: 'Object Repository/admin/phyz/Page_/omsk' is clicked on

2022-02-21 12:43:41 - [TEST_STEP][PASSED] - click(findTestObject("Object Repository/admin/phyz/Page_/div_ (1)")): Object: 'Object Repository/admin/phyz/Page_/div_ (1)' is clicked on

2022-02-21 12:43:43 - [MESSAGE][PASSED] - Object: 'Object Repository/admin/phyz/Page_/div_ (1)' is clicked on

2022-02-21 12:43:43 - [TEST_STEP][PASSED] - setText(findTestObject("Object Repository/admin/phyz/Page_/input__react-select-9-input"), player_for_test): Text 'Ганин Данила' is set on object 'Object Repository/admin/phyz/Page_/input__react-select-9-input'

2022-02-21 12:43:48 - [MESSAGE][PASSED] - Text 'Ганин Данила' is set on object 'Object Repository/admin/phyz/Page_/input__react-select-9-input'

2022-02-21 12:43:48 - [TEST_STEP][PASSED] - sendKeys(findTestObject("Object Repository/admin/phyz/Page_/input__react-select-9-input"), Keys.chord(ENTER)): Keys 'ENTER + ' sent to object: 'Object Repository/admin/phyz/Page_/input__react-select-9-input'

2022-02-21 12:43:50 - [MESSAGE][PASSED] - Keys 'ENTER + ' sent to object: 'Object Repository/admin/phyz/Page_/input__react-select-9-input'

2022-02-21 12:43:50 - [TEST_STEP][PASSED] - verifyTextPresent("Прыжок в высоту", true): Text 'Прыжок в высоту' is present on page  using regular expression

2022-02-21 12:43:52 - [MESSAGE][PASSED] - Text 'Прыжок в высоту' is present on page  using regular expression

2022-02-21 12:43:52 - [TEST_STEP][PASSED] - verifyTextPresent("Челночный бег 5-10-5 \(сек\)", true): Text 'Челночный бег 5-10-5 \(сек\)' is present on page  using regular expression

2022-02-21 12:43:54 - [MESSAGE][PASSED] - Text 'Челночный бег 5-10-5 \(сек\)' is present on page  using regular expression

2022-02-21 12:43:54 - [TEST_STEP][PASSED] - verifyTextPresent("СРЕДНЯЯ ОЦЕНКА", true): Text 'СРЕДНЯЯ ОЦЕНКА' is present on page  using regular expression

2022-02-21 12:43:57 - [MESSAGE][PASSED] - Text 'СРЕДНЯЯ ОЦЕНКА' is present on page  using regular expression

2022-02-21 12:43:57 - [TEST_STEP][PASSED] - verifyTextPresent("Список навыков и характеристики", true): Text 'Список навыков и характеристики' is present on page  using regular expression

2022-02-21 12:43:58 - [MESSAGE][PASSED] - Text 'Список навыков и характеристики' is present on page  using regular expression

2022-02-21 12:43:58 - [TEST_STEP][PASSED] - click(findTestObject("Object Repository/admin/phyz/Page_/home")): Object: 'Object Repository/admin/phyz/Page_/home' is clicked on

2022-02-21 12:44:01 - [MESSAGE][PASSED] - Object: 'Object Repository/admin/phyz/Page_/home' is clicked on

2022-02-21 12:44:01 - [TEST_STEP][PASSED] - scrollToElement(findTestObject("Object Repository/admin/phyz/Page_/exit"), 0): Scroll to object 'Object Repository/admin/phyz/Page_/exit' successfully

2022-02-21 12:44:01 - [MESSAGE][WARNING] - Timeout '0' is invalid. Using default page load timeout: '30'

2022-02-21 12:44:11 - [MESSAGE][PASSED] - Scroll to object 'Object Repository/admin/phyz/Page_/exit' successfully

2022-02-21 12:44:11 - [TEST_STEP][PASSED] - click(findTestObject("Object Repository/admin/phyz/Page_/exit")): Object: 'Object Repository/admin/phyz/Page_/exit' is clicked on

2022-02-21 12:44:14 - [MESSAGE][PASSED] - Object: 'Object Repository/admin/phyz/Page_/exit' is clicked on

2022-02-21 12:44:14 - [TEST_STEP][PASSED] - closeBrowser(): Browser is closed

2022-02-21 12:44:15 - [MESSAGE][PASSED] - Browser is closed]]></system-out>
         <system-err><![CDATA[]]></system-err>
      </testcase>
      <testcase name="Test Cases/Администратор/ОТЧЕТЫ функциональные тесты/Список участников без оценки" time="199.714" classname="Test Cases/Администратор/ОТЧЕТЫ функциональные тесты/Список участников без оценки" status="PASSED">
         <system-out><![CDATA[2022-02-21 12:44:15 - [TEST_CASE][PASSED] - Test Cases/Администратор/ОТЧЕТЫ функциональные тесты/Список участников без оценки: Test Cases/Администратор/ОТЧЕТЫ функциональные тесты/Список участников без оценки

2022-02-21 12:44:15 - [TEST_STEP][PASSED] - callTestCase(findTestCase("Администратор/Отчет для тк"), [:], STOP_ON_FAILURE): Call Test Case 'Test Cases/Администратор/Отчет для тк' successfully

2022-02-21 12:44:15 - [TEST_CASE][PASSED] - Test Cases/Администратор/Отчет для тк: Test Cases/Администратор/Отчет для тк

2022-02-21 12:44:15 - [TEST_STEP][PASSED] - callTestCase(findTestCase("Администратор/Авторизация"), [:], STOP_ON_FAILURE): Call Test Case 'Test Cases/Администратор/Авторизация' successfully

2022-02-21 12:44:15 - [TEST_CASE][PASSED] - Test Cases/Администратор/Авторизация: Test Cases/Администратор/Авторизация

2022-02-21 12:44:15 - [TEST_STEP][PASSED] - openBrowser(""): Browser is opened with url: ''

2022-02-21 12:44:15 - [MESSAGE][INFO] - User set preference: ['os', 'linux']

2022-02-21 12:44:15 - [MESSAGE][INFO] - User set preference: ['browserName', 'chrome']

2022-02-21 12:44:15 - [MESSAGE][INFO] - User set preference: ['browserVersion', '97']

2022-02-21 12:44:15 - [MESSAGE][INFO] - User set preference: ['katalon:option', '{organizationId=551240, tunnelId=, usingTunnel=false}']

2022-02-21 12:44:15 - [MESSAGE][INFO] - Connecting to remote web server 'testcloud.katalon.com/hub' with type 'Selenium'

2022-02-21 12:44:15 - [MESSAGE][INFO] - Action delay is set to 100 milliseconds

2022-02-21 12:46:01 - [MESSAGE][PASSED] - Browser is opened with url: ''

2022-02-21 12:46:01 - [TEST_STEP][PASSED] - maximizeWindow(): Current window maximized

2022-02-21 12:46:02 - [MESSAGE][PASSED] - Current window maximized

2022-02-21 12:46:02 - [TEST_STEP][PASSED] - navigateToUrl(url): Navigate to 'https://stars-stage.hawk.ru:8080' successfully

2022-02-21 12:46:08 - [MESSAGE][PASSED] - Navigate to 'https://stars-stage.hawk.ru:8080' successfully

2022-02-21 12:46:08 - [TEST_STEP][PASSED] - setText(findTestObject("Object Repository/Page_/input__sc-lnrBVv eqPACj"), admin_login): Text 'TestAdmin@test.ru' is set on object 'Object Repository/Page_/input__sc-lnrBVv eqPACj'

2022-02-21 12:46:12 - [MESSAGE][PASSED] - Text 'TestAdmin@test.ru' is set on object 'Object Repository/Page_/input__sc-lnrBVv eqPACj'

2022-02-21 12:46:12 - [TEST_STEP][PASSED] - setText(findTestObject("Object Repository/Page_/input__sc-lnrBVv eqPACj_1"), admin_password): Text 'TestAdmin@test.ru' is set on object 'Object Repository/Page_/input__sc-lnrBVv eqPACj_1'

2022-02-21 12:46:17 - [MESSAGE][PASSED] - Text 'TestAdmin@test.ru' is set on object 'Object Repository/Page_/input__sc-lnrBVv eqPACj_1'

2022-02-21 12:46:17 - [TEST_STEP][PASSED] - click(findTestObject("Object Repository/Page_/go")): Object: 'Object Repository/Page_/go' is clicked on

2022-02-21 12:46:19 - [MESSAGE][PASSED] - Object: 'Object Repository/Page_/go' is clicked on

2022-02-21 12:46:19 - [MESSAGE][PASSED] - Call Test Case 'Test Cases/Администратор/Авторизация' successfully

2022-02-21 12:46:19 - [TEST_STEP][PASSED] - click(findTestObject("admin/reports/keys/reports/report")): Object: 'Object Repository/admin/reports/keys/reports/report' is clicked on

2022-02-21 12:46:44 - [MESSAGE][PASSED] - Object: 'Object Repository/admin/reports/keys/reports/report' is clicked on

2022-02-21 12:46:44 - [MESSAGE][PASSED] - Call Test Case 'Test Cases/Администратор/Отчет для тк' successfully

2022-02-21 12:46:44 - [TEST_STEP][PASSED] - click(findTestObject("Object Repository/admin/reports/not/Page_/not")): Object: 'Object Repository/admin/reports/not/Page_/not' is clicked on

2022-02-21 12:46:47 - [MESSAGE][PASSED] - Object: 'Object Repository/admin/reports/not/Page_/not' is clicked on

2022-02-21 12:46:47 - [TEST_STEP][PASSED] - verifyTextPresent("СПИСОК УЧАСТНИКОВ БЕЗ ОЦЕНКИ", true): Text 'СПИСОК УЧАСТНИКОВ БЕЗ ОЦЕНКИ' is present on page  using regular expression

2022-02-21 12:46:56 - [MESSAGE][PASSED] - Text 'СПИСОК УЧАСТНИКОВ БЕЗ ОЦЕНКИ' is present on page  using regular expression

2022-02-21 12:46:56 - [TEST_STEP][PASSED] - takeFullPageScreenshot("C:\scr\" + school + "29.jpg"): Taking screenshot successfully

2022-02-21 12:47:02 - [MESSAGE][INFO] - 0 hidden object(s)

2022-02-21 12:47:02 - [MESSAGE][PASSED] - Taking screenshot successfully
[[ATTACHMENT|C:\scr\Омские Ястребы29.jpg]]

2022-02-21 12:47:02 - [TEST_STEP][PASSED] - setText(findTestObject("Object Repository/admin/reports/not/Page_/input__react-select-2-input"), "ака"): Text 'ака' is set on object 'Object Repository/admin/reports/not/Page_/input__react-select-2-input'

2022-02-21 12:47:07 - [MESSAGE][PASSED] - Text 'ака' is set on object 'Object Repository/admin/reports/not/Page_/input__react-select-2-input'

2022-02-21 12:47:07 - [TEST_STEP][PASSED] - sendKeys(findTestObject("Object Repository/admin/reports/not/Page_/input__react-select-2-input"), Keys.chord(ENTER)): Keys 'ENTER + ' sent to object: 'Object Repository/admin/reports/not/Page_/input__react-select-2-input'

2022-02-21 12:47:08 - [MESSAGE][PASSED] - Keys 'ENTER + ' sent to object: 'Object Repository/admin/reports/not/Page_/input__react-select-2-input'

2022-02-21 12:47:08 - [TEST_STEP][PASSED] - setText(findTestObject("Object Repository/admin/reports/not/Page_/input__react-select-3-input"), school): Text 'Омские Ястребы' is set on object 'Object Repository/admin/reports/not/Page_/input__react-select-3-input'

2022-02-21 12:47:17 - [MESSAGE][PASSED] - Text 'Омские Ястребы' is set on object 'Object Repository/admin/reports/not/Page_/input__react-select-3-input'

2022-02-21 12:47:17 - [TEST_STEP][PASSED] - sendKeys(findTestObject("Object Repository/admin/reports/not/Page_/input__react-select-3-input"), Keys.chord(ENTER)): Keys 'ENTER + ' sent to object: 'Object Repository/admin/reports/not/Page_/input__react-select-3-input'

2022-02-21 12:47:19 - [MESSAGE][PASSED] - Keys 'ENTER + ' sent to object: 'Object Repository/admin/reports/not/Page_/input__react-select-3-input'

2022-02-21 12:47:19 - [TEST_STEP][PASSED] - setText(findTestObject("Object Repository/admin/reports/not/Page_/input__react-select-4-input"), "26.8"): Text '26.8' is set on object 'Object Repository/admin/reports/not/Page_/input__react-select-4-input'

2022-02-21 12:47:24 - [MESSAGE][PASSED] - Text '26.8' is set on object 'Object Repository/admin/reports/not/Page_/input__react-select-4-input'

2022-02-21 12:47:24 - [TEST_STEP][PASSED] - sendKeys(findTestObject("Object Repository/admin/reports/not/Page_/input__react-select-4-input"), Keys.chord(ENTER)): Keys 'ENTER + ' sent to object: 'Object Repository/admin/reports/not/Page_/input__react-select-4-input'

2022-02-21 12:47:26 - [MESSAGE][PASSED] - Keys 'ENTER + ' sent to object: 'Object Repository/admin/reports/not/Page_/input__react-select-4-input'

2022-02-21 12:47:26 - [TEST_STEP][PASSED] - takeFullPageScreenshot("C:\scr\" + school + "30.jpg"): Taking screenshot successfully

2022-02-21 12:47:32 - [MESSAGE][INFO] - 0 hidden object(s)

2022-02-21 12:47:32 - [MESSAGE][PASSED] - Taking screenshot successfully
[[ATTACHMENT|C:\scr\Омские Ястребы30.jpg]]

2022-02-21 12:47:32 - [TEST_STEP][PASSED] - click(findTestObject("Object Repository/manager/kale/Page_/root")): Object: 'Object Repository/manager/kale/Page_/root' is clicked on

2022-02-21 12:47:34 - [MESSAGE][PASSED] - Object: 'Object Repository/manager/kale/Page_/root' is clicked on

2022-02-21 12:47:34 - [TEST_STEP][PASSED] - closeBrowser(): Browser is closed

2022-02-21 12:47:35 - [MESSAGE][PASSED] - Browser is closed]]></system-out>
         <system-err><![CDATA[]]></system-err>
      </testcase>
      <testcase name="Test Cases/Администратор/ОТЧЕТЫ функциональные тесты/Отчет психофиз" time="155.204" classname="Test Cases/Администратор/ОТЧЕТЫ функциональные тесты/Отчет психофиз" status="FAILED">
         <failure type="FAILED" message="Test Cases/Администратор/ОТЧЕТЫ функциональные тесты/Отчет психофиз FAILED.
Reason:
com.kms.katalon.core.exception.StepFailedException: Unable to verify text 'ОТЧЕТ ПСИХОЛОГИЧЕСКОГО ПРОФИЛЯ' is present  using regular expression
	at com.kms.katalon.core.webui.keyword.internal.WebUIKeywordMain.stepFailed(WebUIKeywordMain.groovy:64)
	at com.kms.katalon.core.webui.keyword.internal.WebUIKeywordMain.runKeyword(WebUIKeywordMain.groovy:26)
	at com.kms.katalon.core.webui.keyword.builtin.VerifyTextPresentKeyword.verifyTextPresent(VerifyTextPresentKeyword.groovy:83)
	at com.kms.katalon.core.webui.keyword.builtin.VerifyTextPresentKeyword.execute(VerifyTextPresentKeyword.groovy:68)
	at com.kms.katalon.core.keyword.internal.KeywordExecutor.executeKeywordForPlatform(KeywordExecutor.groovy:74)
	at com.kms.katalon.core.webui.keyword.WebUiBuiltInKeywords.verifyTextPresent(WebUiBuiltInKeywords.groovy:1723)
	at com.kms.katalon.core.webui.keyword.WebUiBuiltInKeywords$verifyTextPresent$8.call(Unknown Source)
	at Отчет психофиз.run(Отчет психофиз:25)
	at com.kms.katalon.core.main.ScriptEngine.run(ScriptEngine.java:194)
	at com.kms.katalon.core.main.ScriptEngine.runScriptAsRawText(ScriptEngine.java:119)
	at com.kms.katalon.core.main.TestCaseExecutor.runScript(TestCaseExecutor.java:442)
	at com.kms.katalon.core.main.TestCaseExecutor.doExecute(TestCaseExecutor.java:433)
	at com.kms.katalon.core.main.TestCaseExecutor.processExecutionPhase(TestCaseExecutor.java:412)
	at com.kms.katalon.core.main.TestCaseExecutor.accessMainPhase(TestCaseExecutor.java:404)
	at com.kms.katalon.core.main.TestCaseExecutor.execute(TestCaseExecutor.java:281)
	at com.kms.katalon.core.main.TestSuiteExecutor.accessTestCaseMainPhase(TestSuiteExecutor.java:202)
	at com.kms.katalon.core.main.TestSuiteExecutor.accessTestSuiteMainPhase(TestSuiteExecutor.java:164)
	at com.kms.katalon.core.main.TestSuiteExecutor.execute(TestSuiteExecutor.java:105)
	at com.kms.katalon.core.main.TestCaseMain.startTestSuite(TestCaseMain.java:185)
	at com.kms.katalon.core.main.TestCaseMain$startTestSuite$0.call(Unknown Source)
	at TempTestSuite1645435798941.run(TempTestSuite1645435798941.groovy:36)
Caused by: com.kms.katalon.core.exception.StepFailedException: Text 'ОТЧЕТ ПСИХОЛОГИЧЕСКОГО ПРОФИЛЯ' is not present on page  using regular expression
	at com.kms.katalon.core.webui.keyword.internal.WebUIKeywordMain.stepFailed(WebUIKeywordMain.groovy:64)
	at com.kms.katalon.core.webui.keyword.builtin.VerifyTextPresentKeyword$_verifyTextPresent_closure1.doCall(VerifyTextPresentKeyword.groovy:79)
	at com.kms.katalon.core.webui.keyword.builtin.VerifyTextPresentKeyword$_verifyTextPresent_closure1.call(VerifyTextPresentKeyword.groovy)
	at com.kms.katalon.core.webui.keyword.internal.WebUIKeywordMain.runKeyword(WebUIKeywordMain.groovy:20)
	... 19 more
"/>
         <system-out><![CDATA[2022-02-21 12:47:35 - [TEST_CASE][FAILED] - Test Cases/Администратор/ОТЧЕТЫ функциональные тесты/Отчет психофиз: Test Cases/Администратор/ОТЧЕТЫ функциональные тесты/Отчет психофиз FAILED.
Reason:
com.kms.katalon.core.exception.StepFailedException: Unable to verify text 'ОТЧЕТ ПСИХОЛОГИЧЕСКОГО ПРОФИЛЯ' is present  using regular expression
	at com.kms.katalon.core.webui.keyword.internal.WebUIKeywordMain.stepFailed(WebUIKeywordMain.groovy:64)
	at com.kms.katalon.core.webui.keyword.internal.WebUIKeywordMain.runKeyword(WebUIKeywordMain.groovy:26)
	at com.kms.katalon.core.webui.keyword.builtin.VerifyTextPresentKeyword.verifyTextPresent(VerifyTextPresentKeyword.groovy:83)
	at com.kms.katalon.core.webui.keyword.builtin.VerifyTextPresentKeyword.execute(VerifyTextPresentKeyword.groovy:68)
	at com.kms.katalon.core.keyword.internal.KeywordExecutor.executeKeywordForPlatform(KeywordExecutor.groovy:74)
	at com.kms.katalon.core.webui.keyword.WebUiBuiltInKeywords.verifyTextPresent(WebUiBuiltInKeywords.groovy:1723)
	at com.kms.katalon.core.webui.keyword.WebUiBuiltInKeywords$verifyTextPresent$8.call(Unknown Source)
	at Отчет психофиз.run(Отчет психофиз:25)
	at com.kms.katalon.core.main.ScriptEngine.run(ScriptEngine.java:194)
	at com.kms.katalon.core.main.ScriptEngine.runScriptAsRawText(ScriptEngine.java:119)
	at com.kms.katalon.core.main.TestCaseExecutor.runScript(TestCaseExecutor.java:442)
	at com.kms.katalon.core.main.TestCaseExecutor.doExecute(TestCaseExecutor.java:433)
	at com.kms.katalon.core.main.TestCaseExecutor.processExecutionPhase(TestCaseExecutor.java:412)
	at com.kms.katalon.core.main.TestCaseExecutor.accessMainPhase(TestCaseExecutor.java:404)
	at com.kms.katalon.core.main.TestCaseExecutor.execute(TestCaseExecutor.java:281)
	at com.kms.katalon.core.main.TestSuiteExecutor.accessTestCaseMainPhase(TestSuiteExecutor.java:202)
	at com.kms.katalon.core.main.TestSuiteExecutor.accessTestSuiteMainPhase(TestSuiteExecutor.java:164)
	at com.kms.katalon.core.main.TestSuiteExecutor.execute(TestSuiteExecutor.java:105)
	at com.kms.katalon.core.main.TestCaseMain.startTestSuite(TestCaseMain.java:185)
	at com.kms.katalon.core.main.TestCaseMain$startTestSuite$0.call(Unknown Source)
	at TempTestSuite1645435798941.run(TempTestSuite1645435798941.groovy:36)
Caused by: com.kms.katalon.core.exception.StepFailedException: Text 'ОТЧЕТ ПСИХОЛОГИЧЕСКОГО ПРОФИЛЯ' is not present on page  using regular expression
	at com.kms.katalon.core.webui.keyword.internal.WebUIKeywordMain.stepFailed(WebUIKeywordMain.groovy:64)
	at com.kms.katalon.core.webui.keyword.builtin.VerifyTextPresentKeyword$_verifyTextPresent_closure1.doCall(VerifyTextPresentKeyword.groovy:79)
	at com.kms.katalon.core.webui.keyword.builtin.VerifyTextPresentKeyword$_verifyTextPresent_closure1.call(VerifyTextPresentKeyword.groovy)
	at com.kms.katalon.core.webui.keyword.internal.WebUIKeywordMain.runKeyword(WebUIKeywordMain.groovy:20)
	... 19 more


2022-02-21 12:47:35 - [TEST_STEP][PASSED] - callTestCase(findTestCase("Администратор/Отчет для тк"), [:], STOP_ON_FAILURE): Call Test Case 'Test Cases/Администратор/Отчет для тк' successfully

2022-02-21 12:47:35 - [TEST_CASE][PASSED] - Test Cases/Администратор/Отчет для тк: Test Cases/Администратор/Отчет для тк

2022-02-21 12:47:35 - [TEST_STEP][PASSED] - callTestCase(findTestCase("Администратор/Авторизация"), [:], STOP_ON_FAILURE): Call Test Case 'Test Cases/Администратор/Авторизация' successfully

2022-02-21 12:47:35 - [TEST_CASE][PASSED] - Test Cases/Администратор/Авторизация: Test Cases/Администратор/Авторизация

2022-02-21 12:47:35 - [TEST_STEP][PASSED] - openBrowser(""): Browser is opened with url: ''

2022-02-21 12:47:35 - [MESSAGE][INFO] - User set preference: ['os', 'linux']

2022-02-21 12:47:35 - [MESSAGE][INFO] - User set preference: ['browserName', 'chrome']

2022-02-21 12:47:35 - [MESSAGE][INFO] - User set preference: ['browserVersion', '97']

2022-02-21 12:47:35 - [MESSAGE][INFO] - User set preference: ['katalon:option', '{organizationId=551240, tunnelId=, usingTunnel=false}']

2022-02-21 12:47:35 - [MESSAGE][INFO] - Connecting to remote web server 'testcloud.katalon.com/hub' with type 'Selenium'

2022-02-21 12:47:35 - [MESSAGE][INFO] - Action delay is set to 100 milliseconds

2022-02-21 12:48:46 - [MESSAGE][PASSED] - Browser is opened with url: ''

2022-02-21 12:48:46 - [TEST_STEP][PASSED] - maximizeWindow(): Current window maximized

2022-02-21 12:48:47 - [MESSAGE][PASSED] - Current window maximized

2022-02-21 12:48:47 - [TEST_STEP][PASSED] - navigateToUrl(url): Navigate to 'https://stars-stage.hawk.ru:8080' successfully

2022-02-21 12:48:53 - [MESSAGE][PASSED] - Navigate to 'https://stars-stage.hawk.ru:8080' successfully

2022-02-21 12:48:53 - [TEST_STEP][PASSED] - setText(findTestObject("Object Repository/Page_/input__sc-lnrBVv eqPACj"), admin_login): Text 'TestAdmin@test.ru' is set on object 'Object Repository/Page_/input__sc-lnrBVv eqPACj'

2022-02-21 12:48:57 - [MESSAGE][PASSED] - Text 'TestAdmin@test.ru' is set on object 'Object Repository/Page_/input__sc-lnrBVv eqPACj'

2022-02-21 12:48:57 - [TEST_STEP][PASSED] - setText(findTestObject("Object Repository/Page_/input__sc-lnrBVv eqPACj_1"), admin_password): Text 'TestAdmin@test.ru' is set on object 'Object Repository/Page_/input__sc-lnrBVv eqPACj_1'

2022-02-21 12:49:01 - [MESSAGE][PASSED] - Text 'TestAdmin@test.ru' is set on object 'Object Repository/Page_/input__sc-lnrBVv eqPACj_1'

2022-02-21 12:49:01 - [TEST_STEP][PASSED] - click(findTestObject("Object Repository/Page_/go")): Object: 'Object Repository/Page_/go' is clicked on

2022-02-21 12:49:03 - [MESSAGE][PASSED] - Object: 'Object Repository/Page_/go' is clicked on

2022-02-21 12:49:03 - [MESSAGE][PASSED] - Call Test Case 'Test Cases/Администратор/Авторизация' successfully

2022-02-21 12:49:03 - [TEST_STEP][PASSED] - click(findTestObject("admin/reports/keys/reports/report")): Object: 'Object Repository/admin/reports/keys/reports/report' is clicked on

2022-02-21 12:49:22 - [MESSAGE][PASSED] - Object: 'Object Repository/admin/reports/keys/reports/report' is clicked on

2022-02-21 12:49:22 - [MESSAGE][PASSED] - Call Test Case 'Test Cases/Администратор/Отчет для тк' successfully

2022-02-21 12:49:22 - [TEST_STEP][PASSED] - click(findTestObject("Object Repository/admin/reports/psyhotest/Page_/psychotest")): Object: 'Object Repository/admin/reports/psyhotest/Page_/psychotest' is clicked on

2022-02-21 12:49:55 - [MESSAGE][INFO] - Unable to find the element located by 'By.xpath: //*[(text() = 'Отчет психофизического профиля' or . = 'Отчет психофизического профиля')]'. Please recheck the objects properties to make sure the desired element is located. 

2022-02-21 12:49:55 - [MESSAGE][WARNING] - [SELF-HEALING] Failed to find element with id 'Object Repository/admin/reports/psyhotest/Page_/psychotest'. Try using Self-healing.

2022-02-21 12:49:56 - [MESSAGE][WARNING] - [SELF-HEALING] The current locator of test object 'Object Repository/admin/reports/psyhotest/Page_/psychotest' was broken. Propose an alternative one: '(.//*[normalize-space(text()) and normalize-space(.)='Отчет по играм за период'])[1]/following::div[6]'.

2022-02-21 12:49:57 - [MESSAGE][PASSED] - Object: 'Object Repository/admin/reports/psyhotest/Page_/psychotest' is clicked on

2022-02-21 12:49:57 - [TEST_STEP][FAILED] - verifyTextPresent("ОТЧЕТ ПСИХОЛОГИЧЕСКОГО ПРОФИЛЯ", true): Unable to verify text 'ОТЧЕТ ПСИХОЛОГИЧЕСКОГО ПРОФИЛЯ' is present  using regular expression (Root cause: com.kms.katalon.core.exception.StepFailedException: Unable to verify text 'ОТЧЕТ ПСИХОЛОГИЧЕСКОГО ПРОФИЛЯ' is present  using regular expression
	at com.kms.katalon.core.webui.keyword.internal.WebUIKeywordMain.stepFailed(WebUIKeywordMain.groovy:64)
	at com.kms.katalon.core.webui.keyword.internal.WebUIKeywordMain.runKeyword(WebUIKeywordMain.groovy:26)
	at com.kms.katalon.core.webui.keyword.builtin.VerifyTextPresentKeyword.verifyTextPresent(VerifyTextPresentKeyword.groovy:83)
	at com.kms.katalon.core.webui.keyword.builtin.VerifyTextPresentKeyword.execute(VerifyTextPresentKeyword.groovy:68)
	at com.kms.katalon.core.keyword.internal.KeywordExecutor.executeKeywordForPlatform(KeywordExecutor.groovy:74)
	at com.kms.katalon.core.webui.keyword.WebUiBuiltInKeywords.verifyTextPresent(WebUiBuiltInKeywords.groovy:1723)
	at com.kms.katalon.core.webui.keyword.WebUiBuiltInKeywords$verifyTextPresent$8.call(Unknown Source)
	at Отчет психофиз.run(Отчет психофиз:25)
	at com.kms.katalon.core.main.ScriptEngine.run(ScriptEngine.java:194)
	at com.kms.katalon.core.main.ScriptEngine.runScriptAsRawText(ScriptEngine.java:119)
	at com.kms.katalon.core.main.TestCaseExecutor.runScript(TestCaseExecutor.java:442)
	at com.kms.katalon.core.main.TestCaseExecutor.doExecute(TestCaseExecutor.java:433)
	at com.kms.katalon.core.main.TestCaseExecutor.processExecutionPhase(TestCaseExecutor.java:412)
	at com.kms.katalon.core.main.TestCaseExecutor.accessMainPhase(TestCaseExecutor.java:404)
	at com.kms.katalon.core.main.TestCaseExecutor.execute(TestCaseExecutor.java:281)
	at com.kms.katalon.core.main.TestSuiteExecutor.accessTestCaseMainPhase(TestSuiteExecutor.java:202)
	at com.kms.katalon.core.main.TestSuiteExecutor.accessTestSuiteMainPhase(TestSuiteExecutor.java:164)
	at com.kms.katalon.core.main.TestSuiteExecutor.execute(TestSuiteExecutor.java:105)
	at com.kms.katalon.core.main.TestCaseMain.startTestSuite(TestCaseMain.java:185)
	at com.kms.katalon.core.main.TestCaseMain$startTestSuite$0.call(Unknown Source)
	at TempTestSuite1645435798941.run(TempTestSuite1645435798941.groovy:36)
Caused by: com.kms.katalon.core.exception.StepFailedException: Text 'ОТЧЕТ ПСИХОЛОГИЧЕСКОГО ПРОФИЛЯ' is not present on page  using regular expression
	at com.kms.katalon.core.webui.keyword.internal.WebUIKeywordMain.stepFailed(WebUIKeywordMain.groovy:64)
	at com.kms.katalon.core.webui.keyword.builtin.VerifyTextPresentKeyword$_verifyTextPresent_closure1.doCall(VerifyTextPresentKeyword.groovy:79)
	at com.kms.katalon.core.webui.keyword.builtin.VerifyTextPresentKeyword$_verifyTextPresent_closure1.call(VerifyTextPresentKeyword.groovy)
	at com.kms.katalon.core.webui.keyword.internal.WebUIKeywordMain.runKeyword(WebUIKeywordMain.groovy:20)
	... 19 more
)

2022-02-21 12:50:06 - [MESSAGE][FAILED] - Text 'ОТЧЕТ ПСИХОЛОГИЧЕСКОГО ПРОФИЛЯ' is not present on page  using regular expression (Root cause: com.kms.katalon.core.exception.StepFailedException: Text 'ОТЧЕТ ПСИХОЛОГИЧЕСКОГО ПРОФИЛЯ' is not present on page  using regular expression
	at com.kms.katalon.core.webui.keyword.internal.WebUIKeywordMain.stepFailed(WebUIKeywordMain.groovy:64)
	at com.kms.katalon.core.webui.keyword.builtin.VerifyTextPresentKeyword$_verifyTextPresent_closure1.doCall(VerifyTextPresentKeyword.groovy:79)
	at com.kms.katalon.core.webui.keyword.builtin.VerifyTextPresentKeyword$_verifyTextPresent_closure1.call(VerifyTextPresentKeyword.groovy)
	at com.kms.katalon.core.webui.keyword.internal.WebUIKeywordMain.runKeyword(WebUIKeywordMain.groovy:20)
	at com.kms.katalon.core.webui.keyword.builtin.VerifyTextPresentKeyword.verifyTextPresent(VerifyTextPresentKeyword.groovy:83)
	at com.kms.katalon.core.webui.keyword.builtin.VerifyTextPresentKeyword.execute(VerifyTextPresentKeyword.groovy:68)
	at com.kms.katalon.core.keyword.internal.KeywordExecutor.executeKeywordForPlatform(KeywordExecutor.groovy:74)
	at com.kms.katalon.core.webui.keyword.WebUiBuiltInKeywords.verifyTextPresent(WebUiBuiltInKeywords.groovy:1723)
	at com.kms.katalon.core.webui.keyword.WebUiBuiltInKeywords$verifyTextPresent$8.call(Unknown Source)
	at Отчет психофиз.run(Отчет психофиз:25)
	at com.kms.katalon.core.main.ScriptEngine.run(ScriptEngine.java:194)
	at com.kms.katalon.core.main.ScriptEngine.runScriptAsRawText(ScriptEngine.java:119)
	at com.kms.katalon.core.main.TestCaseExecutor.runScript(TestCaseExecutor.java:442)
	at com.kms.katalon.core.main.TestCaseExecutor.doExecute(TestCaseExecutor.java:433)
	at com.kms.katalon.core.main.TestCaseExecutor.processExecutionPhase(TestCaseExecutor.java:412)
	at com.kms.katalon.core.main.TestCaseExecutor.accessMainPhase(TestCaseExecutor.java:404)
	at com.kms.katalon.core.main.TestCaseExecutor.execute(TestCaseExecutor.java:281)
	at com.kms.katalon.core.main.TestSuiteExecutor.accessTestCaseMainPhase(TestSuiteExecutor.java:202)
	at com.kms.katalon.core.main.TestSuiteExecutor.accessTestSuiteMainPhase(TestSuiteExecutor.java:164)
	at com.kms.katalon.core.main.TestSuiteExecutor.execute(TestSuiteExecutor.java:105)
	at com.kms.katalon.core.main.TestCaseMain.startTestSuite(TestCaseMain.java:185)
	at com.kms.katalon.core.main.TestCaseMain$startTestSuite$0.call(Unknown Source)
	at TempTestSuite1645435798941.run(TempTestSuite1645435798941.groovy:36)
)

2022-02-21 12:50:08 - [MESSAGE][FAILED] - Unable to verify text 'ОТЧЕТ ПСИХОЛОГИЧЕСКОГО ПРОФИЛЯ' is present  using regular expression (Root cause: com.kms.katalon.core.exception.StepFailedException: Unable to verify text 'ОТЧЕТ ПСИХОЛОГИЧЕСКОГО ПРОФИЛЯ' is present  using regular expression
	at com.kms.katalon.core.webui.keyword.internal.WebUIKeywordMain.stepFailed(WebUIKeywordMain.groovy:64)
	at com.kms.katalon.core.webui.keyword.internal.WebUIKeywordMain.runKeyword(WebUIKeywordMain.groovy:26)
	at com.kms.katalon.core.webui.keyword.builtin.VerifyTextPresentKeyword.verifyTextPresent(VerifyTextPresentKeyword.groovy:83)
	at com.kms.katalon.core.webui.keyword.builtin.VerifyTextPresentKeyword.execute(VerifyTextPresentKeyword.groovy:68)
	at com.kms.katalon.core.keyword.internal.KeywordExecutor.executeKeywordForPlatform(KeywordExecutor.groovy:74)
	at com.kms.katalon.core.webui.keyword.WebUiBuiltInKeywords.verifyTextPresent(WebUiBuiltInKeywords.groovy:1723)
	at com.kms.katalon.core.webui.keyword.WebUiBuiltInKeywords$verifyTextPresent$8.call(Unknown Source)
	at Отчет психофиз.run(Отчет психофиз:25)
	at com.kms.katalon.core.main.ScriptEngine.run(ScriptEngine.java:194)
	at com.kms.katalon.core.main.ScriptEngine.runScriptAsRawText(ScriptEngine.java:119)
	at com.kms.katalon.core.main.TestCaseExecutor.runScript(TestCaseExecutor.java:442)
	at com.kms.katalon.core.main.TestCaseExecutor.doExecute(TestCaseExecutor.java:433)
	at com.kms.katalon.core.main.TestCaseExecutor.processExecutionPhase(TestCaseExecutor.java:412)
	at com.kms.katalon.core.main.TestCaseExecutor.accessMainPhase(TestCaseExecutor.java:404)
	at com.kms.katalon.core.main.TestCaseExecutor.execute(TestCaseExecutor.java:281)
	at com.kms.katalon.core.main.TestSuiteExecutor.accessTestCaseMainPhase(TestSuiteExecutor.java:202)
	at com.kms.katalon.core.main.TestSuiteExecutor.accessTestSuiteMainPhase(TestSuiteExecutor.java:164)
	at com.kms.katalon.core.main.TestSuiteExecutor.execute(TestSuiteExecutor.java:105)
	at com.kms.katalon.core.main.TestCaseMain.startTestSuite(TestCaseMain.java:185)
	at com.kms.katalon.core.main.TestCaseMain$startTestSuite$0.call(Unknown Source)
	at TempTestSuite1645435798941.run(TempTestSuite1645435798941.groovy:36)
Caused by: com.kms.katalon.core.exception.StepFailedException: Text 'ОТЧЕТ ПСИХОЛОГИЧЕСКОГО ПРОФИЛЯ' is not present on page  using regular expression
	at com.kms.katalon.core.webui.keyword.internal.WebUIKeywordMain.stepFailed(WebUIKeywordMain.groovy:64)
	at com.kms.katalon.core.webui.keyword.builtin.VerifyTextPresentKeyword$_verifyTextPresent_closure1.doCall(VerifyTextPresentKeyword.groovy:79)
	at com.kms.katalon.core.webui.keyword.builtin.VerifyTextPresentKeyword$_verifyTextPresent_closure1.call(VerifyTextPresentKeyword.groovy)
	at com.kms.katalon.core.webui.keyword.internal.WebUIKeywordMain.runKeyword(WebUIKeywordMain.groovy:20)
	... 19 more
)
[[ATTACHMENT|C:\\Users\\LENOVO\\Katalon Studio\\Project Avangard\\Reports\\20220221_122957\\\u0410\u0434\u043C\u0438\u043D\u0438\u0441\u0442\u0440\u0430\u0442\u043E\u0440\\20220221_122958\\1645437006180.png]]]]></system-out>
         <system-err><![CDATA[2022-02-21 12:47:35 - [TEST_CASE][FAILED] - Test Cases/Администратор/ОТЧЕТЫ функциональные тесты/Отчет психофиз: Test Cases/Администратор/ОТЧЕТЫ функциональные тесты/Отчет психофиз FAILED.
Reason:
com.kms.katalon.core.exception.StepFailedException: Unable to verify text 'ОТЧЕТ ПСИХОЛОГИЧЕСКОГО ПРОФИЛЯ' is present  using regular expression
	at com.kms.katalon.core.webui.keyword.internal.WebUIKeywordMain.stepFailed(WebUIKeywordMain.groovy:64)
	at com.kms.katalon.core.webui.keyword.internal.WebUIKeywordMain.runKeyword(WebUIKeywordMain.groovy:26)
	at com.kms.katalon.core.webui.keyword.builtin.VerifyTextPresentKeyword.verifyTextPresent(VerifyTextPresentKeyword.groovy:83)
	at com.kms.katalon.core.webui.keyword.builtin.VerifyTextPresentKeyword.execute(VerifyTextPresentKeyword.groovy:68)
	at com.kms.katalon.core.keyword.internal.KeywordExecutor.executeKeywordForPlatform(KeywordExecutor.groovy:74)
	at com.kms.katalon.core.webui.keyword.WebUiBuiltInKeywords.verifyTextPresent(WebUiBuiltInKeywords.groovy:1723)
	at com.kms.katalon.core.webui.keyword.WebUiBuiltInKeywords$verifyTextPresent$8.call(Unknown Source)
	at Отчет психофиз.run(Отчет психофиз:25)
	at com.kms.katalon.core.main.ScriptEngine.run(ScriptEngine.java:194)
	at com.kms.katalon.core.main.ScriptEngine.runScriptAsRawText(ScriptEngine.java:119)
	at com.kms.katalon.core.main.TestCaseExecutor.runScript(TestCaseExecutor.java:442)
	at com.kms.katalon.core.main.TestCaseExecutor.doExecute(TestCaseExecutor.java:433)
	at com.kms.katalon.core.main.TestCaseExecutor.processExecutionPhase(TestCaseExecutor.java:412)
	at com.kms.katalon.core.main.TestCaseExecutor.accessMainPhase(TestCaseExecutor.java:404)
	at com.kms.katalon.core.main.TestCaseExecutor.execute(TestCaseExecutor.java:281)
	at com.kms.katalon.core.main.TestSuiteExecutor.accessTestCaseMainPhase(TestSuiteExecutor.java:202)
	at com.kms.katalon.core.main.TestSuiteExecutor.accessTestSuiteMainPhase(TestSuiteExecutor.java:164)
	at com.kms.katalon.core.main.TestSuiteExecutor.execute(TestSuiteExecutor.java:105)
	at com.kms.katalon.core.main.TestCaseMain.startTestSuite(TestCaseMain.java:185)
	at com.kms.katalon.core.main.TestCaseMain$startTestSuite$0.call(Unknown Source)
	at TempTestSuite1645435798941.run(TempTestSuite1645435798941.groovy:36)
Caused by: com.kms.katalon.core.exception.StepFailedException: Text 'ОТЧЕТ ПСИХОЛОГИЧЕСКОГО ПРОФИЛЯ' is not present on page  using regular expression
	at com.kms.katalon.core.webui.keyword.internal.WebUIKeywordMain.stepFailed(WebUIKeywordMain.groovy:64)
	at com.kms.katalon.core.webui.keyword.builtin.VerifyTextPresentKeyword$_verifyTextPresent_closure1.doCall(VerifyTextPresentKeyword.groovy:79)
	at com.kms.katalon.core.webui.keyword.builtin.VerifyTextPresentKeyword$_verifyTextPresent_closure1.call(VerifyTextPresentKeyword.groovy)
	at com.kms.katalon.core.webui.keyword.internal.WebUIKeywordMain.runKeyword(WebUIKeywordMain.groovy:20)
	... 19 more]]></system-err>
      </testcase>
      <testcase name="Test Cases/Администратор/ОТЧЕТЫ функциональные тесты/Отчет по играм за период" time="143.061" classname="Test Cases/Администратор/ОТЧЕТЫ функциональные тесты/Отчет по играм за период" status="PASSED">
         <system-out><![CDATA[2022-02-21 12:50:10 - [TEST_CASE][PASSED] - Test Cases/Администратор/ОТЧЕТЫ функциональные тесты/Отчет по играм за период: Test Cases/Администратор/ОТЧЕТЫ функциональные тесты/Отчет по играм за период

2022-02-21 12:50:10 - [TEST_STEP][PASSED] - callTestCase(findTestCase("Администратор/Отчет для тк"), [:], STOP_ON_FAILURE): Call Test Case 'Test Cases/Администратор/Отчет для тк' successfully

2022-02-21 12:50:10 - [TEST_CASE][PASSED] - Test Cases/Администратор/Отчет для тк: Test Cases/Администратор/Отчет для тк

2022-02-21 12:50:10 - [TEST_STEP][PASSED] - callTestCase(findTestCase("Администратор/Авторизация"), [:], STOP_ON_FAILURE): Call Test Case 'Test Cases/Администратор/Авторизация' successfully

2022-02-21 12:50:10 - [TEST_CASE][PASSED] - Test Cases/Администратор/Авторизация: Test Cases/Администратор/Авторизация

2022-02-21 12:50:10 - [TEST_STEP][PASSED] - openBrowser(""): Browser is opened with url: ''

2022-02-21 12:50:10 - [MESSAGE][WARNING] - A browser is already opened. Closing browser and opening a new one

2022-02-21 12:50:11 - [MESSAGE][INFO] - User set preference: ['os', 'linux']

2022-02-21 12:50:11 - [MESSAGE][INFO] - User set preference: ['browserName', 'chrome']

2022-02-21 12:50:11 - [MESSAGE][INFO] - User set preference: ['browserVersion', '97']

2022-02-21 12:50:11 - [MESSAGE][INFO] - User set preference: ['katalon:option', '{organizationId=551240, tunnelId=, usingTunnel=false}']

2022-02-21 12:50:11 - [MESSAGE][INFO] - Connecting to remote web server 'testcloud.katalon.com/hub' with type 'Selenium'

2022-02-21 12:50:11 - [MESSAGE][INFO] - Action delay is set to 100 milliseconds

2022-02-21 12:50:48 - [MESSAGE][PASSED] - Browser is opened with url: ''

2022-02-21 12:50:48 - [TEST_STEP][PASSED] - maximizeWindow(): Current window maximized

2022-02-21 12:50:48 - [MESSAGE][PASSED] - Current window maximized

2022-02-21 12:50:48 - [TEST_STEP][PASSED] - navigateToUrl(url): Navigate to 'https://stars-stage.hawk.ru:8080' successfully

2022-02-21 12:50:54 - [MESSAGE][PASSED] - Navigate to 'https://stars-stage.hawk.ru:8080' successfully

2022-02-21 12:50:54 - [TEST_STEP][PASSED] - setText(findTestObject("Object Repository/Page_/input__sc-lnrBVv eqPACj"), admin_login): Text 'TestAdmin@test.ru' is set on object 'Object Repository/Page_/input__sc-lnrBVv eqPACj'

2022-02-21 12:50:59 - [MESSAGE][PASSED] - Text 'TestAdmin@test.ru' is set on object 'Object Repository/Page_/input__sc-lnrBVv eqPACj'

2022-02-21 12:50:59 - [TEST_STEP][PASSED] - setText(findTestObject("Object Repository/Page_/input__sc-lnrBVv eqPACj_1"), admin_password): Text 'TestAdmin@test.ru' is set on object 'Object Repository/Page_/input__sc-lnrBVv eqPACj_1'

2022-02-21 12:51:02 - [MESSAGE][PASSED] - Text 'TestAdmin@test.ru' is set on object 'Object Repository/Page_/input__sc-lnrBVv eqPACj_1'

2022-02-21 12:51:02 - [TEST_STEP][PASSED] - click(findTestObject("Object Repository/Page_/go")): Object: 'Object Repository/Page_/go' is clicked on

2022-02-21 12:51:04 - [MESSAGE][PASSED] - Object: 'Object Repository/Page_/go' is clicked on

2022-02-21 12:51:04 - [MESSAGE][PASSED] - Call Test Case 'Test Cases/Администратор/Авторизация' successfully

2022-02-21 12:51:04 - [TEST_STEP][PASSED] - click(findTestObject("admin/reports/keys/reports/report")): Object: 'Object Repository/admin/reports/keys/reports/report' is clicked on

2022-02-21 12:51:27 - [MESSAGE][PASSED] - Object: 'Object Repository/admin/reports/keys/reports/report' is clicked on

2022-02-21 12:51:27 - [MESSAGE][PASSED] - Call Test Case 'Test Cases/Администратор/Отчет для тк' successfully

2022-02-21 12:51:27 - [TEST_STEP][PASSED] - click(findTestObject("Object Repository/admin/reports/period/Page_/div_")): Object: 'Object Repository/admin/reports/period/Page_/div_' is clicked on

2022-02-21 12:51:29 - [MESSAGE][PASSED] - Object: 'Object Repository/admin/reports/period/Page_/div_' is clicked on

2022-02-21 12:51:29 - [TEST_STEP][PASSED] - verifyTextPresent("ОТЧЕТ ПО ИГРАМ ЗА ПЕРИОД", true): Text 'ОТЧЕТ ПО ИГРАМ ЗА ПЕРИОД' is present on page  using regular expression

2022-02-21 12:51:31 - [MESSAGE][PASSED] - Text 'ОТЧЕТ ПО ИГРАМ ЗА ПЕРИОД' is present on page  using regular expression

2022-02-21 12:51:31 - [TEST_STEP][PASSED] - setText(findTestObject("Object Repository/admin/reports/period/Page_/input__react-select-2-input"), "академия"): Text 'академия' is set on object 'Object Repository/admin/reports/period/Page_/input__react-select-2-input'

2022-02-21 12:51:35 - [MESSAGE][PASSED] - Text 'академия' is set on object 'Object Repository/admin/reports/period/Page_/input__react-select-2-input'

2022-02-21 12:51:35 - [TEST_STEP][PASSED] - sendKeys(findTestObject("Object Repository/admin/reports/period/Page_/input__react-select-2-input"), Keys.chord(ENTER)): Keys 'ENTER + ' sent to object: 'Object Repository/admin/reports/period/Page_/input__react-select-2-input'

2022-02-21 12:51:37 - [MESSAGE][PASSED] - Keys 'ENTER + ' sent to object: 'Object Repository/admin/reports/period/Page_/input__react-select-2-input'

2022-02-21 12:51:37 - [TEST_STEP][PASSED] - setText(findTestObject("Object Repository/admin/reports/period/Page_/input__react-select-3-input"), school): Text 'Омские Ястребы' is set on object 'Object Repository/admin/reports/period/Page_/input__react-select-3-input'

2022-02-21 12:51:41 - [MESSAGE][PASSED] - Text 'Омские Ястребы' is set on object 'Object Repository/admin/reports/period/Page_/input__react-select-3-input'

2022-02-21 12:51:41 - [TEST_STEP][PASSED] - sendKeys(findTestObject("Object Repository/admin/reports/period/Page_/input__react-select-3-input"), Keys.chord(ENTER)): Keys 'ENTER + ' sent to object: 'Object Repository/admin/reports/period/Page_/input__react-select-3-input'

2022-02-21 12:51:43 - [MESSAGE][PASSED] - Keys 'ENTER + ' sent to object: 'Object Repository/admin/reports/period/Page_/input__react-select-3-input'

2022-02-21 12:51:43 - [TEST_STEP][PASSED] - setText(findTestObject("Object Repository/admin/reports/period/Page_/input_._year"), "2020"): Text '2020' is set on object 'Object Repository/admin/reports/period/Page_/input_._year'

2022-02-21 12:51:53 - [MESSAGE][PASSED] - Text '2020' is set on object 'Object Repository/admin/reports/period/Page_/input_._year'

2022-02-21 12:51:53 - [TEST_STEP][PASSED] - waitForElementNotPresent(findTestObject("Object Repository/admin/reports/period/Page_/img_ _sc-cMljjf KiCqS"), 0): Web element with id: 'Object Repository/admin/reports/period/Page_/img_ _sc-cMljjf KiCqS' located by 'By.xpath: //div[@id='root']/div/div/div[2]/div/div[2]/div/div/div/img' is not present after '30' second(s)

2022-02-21 12:51:53 - [MESSAGE][WARNING] - Timeout '0' is invalid. Using default page load timeout: '30'

2022-02-21 12:52:06 - [MESSAGE][PASSED] - Web element with id: 'Object Repository/admin/reports/period/Page_/img_ _sc-cMljjf KiCqS' located by 'By.xpath: //div[@id='root']/div/div/div[2]/div/div[2]/div/div/div/img' is not present after '30' second(s)

2022-02-21 12:52:06 - [TEST_STEP][PASSED] - verifyTextPresent("Управление командой со скамейки", true): Text 'Управление командой со скамейки' is present on page  using regular expression

2022-02-21 12:52:09 - [MESSAGE][PASSED] - Text 'Управление командой со скамейки' is present on page  using regular expression

2022-02-21 12:52:09 - [TEST_STEP][PASSED] - verifyTextPresent("Самоотверженность / воля к победе", true): Text 'Самоотверженность / воля к победе' is present on page  using regular expression

2022-02-21 12:52:13 - [MESSAGE][PASSED] - Text 'Самоотверженность / воля к победе' is present on page  using regular expression

2022-02-21 12:52:13 - [TEST_STEP][PASSED] - verifyTextPresent("СРЕДНЯЯ ОЦЕНКА", false): Text 'СРЕДНЯЯ ОЦЕНКА' is present on page 

2022-02-21 12:52:16 - [MESSAGE][PASSED] - Text 'СРЕДНЯЯ ОЦЕНКА' is present on page 

2022-02-21 12:52:16 - [TEST_STEP][PASSED] - verifyTextPresent("АТАКУЮЩИЕ ДЕЙСТВИЯ", false): Text 'АТАКУЮЩИЕ ДЕЙСТВИЯ' is present on page 

2022-02-21 12:52:19 - [MESSAGE][PASSED] - Text 'АТАКУЮЩИЕ ДЕЙСТВИЯ' is present on page 

2022-02-21 12:52:19 - [TEST_STEP][PASSED] - verifyTextPresent("ОБОРОНИТЕЛЬНЫЕ ДЕЙСТВИЯ", false): Text 'ОБОРОНИТЕЛЬНЫЕ ДЕЙСТВИЯ' is present on page 

2022-02-21 12:52:23 - [MESSAGE][PASSED] - Text 'ОБОРОНИТЕЛЬНЫЕ ДЕЙСТВИЯ' is present on page 

2022-02-21 12:52:23 - [TEST_STEP][PASSED] - verifyTextPresent("Защитник", false): Text 'Защитник' is present on page 

2022-02-21 12:52:27 - [MESSAGE][PASSED] - Text 'Защитник' is present on page 

2022-02-21 12:52:27 - [TEST_STEP][PASSED] - verifyTextPresent("Нападающий", false): Text 'Нападающий' is present on page 

2022-02-21 12:52:30 - [MESSAGE][PASSED] - Text 'Нападающий' is present on page 

2022-02-21 12:52:30 - [TEST_STEP][PASSED] - click(findTestObject("Object Repository/admin/reports/period/Page_/root")): Object: 'Object Repository/admin/reports/period/Page_/root' is clicked on

2022-02-21 12:52:32 - [MESSAGE][PASSED] - Object: 'Object Repository/admin/reports/period/Page_/root' is clicked on

2022-02-21 12:52:32 - [TEST_STEP][PASSED] - closeBrowser(): Browser is closed

2022-02-21 12:52:33 - [MESSAGE][PASSED] - Browser is closed]]></system-out>
         <system-err><![CDATA[]]></system-err>
      </testcase>
      <testcase name="Test Cases/Администратор/ОТЧЕТЫ функциональные тесты/Игровая статистика" time="123.943" classname="Test Cases/Администратор/ОТЧЕТЫ функциональные тесты/Игровая статистика" status="PASSED">
         <system-out><![CDATA[2022-02-21 12:52:33 - [TEST_CASE][PASSED] - Test Cases/Администратор/ОТЧЕТЫ функциональные тесты/Игровая статистика: Test Cases/Администратор/ОТЧЕТЫ функциональные тесты/Игровая статистика

2022-02-21 12:52:33 - [TEST_STEP][PASSED] - callTestCase(findTestCase("Администратор/Авторизация"), [:], STOP_ON_FAILURE): Call Test Case 'Test Cases/Администратор/Авторизация' successfully

2022-02-21 12:52:33 - [TEST_CASE][PASSED] - Test Cases/Администратор/Авторизация: Test Cases/Администратор/Авторизация

2022-02-21 12:52:33 - [TEST_STEP][PASSED] - openBrowser(""): Browser is opened with url: ''

2022-02-21 12:52:33 - [MESSAGE][INFO] - User set preference: ['os', 'linux']

2022-02-21 12:52:33 - [MESSAGE][INFO] - User set preference: ['browserName', 'chrome']

2022-02-21 12:52:33 - [MESSAGE][INFO] - User set preference: ['browserVersion', '97']

2022-02-21 12:52:33 - [MESSAGE][INFO] - User set preference: ['katalon:option', '{organizationId=551240, tunnelId=, usingTunnel=false}']

2022-02-21 12:52:33 - [MESSAGE][INFO] - Connecting to remote web server 'testcloud.katalon.com/hub' with type 'Selenium'

2022-02-21 12:52:33 - [MESSAGE][INFO] - Action delay is set to 100 milliseconds

2022-02-21 12:53:04 - [MESSAGE][PASSED] - Browser is opened with url: ''

2022-02-21 12:53:04 - [TEST_STEP][PASSED] - maximizeWindow(): Current window maximized

2022-02-21 12:53:05 - [MESSAGE][PASSED] - Current window maximized

2022-02-21 12:53:05 - [TEST_STEP][PASSED] - navigateToUrl(url): Navigate to 'https://stars-stage.hawk.ru:8080' successfully

2022-02-21 12:53:11 - [MESSAGE][PASSED] - Navigate to 'https://stars-stage.hawk.ru:8080' successfully

2022-02-21 12:53:11 - [TEST_STEP][PASSED] - setText(findTestObject("Object Repository/Page_/input__sc-lnrBVv eqPACj"), admin_login): Text 'TestAdmin@test.ru' is set on object 'Object Repository/Page_/input__sc-lnrBVv eqPACj'

2022-02-21 12:53:15 - [MESSAGE][PASSED] - Text 'TestAdmin@test.ru' is set on object 'Object Repository/Page_/input__sc-lnrBVv eqPACj'

2022-02-21 12:53:15 - [TEST_STEP][PASSED] - setText(findTestObject("Object Repository/Page_/input__sc-lnrBVv eqPACj_1"), admin_password): Text 'TestAdmin@test.ru' is set on object 'Object Repository/Page_/input__sc-lnrBVv eqPACj_1'

2022-02-21 12:53:19 - [MESSAGE][PASSED] - Text 'TestAdmin@test.ru' is set on object 'Object Repository/Page_/input__sc-lnrBVv eqPACj_1'

2022-02-21 12:53:19 - [TEST_STEP][PASSED] - click(findTestObject("Object Repository/Page_/go")): Object: 'Object Repository/Page_/go' is clicked on

2022-02-21 12:53:21 - [MESSAGE][PASSED] - Object: 'Object Repository/Page_/go' is clicked on

2022-02-21 12:53:21 - [MESSAGE][PASSED] - Call Test Case 'Test Cases/Администратор/Авторизация' successfully

2022-02-21 12:53:21 - [TEST_STEP][PASSED] - click(findTestObject("Object Repository/admin/reports/gamestat/reports/report")): Object: 'Object Repository/admin/reports/gamestat/reports/report' is clicked on

2022-02-21 12:53:48 - [MESSAGE][PASSED] - Object: 'Object Repository/admin/reports/gamestat/reports/report' is clicked on

2022-02-21 12:53:48 - [TEST_STEP][PASSED] - click(findTestObject("Object Repository/admin/reports/gamestat/Page_/stats_report")): Object: 'Object Repository/admin/reports/gamestat/Page_/stats_report' is clicked on

2022-02-21 12:53:51 - [MESSAGE][PASSED] - Object: 'Object Repository/admin/reports/gamestat/Page_/stats_report' is clicked on

2022-02-21 12:53:51 - [TEST_STEP][PASSED] - verifyTextPresent("ИГРОВАЯ СТАТИСТИКА", true): Text 'ИГРОВАЯ СТАТИСТИКА' is present on page  using regular expression

2022-02-21 12:53:52 - [MESSAGE][PASSED] - Text 'ИГРОВАЯ СТАТИСТИКА' is present on page  using regular expression

2022-02-21 12:53:52 - [TEST_STEP][PASSED] - click(findTestObject("Object Repository/admin/reports/gamestat/Page_/school")): Object: 'Object Repository/admin/reports/gamestat/Page_/school' is clicked on

2022-02-21 12:53:54 - [MESSAGE][PASSED] - Object: 'Object Repository/admin/reports/gamestat/Page_/school' is clicked on

2022-02-21 12:53:54 - [TEST_STEP][PASSED] - click(findTestObject("Object Repository/admin/reports/gamestat/Page_/Academy")): Object: 'Object Repository/admin/reports/gamestat/Page_/Academy' is clicked on

2022-02-21 12:53:56 - [MESSAGE][PASSED] - Object: 'Object Repository/admin/reports/gamestat/Page_/Academy' is clicked on

2022-02-21 12:53:56 - [TEST_STEP][PASSED] - click(findTestObject("Object Repository/admin/reports/gamestat/Page_/team")): Object: 'Object Repository/admin/reports/gamestat/Page_/team' is clicked on

2022-02-21 12:53:59 - [MESSAGE][PASSED] - Object: 'Object Repository/admin/reports/gamestat/Page_/team' is clicked on

2022-02-21 12:53:59 - [TEST_STEP][PASSED] - click(findTestObject("Object Repository/admin/reports/gamestat/Page_/varteam")): Object: 'Object Repository/admin/reports/gamestat/Page_/varteam' is clicked on

2022-02-21 12:54:01 - [MESSAGE][PASSED] - Object: 'Object Repository/admin/reports/gamestat/Page_/varteam' is clicked on

2022-02-21 12:54:01 - [TEST_STEP][PASSED] - click(findTestObject("Object Repository/admin/reports/gamestat/Page_/choseSeason")): Object: 'Object Repository/admin/reports/gamestat/Page_/choseSeason' is clicked on

2022-02-21 12:54:05 - [MESSAGE][PASSED] - Object: 'Object Repository/admin/reports/gamestat/Page_/choseSeason' is clicked on

2022-02-21 12:54:05 - [TEST_STEP][PASSED] - click(findTestObject("Object Repository/admin/reports/gamestat/Page_/div_21-22_1")): Object: 'Object Repository/admin/reports/gamestat/Page_/div_21-22_1' is clicked on

2022-02-21 12:54:08 - [MESSAGE][PASSED] - Object: 'Object Repository/admin/reports/gamestat/Page_/div_21-22_1' is clicked on

2022-02-21 12:54:08 - [TEST_STEP][PASSED] - takeFullPageScreenshot("C:\scr\" + school + "10.jpg"): Taking screenshot successfully

2022-02-21 12:54:17 - [MESSAGE][INFO] - 0 hidden object(s)

2022-02-21 12:54:17 - [MESSAGE][PASSED] - Taking screenshot successfully
[[ATTACHMENT|C:\scr\Омские Ястребы10.jpg]]

2022-02-21 12:54:17 - [TEST_STEP][PASSED] - verifyTextPresent("Матчи", true): Text 'Матчи' is present on page  using regular expression

2022-02-21 12:54:20 - [MESSAGE][PASSED] - Text 'Матчи' is present on page  using regular expression

2022-02-21 12:54:20 - [TEST_STEP][PASSED] - verifyTextPresent("Смены", true): Text 'Смены' is present on page  using regular expression

2022-02-21 12:54:22 - [MESSAGE][PASSED] - Text 'Смены' is present on page  using regular expression

2022-02-21 12:54:22 - [TEST_STEP][PASSED] - verifyTextPresent("Голы за", false): Text 'Голы за' is present on page 

2022-02-21 12:54:24 - [MESSAGE][PASSED] - Text 'Голы за' is present on page 

2022-02-21 12:54:24 - [TEST_STEP][PASSED] - verifyTextPresent("Голы против", false): Text 'Голы против' is present on page 

2022-02-21 12:54:27 - [MESSAGE][PASSED] - Text 'Голы против' is present on page 

2022-02-21 12:54:27 - [TEST_STEP][PASSED] - takeFullPageScreenshot("C:\scr\" + school + "11.jpg"): Taking screenshot successfully

2022-02-21 12:54:34 - [MESSAGE][INFO] - 0 hidden object(s)

2022-02-21 12:54:34 - [MESSAGE][PASSED] - Taking screenshot successfully
[[ATTACHMENT|C:\scr\Омские Ястребы11.jpg]]

2022-02-21 12:54:34 - [TEST_STEP][PASSED] - click(findTestObject("Object Repository/admin/reports/gamestat/Page_/root")): Object: 'Object Repository/admin/reports/gamestat/Page_/root' is clicked on

2022-02-21 12:54:36 - [MESSAGE][PASSED] - Object: 'Object Repository/admin/reports/gamestat/Page_/root' is clicked on

2022-02-21 12:54:36 - [TEST_STEP][PASSED] - closeBrowser(): Browser is closed

2022-02-21 12:54:37 - [MESSAGE][PASSED] - Browser is closed]]></system-out>
         <system-err><![CDATA[]]></system-err>
      </testcase>
      <testcase name="Test Cases/Администратор/Отчет для тк" time="67.997" classname="Test Cases/Администратор/Отчет для тк" status="PASSED">
         <system-out><![CDATA[2022-02-21 12:54:37 - [TEST_CASE][PASSED] - Test Cases/Администратор/Отчет для тк: Test Cases/Администратор/Отчет для тк

2022-02-21 12:54:37 - [TEST_STEP][PASSED] - callTestCase(findTestCase("Администратор/Авторизация"), [:], STOP_ON_FAILURE): Call Test Case 'Test Cases/Администратор/Авторизация' successfully

2022-02-21 12:54:37 - [TEST_CASE][PASSED] - Test Cases/Администратор/Авторизация: Test Cases/Администратор/Авторизация

2022-02-21 12:54:37 - [TEST_STEP][PASSED] - openBrowser(""): Browser is opened with url: ''

2022-02-21 12:54:37 - [MESSAGE][INFO] - User set preference: ['os', 'linux']

2022-02-21 12:54:37 - [MESSAGE][INFO] - User set preference: ['browserName', 'chrome']

2022-02-21 12:54:37 - [MESSAGE][INFO] - User set preference: ['browserVersion', '97']

2022-02-21 12:54:37 - [MESSAGE][INFO] - User set preference: ['katalon:option', '{organizationId=551240, tunnelId=, usingTunnel=false}']

2022-02-21 12:54:37 - [MESSAGE][INFO] - Connecting to remote web server 'testcloud.katalon.com/hub' with type 'Selenium'

2022-02-21 12:54:37 - [MESSAGE][INFO] - Action delay is set to 100 milliseconds

2022-02-21 12:54:59 - [MESSAGE][PASSED] - Browser is opened with url: ''

2022-02-21 12:54:59 - [TEST_STEP][PASSED] - maximizeWindow(): Current window maximized

2022-02-21 12:55:00 - [MESSAGE][PASSED] - Current window maximized

2022-02-21 12:55:00 - [TEST_STEP][PASSED] - navigateToUrl(url): Navigate to 'https://stars-stage.hawk.ru:8080' successfully

2022-02-21 12:55:06 - [MESSAGE][PASSED] - Navigate to 'https://stars-stage.hawk.ru:8080' successfully

2022-02-21 12:55:06 - [TEST_STEP][PASSED] - setText(findTestObject("Object Repository/Page_/input__sc-lnrBVv eqPACj"), admin_login): Text 'TestAdmin@test.ru' is set on object 'Object Repository/Page_/input__sc-lnrBVv eqPACj'

2022-02-21 12:55:10 - [MESSAGE][PASSED] - Text 'TestAdmin@test.ru' is set on object 'Object Repository/Page_/input__sc-lnrBVv eqPACj'

2022-02-21 12:55:10 - [TEST_STEP][PASSED] - setText(findTestObject("Object Repository/Page_/input__sc-lnrBVv eqPACj_1"), admin_password): Text 'TestAdmin@test.ru' is set on object 'Object Repository/Page_/input__sc-lnrBVv eqPACj_1'

2022-02-21 12:55:14 - [MESSAGE][PASSED] - Text 'TestAdmin@test.ru' is set on object 'Object Repository/Page_/input__sc-lnrBVv eqPACj_1'

2022-02-21 12:55:14 - [TEST_STEP][PASSED] - click(findTestObject("Object Repository/Page_/go")): Object: 'Object Repository/Page_/go' is clicked on

2022-02-21 12:55:16 - [MESSAGE][PASSED] - Object: 'Object Repository/Page_/go' is clicked on

2022-02-21 12:55:16 - [MESSAGE][PASSED] - Call Test Case 'Test Cases/Администратор/Авторизация' successfully

2022-02-21 12:55:16 - [TEST_STEP][PASSED] - click(findTestObject("admin/reports/keys/reports/report")): Object: 'Object Repository/admin/reports/keys/reports/report' is clicked on

2022-02-21 12:55:45 - [MESSAGE][PASSED] - Object: 'Object Repository/admin/reports/keys/reports/report' is clicked on]]></system-out>
         <system-err><![CDATA[]]></system-err>
      </testcase>
      <testcase name="Test Cases/Администратор/Команды" time="105.58" classname="Test Cases/Администратор/Команды" status="PASSED">
         <system-out><![CDATA[2022-02-21 12:55:45 - [TEST_CASE][PASSED] - Test Cases/Администратор/Команды: Test Cases/Администратор/Команды

2022-02-21 12:55:45 - [TEST_STEP][PASSED] - callTestCase(findTestCase("Администратор/Авторизация"), [:], STOP_ON_FAILURE): Call Test Case 'Test Cases/Администратор/Авторизация' successfully

2022-02-21 12:55:45 - [TEST_CASE][PASSED] - Test Cases/Администратор/Авторизация: Test Cases/Администратор/Авторизация

2022-02-21 12:55:45 - [TEST_STEP][PASSED] - openBrowser(""): Browser is opened with url: ''

2022-02-21 12:55:45 - [MESSAGE][WARNING] - A browser is already opened. Closing browser and opening a new one

2022-02-21 12:55:46 - [MESSAGE][INFO] - User set preference: ['os', 'linux']

2022-02-21 12:55:46 - [MESSAGE][INFO] - User set preference: ['browserName', 'chrome']

2022-02-21 12:55:46 - [MESSAGE][INFO] - User set preference: ['browserVersion', '97']

2022-02-21 12:55:46 - [MESSAGE][INFO] - User set preference: ['katalon:option', '{organizationId=551240, tunnelId=, usingTunnel=false}']

2022-02-21 12:55:46 - [MESSAGE][INFO] - Connecting to remote web server 'testcloud.katalon.com/hub' with type 'Selenium'

2022-02-21 12:55:46 - [MESSAGE][INFO] - Action delay is set to 100 milliseconds

2022-02-21 12:56:14 - [MESSAGE][PASSED] - Browser is opened with url: ''

2022-02-21 12:56:14 - [TEST_STEP][PASSED] - maximizeWindow(): Current window maximized

2022-02-21 12:56:15 - [MESSAGE][PASSED] - Current window maximized

2022-02-21 12:56:15 - [TEST_STEP][PASSED] - navigateToUrl(url): Navigate to 'https://stars-stage.hawk.ru:8080' successfully

2022-02-21 12:56:21 - [MESSAGE][PASSED] - Navigate to 'https://stars-stage.hawk.ru:8080' successfully

2022-02-21 12:56:21 - [TEST_STEP][PASSED] - setText(findTestObject("Object Repository/Page_/input__sc-lnrBVv eqPACj"), admin_login): Text 'TestAdmin@test.ru' is set on object 'Object Repository/Page_/input__sc-lnrBVv eqPACj'

2022-02-21 12:56:25 - [MESSAGE][PASSED] - Text 'TestAdmin@test.ru' is set on object 'Object Repository/Page_/input__sc-lnrBVv eqPACj'

2022-02-21 12:56:25 - [TEST_STEP][PASSED] - setText(findTestObject("Object Repository/Page_/input__sc-lnrBVv eqPACj_1"), admin_password): Text 'TestAdmin@test.ru' is set on object 'Object Repository/Page_/input__sc-lnrBVv eqPACj_1'

2022-02-21 12:56:29 - [MESSAGE][PASSED] - Text 'TestAdmin@test.ru' is set on object 'Object Repository/Page_/input__sc-lnrBVv eqPACj_1'

2022-02-21 12:56:29 - [TEST_STEP][PASSED] - click(findTestObject("Object Repository/Page_/go")): Object: 'Object Repository/Page_/go' is clicked on

2022-02-21 12:56:31 - [MESSAGE][PASSED] - Object: 'Object Repository/Page_/go' is clicked on

2022-02-21 12:56:31 - [MESSAGE][PASSED] - Call Test Case 'Test Cases/Администратор/Авторизация' successfully

2022-02-21 12:56:31 - [TEST_STEP][PASSED] - click(findTestObject("Object Repository/admin/school/Page_/Page_/teams")): Object: 'Object Repository/admin/school/Page_/Page_/teams' is clicked on

2022-02-21 12:56:54 - [MESSAGE][PASSED] - Object: 'Object Repository/admin/school/Page_/Page_/teams' is clicked on

2022-02-21 12:56:54 - [TEST_STEP][PASSED] - takeFullPageScreenshot("C:\scr\" + school + "4.jpg"): Taking screenshot successfully

2022-02-21 12:57:00 - [MESSAGE][INFO] - 0 hidden object(s)

2022-02-21 12:57:01 - [MESSAGE][PASSED] - Taking screenshot successfully
[[ATTACHMENT|C:\scr\Омские Ястребы4.jpg]]

2022-02-21 12:57:01 - [TEST_STEP][PASSED] - click(findTestObject("Object Repository/admin/school/Page_/Page_/td_")): Object: 'Object Repository/admin/school/Page_/Page_/td_' is clicked on

2022-02-21 12:57:03 - [MESSAGE][PASSED] - Object: 'Object Repository/admin/school/Page_/Page_/td_' is clicked on

2022-02-21 12:57:03 - [TEST_STEP][PASSED] - takeFullPageScreenshot("C:\scr\" + school + "5.jpg"): Taking screenshot successfully

2022-02-21 12:57:09 - [MESSAGE][INFO] - 0 hidden object(s)

2022-02-21 12:57:09 - [MESSAGE][PASSED] - Taking screenshot successfully
[[ATTACHMENT|C:\scr\Омские Ястребы5.jpg]]

2022-02-21 12:57:09 - [TEST_STEP][PASSED] - verifyTextPresent("ИНФОРМАЦИЯ О КОМАНДЕ", false): Text 'ИНФОРМАЦИЯ О КОМАНДЕ' is present on page 

2022-02-21 12:57:11 - [MESSAGE][PASSED] - Text 'ИНФОРМАЦИЯ О КОМАНДЕ' is present on page 

2022-02-21 12:57:11 - [TEST_STEP][PASSED] - click(findTestObject("Object Repository/admin/school/Page_/Page_/all")): Object: 'Object Repository/admin/school/Page_/Page_/all' is clicked on

2022-02-21 12:57:13 - [MESSAGE][PASSED] - Object: 'Object Repository/admin/school/Page_/Page_/all' is clicked on

2022-02-21 12:57:13 - [TEST_STEP][PASSED] - click(findTestObject("Object Repository/admin/school/Page_/Page_/game-estimation")): Object: 'Object Repository/admin/school/Page_/Page_/game-estimation' is clicked on

2022-02-21 12:57:16 - [MESSAGE][PASSED] - Object: 'Object Repository/admin/school/Page_/Page_/game-estimation' is clicked on

2022-02-21 12:57:16 - [TEST_STEP][PASSED] - verifyTextPresent("ОЦЕНКА ИГРЫ ПО АМПЛУА", false): Text 'ОЦЕНКА ИГРЫ ПО АМПЛУА' is present on page 

2022-02-21 12:57:19 - [MESSAGE][PASSED] - Text 'ОЦЕНКА ИГРЫ ПО АМПЛУА' is present on page 

2022-02-21 12:57:19 - [TEST_STEP][PASSED] - verifyTextPresent("ОЦЕНКА ИГРЫ ПО КОМАНДЕ", false): Text 'ОЦЕНКА ИГРЫ ПО КОМАНДЕ' is present on page 

2022-02-21 12:57:21 - [MESSAGE][PASSED] - Text 'ОЦЕНКА ИГРЫ ПО КОМАНДЕ' is present on page 

2022-02-21 12:57:21 - [TEST_STEP][PASSED] - click(findTestObject("Object Repository/admin/school/Page_/Page_/lesson")): Object: 'Object Repository/admin/school/Page_/Page_/lesson' is clicked on

2022-02-21 12:57:23 - [MESSAGE][PASSED] - Object: 'Object Repository/admin/school/Page_/Page_/lesson' is clicked on

2022-02-21 12:57:23 - [TEST_STEP][PASSED] - verifyTextPresent("ДОБАВИТЬ МЕРОПРИЯТИЕ", false): Text 'ДОБАВИТЬ МЕРОПРИЯТИЕ' is present on page 

2022-02-21 12:57:28 - [MESSAGE][PASSED] - Text 'ДОБАВИТЬ МЕРОПРИЯТИЕ' is present on page 

2022-02-21 12:57:28 - [TEST_STEP][PASSED] - click(findTestObject("Object Repository/admin/school/Page_/Page_/div_")): Object: 'Object Repository/admin/school/Page_/Page_/div_' is clicked on

2022-02-21 12:57:30 - [MESSAGE][PASSED] - Object: 'Object Repository/admin/school/Page_/Page_/div_' is clicked on

2022-02-21 12:57:30 - [TEST_STEP][PASSED] - closeBrowser(): Browser is closed

2022-02-21 12:57:30 - [MESSAGE][PASSED] - Browser is closed]]></system-out>
         <system-err><![CDATA[]]></system-err>
      </testcase>
      <testcase name="Test Cases/Администратор/Документы (возможна проверка и под аккаунтом Менеджера)" time="94.859" classname="Test Cases/Администратор/Документы (возможна проверка и под аккаунтом Менеджера)" status="PASSED">
         <system-out><![CDATA[2022-02-21 12:57:30 - [TEST_CASE][PASSED] - Test Cases/Администратор/Документы (возможна проверка и под аккаунтом Менеджера): Test Cases/Администратор/Документы (возможна проверка и под аккаунтом Менеджера)

2022-02-21 12:57:31 - [TEST_STEP][PASSED] - callTestCase(findTestCase("Администратор/Авторизация"), [:], STOP_ON_FAILURE): Call Test Case 'Test Cases/Администратор/Авторизация' successfully

2022-02-21 12:57:31 - [TEST_CASE][PASSED] - Test Cases/Администратор/Авторизация: Test Cases/Администратор/Авторизация

2022-02-21 12:57:31 - [TEST_STEP][PASSED] - openBrowser(""): Browser is opened with url: ''

2022-02-21 12:57:31 - [MESSAGE][INFO] - User set preference: ['os', 'linux']

2022-02-21 12:57:31 - [MESSAGE][INFO] - User set preference: ['browserName', 'chrome']

2022-02-21 12:57:31 - [MESSAGE][INFO] - User set preference: ['browserVersion', '97']

2022-02-21 12:57:31 - [MESSAGE][INFO] - User set preference: ['katalon:option', '{organizationId=551240, tunnelId=, usingTunnel=false}']

2022-02-21 12:57:31 - [MESSAGE][INFO] - Connecting to remote web server 'testcloud.katalon.com/hub' with type 'Selenium'

2022-02-21 12:57:31 - [MESSAGE][INFO] - Action delay is set to 100 milliseconds

2022-02-21 12:57:59 - [MESSAGE][PASSED] - Browser is opened with url: ''

2022-02-21 12:57:59 - [TEST_STEP][PASSED] - maximizeWindow(): Current window maximized

2022-02-21 12:58:00 - [MESSAGE][PASSED] - Current window maximized

2022-02-21 12:58:00 - [TEST_STEP][PASSED] - navigateToUrl(url): Navigate to 'https://stars-stage.hawk.ru:8080' successfully

2022-02-21 12:58:08 - [MESSAGE][PASSED] - Navigate to 'https://stars-stage.hawk.ru:8080' successfully

2022-02-21 12:58:08 - [TEST_STEP][PASSED] - setText(findTestObject("Object Repository/Page_/input__sc-lnrBVv eqPACj"), admin_login): Text 'TestAdmin@test.ru' is set on object 'Object Repository/Page_/input__sc-lnrBVv eqPACj'

2022-02-21 12:58:12 - [MESSAGE][PASSED] - Text 'TestAdmin@test.ru' is set on object 'Object Repository/Page_/input__sc-lnrBVv eqPACj'

2022-02-21 12:58:12 - [TEST_STEP][PASSED] - setText(findTestObject("Object Repository/Page_/input__sc-lnrBVv eqPACj_1"), admin_password): Text 'TestAdmin@test.ru' is set on object 'Object Repository/Page_/input__sc-lnrBVv eqPACj_1'

2022-02-21 12:58:16 - [MESSAGE][PASSED] - Text 'TestAdmin@test.ru' is set on object 'Object Repository/Page_/input__sc-lnrBVv eqPACj_1'

2022-02-21 12:58:16 - [TEST_STEP][PASSED] - click(findTestObject("Object Repository/Page_/go")): Object: 'Object Repository/Page_/go' is clicked on

2022-02-21 12:58:18 - [MESSAGE][PASSED] - Object: 'Object Repository/Page_/go' is clicked on

2022-02-21 12:58:18 - [MESSAGE][PASSED] - Call Test Case 'Test Cases/Администратор/Авторизация' successfully

2022-02-21 12:58:18 - [TEST_STEP][PASSED] - click(findTestObject("Avangard New/Object (Администратор)/documents (вкладка документы)")): Object: 'Object Repository/Avangard New/Object (Администратор)/documents (вкладка документы)' is clicked on

2022-02-21 12:58:45 - [MESSAGE][PASSED] - Object: 'Object Repository/Avangard New/Object (Администратор)/documents (вкладка документы)' is clicked on

2022-02-21 12:58:45 - [TEST_STEP][PASSED] - waitForPageLoad(10): Wait for page load successfully

2022-02-21 12:58:46 - [MESSAGE][PASSED] - Wait for page load successfully

2022-02-21 12:58:46 - [TEST_STEP][PASSED] - click(findTestObject("Avangard New/Object (Администратор)/document (нажать на документ)")): Object: 'Object Repository/Avangard New/Object (Администратор)/document (нажать на документ)' is clicked on

2022-02-21 12:58:49 - [MESSAGE][PASSED] - Object: 'Object Repository/Avangard New/Object (Администратор)/document (нажать на документ)' is clicked on

2022-02-21 12:58:49 - [TEST_STEP][PASSED] - verifyElementClickable(findTestObject("Avangard New/Object (Администратор)/button download")): Object 'Object Repository/Avangard New/Object (Администратор)/button download' is clickable

2022-02-21 12:58:51 - [MESSAGE][PASSED] - Object 'Object Repository/Avangard New/Object (Администратор)/button download' is clickable

2022-02-21 12:58:51 - [TEST_STEP][PASSED] - sendKeys(findTestObject("Avangard New/Object (Администратор)/button download"), Keys.chord(ESCAPE)): Keys 'ESCAPE + ' sent to object: 'Object Repository/Avangard New/Object (Администратор)/button download'

2022-02-21 12:58:53 - [MESSAGE][PASSED] - Keys 'ESCAPE + ' sent to object: 'Object Repository/Avangard New/Object (Администратор)/button download'

2022-02-21 12:58:53 - [TEST_STEP][PASSED] - scrollToElement(findTestObject("admin/documents/documents (4)/add"), 0, OPTIONAL): Scroll to object 'Object Repository/admin/documents/documents (4)/add' successfully

2022-02-21 12:58:53 - [MESSAGE][WARNING] - Timeout '0' is invalid. Using default page load timeout: '30'

2022-02-21 12:58:55 - [MESSAGE][PASSED] - Scroll to object 'Object Repository/admin/documents/documents (4)/add' successfully

2022-02-21 12:58:55 - [TEST_STEP][PASSED] - while (verifyElementVisible(findTestObject("admin/documents/Page_/add"), OPTIONAL) == true): null

2022-02-21 12:58:57 - [MESSAGE][PASSED] - Object 'Object Repository/admin/documents/Page_/add' is visible

2022-02-21 12:58:57 - [TEST_STEP][PASSED] - click(findTestObject("admin/documents/documents (4)/add")): Object: 'Object Repository/admin/documents/documents (4)/add' is clicked on

2022-02-21 12:58:59 - [MESSAGE][PASSED] - Object: 'Object Repository/admin/documents/documents (4)/add' is clicked on

2022-02-21 12:58:59 - [TEST_STEP][PASSED] - verifyElementVisible(findTestObject("admin/documents/Page_/div_    05.02.21")): Object 'Object Repository/admin/documents/Page_/div_    05.02.21' is visible

2022-02-21 12:59:01 - [MESSAGE][PASSED] - Object 'Object Repository/admin/documents/Page_/div_    05.02.21' is visible

2022-02-21 12:59:01 - [TEST_STEP][PASSED] - click(findTestObject("admin/documents/Page_/div_ _sidebar__overlay sidebar__overlay_visible")): Object: 'Object Repository/admin/documents/Page_/div_ _sidebar__overlay sidebar__overlay_visible' is clicked on

2022-02-21 12:59:03 - [MESSAGE][PASSED] - Object: 'Object Repository/admin/documents/Page_/div_ _sidebar__overlay sidebar__overlay_visible' is clicked on

2022-02-21 12:59:03 - [TEST_STEP][PASSED] - break: null

2022-02-21 12:59:03 - [TEST_STEP][PASSED] - click(findTestObject("Avangard New/Object (Администратор)/home (вкладка главная)")): Object: 'Object Repository/Avangard New/Object (Администратор)/home (вкладка главная)' is clicked on

2022-02-21 12:59:05 - [MESSAGE][PASSED] - Object: 'Object Repository/Avangard New/Object (Администратор)/home (вкладка главная)' is clicked on

2022-02-21 12:59:05 - [TEST_STEP][PASSED] - closeBrowser(): Browser is closed

2022-02-21 12:59:05 - [MESSAGE][PASSED] - Browser is closed]]></system-out>
         <system-err><![CDATA[]]></system-err>
      </testcase>
      <testcase name="Test Cases/Администратор/Авторизация" time="40.203" classname="Test Cases/Администратор/Авторизация" status="PASSED">
         <system-out><![CDATA[2022-02-21 12:59:05 - [TEST_CASE][PASSED] - Test Cases/Администратор/Авторизация: Test Cases/Администратор/Авторизация

2022-02-21 12:59:05 - [TEST_STEP][PASSED] - openBrowser(""): Browser is opened with url: ''

2022-02-21 12:59:05 - [MESSAGE][INFO] - User set preference: ['os', 'linux']

2022-02-21 12:59:05 - [MESSAGE][INFO] - User set preference: ['browserName', 'chrome']

2022-02-21 12:59:05 - [MESSAGE][INFO] - User set preference: ['browserVersion', '97']

2022-02-21 12:59:05 - [MESSAGE][INFO] - User set preference: ['katalon:option', '{organizationId=551240, tunnelId=, usingTunnel=false}']

2022-02-21 12:59:05 - [MESSAGE][INFO] - Connecting to remote web server 'testcloud.katalon.com/hub' with type 'Selenium'

2022-02-21 12:59:05 - [MESSAGE][INFO] - Action delay is set to 100 milliseconds

2022-02-21 12:59:30 - [MESSAGE][PASSED] - Browser is opened with url: ''

2022-02-21 12:59:30 - [TEST_STEP][PASSED] - maximizeWindow(): Current window maximized

2022-02-21 12:59:30 - [MESSAGE][PASSED] - Current window maximized

2022-02-21 12:59:30 - [TEST_STEP][PASSED] - navigateToUrl(url): Navigate to 'https://stars-stage.hawk.ru:8080' successfully

2022-02-21 12:59:36 - [MESSAGE][PASSED] - Navigate to 'https://stars-stage.hawk.ru:8080' successfully

2022-02-21 12:59:36 - [TEST_STEP][PASSED] - setText(findTestObject("Object Repository/Page_/input__sc-lnrBVv eqPACj"), admin_login): Text 'TestAdmin@test.ru' is set on object 'Object Repository/Page_/input__sc-lnrBVv eqPACj'

2022-02-21 12:59:40 - [MESSAGE][PASSED] - Text 'TestAdmin@test.ru' is set on object 'Object Repository/Page_/input__sc-lnrBVv eqPACj'

2022-02-21 12:59:40 - [TEST_STEP][PASSED] - setText(findTestObject("Object Repository/Page_/input__sc-lnrBVv eqPACj_1"), admin_password): Text 'TestAdmin@test.ru' is set on object 'Object Repository/Page_/input__sc-lnrBVv eqPACj_1'

2022-02-21 12:59:43 - [MESSAGE][PASSED] - Text 'TestAdmin@test.ru' is set on object 'Object Repository/Page_/input__sc-lnrBVv eqPACj_1'

2022-02-21 12:59:43 - [TEST_STEP][PASSED] - click(findTestObject("Object Repository/Page_/go")): Object: 'Object Repository/Page_/go' is clicked on

2022-02-21 12:59:45 - [MESSAGE][PASSED] - Object: 'Object Repository/Page_/go' is clicked on]]></system-out>
         <system-err><![CDATA[]]></system-err>
      </testcase>
      <system-out><![CDATA[2022-02-21 12:30:23 - [TEST_SUITE][FAILED] - Администратор: Test Cases/Администратор/ОТЧЕТЫ функциональные тесты/Отчет психофиз FAILED.
Reason:
com.kms.katalon.core.exception.StepFailedException: Unable to verify text 'ОТЧЕТ ПСИХОЛОГИЧЕСКОГО ПРОФИЛЯ' is present  using regular expression
	at com.kms.katalon.core.webui.keyword.internal.WebUIKeywordMain.stepFailed(WebUIKeywordMain.groovy:64)
	at com.kms.katalon.core.webui.keyword.internal.WebUIKeywordMain.runKeyword(WebUIKeywordMain.groovy:26)
	at com.kms.katalon.core.webui.keyword.builtin.VerifyTextPresentKeyword.verifyTextPresent(VerifyTextPresentKeyword.groovy:83)
	at com.kms.katalon.core.webui.keyword.builtin.VerifyTextPresentKeyword.execute(VerifyTextPresentKeyword.groovy:68)
	at com.kms.katalon.core.keyword.internal.KeywordExecutor.executeKeywordForPlatform(KeywordExecutor.groovy:74)
	at com.kms.katalon.core.webui.keyword.WebUiBuiltInKeywords.verifyTextPresent(WebUiBuiltInKeywords.groovy:1723)
	at com.kms.katalon.core.webui.keyword.WebUiBuiltInKeywords$verifyTextPresent$8.call(Unknown Source)
	at Отчет психофиз.run(Отчет психофиз:25)
	at com.kms.katalon.core.main.ScriptEngine.run(ScriptEngine.java:194)
	at com.kms.katalon.core.main.ScriptEngine.runScriptAsRawText(ScriptEngine.java:119)
	at com.kms.katalon.core.main.TestCaseExecutor.runScript(TestCaseExecutor.java:442)
	at com.kms.katalon.core.main.TestCaseExecutor.doExecute(TestCaseExecutor.java:433)
	at com.kms.katalon.core.main.TestCaseExecutor.processExecutionPhase(TestCaseExecutor.java:412)
	at com.kms.katalon.core.main.TestCaseExecutor.accessMainPhase(TestCaseExecutor.java:404)
	at com.kms.katalon.core.main.TestCaseExecutor.execute(TestCaseExecutor.java:281)
	at com.kms.katalon.core.main.TestSuiteExecutor.accessTestCaseMainPhase(TestSuiteExecutor.java:202)
	at com.kms.katalon.core.main.TestSuiteExecutor.accessTestSuiteMainPhase(TestSuiteExecutor.java:164)
	at com.kms.katalon.core.main.TestSuiteExecutor.execute(TestSuiteExecutor.java:105)
	at com.kms.katalon.core.main.TestCaseMain.startTestSuite(TestCaseMain.java:185)
	at com.kms.katalon.core.main.TestCaseMain$startTestSuite$0.call(Unknown Source)
	at TempTestSuite1645435798941.run(TempTestSuite1645435798941.groovy:36)
Caused by: com.kms.katalon.core.exception.StepFailedException: Text 'ОТЧЕТ ПСИХОЛОГИЧЕСКОГО ПРОФИЛЯ' is not present on page  using regular expression
	at com.kms.katalon.core.webui.keyword.internal.WebUIKeywordMain.stepFailed(WebUIKeywordMain.groovy:64)
	at com.kms.katalon.core.webui.keyword.builtin.VerifyTextPresentKeyword$_verifyTextPresent_closure1.doCall(VerifyTextPresentKeyword.groovy:79)
	at com.kms.katalon.core.webui.keyword.builtin.VerifyTextPresentKeyword$_verifyTextPresent_closure1.call(VerifyTextPresentKeyword.groovy)
	at com.kms.katalon.core.webui.keyword.internal.WebUIKeywordMain.runKeyword(WebUIKeywordMain.groovy:20)
	... 19 more]]></system-out>
      <system-err><![CDATA[2022-02-21 12:30:23 - [TEST_SUITE][FAILED] - Администратор: Test Cases/Администратор/ОТЧЕТЫ функциональные тесты/Отчет психофиз FAILED.
Reason:
com.kms.katalon.core.exception.StepFailedException: Unable to verify text 'ОТЧЕТ ПСИХОЛОГИЧЕСКОГО ПРОФИЛЯ' is present  using regular expression
	at com.kms.katalon.core.webui.keyword.internal.WebUIKeywordMain.stepFailed(WebUIKeywordMain.groovy:64)
	at com.kms.katalon.core.webui.keyword.internal.WebUIKeywordMain.runKeyword(WebUIKeywordMain.groovy:26)
	at com.kms.katalon.core.webui.keyword.builtin.VerifyTextPresentKeyword.verifyTextPresent(VerifyTextPresentKeyword.groovy:83)
	at com.kms.katalon.core.webui.keyword.builtin.VerifyTextPresentKeyword.execute(VerifyTextPresentKeyword.groovy:68)
	at com.kms.katalon.core.keyword.internal.KeywordExecutor.executeKeywordForPlatform(KeywordExecutor.groovy:74)
	at com.kms.katalon.core.webui.keyword.WebUiBuiltInKeywords.verifyTextPresent(WebUiBuiltInKeywords.groovy:1723)
	at com.kms.katalon.core.webui.keyword.WebUiBuiltInKeywords$verifyTextPresent$8.call(Unknown Source)
	at Отчет психофиз.run(Отчет психофиз:25)
	at com.kms.katalon.core.main.ScriptEngine.run(ScriptEngine.java:194)
	at com.kms.katalon.core.main.ScriptEngine.runScriptAsRawText(ScriptEngine.java:119)
	at com.kms.katalon.core.main.TestCaseExecutor.runScript(TestCaseExecutor.java:442)
	at com.kms.katalon.core.main.TestCaseExecutor.doExecute(TestCaseExecutor.java:433)
	at com.kms.katalon.core.main.TestCaseExecutor.processExecutionPhase(TestCaseExecutor.java:412)
	at com.kms.katalon.core.main.TestCaseExecutor.accessMainPhase(TestCaseExecutor.java:404)
	at com.kms.katalon.core.main.TestCaseExecutor.execute(TestCaseExecutor.java:281)
	at com.kms.katalon.core.main.TestSuiteExecutor.accessTestCaseMainPhase(TestSuiteExecutor.java:202)
	at com.kms.katalon.core.main.TestSuiteExecutor.accessTestSuiteMainPhase(TestSuiteExecutor.java:164)
	at com.kms.katalon.core.main.TestSuiteExecutor.execute(TestSuiteExecutor.java:105)
	at com.kms.katalon.core.main.TestCaseMain.startTestSuite(TestCaseMain.java:185)
	at com.kms.katalon.core.main.TestCaseMain$startTestSuite$0.call(Unknown Source)
	at TempTestSuite1645435798941.run(TempTestSuite1645435798941.groovy:36)
Caused by: com.kms.katalon.core.exception.StepFailedException: Text 'ОТЧЕТ ПСИХОЛОГИЧЕСКОГО ПРОФИЛЯ' is not present on page  using regular expression
	at com.kms.katalon.core.webui.keyword.internal.WebUIKeywordMain.stepFailed(WebUIKeywordMain.groovy:64)
	at com.kms.katalon.core.webui.keyword.builtin.VerifyTextPresentKeyword$_verifyTextPresent_closure1.doCall(VerifyTextPresentKeyword.groovy:79)
	at com.kms.katalon.core.webui.keyword.builtin.VerifyTextPresentKeyword$_verifyTextPresent_closure1.call(VerifyTextPresentKeyword.groovy)
	at com.kms.katalon.core.webui.keyword.internal.WebUIKeywordMain.runKeyword(WebUIKeywordMain.groovy:20)
	... 19 more]]></system-err>
   </testsuite>
</testsuites>
